24
ERROR: THERE IS SOMETHING WRONG WITH THE FILE
ERROR: CANNOT FIND CONST ENTRIES
NUM_FIELDS                    		5
ERROR: THERE IS SOMETHING WRONG WITH THE FILE
ERROR: THE NUMBER OF CONST ENTRIES ARE WRONG
ERROR: THERE IS SOMETHING WRONG WITH THE FILE
ERROR: THERE IS SOMETHING WRONG WITH THE FILE
ERROR: CANNOT FIND CONST ENTRIES
NUM_FIELDS                    		5
ERROR: THERE IS SOMETHING WRONG WITH THE FILE
ERROR: THE NUMBER OF CONST ENTRIES ARE WRONG
ERROR: THERE IS SOMETHING WRONG WITH THE FILE
ERROR: CANNOT FIND FEKO_DATA
ERROR: THERE IS SOMETHING WRONG WITH THE FILE
ERROR: FEKO_DATA HAS NOT ENDED
ERROR: THERE IS SOMETHING WRONG WITH THE FILE
ERROR: CANNOT FIND CONST ENTRIES
NUM_FIELDS                    		5
ERROR: THERE IS SOMETHING WRONG WITH THE FILE
ERROR: THE NUMBER OF CONST ENTRIES ARE WRONG
ERROR: THERE IS SOMETHING WRONG WITH THE FILE
ERROR: CANNOT FIND FEKO_DATA
ERROR: THERE IS SOMETHING WRONG WITH THE FILE
ERROR: FEKO_DATA HAS NOT ENDED
ERROR: THERE IS SOMETHING WRONG WITH THE FILE
ERROR: CANNOT FIND CONST ENTRIES
NUM_FIELDS                    		5
ERROR: THERE IS SOMETHING WRONG WITH THE FILE
ERROR: THE NUMBER OF CONST ENTRIES ARE WRONG
ERROR: THERE IS SOMETHING WRONG WITH THE FILE
ERROR: CANNOT FIND FEKO_DATA
ERROR: THERE IS SOMETHING WRONG WITH THE FILE
ERROR: FEKO_DATA HAS NOT ENDED
ERROR: THERE IS SOMETHING WRONG WITH THE FILE
ERROR: CANNOT FIND CONST ENTRIES
NUM_FIELDS                    		5
ERROR: THERE IS SOMETHING WRONG WITH THE FILE
ERROR: THE NUMBER OF CONST ENTRIES ARE WRONG
ERROR: THERE IS SOMETHING WRONG WITH THE FILE
ERROR: CANNOT FIND FEKO_DATA
ERROR: THERE IS SOMETHING WRONG WITH THE FILE
ERROR: FEKO_DATA HAS NOT ENDED
ERROR: THERE IS SOMETHING WRONG WITH THE FILE
ERROR: CANNOT FIND CONST ENTRIES
NUM_FIELDS                    		5
ERROR: THERE IS SOMETHING WRONG WITH THE FILE
ERROR: THE NUMBER OF CONST ENTRIES ARE WRONG
ERROR: THERE IS SOMETHING WRONG WITH THE FILE
ERROR: CANNOT FIND FEKO_DATA
ERROR: THERE IS SOMETHING WRONG WITH THE FILE
ERROR: FEKO_DATA HAS NOT ENDED
ERROR: CANNOT FIND FEKO_DATA
ERROR: THERE IS SOMETHING WRONG WITH THE FILE
ERROR: FEKO_DATA HAS NOT ENDED
ERROR: THERE IS SOMETHING WRONG WITH THE FILE
ERROR: CANNOT FIND CONST ENTRIES
NUM_FIELDS                    		5
ERROR: THERE IS SOMETHING WRONG WITH THE FILE
ERROR: THE NUMBER OF CONST ENTRIES ARE WRONG
ERROR: THERE IS SOMETHING WRONG WITH THE FILE
ERROR: CANNOT FIND FEKO_DATA
ERROR: THERE IS SOMETHING WRONG WITH THE FILE
ERROR: FEKO_DATA HAS NOT ENDED
ERROR: THERE IS SOMETHING WRONG WITH THE FILE
ERROR: CANNOT FIND CONST ENTRIES
NUM_FIELDS                    		5
ERROR: THERE IS SOMETHING WRONG WITH THE FILE
ERROR: THE NUMBER OF CONST ENTRIES ARE WRONG
ERROR: THERE IS SOMETHING WRONG WITH THE FILE
ERROR: CANNOT FIND FEKO_DATA
ERROR: THERE IS SOMETHING WRONG WITH THE FILE
ERROR: FEKO_DATA HAS NOT ENDED
ERROR: THERE IS SOMETHING WRONG WITH THE FILE
ERROR: CANNOT FIND CONST ENTRIES
NUM_FIELDS                    		5
ERROR: THERE IS SOMETHING WRONG WITH THE FILE
ERROR: THE NUMBER OF CONST ENTRIES ARE WRONG
ERROR: THERE IS SOMETHING WRONG WITH THE FILE
ERROR: CANNOT FIND FEKO_DATA
ERROR: THERE IS SOMETHING WRONG WITH THE FILE
ERROR: FEKO_DATA HAS NOT ENDED
ERROR: THERE IS SOMETHING WRONG WITH THE FILE
ERROR: CANNOT FIND CONST ENTRIES
NUM_FIELDS                    		5
ERROR: THERE IS SOMETHING WRONG WITH THE FILE
ERROR: THE NUMBER OF CONST ENTRIES ARE WRONG
ERROR: THERE IS SOMETHING WRONG WITH THE FILE
ERROR: CANNOT FIND FEKO_DATA
ERROR: THERE IS SOMETHING WRONG WITH THE FILE
ERROR: FEKO_DATA HAS NOT ENDED
ERROR: THERE IS SOMETHING WRONG WITH THE FILE
ERROR: CANNOT FIND CONST ENTRIES
NUM_FIELDS                    		5
ERROR: THERE IS SOMETHING WRONG WITH THE FILE
ERROR: THE NUMBER OF CONST ENTRIES ARE WRONG
ERROR: THERE IS SOMETHING WRONG WITH THE FILE
ERROR: CANNOT FIND FEKO_DATA
ERROR: THERE IS SOMETHING WRONG WITH THE FILE
ERROR: FEKO_DATA HAS NOT ENDED
ERROR: THERE IS SOMETHING WRONG WITH THE FILE
ERROR: CANNOT FIND CONST ENTRIES
NUM_FIELDS                    		5
ERROR: THERE IS SOMETHING WRONG WITH THE FILE
ERROR: THE NUMBER OF CONST ENTRIES ARE WRONG
ERROR: THERE IS SOMETHING WRONG WITH THE FILE
ERROR: CANNOT FIND FEKO_DATA
ERROR: THERE IS SOMETHING WRONG WITH THE FILE
ERROR: FEKO_DATA HAS NOT ENDED
ERROR: THERE IS SOMETHING WRONG WITH THE FILE
ERROR: CANNOT FIND CONST ENTRIES
NUM_FIELDS                    		5
ERROR: THERE IS SOMETHING WRONG WITH THE FILE
ERROR: THE NUMBER OF CONST ENTRIES ARE WRONG
ERROR: THERE IS SOMETHING WRONG WITH THE FILE
ERROR: CANNOT FIND CONST ENTRIES
NUM_FIELDS                    		5
ERROR: THERE IS SOMETHING WRONG WITH THE FILE
ERROR: THE NUMBER OF CONST ENTRIES ARE WRONG
ERROR: THERE IS SOMETHING WRONG WITH THE FILE
ERROR: CANNOT FIND FEKO_DATA
ERROR: THERE IS SOMETHING WRONG WITH THE FILE
ERROR: FEKO_DATA HAS NOT ENDED
ERROR: THERE IS SOMETHING WRONG WITH THE FILE
ERROR: CANNOT FIND CONST ENTRIES
NUM_FIELDS                    		5
ERROR: THERE IS SOMETHING WRONG WITH THE FILE
ERROR: THE NUMBER OF CONST ENTRIES ARE WRONG
ERROR: THERE IS SOMETHING WRONG WITH THE FILE
ERROR: CANNOT FIND FEKO_DATA
ERROR: THERE IS SOMETHING WRONG WITH THE FILE
ERROR: FEKO_DATA HAS NOT ENDED
ERROR: THERE IS SOMETHING WRONG WITH THE FILE
ERROR: CANNOT FIND CONST ENTRIES
NUM_FIELDS                    		5
ERROR: THERE IS SOMETHING WRONG WITH THE FILE
ERROR: THE NUMBER OF CONST ENTRIES ARE WRONG
ERROR: THERE IS SOMETHING WRONG WITH THE FILE
ERROR: CANNOT FIND FEKO_DATA
ERROR: THERE IS SOMETHING WRONG WITH THE FILE
ERROR: FEKO_DATA HAS NOT ENDED
ERROR: THERE IS SOMETHING WRONG WITH THE FILE
ERROR: CANNOT FIND CONST ENTRIES
NUM_FIELDS                    		5
ERROR: THERE IS SOMETHING WRONG WITH THE FILE
ERROR: THE NUMBER OF CONST ENTRIES ARE WRONG
ERROR: THERE IS SOMETHING WRONG WITH THE FILE
ERROR: CANNOT FIND FEKO_DATA
ERROR: THERE IS SOMETHING WRONG WITH THE FILE
ERROR: FEKO_DATA HAS NOT ENDED
ERROR: THERE IS SOMETHING WRONG WITH THE FILE
ERROR: CANNOT FIND CONST ENTRIES
NUM_FIELDS                    		5
ERROR: THERE IS SOMETHING WRONG WITH THE FILE
ERROR: THE NUMBER OF CONST ENTRIES ARE WRONG
ERROR: THERE IS SOMETHING WRONG WITH THE FILE
ERROR: CANNOT FIND FEKO_DATA
ERROR: THERE IS SOMETHING WRONG WITH THE FILE
ERROR: FEKO_DATA HAS NOT ENDED
ERROR: THERE IS SOMETHING WRONG WITH THE FILE
ERROR: CANNOT FIND FEKO_DATA
ERROR: THERE IS SOMETHING WRONG WITH THE FILE
ERROR: FEKO_DATA HAS NOT ENDED
ERROR: THERE IS SOMETHING WRONG WITH THE FILE
ERROR: CANNOT FIND CONST ENTRIES
NUM_FIELDS                    		5
ERROR: THERE IS SOMETHING WRONG WITH THE FILE
ERROR: THE NUMBER OF CONST ENTRIES ARE WRONG
ERROR: THERE IS SOMETHING WRONG WITH THE FILE
ERROR: CANNOT FIND FEKO_DATA
ERROR: THERE IS SOMETHING WRONG WITH THE FILE
ERROR: FEKO_DATA HAS NOT ENDED
ERROR: THERE IS SOMETHING WRONG WITH THE FILE
ERROR: CANNOT FIND CONST ENTRIES
NUM_FIELDS                    		5
ERROR: THERE IS SOMETHING WRONG WITH THE FILE
ERROR: THE NUMBER OF CONST ENTRIES ARE WRONG
ERROR: THERE IS SOMETHING WRONG WITH THE FILE
ERROR: CANNOT FIND FEKO_DATA
ERROR: THERE IS SOMETHING WRONG WITH THE FILE
ERROR: FEKO_DATA HAS NOT ENDED
ERROR: THERE IS SOMETHING WRONG WITH THE FILE
ERROR: CANNOT FIND CONST ENTRIES
NUM_FIELDS                    		5
ERROR: THERE IS SOMETHING WRONG WITH THE FILE
ERROR: THE NUMBER OF CONST ENTRIES ARE WRONG
ERROR: THERE IS SOMETHING WRONG WITH THE FILE
ERROR: CANNOT FIND FEKO_DATA
ERROR: THERE IS SOMETHING WRONG WITH THE FILE
ERROR: FEKO_DATA HAS NOT ENDED
ERROR: THERE IS SOMETHING WRONG WITH THE FILE
ERROR: CANNOT FIND CONST ENTRIES
NUM_FIELDS                    		5
ERROR: THERE IS SOMETHING WRONG WITH THE FILE
ERROR: THE NUMBER OF CONST ENTRIES ARE WRONG
ERROR: THERE IS SOMETHING WRONG WITH THE FILE
ERROR: CANNOT FIND FEKO_DATA
ERROR: THERE IS SOMETHING WRONG WITH THE FILE
ERROR: FEKO_DATA HAS NOT ENDED
ERROR: THERE IS SOMETHING WRONG WITH THE FILE
ERROR: CANNOT FIND CONST ENTRIES
NUM_FIELDS                    		5
ERROR: THERE IS SOMETHING WRONG WITH THE FILE
ERROR: THE NUMBER OF CONST ENTRIES ARE WRONG
ERROR: THERE IS SOMETHING WRONG WITH THE FILE
ERROR: CANNOT FIND FEKO_DATA
ERROR: THERE IS SOMETHING WRONG WITH THE FILE
ERROR: FEKO_DATA HAS NOT ENDED
ERROR: THERE IS SOMETHING WRONG WITH THE FILE
ERROR: CANNOT FIND CONST ENTRIES
NUM_FIELDS                    		5
ERROR: THERE IS SOMETHING WRONG WITH THE FILE
ERROR: THE NUMBER OF CONST ENTRIES ARE WRONG
ERROR: THERE IS SOMETHING WRONG WITH THE FILE
ERROR: CANNOT FIND FEKO_DATA
ERROR: THERE IS SOMETHING WRONG WITH THE FILE
ERROR: FEKO_DATA HAS NOT ENDED
