100
ERROR: THERE IS SOMETHING WRONG WITH THE FILE
ERROR: CANNOT FIND CONST ENTRIES
NUM_FIELDS                    		ERROR: THERE IS SOMETHING WRONG WITH THE FILE
ERROR: CANNOT FIND CONST ENTRIES
NUM_FIELDS                    		6
ERROR: THERE IS SOMETHING WRONG WITH THE FILE
ERROR: THE NUMBER OF CONST ENTRIES ARE WRONG
ERROR: THERE IS SOMETHING WRONG WITH THE FILE
ERROR: CANNOT FIND FEKO_DATA
ERROR: THERE IS SOMETHING WRONG WITH THE FILE
6
ERROR: THERE IS SOMETHING WRONG WITH THE FILE
ERROR: THE NUMBER OF CONST ENTRIES ARE WRONG
ERROR: THERE IS SOMETHING WRONG WITH THE FILE
ERROR: CANNOT FIND FEKO_DATA
ERROR: THERE IS SOMETHING WRONG WITH THE FILE
ERROR: FEKO_DATA HAS NOT ENDED
ERROR: THERE IS SOMETHING WRONG WITH THE FILE
ERROR: CANNOT FIND CONST ENTRIES
NUM_FIELDS                    		6
ERROR: FEKO_DATA HAS NOT ENDED
ERROR: THERE IS SOMETHING WRONG WITH THE FILE
ERROR: CANNOT FIND CONST ENTRIES
NUM_FIELDS                    		6
ERROR: THERE IS SOMETHING WRONG WITH THE FILE
ERROR: THE NUMBER OF CONST ENTRIES ARE WRONG
ERROR: THERE IS SOMETHING WRONG WITH THE FILE
ERROR: CANNOT FIND FEKO_DATA
ERROR: THERE IS SOMETHING WRONG WITH THE FILE
ERROR: FEKO_DATA HAS NOT ENDED
ERROR: THERE IS SOMETHING WRONG WITH THE FILE
ERROR: THE NUMBER OF CONST ENTRIES ARE WRONG
ERROR: THERE IS SOMETHING WRONG WITH THE FILE
ERROR: CANNOT FIND FEKO_DATA
ERROR: THERE IS SOMETHING WRONG WITH THE FILE
ERROR: FEKO_DATA HAS NOT ENDED
ERROR: THERE IS SOMETHING WRONG WITH THE FILE
ERROR: CANNOT FIND CONST ENTRIES
NUM_FIELDS                    		6
ERROR: THERE IS SOMETHING WRONG WITH THE FILE
ERROR: THE NUMBER OF CONST ENTRIES ARE WRONG
ERROR: THERE IS SOMETHING WRONG WITH THE FILE
ERROR: THERE IS SOMETHING WRONG WITH THE FILE
ERROR: CANNOT FIND FEKO_DATA
ERROR: THERE IS SOMETHING WRONG WITH THE FILE
ERROR: FEKO_DATA HAS NOT ENDED
ERROR: CANNOT FIND CONST ENTRIES
NUM_FIELDS                    		6
ERROR: THERE IS SOMETHING WRONG WITH THE FILE
ERROR: THE NUMBER OF CONST ENTRIES ARE WRONG
ERROR: THERE IS SOMETHING WRONG WITH THE FILE
ERROR: THERE IS SOMETHING WRONG WITH THE FILE
ERROR: CANNOT FIND CONST ENTRIES
NUM_FIELDS                    		6
ERROR: THERE IS SOMETHING WRONG WITH THE FILE
ERROR: CANNOT FIND FEKO_DATA
ERROR: THERE IS SOMETHING WRONG WITH THE FILE
ERROR: FEKO_DATA HAS NOT ENDED
ERROR: THERE IS SOMETHING WRONG WITH THE FILE
ERROR: CANNOT FIND CONST ENTRIES
NUM_FIELDS                    		6
ERROR: THERE IS SOMETHING WRONG WITH THE FILE
ERROR: THE NUMBER OF CONST ENTRIES ARE WRONG
ERROR: THERE IS SOMETHING WRONG WITH THE FILE
ERROR: CANNOT FIND FEKO_DATA
ERROR: THERE IS SOMETHING WRONG WITH THE FILE
ERROR: FEKO_DATA HAS NOT ENDED
ERROR: THERE IS SOMETHING WRONG WITH THE FILE
ERROR: CANNOT FIND CONST ENTRIES
ERROR: THE NUMBER OF CONST ENTRIES ARE WRONG
ERROR: THERE IS SOMETHING WRONG WITH THE FILE
ERROR: CANNOT FIND FEKO_DATA
ERROR: THERE IS SOMETHING WRONG WITH THE FILE
ERROR: FEKO_DATA HAS NOT ENDED
NUM_FIELDS                    		6
ERROR: THERE IS SOMETHING WRONG WITH THE FILE
ERROR: THE NUMBER OF CONST ENTRIES ARE WRONG
ERROR: THERE IS SOMETHING WRONG WITH THE FILE
ERROR: CANNOT FIND FEKO_DATA
ERROR: THERE IS SOMETHING WRONG WITH THE FILE
ERROR: CANNOT FIND CONST ENTRIES
ERROR: THERE IS SOMETHING WRONG WITH THE FILE
ERROR: CANNOT FIND CONST ENTRIES
ERROR: THERE IS SOMETHING WRONG WITH THE FILE
ERROR: FEKO_DATA HAS NOT ENDED
NUM_FIELDS                    		6
ERROR: THERE IS SOMETHING WRONG WITH THE FILE
ERROR: THE NUMBER OF CONST ENTRIES ARE WRONG
NUM_FIELDS                    		6
ERROR: THERE IS SOMETHING WRONG WITH THE FILE
ERROR: THERE IS SOMETHING WRONG WITH THE FILE
ERROR: CANNOT FIND FEKO_DATA
ERROR: THERE IS SOMETHING WRONG WITH THE FILE
ERROR: FEKO_DATA HAS NOT ENDED
ERROR: THERE IS SOMETHING WRONG WITH THE FILE
ERROR: CANNOT FIND CONST ENTRIES
ERROR: THERE IS SOMETHING WRONG WITH THE FILE
ERROR: CANNOT FIND CONST ENTRIES
NUM_FIELDS                    	ERROR: THE NUMBER OF CONST ENTRIES ARE WRONG
ERROR: THERE IS SOMETHING WRONG WITH THE FILE
ERROR: CANNOT FIND FEKO_DATA
ERROR: THERE IS SOMETHING WRONG WITH THE FILE
ERROR: THERE IS SOMETHING WRONG WITH THE FILE
ERROR: CANNOT FIND CONST ENTRIES
NUM_FIELDS                    	ERROR: THERE IS SOMETHING WRONG WITH THE FILE
ERROR: CANNOT FIND CONST ENTRIES
ERROR: THERE IS SOMETHING WRONG WITH THE FILE
ERROR: CANNOT FIND CONST ENTRIES
NUM_FIELDS                    		6
ERROR: THERE IS SOMETHING WRONG WITH THE FILE
ERROR: THE NUMBER OF CONST ENTRIES ARE WRONG
NUM_FIELDS                    		6
ERROR: THERE IS SOMETHING WRONG WITH THE FILE
ERROR: THE NUMBER OF CONST ENTRIES ARE WRONG
ERROR: THERE IS SOMETHING WRONG WITH THE FILE
ERROR: CANNOT FIND FEKO_DATA
ERROR: THERE IS SOMETHING WRONG WITH THE FILE
ERROR: FEKO_DATA HAS NOT ENDED
	6
ERROR: THERE IS SOMETHING WRONG WITH THE FILE
ERROR: THE NUMBER OF CONST ENTRIES ARE WRONG
ERROR: THERE IS SOMETHING WRONG WITH THE FILE
ERROR: CANNOT FIND FEKO_DATA
ERROR: THERE IS SOMETHING WRONG WITH THE FILE
ERROR: FEKO_DATA HAS NOT ENDED
ERROR: FEKO_DATA HAS NOT ENDED
ERROR: THERE IS SOMETHING WRONG WITH THE FILE
ERROR: CANNOT FIND CONST ENTRIES
NUM_FIELDS                    		6
ERROR: THERE IS SOMETHING WRONG WITH THE FILE
ERROR: THE NUMBER OF CONST ENTRIES ARE WRONG
ERROR: THERE IS SOMETHING WRONG WITH THE FILE
ERROR: CANNOT FIND FEKO_DATA
ERROR: THERE IS SOMETHING WRONG WITH THE FILE
ERROR: FEKO_DATA HAS NOT ENDED
ERROR: THERE IS SOMETHING WRONG WITH THE FILE
ERROR: CANNOT FIND FEKO_DATA
ERROR: THERE IS SOMETHING WRONG WITH THE FILE
ERROR: FEKO_DATA HAS NOT ENDED
ERROR: THERE IS SOMETHING WRONG WITH THE FILE
ERROR: CANNOT FIND CONST ENTRIES
NUM_FIELDS                    		6
NUM_FIELDS                    		6
ERROR: THERE IS SOMETHING WRONG WITH THE FILE
ERROR: THE NUMBER OF CONST ENTRIES ARE WRONG
ERROR: THERE IS SOMETHING WRONG WITH THE FILE
ERROR: THERE IS SOMETHING WRONG WITH THE FILE
ERROR: CANNOT FIND CONST ENTRIES
ERROR: THERE IS SOMETHING WRONG WITH THE FILE
ERROR: CANNOT FIND CONST ENTRIES
NUM_FIELDS                    		6
ERROR: THERE IS SOMETHING WRONG WITH THE FILE
ERROR: THE NUMBER OF CONST ENTRIES ARE WRONG
ERROR: THERE IS SOMETHING WRONG WITH THE FILE
ERROR: CANNOT FIND FEKO_DATA
ERROR: THERE IS SOMETHING WRONG WITH THE FILE
ERROR: FEKO_DATA HAS NOT ENDED
ERROR: THERE IS SOMETHING WRONG WITH THE FILE
ERROR: CANNOT FIND CONST ENTRIES
NUM_FIELDS                    		6
ERROR: THERE IS SOMETHING WRONG WITH THE FILE
ERROR: THE NUMBER OF CONST ENTRIES ARE WRONG
ERROR: THERE IS SOMETHING WRONG WITH THE FILE
ERROR: CANNOT FIND FEKO_DATA
ERROR: THERE IS SOMETHING WRONG WITH THE FILE
ERROR: FEKO_DATA HAS NOT ENDED
ERROR: CANNOT FIND FEKO_DATA
ERROR: THERE IS SOMETHING WRONG WITH THE FILE
ERROR: FEKO_DATA HAS NOT ENDED
ERROR: THERE IS SOMETHING WRONG WITH THE FILE
NUM_FIELDS                    		6
ERROR: THERE IS SOMETHING WRONG WITH THE FILE
ERROR: THE NUMBER OF CONST ENTRIES ARE WRONG
ERROR: THERE IS SOMETHING WRONG WITH THE FILE
ERROR: CANNOT FIND FEKO_DATA
	6
ERROR: THERE IS SOMETHING WRONG WITH THE FILE
ERROR: THE NUMBER OF CONST ENTRIES ARE WRONG
ERROR: THERE IS SOMETHING WRONG WITH THE FILE
ERROR: CANNOT FIND FEKO_DATA
ERROR: THERE IS SOMETHING WRONG WITH THE FILE
ERROR: FEKO_DATA HAS NOT ENDED
ERROR: THERE IS SOMETHING WRONG WITH THE FILE
ERROR: THE NUMBER OF CONST ENTRIES ARE WRONG
ERROR: THERE IS SOMETHING WRONG WITH THE FILE
ERROR: CANNOT FIND FEKO_DATA
ERROR: THERE IS SOMETHING WRONG WITH THE FILE
ERROR: FEKO_DATA HAS NOT ENDED
ERROR: THERE IS SOMETHING WRONG WITH THE FILE
ERROR: CANNOT FIND CONST ENTRIES
ERROR: CANNOT FIND CONST ENTRIES
NUM_FIELDS                    		6
ERROR: THERE IS SOMETHING WRONG WITH THE FILE
ERROR: CANNOT FIND CONST ENTRIES
NUM_FIELDS                    ERROR: THERE IS SOMETHING WRONG WITH THE FILE
ERROR: CANNOT FIND CONST ENTRIES
NUM_FIELDS                    		6
ERROR: THERE IS SOMETHING WRONG WITH THE FILE
ERROR: THE NUMBER OF CONST ENTRIES ARE WRONG
		6
ERROR: THERE IS SOMETHING WRONG WITH THE FILE
ERROR: THE NUMBER OF CONST ENTRIES ARE WRONG
ERROR: THERE IS SOMETHING WRONG WITH THE FILE
ERROR: CANNOT FIND FEKO_DATA
ERROR: THERE IS SOMETHING WRONG WITH THE FILE
ERROR: THERE IS SOMETHING WRONG WITH THE FILE
ERROR: FEKO_DATA HAS NOT ENDED
ERROR: THERE IS SOMETHING WRONG WITH THE FILE
ERROR: CANNOT FIND CONST ENTRIES
NUM_FIELDS                    		6
ERROR: THERE IS SOMETHING WRONG WITH THE FILE
ERROR: THE NUMBER OF CONST ENTRIES ARE WRONG
ERROR: THERE IS SOMETHING WRONG WITH THE FILE
ERROR: CANNOT FIND FEKO_DATA
ERROR: FEKO_DATA HAS NOT ENDED
ERROR: THERE IS SOMETHING WRONG WITH THE FILE
ERROR: CANNOT FIND CONST ENTRIES
NUM_FIELDS                    		6
ERROR: THERE IS SOMETHING WRONG WITH THE FILE
ERROR: THE NUMBER OF CONST ENTRIES ARE WRONG
ERROR: THERE IS SOMETHING WRONG WITH THE FILE
ERROR: CANNOT FIND FEKO_DATA
ERROR: THERE IS SOMETHING WRONG WITH THE FILE
ERROR: FEKO_DATA HAS NOT ENDED
NUM_FIELDS                    		6
ERROR: THERE IS SOMETHING WRONG WITH THE FILE
ERROR: THE NUMBER OF CONST ENTRIES ARE WRONG
ERROR: THERE IS SOMETHING WRONG WITH THE FILE
ERROR: THE NUMBER OF CONST ENTRIES ARE WRONG
ERROR: THERE IS SOMETHING WRONG WITH THE FILE
ERROR: CANNOT FIND FEKO_DATA
ERROR: THERE IS SOMETHING WRONG WITH THE FILE
ERROR: CANNOT FIND FEKO_DATA
ERROR: THERE IS SOMETHING WRONG WITH THE FILE
ERROR: FEKO_DATA HAS NOT ENDED
ERROR: THERE IS SOMETHING WRONG WITH THE FILE
ERROR: CANNOT FIND CONST ENTRIES
NUM_FIELDS                    		6
ERROR: THERE IS SOMETHING WRONG WITH THE FILE
ERROR: THERE IS SOMETHING WRONG WITH THE FILE
ERROR: FEKO_DATA HAS NOT ENDED
ERROR: THERE IS SOMETHING WRONG WITH THE FILE
ERROR: CANNOT FIND CONST ENTRIES
ERROR: THERE IS SOMETHING WRONG WITH THE FILE
ERROR: CANNOT FIND FEKO_DATA
ERROR: THERE IS SOMETHING WRONG WITH THE FILE
ERROR: FEKO_DATA HAS NOT ENDED
ERROR: THERE IS SOMETHING WRONG WITH THE FILE
ERROR: CANNOT FIND CONST ENTRIES
ERROR: THERE IS SOMETHING WRONG WITH THE FILE
ERROR: FEKO_DATA HAS NOT ENDED
ERROR: THE NUMBER OF CONST ENTRIES ARE WRONG
ERROR: THERE IS SOMETHING WRONG WITH THE FILE
ERROR: CANNOT FIND FEKO_DATA
ERROR: THERE IS SOMETHING WRONG WITH THE FILE
ERROR: FEKO_DATA HAS NOT ENDED
NUM_FIELDS                    		6
ERROR: THERE IS SOMETHING WRONG WITH THE FILE
ERROR: THE NUMBER OF CONST ENTRIES ARE WRONG
ERROR: THERE IS SOMETHING WRONG WITH THE FILE
ERROR: CANNOT FIND FEKO_DATA
ERROR: THERE IS SOMETHING WRONG WITH THE FILE
ERROR: CANNOT FIND CONST ENTRIES
ERROR: THERE IS SOMETHING WRONG WITH THE FILE
ERROR: FEKO_DATA HAS NOT ENDED
NUM_FIELDS                    		6
ERROR: THERE IS SOMETHING WRONG WITH THE FILE
ERROR: THE NUMBER OF CONST ENTRIES ARE WRONG
ERROR: THERE IS SOMETHING WRONG WITH THE FILE
ERROR: CANNOT FIND FEKO_DATA
ERROR: THERE IS SOMETHING WRONG WITH THE FILE
ERROR: THERE IS SOMETHING WRONG WITH THE FILE
ERROR: CANNOT FIND CONST ENTRIES
ERROR: THERE IS SOMETHING WRONG WITH THE FILE
ERROR: CANNOT FIND CONST ENTRIES
ERROR: THERE IS SOMETHING WRONG WITH THE FILE
ERROR: CANNOT FIND CONST ENTRIES
NUM_FIELDS                    		6
ERROR: THERE IS SOMETHING WRONG WITH THE FILE
ERROR: THE NUMBER OF CONST ENTRIES ARE WRONG
ERROR: THERE IS SOMETHING WRONG WITH THE FILE
ERROR: CANNOT FIND FEKO_DATA
ERROR: THERE IS SOMETHING WRONG WITH THE FILE
ERROR: CANNOT FIND CONST ENTRIES
NUM_FIELDS                    		6
ERROR: THERE IS SOMETHING WRONG WITH THE FILE
ERROR: THE NUMBER OF CONST ENTRIES ARE WRONG
NUM_FIELDS                    		6
ERROR: THERE IS SOMETHING WRONG WITH THE FILE
ERROR: FEKO_DATA HAS NOT ENDED
NUM_FIELDS                    		6
ERROR: THERE IS SOMETHING WRONG WITH THE FILE
ERROR: THE NUMBER OF CONST ENTRIES ARE WRONG
ERROR: THERE IS SOMETHING WRONG WITH THE FILE
ERROR: CANNOT FIND FEKO_DATA
NUM_FIELDS                    		6
ERROR: THERE IS SOMETHING WRONG WITH THE FILE
ERROR: THE NUMBER OF CONST ENTRIES ARE WRONG
ERROR: THERE IS SOMETHING WRONG WITH THE FILE
ERROR: CANNOT FIND CONST ENTRIES
NUM_FIELDS                    		6
ERROR: THERE IS SOMETHING WRONG WITH THE FILE
ERROR: THE NUMBER OF CONST ENTRIES ARE WRONG
ERROR: THERE IS SOMETHING WRONG WITH THE FILE
ERROR: CANNOT FIND FEKO_DATA
ERROR: THERE IS SOMETHING WRONG WITH THE FILE
ERROR: FEKO_DATA HAS NOT ENDED
ERROR: THERE IS SOMETHING WRONG WITH THE FILE
ERROR: CANNOT FIND FEKO_DATA
ERROR: THERE IS SOMETHING WRONG WITH THE FILE
ERROR: FEKO_DATA HAS NOT ENDED
ERROR: THE NUMBER OF CONST ENTRIES ARE WRONG
ERROR: THERE IS SOMETHING WRONG WITH THE FILE
ERROR: CANNOT FIND FEKO_DATA
ERROR: THERE IS SOMETHING WRONG WITH THE FILE
ERROR: THERE IS SOMETHING WRONG WITH THE FILE
ERROR: CANNOT FIND CONST ENTRIES
NUM_FIELDS                    	ERROR: THERE IS SOMETHING WRONG WITH THE FILE
ERROR: FEKO_DATA HAS NOT ENDED
ERROR: THERE IS SOMETHING WRONG WITH THE FILE
ERROR: CANNOT FIND FEKO_DATA
ERROR: THERE IS SOMETHING WRONG WITH THE FILE
ERROR: FEKO_DATA HAS NOT ENDED
ERROR: THERE IS SOMETHING WRONG WITH THE FILE
ERROR: CANNOT FIND CONST ENTRIES
NUM_FIELDS                    		6
ERROR: THERE IS SOMETHING WRONG WITH THE FILE
ERROR: THE NUMBER OF CONST ENTRIES ARE WRONG
ERROR: THERE IS SOMETHING WRONG WITH THE FILE
ERROR: CANNOT FIND FEKO_DATA
ERROR: THERE IS SOMETHING WRONG WITH THE FILE
ERROR: FEKO_DATA HAS NOT ENDED
ERROR: THERE IS SOMETHING WRONG WITH THE FILE
ERROR: CANNOT FIND CONST ENTRIES
NUM_FIELDS                    	ERROR: FEKO_DATA HAS NOT ENDED
	6
ERROR: THERE IS SOMETHING WRONG WITH THE FILE
ERROR: THE NUMBER OF CONST ENTRIES ARE WRONG
ERROR: THERE IS SOMETHING WRONG WITH THE FILE
ERROR: CANNOT FIND FEKO_DATA
ERROR: THERE IS SOMETHING WRONG WITH THE FILE
ERROR: FEKO_DATA HAS NOT ENDED
ERROR: THERE IS SOMETHING WRONG WITH THE FILE
ERROR: CANNOT FIND CONST ENTRIES
ERROR: THERE IS SOMETHING WRONG WITH THE FILE
ERROR: CANNOT FIND CONST ENTRIES
NUM_FIELDS                    		6
ERROR: THERE IS SOMETHING WRONG WITH THE FILE
ERROR: THERE IS SOMETHING WRONG WITH THE FILE
ERROR: CANNOT FIND CONST ENTRIES
ERROR: THERE IS SOMETHING WRONG WITH THE FILE
ERROR: FEKO_DATA HAS NOT ENDED
ERROR: THERE IS SOMETHING WRONG WITH THE FILE
ERROR: CANNOT FIND CONST ENTRIES
NUM_FIELDS                    		6
	6
ERROR: THERE IS SOMETHING WRONG WITH THE FILE
ERROR: THE NUMBER OF CONST ENTRIES ARE WRONG
ERROR: THERE IS SOMETHING WRONG WITH THE FILE
ERROR: CANNOT FIND FEKO_DATA
ERROR: THERE IS SOMETHING WRONG WITH THE FILE
ERROR: THERE IS SOMETHING WRONG WITH THE FILE
ERROR: CANNOT FIND CONST ENTRIES
NUM_FIELDS                    		ERROR: THERE IS SOMETHING WRONG WITH THE FILE
6
ERROR: THERE IS SOMETHING WRONG WITH THE FILE
ERROR: THE NUMBER OF CONST ENTRIES ARE WRONG
ERROR: THERE IS SOMETHING WRONG WITH THE FILE
ERROR: CANNOT FIND CONST ENTRIES
ERROR: THERE IS SOMETHING WRONG WITH THE FILE
ERROR: CANNOT FIND FEKO_DATA
ERROR: THERE IS SOMETHING WRONG WITH THE FILE
NUM_FIELDS                    		6
ERROR: THERE IS SOMETHING WRONG WITH THE FILE
ERROR: THE NUMBER OF CONST ENTRIES ARE WRONG
ERROR: THERE IS SOMETHING WRONG WITH THE FILE
ERROR: CANNOT FIND FEKO_DATA
ERROR: FEKO_DATA HAS NOT ENDED
ERROR: THERE IS SOMETHING WRONG WITH THE FILE
ERROR: CANNOT FIND CONST ENTRIES
NUM_FIELDS                    		6
ERROR: THERE IS SOMETHING WRONG WITH THE FILE
ERROR: THE NUMBER OF CONST ENTRIES ARE WRONG
ERROR: THERE IS SOMETHING WRONG WITH THE FILE
ERROR: CANNOT FIND FEKO_DATA
ERROR: THERE IS SOMETHING WRONG WITH THE FILE
ERROR: FEKO_DATA HAS NOT ENDED
NUM_FIELDS                    		6
ERROR: THERE IS SOMETHING WRONG WITH THE FILE
ERROR: THE NUMBER OF CONST ENTRIES ARE WRONG
ERROR: THERE IS SOMETHING WRONG WITH THE FILE
ERROR: CANNOT FIND CONST ENTRIES
ERROR: THERE IS SOMETHING WRONG WITH THE FILE
ERROR: CANNOT FIND CONST ENTRIES
NUM_FIELDS                    		6
ERROR: THERE IS SOMETHING WRONG WITH THE FILE
ERROR: THE NUMBER OF CONST ENTRIES ARE WRONG
ERROR: THERE IS SOMETHING WRONG WITH THE FILE
ERROR: CANNOT FIND FEKO_DATA
ERROR: THERE IS SOMETHING WRONG WITH THE FILE
ERROR: THERE IS SOMETHING WRONG WITH THE FILE
ERROR: CANNOT FIND CONST ENTRIES
NUM_FIELDS                    		6
ERROR: THERE IS SOMETHING WRONG WITH THE FILE
ERROR: THE NUMBER OF CONST ENTRIES ARE WRONG
ERROR: THERE IS SOMETHING WRONG WITH THE FILE
ERROR: CANNOT FIND FEKO_DATA
ERROR: THERE IS SOMETHING WRONG WITH THE FILE
ERROR: FEKO_DATA HAS NOT ENDED
ERROR: FEKO_DATA HAS NOT ENDED
ERROR: FEKO_DATA HAS NOT ENDED
ERROR: CANNOT FIND CONST ENTRIES
NUM_FIELDS                    		6
ERROR: THERE IS SOMETHING WRONG WITH THE FILE
NUM_FIELDS                    		6
ERROR: THERE IS SOMETHING WRONG WITH THE FILE
ERROR: THE NUMBER OF CONST ENTRIES ARE WRONG
ERROR: THERE IS SOMETHING WRONG WITH THE FILE
ERROR: FEKO_DATA HAS NOT ENDED
ERROR: THE NUMBER OF CONST ENTRIES ARE WRONG
ERROR: THERE IS SOMETHING WRONG WITH THE FILE
ERROR: CANNOT FIND FEKO_DATA
ERROR: THERE IS SOMETHING WRONG WITH THE FILE
ERROR: FEKO_DATA HAS NOT ENDED
ERROR: THERE IS SOMETHING WRONG WITH THE FILE
ERROR: CANNOT FIND FEKO_DATA
ERROR: THERE IS SOMETHING WRONG WITH THE FILE
ERROR: FEKO_DATA HAS NOT ENDED
NUM_FIELDS                    		6
ERROR: THERE IS SOMETHING WRONG WITH THE FILE
ERROR: THE NUMBER OF CONST ENTRIES ARE WRONG
ERROR: THERE IS SOMETHING WRONG WITH THE FILE
ERROR: THERE IS SOMETHING WRONG WITH THE FILE
ERROR: CANNOT FIND CONST ENTRIES
NUM_FIELDS                    		6
ERROR: THERE IS SOMETHING WRONG WITH THE FILE
ERROR: THE NUMBER OF CONST ENTRIES ARE WRONG
ERROR: THERE IS SOMETHING WRONG WITH THE FILE
ERROR: CANNOT FIND FEKO_DATA
ERROR: THERE IS SOMETHING WRONG WITH THE FILE
ERROR: FEKO_DATA HAS NOT ENDED
ERROR: THERE IS SOMETHING WRONG WITH THE FILE
ERROR: THE NUMBER OF CONST ENTRIES ARE WRONG
ERROR: THERE IS SOMETHING WRONG WITH THE FILE
ERROR: CANNOT FIND FEKO_DATA
ERROR: THERE IS SOMETHING WRONG WITH THE FILE
ERROR: THERE IS SOMETHING WRONG WITH THE FILE
ERROR: CANNOT FIND FEKO_DATA
ERROR: THERE IS SOMETHING WRONG WITH THE FILE
ERROR: FEKO_DATA HAS NOT ENDED
ERROR: THERE IS SOMETHING WRONG WITH THE FILE
ERROR: CANNOT FIND CONST ENTRIES
ERROR: THERE IS SOMETHING WRONG WITH THE FILE
ERROR: CANNOT FIND CONST ENTRIES
ERROR: THERE IS SOMETHING WRONG WITH THE FILE
ERROR: CANNOT FIND CONST ENTRIES
NUM_FIELDS                    		6
ERROR: THERE IS SOMETHING WRONG WITH THE FILE
ERROR: THE NUMBER OF CONST ENTRIES ARE WRONG
ERROR: THERE IS SOMETHING WRONG WITH THE FILE
ERROR: CANNOT FIND FEKO_DATA
ERROR: THERE IS SOMETHING WRONG WITH THE FILE
ERROR: FEKO_DATA HAS NOT ENDED
NUM_FIELDS                    		6
ERROR: THERE IS SOMETHING WRONG WITH THE FILE
ERROR: THE NUMBER OF CONST ENTRIES ARE WRONG
ERROR: THERE IS SOMETHING WRONG WITH THE FILE
ERROR: CANNOT FIND CONST ENTRIES
ERROR: THERE IS SOMETHING WRONG WITH THE FILE
ERROR: CANNOT FIND FEKO_DATA
ERROR: THERE IS SOMETHING WRONG WITH THE FILE
ERROR: FEKO_DATA HAS NOT ENDED
ERROR: CANNOT FIND FEKO_DATA
ERROR: THERE IS SOMETHING WRONG WITH THE FILE
ERROR: FEKO_DATA HAS NOT ENDED
ERROR: THERE IS SOMETHING WRONG WITH THE FILE
ERROR: THE NUMBER OF CONST ENTRIES ARE WRONG
ERROR: THERE IS SOMETHING WRONG WITH THE FILE
ERROR: CANNOT FIND FEKO_DATA
ERROR: THERE IS SOMETHING WRONG WITH THE FILE
ERROR: FEKO_DATA HAS NOT ENDED
ERROR: CANNOT FIND CONST ENTRIES
NUM_FIELDS                    		ERROR: FEKO_DATA HAS NOT ENDED
ERROR: THERE IS SOMETHING WRONG WITH THE FILE
ERROR: CANNOT FIND CONST ENTRIES
NUM_FIELDS                    		6
ERROR: THERE IS SOMETHING WRONG WITH THE FILE
ERROR: THE NUMBER OF CONST ENTRIES ARE WRONG
ERROR: THERE IS SOMETHING WRONG WITH THE FILE
ERROR: THERE IS SOMETHING WRONG WITH THE FILE
ERROR: CANNOT FIND CONST ENTRIES
NUM_FIELDS                    		6
ERROR: THERE IS SOMETHING WRONG WITH THE FILE
ERROR: THE NUMBER OF CONST ENTRIES ARE WRONG
ERROR: THERE IS SOMETHING WRONG WITH THE FILE
ERROR: THERE IS SOMETHING WRONG WITH THE FILE
ERROR: CANNOT FIND CONST ENTRIES
NUM_FIELDS                    	ERROR: THERE IS SOMETHING WRONG WITH THE FILE
ERROR: CANNOT FIND CONST ENTRIES
NUM_FIELDS                    		6
ERROR: THERE IS SOMETHING WRONG WITH THE FILE
ERROR: THE NUMBER OF CONST ENTRIES ARE WRONG
ERROR: THERE IS SOMETHING WRONG WITH THE FILE
ERROR: CANNOT FIND CONST ENTRIES
NUM_FIELDS                    		6
6
ERROR: THERE IS SOMETHING WRONG WITH THE FILE
ERROR: THE NUMBER OF CONST ENTRIES ARE WRONG
ERROR: THERE IS SOMETHING WRONG WITH THE FILE
ERROR: CANNOT FIND FEKO_DATA
ERROR: THERE IS SOMETHING WRONG WITH THE FILE
ERROR: THERE IS SOMETHING WRONG WITH THE FILE
ERROR: CANNOT FIND CONST ENTRIES
NUM_FIELDS                    		6
ERROR: THERE IS SOMETHING WRONG WITH THE FILE
ERROR: THE NUMBER OF CONST ENTRIES ARE WRONG
ERROR: THERE IS SOMETHING WRONG WITH THE FILE
ERROR: CANNOT FIND FEKO_DATA
ERROR: THERE IS SOMETHING WRONG WITH THE FILE
ERROR: FEKO_DATA HAS NOT ENDED
NUM_FIELDS                    		6
ERROR: THERE IS SOMETHING WRONG WITH THE FILE
ERROR: THE NUMBER OF CONST ENTRIES ARE WRONG
NUM_FIELDS                    		6
ERROR: THERE IS SOMETHING WRONG WITH THE FILE
ERROR: THE NUMBER OF CONST ENTRIES ARE WRONG
ERROR: CANNOT FIND FEKO_DATA
ERROR: THERE IS SOMETHING WRONG WITH THE FILE
ERROR: FEKO_DATA HAS NOT ENDED
	6
ERROR: THERE IS SOMETHING WRONG WITH THE FILE
ERROR: THE NUMBER OF CONST ENTRIES ARE WRONG
ERROR: THERE IS SOMETHING WRONG WITH THE FILE
ERROR: CANNOT FIND FEKO_DATA
ERROR: THERE IS SOMETHING WRONG WITH THE FILE
ERROR: FEKO_DATA HAS NOT ENDED
ERROR: THERE IS SOMETHING WRONG WITH THE FILE
ERROR: CANNOT FIND FEKO_DATA
ERROR: THERE IS SOMETHING WRONG WITH THE FILE
ERROR: FEKO_DATA HAS NOT ENDED
ERROR: THERE IS SOMETHING WRONG WITH THE FILE
ERROR: CANNOT FIND FEKO_DATA
ERROR: THERE IS SOMETHING WRONG WITH THE FILE
ERROR: FEKO_DATA HAS NOT ENDED
ERROR: THERE IS SOMETHING WRONG WITH THE FILE
ERROR: THE NUMBER OF CONST ENTRIES ARE WRONG
ERROR: THERE IS SOMETHING WRONG WITH THE FILE
ERROR: CANNOT FIND FEKO_DATA
ERROR: THERE IS SOMETHING WRONG WITH THE FILE
ERROR: FEKO_DATA HAS NOT ENDED
ERROR: FEKO_DATA HAS NOT ENDED
ERROR: CANNOT FIND FEKO_DATA
ERROR: THERE IS SOMETHING WRONG WITH THE FILE
ERROR: FEKO_DATA HAS NOT ENDED
ERROR: THERE IS SOMETHING WRONG WITH THE FILE
ERROR: CANNOT FIND CONST ENTRIES
ERROR: THERE IS SOMETHING WRONG WITH THE FILE
ERROR: CANNOT FIND FEKO_DATA
ERROR: THERE IS SOMETHING WRONG WITH THE FILE
ERROR: FEKO_DATA HAS NOT ENDED
ERROR: THERE IS SOMETHING WRONG WITH THE FILE
ERROR: THERE IS SOMETHING WRONG WITH THE FILE
ERROR: CANNOT FIND CONST ENTRIES
ERROR: THERE IS SOMETHING WRONG WITH THE FILE
ERROR: CANNOT FIND CONST ENTRIES
ERROR: THERE IS SOMETHING WRONG WITH THE FILE
ERROR: CANNOT FIND CONST ENTRIES
ERROR: THERE IS SOMETHING WRONG WITH THE FILE
ERROR: CANNOT FIND CONST ENTRIES
ERROR: THERE IS SOMETHING WRONG WITH THE FILE
ERROR: CANNOT FIND CONST ENTRIES
ERROR: THERE IS SOMETHING WRONG WITH THE FILE
ERROR: CANNOT FIND CONST ENTRIES
NUM_FIELDS                    		6
NUM_FIELDS                    		6
ERROR: THERE IS SOMETHING WRONG WITH THE FILE
ERROR: THE NUMBER OF CONST ENTRIES ARE WRONG
ERROR: THERE IS SOMETHING WRONG WITH THE FILE
ERROR: CANNOT FIND CONST ENTRIES
ERROR: CANNOT FIND CONST ENTRIES
NUM_FIELDS                    		6
ERROR: THERE IS SOMETHING WRONG WITH THE FILE
NUM_FIELDS                    		6
ERROR: THERE IS SOMETHING WRONG WITH THE FILE
ERROR: THE NUMBER OF CONST ENTRIES ARE WRONG
NUM_FIELDS                    		6
ERROR: THERE IS SOMETHING WRONG WITH THE FILE
ERROR: THE NUMBER OF CONST ENTRIES ARE WRONG
ERROR: THERE IS SOMETHING WRONG WITH THE FILE
ERROR: THE NUMBER OF CONST ENTRIES ARE WRONG
ERROR: THERE IS SOMETHING WRONG WITH THE FILE
ERROR: CANNOT FIND FEKO_DATA
NUM_FIELDS                    		6
ERROR: THERE IS SOMETHING WRONG WITH THE FILE
ERROR: THE NUMBER OF CONST ENTRIES ARE WRONG
ERROR: THERE IS SOMETHING WRONG WITH THE FILE
ERROR: FEKO_DATA HAS NOT ENDED
NUM_FIELDS                    		6
ERROR: THERE IS SOMETHING WRONG WITH THE FILE
ERROR: THE NUMBER OF CONST ENTRIES ARE WRONG
ERROR: THERE IS SOMETHING WRONG WITH THE FILE
NUM_FIELDS                    		6
ERROR: THERE IS SOMETHING WRONG WITH THE FILE
ERROR: THE NUMBER OF CONST ENTRIES ARE WRONG
ERROR: THERE IS SOMETHING WRONG WITH THE FILE
ERROR: CANNOT FIND FEKO_DATA
ERROR: THERE IS SOMETHING WRONG WITH THE FILE
ERROR: CANNOT FIND FEKO_DATA
ERROR: THERE IS SOMETHING WRONG WITH THE FILE
ERROR: FEKO_DATA HAS NOT ENDED
NUM_FIELDS                    		6
ERROR: THERE IS SOMETHING WRONG WITH THE FILE
ERROR: THE NUMBER OF CONST ENTRIES ARE WRONG
ERROR: THERE IS SOMETHING WRONG WITH THE FILE
ERROR: THERE IS SOMETHING WRONG WITH THE FILE
ERROR: THE NUMBER OF CONST ENTRIES ARE WRONG
ERROR: THERE IS SOMETHING WRONG WITH THE FILE
ERROR: CANNOT FIND FEKO_DATA
ERROR: THERE IS SOMETHING WRONG WITH THE FILE
ERROR: THERE IS SOMETHING WRONG WITH THE FILE
ERROR: CANNOT FIND FEKO_DATA
ERROR: THERE IS SOMETHING WRONG WITH THE FILE
ERROR: FEKO_DATA HAS NOT ENDED
ERROR: CANNOT FIND FEKO_DATA
ERROR: THERE IS SOMETHING WRONG WITH THE FILE
ERROR: FEKO_DATA HAS NOT ENDED
ERROR: THERE IS SOMETHING WRONG WITH THE FILE
ERROR: CANNOT FIND FEKO_DATA
ERROR: THERE IS SOMETHING WRONG WITH THE FILE
ERROR: FEKO_DATA HAS NOT ENDED
ERROR: CANNOT FIND FEKO_DATA
ERROR: THERE IS SOMETHING WRONG WITH THE FILE
ERROR: FEKO_DATA HAS NOT ENDED
ERROR: THERE IS SOMETHING WRONG WITH THE FILE
ERROR: FEKO_DATA HAS NOT ENDED
ERROR: CANNOT FIND FEKO_DATA
ERROR: THERE IS SOMETHING WRONG WITH THE FILE
ERROR: FEKO_DATA HAS NOT ENDED
ERROR: FEKO_DATA HAS NOT ENDED
ERROR: THERE IS SOMETHING WRONG WITH THE FILE
ERROR: CANNOT FIND CONST ENTRIES
ERROR: THERE IS SOMETHING WRONG WITH THE FILE
ERROR: CANNOT FIND CONST ENTRIES
ERROR: THERE IS SOMETHING WRONG WITH THE FILE
ERROR: CANNOT FIND CONST ENTRIES
ERROR: THERE IS SOMETHING WRONG WITH THE FILE
ERROR: CANNOT FIND CONST ENTRIES
NUM_FIELDS                    	ERROR: THERE IS SOMETHING WRONG WITH THE FILE
ERROR: THERE IS SOMETHING WRONG WITH THE FILE
NUM_FIELDS                    		6
ERROR: THERE IS SOMETHING WRONG WITH THE FILE
ERROR: THE NUMBER OF CONST ENTRIES ARE WRONG
ERROR: THERE IS SOMETHING WRONG WITH THE FILE
ERROR: CANNOT FIND FEKO_DATA
ERROR: THERE IS SOMETHING WRONG WITH THE FILE
NUM_FIELDS                    		6
ERROR: THERE IS SOMETHING WRONG WITH THE FILE
ERROR: THE NUMBER OF CONST ENTRIES ARE WRONG
NUM_FIELDS                    		6
ERROR: THERE IS SOMETHING WRONG WITH THE FILE
ERROR: THE NUMBER OF CONST ENTRIES ARE WRONG
	6
ERROR: THERE IS SOMETHING WRONG WITH THE FILE
ERROR: THE NUMBER OF CONST ENTRIES ARE WRONG
ERROR: THERE IS SOMETHING WRONG WITH THE FILE
ERROR: CANNOT FIND FEKO_DATA
ERROR: THERE IS SOMETHING WRONG WITH THE FILE
ERROR: CANNOT FIND CONST ENTRIES
NUM_FIELDS                    		6
ERROR: THERE IS SOMETHING WRONG WITH THE FILE
ERROR: THE NUMBER OF CONST ENTRIES ARE WRONG
ERROR: CANNOT FIND CONST ENTRIES
NUM_FIELDS                    		6
ERROR: FEKO_DATA HAS NOT ENDED
ERROR: THERE IS SOMETHING WRONG WITH THE FILE
ERROR: CANNOT FIND FEKO_DATA
ERROR: THERE IS SOMETHING WRONG WITH THE FILE
ERROR: FEKO_DATA HAS NOT ENDED
ERROR: THERE IS SOMETHING WRONG WITH THE FILE
ERROR: CANNOT FIND FEKO_DATA
ERROR: THERE IS SOMETHING WRONG WITH THE FILE
ERROR: FEKO_DATA HAS NOT ENDED
ERROR: FEKO_DATA HAS NOT ENDED
ERROR: THERE IS SOMETHING WRONG WITH THE FILE
ERROR: CANNOT FIND FEKO_DATA
ERROR: THERE IS SOMETHING WRONG WITH THE FILE
ERROR: FEKO_DATA HAS NOT ENDED
ERROR: THERE IS SOMETHING WRONG WITH THE FILE
ERROR: THE NUMBER OF CONST ENTRIES ARE WRONG
ERROR: THERE IS SOMETHING WRONG WITH THE FILE
ERROR: CANNOT FIND FEKO_DATA
ERROR: THERE IS SOMETHING WRONG WITH THE FILE
ERROR: THERE IS SOMETHING WRONG WITH THE FILE
ERROR: CANNOT FIND CONST ENTRIES
NUM_FIELDS                    		6
ERROR: THERE IS SOMETHING WRONG WITH THE FILE
ERROR: THE NUMBER OF CONST ENTRIES ARE WRONG
ERROR: THERE IS SOMETHING WRONG WITH THE FILE
ERROR: CANNOT FIND CONST ENTRIES
ERROR: THERE IS SOMETHING WRONG WITH THE FILE
ERROR: CANNOT FIND CONST ENTRIES
NUM_FIELDS                    		6
ERROR: THERE IS SOMETHING WRONG WITH THE FILE
ERROR: THE NUMBER OF CONST ENTRIES ARE WRONG
ERROR: THERE IS SOMETHING WRONG WITH THE FILE
ERROR: CANNOT FIND FEKO_DATA
ERROR: THERE IS SOMETHING WRONG WITH THE FILE
ERROR: FEKO_DATA HAS NOT ENDED
ERROR: THERE IS SOMETHING WRONG WITH THE FILE
ERROR: THERE IS SOMETHING WRONG WITH THE FILE
ERROR: CANNOT FIND CONST ENTRIES
ERROR: FEKO_DATA HAS NOT ENDED
ERROR: THERE IS SOMETHING WRONG WITH THE FILE
ERROR: CANNOT FIND FEKO_DATA
ERROR: THERE IS SOMETHING WRONG WITH THE FILE
ERROR: FEKO_DATA HAS NOT ENDED
NUM_FIELDS                    		6
ERROR: THERE IS SOMETHING WRONG WITH THE FILE
ERROR: THE NUMBER OF CONST ENTRIES ARE WRONG
ERROR: THERE IS SOMETHING WRONG WITH THE FILE
ERROR: THERE IS SOMETHING WRONG WITH THE FILE
ERROR: CANNOT FIND CONST ENTRIES
ERROR: CANNOT FIND CONST ENTRIES
NUM_FIELDS                    NUM_FIELDS                    		6
ERROR: THERE IS SOMETHING WRONG WITH THE FILE
ERROR: THE NUMBER OF CONST ENTRIES ARE WRONG
ERROR: THERE IS SOMETHING WRONG WITH THE FILE
ERROR: THERE IS SOMETHING WRONG WITH THE FILE
ERROR: THERE IS SOMETHING WRONG WITH THE FILE
ERROR: CANNOT FIND CONST ENTRIES
ERROR: CANNOT FIND FEKO_DATA
ERROR: THERE IS SOMETHING WRONG WITH THE FILE
ERROR: FEKO_DATA HAS NOT ENDED
NUM_FIELDS                    		6
ERROR: THERE IS SOMETHING WRONG WITH THE FILE
ERROR: THE NUMBER OF CONST ENTRIES ARE WRONG
		6
ERROR: THERE IS SOMETHING WRONG WITH THE FILE
ERROR: THE NUMBER OF CONST ENTRIES ARE WRONG
ERROR: CANNOT FIND FEKO_DATA
ERROR: THERE IS SOMETHING WRONG WITH THE FILE
ERROR: FEKO_DATA HAS NOT ENDED
ERROR: CANNOT FIND CONST ENTRIES
NUM_FIELDS                    NUM_FIELDS                    		6
ERROR: THERE IS SOMETHING WRONG WITH THE FILE
ERROR: THE NUMBER OF CONST ENTRIES ARE WRONG
ERROR: THERE IS SOMETHING WRONG WITH THE FILE
ERROR: CANNOT FIND FEKO_DATA
ERROR: THERE IS SOMETHING WRONG WITH THE FILE
ERROR: CANNOT FIND CONST ENTRIES
ERROR: THERE IS SOMETHING WRONG WITH THE FILE
ERROR: CANNOT FIND FEKO_DATA
ERROR: THERE IS SOMETHING WRONG WITH THE FILE
ERROR: FEKO_DATA HAS NOT ENDED
ERROR: THERE IS SOMETHING WRONG WITH THE FILE
ERROR: CANNOT FIND FEKO_DATA
ERROR: THERE IS SOMETHING WRONG WITH THE FILE
ERROR: FEKO_DATA HAS NOT ENDED
ERROR: THERE IS SOMETHING WRONG WITH THE FILE
ERROR: CANNOT FIND CONST ENTRIES
		6
ERROR: THERE IS SOMETHING WRONG WITH THE FILE
ERROR: THE NUMBER OF CONST ENTRIES ARE WRONG
ERROR: THERE IS SOMETHING WRONG WITH THE FILE
ERROR: CANNOT FIND FEKO_DATA
ERROR: THERE IS SOMETHING WRONG WITH THE FILE
ERROR: THERE IS SOMETHING WRONG WITH THE FILE
ERROR: FEKO_DATA HAS NOT ENDED
NUM_FIELDS                    		6
ERROR: THERE IS SOMETHING WRONG WITH THE FILE
ERROR: THE NUMBER OF CONST ENTRIES ARE WRONG
ERROR: THERE IS SOMETHING WRONG WITH THE FILE
ERROR: THERE IS SOMETHING WRONG WITH THE FILE
ERROR: CANNOT FIND CONST ENTRIES
NUM_FIELDS                    		6
ERROR: THERE IS SOMETHING WRONG WITH THE FILE
ERROR: THE NUMBER OF CONST ENTRIES ARE WRONG
ERROR: THERE IS SOMETHING WRONG WITH THE FILE
ERROR: CANNOT FIND FEKO_DATA
ERROR: FEKO_DATA HAS NOT ENDED
ERROR: THERE IS SOMETHING WRONG WITH THE FILE
ERROR: CANNOT FIND CONST ENTRIES
ERROR: CANNOT FIND FEKO_DATA
ERROR: THERE IS SOMETHING WRONG WITH THE FILE
ERROR: FEKO_DATA HAS NOT ENDED
NUM_FIELDS                    		6
ERROR: THERE IS SOMETHING WRONG WITH THE FILE
ERROR: THERE IS SOMETHING WRONG WITH THE FILE
ERROR: FEKO_DATA HAS NOT ENDED
NUM_FIELDS                    		6
ERROR: THERE IS SOMETHING WRONG WITH THE FILE
ERROR: THE NUMBER OF CONST ENTRIES ARE WRONG
ERROR: THERE IS SOMETHING WRONG WITH THE FILE
ERROR: CANNOT FIND CONST ENTRIES
ERROR: THE NUMBER OF CONST ENTRIES ARE WRONG
ERROR: THERE IS SOMETHING WRONG WITH THE FILE
ERROR: CANNOT FIND FEKO_DATA
ERROR: THERE IS SOMETHING WRONG WITH THE FILE
ERROR: THERE IS SOMETHING WRONG WITH THE FILE
ERROR: CANNOT FIND CONST ENTRIES
NUM_FIELDS                    		6
ERROR: THERE IS SOMETHING WRONG WITH THE FILE
ERROR: THE NUMBER OF CONST ENTRIES ARE WRONG
ERROR: THERE IS SOMETHING WRONG WITH THE FILE
ERROR: CANNOT FIND FEKO_DATA
ERROR: THERE IS SOMETHING WRONG WITH THE FILE
ERROR: FEKO_DATA HAS NOT ENDED
NUM_FIELDS                    		6
ERROR: THERE IS SOMETHING WRONG WITH THE FILE
ERROR: THE NUMBER OF CONST ENTRIES ARE WRONG
ERROR: THERE IS SOMETHING WRONG WITH THE FILE
ERROR: FEKO_DATA HAS NOT ENDED
ERROR: THERE IS SOMETHING WRONG WITH THE FILE
ERROR: CANNOT FIND FEKO_DATA
ERROR: THERE IS SOMETHING WRONG WITH THE FILE
ERROR: FEKO_DATA HAS NOT ENDED
ERROR: THERE IS SOMETHING WRONG WITH THE FILE
ERROR: CANNOT FIND FEKO_DATA
ERROR: THERE IS SOMETHING WRONG WITH THE FILE
ERROR: FEKO_DATA HAS NOT ENDED
ERROR: THERE IS SOMETHING WRONG WITH THE FILE
ERROR: CANNOT FIND CONST ENTRIES
ERROR: THERE IS SOMETHING WRONG WITH THE FILE
ERROR: CANNOT FIND CONST ENTRIES
ERROR: CANNOT FIND CONST ENTRIES
NUM_FIELDS                    		6
ERROR: THERE IS SOMETHING WRONG WITH THE FILE
NUM_FIELDS                    		6
ERROR: THERE IS SOMETHING WRONG WITH THE FILE
ERROR: THE NUMBER OF CONST ENTRIES ARE WRONG
ERROR: THERE IS SOMETHING WRONG WITH THE FILE
ERROR: CANNOT FIND FEKO_DATA
NUM_FIELDS                    		6
ERROR: THERE IS SOMETHING WRONG WITH THE FILE
ERROR: THE NUMBER OF CONST ENTRIES ARE WRONG
ERROR: THERE IS SOMETHING WRONG WITH THE FILE
ERROR: THE NUMBER OF CONST ENTRIES ARE WRONG
ERROR: THERE IS SOMETHING WRONG WITH THE FILE
ERROR: CANNOT FIND FEKO_DATA
ERROR: THERE IS SOMETHING WRONG WITH THE FILE
ERROR: THERE IS SOMETHING WRONG WITH THE FILE
ERROR: FEKO_DATA HAS NOT ENDED
ERROR: CANNOT FIND FEKO_DATA
ERROR: THERE IS SOMETHING WRONG WITH THE FILE
ERROR: FEKO_DATA HAS NOT ENDED
ERROR: FEKO_DATA HAS NOT ENDED
ERROR: THERE IS SOMETHING WRONG WITH THE FILE
ERROR: CANNOT FIND CONST ENTRIES
NUM_FIELDS                    		6
ERROR: THERE IS SOMETHING WRONG WITH THE FILE
ERROR: THE NUMBER OF CONST ENTRIES ARE WRONG
ERROR: THERE IS SOMETHING WRONG WITH THE FILE
ERROR: CANNOT FIND FEKO_DATA
ERROR: THERE IS SOMETHING WRONG WITH THE FILE
ERROR: FEKO_DATA HAS NOT ENDED
ERROR: THERE IS SOMETHING WRONG WITH THE FILE
ERROR: CANNOT FIND CONST ENTRIES
NUM_FIELDS                    		6
ERROR: THERE IS SOMETHING WRONG WITH THE FILE
ERROR: THE NUMBER OF CONST ENTRIES ARE WRONG
ERROR: THERE IS SOMETHING WRONG WITH THE FILE
ERROR: CANNOT FIND FEKO_DATA
ERROR: THERE IS SOMETHING WRONG WITH THE FILE
ERROR: FEKO_DATA HAS NOT ENDED
