libibverbs: Warning: couldn't open config directory '/usr/etc/libibverbs.d'.
libibverbs: Warning: no userspace device-specific driver found for /sys/class/infiniband_verbs/uverbs0
Warning: Permanently added 'cnode0148,172.18.1.91' (ECDSA) to the list of known hosts.
Warning: Permanently added 'cnode0130,172.18.1.73' (ECDSA) to the list of known hosts.
libibverbs: Warning: couldn't open config directory '/usr/etc/libibverbs.d'.
libibverbs: Warning: no userspace device-specific driver found for /sys/class/infiniband_verbs/uverbs0
libibverbs: Warning: couldn't open config directory '/usr/etc/libibverbs.d'.
libibverbs: Warning: no userspace device-specific driver found for /sys/class/infiniband_verbs/uverbs0
libibverbs: Warning: couldn't open config directory '/usr/etc/libibverbs.d'.
libibverbs: Warning: no userspace device-specific driver found for /sys/class/infiniband_verbs/uverbs0
libibverbs: Warning: couldn't open config directory '/usr/etc/libibverbs.d'.
libibverbs: Warning: no userspace device-specific driver found for /sys/class/infiniband_verbs/uverbs0
libibverbs: Warning: couldn't open config directory '/usr/etc/libibverbs.d'.
libibverbs: Warning: no userspace device-specific driver found for /sys/class/infiniband_verbs/uverbs0
--------------------------------------------------------------------------
The library attempted to open the following supporting CUDA libraries,
but each of them failed.  CUDA-aware support is disabled.
libcuda.so.1: cannot open shared object file: No such file or directory
libcuda.dylib: cannot open shared object file: No such file or directory
/usr/lib64/libcuda.so.1: cannot open shared object file: No such file or directory
/usr/lib64/libcuda.dylib: cannot open shared object file: No such file or directory
If you are not interested in CUDA-aware support, then run with
--mca mpi_cuda_support 0 to suppress this message.  If you are interested
in CUDA-aware support, then try setting LD_LIBRARY_PATH to the location
of libcuda.so.1 to get passed this issue.
--------------------------------------------------------------------------
[cnode0130:13919] *** Process received signal ***
[cnode0130:13919] Signal: Segmentation fault (11)
[cnode0130:13919] Signal code: Address not mapped (1)
[cnode0130:13919] Failing at address: (nil)
[cnode0130:13920] *** Process received signal ***
[cnode0130:13920] Signal: Segmentation fault (11)
[cnode0130:13920] Signal code: Address not mapped (1)
[cnode0130:13920] Failing at address: (nil)
[cnode0130:13921] *** Process received signal ***
[cnode0130:13921] Signal: Segmentation fault (11)
[cnode0130:13921] Signal code: Address not mapped (1)
[cnode0130:13921] Failing at address: (nil)
[cnode0130:13916] *** Process received signal ***
[cnode0130:13916] Signal: Segmentation fault (11)
[cnode0130:13916] Signal code: Address not mapped (1)
[cnode0130:13916] Failing at address: (nil)
[cnode0130:13923] *** Process received signal ***
[cnode0130:13923] Signal: Segmentation fault (11)
[cnode0130:13923] Signal code: Address not mapped (1)
[cnode0130:13923] Failing at address: (nil)
[cnode0130:13917] *** Process received signal ***
[cnode0130:13917] Signal: Segmentation fault (11)
[cnode0130:13917] Signal code: Address not mapped (1)
[cnode0130:13917] Failing at address: (nil)
[cnode0130:13922] *** Process received signal ***
[cnode0130:13922] Signal: Segmentation fault (11)
[cnode0130:13922] Signal code: Address not mapped (1)
[cnode0130:13922] Failing at address: (nil)
[cnode0130:13921] [ 0] /usr/lib/gcc/x86_64-redhat-linux/4.8.5/../../../../lib64/libpthread.so.0(+0xf370)[0x2aaaaff87370]
[cnode0130:13921] [ 1] [cnode0130:13919] [ 0] /usr/lib/gcc/x86_64-redhat-linux/4.8.5/../../../../lib64/libpthread.so.0(+0xf370)[0x2aaaaff87370]
[cnode0130:13919] [ 1] mom_mpi[0x430805]
[cnode0130:13919] [ 2] mom_mpi[0x437061]
[cnode0130:13919] [ 3] mom_mpi[0x439359]
[cnode0130:13919] [ 4] mom_mpi[0x440a9e]
[cnode0130:13919] [ 5] mom_mpi[0x430805]
[cnode0130:13921] [ 2] mom_mpi[0x437061]
[cnode0130:13921] [ 3] mom_mpi[0x439359]
[cnode0130:13921] [ 4] mom_mpi[0x440a9e]
[cnode0130:13921] [ 5] /usr/lib/gcc/x86_64-redhat-linux/4.8.5/../../../../lib64/libc.so.6(__libc_start_main+0xf5)[0x2aaab0e27b35]
/usr/lib/gcc/x86_64-redhat-linux/4.8.5/../../../../lib64/libc.so.6(__libc_start_main+0xf5)[0x2aaab0e27b35]
[cnode0130:13919] [ 6] mom_mpi[0x40fc19]
[cnode0130:13919] *** End of error message ***
[cnode0130:13921] [ 6] mom_mpi[0x40fc19]
[cnode0130:13921] *** End of error message ***
[cnode0130:13922] [ 0] /usr/lib/gcc/x86_64-redhat-linux/4.8.5/../../../../lib64/libpthread.so.0(+0xf370)[0x2aaaaff87370]
[cnode0130:13922] [cnode0130:13917] [ 0] /usr/lib/gcc/x86_64-redhat-linux/4.8.5/../../../../lib64/libpthread.so.0(+0xf370)[0x2aaaaff87370]
[cnode0130:13917] [ 1] mom_mpi[0x430805]
[cnode0130:13917] [ 2] mom_mpi[0x437061]
[cnode0130:13917] [ 3] [cnode0130:13916] [ 0] /usr/lib/gcc/x86_64-redhat-linux/4.8.5/../../../../lib64/libpthread.so.0(+0xf370)[0x2aaaaff87370]
[cnode0130:13916] [ 1] [cnode0130:13923] [ 0] /usr/lib/gcc/x86_64-redhat-linux/4.8.5/../../../../lib64/libpthread.so.0(+0xf370)[0x2aaaaff87370]
[cnode0130:13923] [ 1] mom_mpi[0x430805]
[cnode0130:13923] [ 2] mom_mpi[0x437061]
[cnode0130:13923] [ 3] mom_mpi[0x439359]
[cnode0130:13923] [ 4] mom_mpi[0x440a9e]
[cnode0130:13923] [ 5] [cnode0130:13920] [ 0] /usr/lib/gcc/x86_64-redhat-linux/4.8.5/../../../../lib64/libpthread.so.0(+0xf370)[0x2aaaaff87370]
[cnode0130:13920] [ 1] mom_mpi[0x430805]
[cnode0130:13920] [ 2] mom_mpi[0x437061]
[cnode0130:13920] [ 3] mom_mpi[0x439359]
[cnode0130:13920] [ 4] mom_mpi[0x440a9e]
[cnode0130:13920] [ 5] [ 1] mom_mpi[0x430805]
[cnode0130:13922] [ 2] mom_mpi[0x437061]
[cnode0130:13922] [ 3] mom_mpi[0x439359]
[cnode0130:13922] [ 4] mom_mpi[0x440a9e]
[cnode0130:13922] [ 5] /usr/lib/gcc/x86_64-redhat-linux/4.8.5/../../../../lib64/libc.so.6(__libc_start_main+0xf5)[0x2aaab0e27b35]
[cnode0130:13922] [ 6] mom_mpi[0x40fc19]
[cnode0130:13922] *** End of error message ***
mom_mpi[0x439359]
[cnode0130:13917] [ 4] mom_mpi[0x440a9e]
[cnode0130:13917] [ 5] /usr/lib/gcc/x86_64-redhat-linux/4.8.5/../../../../lib64/libc.so.6(__libc_start_main+0xf5)[0x2aaab0e27b35]
[cnode0130:13917] [ 6] mom_mpi[0x40fc19]
[cnode0130:13917] *** End of error message ***
mom_mpi[0x430805]
[cnode0130:13916] [ 2] mom_mpi[0x437061]
[cnode0130:13916] [ 3] mom_mpi[0x439359]
[cnode0130:13916] [ 4] mom_mpi[0x440a9e]
[cnode0130:13916] [ 5] /usr/lib/gcc/x86_64-redhat-linux/4.8.5/../../../../lib64/libc.so.6(__libc_start_main+0xf5)[0x2aaab0e27b35]
[cnode0130:13916] [ 6] mom_mpi[0x40fc19]
[cnode0130:13916] *** End of error message ***
/usr/lib/gcc/x86_64-redhat-linux/4.8.5/../../../../lib64/libc.so.6(__libc_start_main+0xf5)[0x2aaab0e27b35]
[cnode0130:13923] [ 6] mom_mpi[0x40fc19]
[cnode0130:13923] *** End of error message ***
/usr/lib/gcc/x86_64-redhat-linux/4.8.5/../../../../lib64/libc.so.6(__libc_start_main+0xf5)[0x2aaab0e27b35]
[cnode0130:13920] [ 6] mom_mpi[0x40fc19]
[cnode0130:13920] *** End of error message ***
[cnode0130:13918] *** Process received signal ***
[cnode0130:13918] Signal: Segmentation fault (11)
[cnode0130:13918] Signal code: Address not mapped (1)
[cnode0130:13918] Failing at address: (nil)
[cnode0130:13918] [ 0] /usr/lib/gcc/x86_64-redhat-linux/4.8.5/../../../../lib64/libpthread.so.0(+0xf370)[0x2aaaaff87370]
[cnode0130:13918] [ 1] mom_mpi[0x430805]
[cnode0130:13918] [ 2] mom_mpi[0x437061]
[cnode0130:13918] [ 3] mom_mpi[0x439359]
[cnode0130:13918] [ 4] mom_mpi[0x440a9e]
[cnode0130:13918] [ 5] /usr/lib/gcc/x86_64-redhat-linux/4.8.5/../../../../lib64/libc.so.6(__libc_start_main+0xf5)[0x2aaab0e27b35]
[cnode0130:13918] [ 6] mom_mpi[0x40fc19]
[cnode0130:13918] *** End of error message ***
--------------------------------------------------------------------------
Primary job  terminated normally, but 1 process returned
a non-zero exit code. Per user-direction, the job has been aborted.
--------------------------------------------------------------------------
[cnode0131:179178] *** Process received signal ***
[cnode0131:179178] Signal: Segmentation fault (11)
[cnode0131:179178] Signal code: Address not mapped (1)
[cnode0131:179178] Failing at address: (nil)
[cnode0131:179178] [ 0] /usr/lib/gcc/x86_64-redhat-linux/4.8.5/../../../../lib64/libpthread.so.0(+0xf370)[0x2aaaaff87370]
[cnode0131:179178] [ 1] mom_mpi[0x430805]
[cnode0131:179178] [ 2] mom_mpi[0x437061]
[cnode0131:179178] [ 3] mom_mpi[0x439359]
[cnode0131:179178] [ 4] mom_mpi[0x440a9e]
[cnode0131:179178] [ 5] /usr/lib/gcc/x86_64-redhat-linux/4.8.5/../../../../lib64/libc.so.6(__libc_start_main+0xf5)[0x2aaab0e27b35]
[cnode0131:179178] [ 6] mom_mpi[0x40fc19]
[cnode0131:179178] *** End of error message ***
[cnode0131:179179] *** Process received signal ***
[cnode0131:179179] Signal: Segmentation fault (11)
[cnode0131:179179] Signal code: Address not mapped (1)
[cnode0131:179179] Failing at address: (nil)
[cnode0131:179179] [ 0] /usr/lib/gcc/x86_64-redhat-linux/4.8.5/../../../../lib64/libpthread.so.0(+0xf370)[0x2aaaaff87370]
[cnode0131:179179] [ 1] mom_mpi[0x430805]
[cnode0131:179179] [ 2] mom_mpi[0x437061]
[cnode0131:179179] [ 3] mom_mpi[0x439359]
[cnode0131:179179] [ 4] mom_mpi[0x440a9e]
[cnode0131:179179] [ 5] /usr/lib/gcc/x86_64-redhat-linux/4.8.5/../../../../lib64/libc.so.6(__libc_start_main+0xf5)[0x2aaab0e27b35]
[cnode0131:179179] [ 6] mom_mpi[0x40fc19]
[cnode0131:179179] *** End of error message ***
[cnode0131:179180] *** Process received signal ***
[cnode0131:179180] Signal: Segmentation fault (11)
[cnode0131:179180] Signal code: Address not mapped (1)
[cnode0131:179180] Failing at address: (nil)
[cnode0131:179180] [ 0] /usr/lib/gcc/x86_64-redhat-linux/4.8.5/../../../../lib64/libpthread.so.0(+0xf370)[0x2aaaaff87370]
[cnode0131:179180] [ 1] mom_mpi[0x430805]
[cnode0131:179180] [ 2] mom_mpi[0x437061]
[cnode0131:179180] [ 3] mom_mpi[0x439359]
[cnode0131:179180] [ 4] mom_mpi[0x440a9e]
[cnode0131:179180] [ 5] /usr/lib/gcc/x86_64-redhat-linux/4.8.5/../../../../lib64/libc.so.6(__libc_start_main+0xf5)[0x2aaab0e27b35]
[cnode0131:179180] [ 6] mom_mpi[0x40fc19]
[cnode0131:179180] *** End of error message ***
[cnode0131:179181] *** Process received signal ***
[cnode0131:179181] Signal: Segmentation fault (11)
[cnode0131:179181] Signal code: Address not mapped (1)
[cnode0131:179181] Failing at address: (nil)
[cnode0131:179181] [ 0] /usr/lib/gcc/x86_64-redhat-linux/4.8.5/../../../../lib64/libpthread.so.0(+0xf370)[0x2aaaaff87370]
[cnode0131:179181] [ 1] mom_mpi[0x430805]
[cnode0131:179181] [ 2] mom_mpi[0x437061]
[cnode0131:179181] [ 3] mom_mpi[0x439359]
[cnode0131:179181] [ 4] mom_mpi[0x440a9e]
[cnode0131:179181] [ 5] /usr/lib/gcc/x86_64-redhat-linux/4.8.5/../../../../lib64/libc.so.6(__libc_start_main+0xf5)[0x2aaab0e27b35]
[cnode0131:179181] [ 6] mom_mpi[0x40fc19]
[cnode0131:179181] *** End of error message ***
[cnode0131:179182] *** Process received signal ***
[cnode0131:179182] Signal: Segmentation fault (11)
[cnode0131:179182] Signal code: Address not mapped (1)
[cnode0131:179182] Failing at address: (nil)
[cnode0131:179182] [ 0] /usr/lib/gcc/x86_64-redhat-linux/4.8.5/../../../../lib64/libpthread.so.0(+0xf370)[0x2aaaaff87370]
[cnode0131:179182] [ 1] mom_mpi[0x430805]
[cnode0131:179182] [ 2] mom_mpi[0x437061]
[cnode0131:179182] [ 3] mom_mpi[0x439359]
[cnode0131:179182] [ 4] mom_mpi[0x440a9e]
[cnode0131:179182] [ 5] /usr/lib/gcc/x86_64-redhat-linux/4.8.5/../../../../lib64/libc.so.6(__libc_start_main+0xf5)[0x2aaab0e27b35]
[cnode0131:179182] [ 6] mom_mpi[0x40fc19]
[cnode0131:179182] *** End of error message ***
[cnode0131:179183] *** Process received signal ***
[cnode0131:179183] Signal: Segmentation fault (11)
[cnode0131:179183] Signal code: Address not mapped (1)
[cnode0131:179183] Failing at address: (nil)
[cnode0131:179183] [ 0] /usr/lib/gcc/x86_64-redhat-linux/4.8.5/../../../../lib64/libpthread.so.0(+0xf370)[0x2aaaaff87370]
[cnode0131:179183] [ 1] mom_mpi[0x430805]
[cnode0131:179183] [ 2] mom_mpi[0x437061]
[cnode0131:179183] [ 3] mom_mpi[0x439359]
[cnode0131:179183] [ 4] mom_mpi[0x440a9e]
[cnode0131:179183] [ 5] /usr/lib/gcc/x86_64-redhat-linux/4.8.5/../../../../lib64/libc.so.6(__libc_start_main+0xf5)[0x2aaab0e27b35]
[cnode0131:179183] [ 6] mom_mpi[0x40fc19]
[cnode0131:179183] *** End of error message ***
[cnode0131:179184] *** Process received signal ***
[cnode0131:179184] Signal: Segmentation fault (11)
[cnode0131:179184] Signal code: Address not mapped (1)
[cnode0131:179184] Failing at address: (nil)
[cnode0131:179184] [ 0] /usr/lib/gcc/x86_64-redhat-linux/4.8.5/../../../../lib64/libpthread.so.0(+0xf370)[0x2aaaaff87370]
[cnode0131:179184] [ 1] mom_mpi[0x430805]
[cnode0131:179184] [ 2] mom_mpi[0x437061]
[cnode0131:179184] [ 3] mom_mpi[0x439359]
[cnode0131:179184] [ 4] mom_mpi[0x440a9e]
[cnode0131:179184] [ 5] /usr/lib/gcc/x86_64-redhat-linux/4.8.5/../../../../lib64/libc.so.6(__libc_start_main+0xf5)[0x2aaab0e27b35]
[cnode0131:179184] [ 6] mom_mpi[0x40fc19]
[cnode0131:179184] *** End of error message ***
[cnode0131:179186] *** Process received signal ***
[cnode0131:179186] Signal: Segmentation fault (11)
[cnode0131:179186] Signal code: Address not mapped (1)
[cnode0131:179186] Failing at address: (nil)
[cnode0131:179186] [ 0] /usr/lib/gcc/x86_64-redhat-linux/4.8.5/../../../../lib64/libpthread.so.0(+0xf370)[0x2aaaaff87370]
[cnode0131:179186] [ 1] mom_mpi[0x430805]
[cnode0131:179186] [ 2] mom_mpi[0x437061]
[cnode0131:179186] [ 3] mom_mpi[0x439359]
[cnode0131:179186] [ 4] mom_mpi[0x440a9e]
[cnode0131:179186] [ 5] /usr/lib/gcc/x86_64-redhat-linux/4.8.5/../../../../lib64/libc.so.6(__libc_start_main+0xf5)[0x2aaab0e27b35]
[cnode0131:179186] [ 6] mom_mpi[0x40fc19]
[cnode0131:179186] *** End of error message ***
[cnode0151:08423] *** Process received signal ***
[cnode0151:08423] Signal: Segmentation fault (11)
[cnode0151:08423] Signal code: Address not mapped (1)
[cnode0151:08423] Failing at address: (nil)
[cnode0151:08423] [ 0] /usr/lib/gcc/x86_64-redhat-linux/4.8.5/../../../../lib64/libpthread.so.0(+0xf370)[0x2aaaaff87370]
[cnode0151:08423] [ 1] mom_mpi[0x430805]
[cnode0151:08423] [ 2] mom_mpi[0x437061]
[cnode0151:08423] [ 3] mom_mpi[0x439359]
[cnode0151:08423] [ 4] mom_mpi[0x440a9e]
[cnode0151:08423] [ 5] /usr/lib/gcc/x86_64-redhat-linux/4.8.5/../../../../lib64/libc.so.6(__libc_start_main+0xf5)[0x2aaab0e27b35]
[cnode0151:08423] [ 6] mom_mpi[0x40fc19]
[cnode0151:08423] *** End of error message ***
[cnode0151:08424] *** Process received signal ***
[cnode0151:08424] Signal: Segmentation fault (11)
[cnode0151:08424] Signal code: Address not mapped (1)
[cnode0151:08424] Failing at address: (nil)
[cnode0151:08424] [ 0] /usr/lib/gcc/x86_64-redhat-linux/4.8.5/../../../../lib64/libpthread.so.0(+0xf370)[0x2aaaaff87370]
[cnode0151:08424] [ 1] mom_mpi[0x430805]
[cnode0151:08424] [ 2] mom_mpi[0x437061]
[cnode0151:08424] [ 3] mom_mpi[0x439359]
[cnode0151:08424] [ 4] mom_mpi[0x440a9e]
[cnode0151:08424] [ 5] /usr/lib/gcc/x86_64-redhat-linux/4.8.5/../../../../lib64/libc.so.6(__libc_start_main+0xf5)[0x2aaab0e27b35]
[cnode0151:08424] [ 6] mom_mpi[0x40fc19]
[cnode0151:08424] *** End of error message ***
[cnode0151:08426] *** Process received signal ***
[cnode0151:08426] Signal: Segmentation fault (11)
[cnode0151:08426] Signal code: Address not mapped (1)
[cnode0151:08426] Failing at address: (nil)
[cnode0151:08426] [ 0] /usr/lib/gcc/x86_64-redhat-linux/4.8.5/../../../../lib64/libpthread.so.0(+0xf370)[0x2aaaaff87370]
[cnode0151:08426] [ 1] mom_mpi[0x430805]
[cnode0151:08426] [ 2] mom_mpi[0x437061]
[cnode0151:08426] [ 3] mom_mpi[0x439359]
[cnode0151:08426] [ 4] mom_mpi[0x440a9e]
[cnode0151:08426] [ 5] /usr/lib/gcc/x86_64-redhat-linux/4.8.5/../../../../lib64/libc.so.6(__libc_start_main+0xf5)[0x2aaab0e27b35]
[cnode0151:08426] [ 6] mom_mpi[0x40fc19]
[cnode0151:08426] *** End of error message ***
[cnode0151:08427] *** Process received signal ***
[cnode0151:08427] Signal: Segmentation fault (11)
[cnode0151:08427] Signal code: Address not mapped (1)
[cnode0151:08427] Failing at address: (nil)
[cnode0151:08427] [ 0] /usr/lib/gcc/x86_64-redhat-linux/4.8.5/../../../../lib64/libpthread.so.0(+0xf370)[0x2aaaaff87370]
[cnode0151:08427] [ 1] mom_mpi[0x430805]
[cnode0151:08427] [ 2] mom_mpi[0x437061]
[cnode0151:08427] [ 3] mom_mpi[0x439359]
[cnode0151:08427] [ 4] mom_mpi[0x440a9e]
[cnode0151:08427] [ 5] /usr/lib/gcc/x86_64-redhat-linux/4.8.5/../../../../lib64/libc.so.6(__libc_start_main+0xf5)[0x2aaab0e27b35]
[cnode0151:08427] [ 6] mom_mpi[0x40fc19]
[cnode0151:08427] *** End of error message ***
[cnode0151:08428] *** Process received signal ***
[cnode0151:08428] Signal: Segmentation fault (11)
[cnode0151:08428] Signal code: Address not mapped (1)
[cnode0151:08428] Failing at address: (nil)
[cnode0151:08428] [ 0] /usr/lib/gcc/x86_64-redhat-linux/4.8.5/../../../../lib64/libpthread.so.0(+0xf370)[0x2aaaaff87370]
[cnode0151:08428] [ 1] mom_mpi[0x430805]
[cnode0151:08428] [ 2] mom_mpi[0x437061]
[cnode0151:08428] [ 3] mom_mpi[0x439359]
[cnode0151:08428] [ 4] mom_mpi[0x440a9e]
[cnode0151:08428] [ 5] /usr/lib/gcc/x86_64-redhat-linux/4.8.5/../../../../lib64/libc.so.6(__libc_start_main+0xf5)[0x2aaab0e27b35]
[cnode0151:08428] [ 6] mom_mpi[0x40fc19]
[cnode0151:08428] *** End of error message ***
[cnode0151:08429] *** Process received signal ***
[cnode0151:08429] Signal: Segmentation fault (11)
[cnode0151:08429] Signal code: Address not mapped (1)
[cnode0151:08429] Failing at address: (nil)
[cnode0151:08429] [ 0] /usr/lib/gcc/x86_64-redhat-linux/4.8.5/../../../../lib64/libpthread.so.0(+0xf370)[0x2aaaaff87370]
[cnode0151:08429] [ 1] mom_mpi[0x430805]
[cnode0151:08429] [ 2] mom_mpi[0x437061]
[cnode0151:08429] [ 3] mom_mpi[0x439359]
[cnode0151:08429] [ 4] mom_mpi[0x440a9e]
[cnode0151:08429] [ 5] /usr/lib/gcc/x86_64-redhat-linux/4.8.5/../../../../lib64/libc.so.6(__libc_start_main+0xf5)[0x2aaab0e27b35]
[cnode0151:08429] [ 6] mom_mpi[0x40fc19]
[cnode0151:08429] *** End of error message ***
[cnode0151:08430] *** Process received signal ***
[cnode0151:08430] Signal: Segmentation fault (11)
[cnode0151:08430] Signal code: Address not mapped (1)
[cnode0151:08430] Failing at address: (nil)
[cnode0151:08430] [ 0] /usr/lib/gcc/x86_64-redhat-linux/4.8.5/../../../../lib64/libpthread.so.0(+0xf370)[0x2aaaaff87370]
[cnode0151:08430] [ 1] mom_mpi[0x430805]
[cnode0151:08430] [ 2] mom_mpi[0x437061]
[cnode0151:08430] [ 3] mom_mpi[0x439359]
[cnode0151:08430] [ 4] mom_mpi[0x440a9e]
[cnode0151:08430] [ 5] /usr/lib/gcc/x86_64-redhat-linux/4.8.5/../../../../lib64/libc.so.6(__libc_start_main+0xf5)[0x2aaab0e27b35]
[cnode0151:08430] [ 6] mom_mpi[0x40fc19]
[cnode0151:08430] *** End of error message ***
[cnode0129:09831] *** Process received signal ***
[cnode0129:09831] Signal: Segmentation fault (11)
[cnode0129:09831] Signal code: Address not mapped (1)
[cnode0129:09831] Failing at address: (nil)
[cnode0129:09831] [ 0] /usr/lib/gcc/x86_64-redhat-linux/4.8.5/../../../../lib64/libpthread.so.0(+0xf370)[0x2aaaaff87370]
[cnode0129:09831] [ 1] mom_mpi[0x430805]
[cnode0129:09831] [ 2] mom_mpi[0x437061]
[cnode0129:09831] [ 3] mom_mpi[0x439359]
[cnode0129:09831] [ 4] mom_mpi[0x440a9e]
[cnode0129:09831] [ 5] /usr/lib/gcc/x86_64-redhat-linux/4.8.5/../../../../lib64/libc.so.6(__libc_start_main+0xf5)[0x2aaab0e27b35]
[cnode0129:09831] [ 6] mom_mpi[0x40fc19]
[cnode0129:09831] *** End of error message ***
[cnode0129:09832] *** Process received signal ***
[cnode0129:09832] Signal: Segmentation fault (11)
[cnode0129:09832] Signal code: Address not mapped (1)
[cnode0129:09832] Failing at address: (nil)
[cnode0129:09832] [ 0] /usr/lib/gcc/x86_64-redhat-linux/4.8.5/../../../../lib64/libpthread.so.0(+0xf370)[0x2aaaaff87370]
[cnode0129:09832] [ 1] mom_mpi[0x430805]
[cnode0129:09832] [ 2] mom_mpi[0x437061]
[cnode0129:09832] [ 3] mom_mpi[0x439359]
[cnode0129:09832] [ 4] mom_mpi[0x440a9e]
[cnode0129:09832] [ 5] /usr/lib/gcc/x86_64-redhat-linux/4.8.5/../../../../lib64/libc.so.6(__libc_start_main+0xf5)[0x2aaab0e27b35]
[cnode0129:09832] [ 6] mom_mpi[0x40fc19]
[cnode0129:09832] *** End of error message ***
[cnode0129:09833] *** Process received signal ***
[cnode0129:09833] Signal: Segmentation fault (11)
[cnode0129:09833] Signal code: Address not mapped (1)
[cnode0129:09833] Failing at address: (nil)
[cnode0129:09833] [ 0] /usr/lib/gcc/x86_64-redhat-linux/4.8.5/../../../../lib64/libpthread.so.0(+0xf370)[0x2aaaaff87370]
[cnode0129:09833] [ 1] mom_mpi[0x430805]
[cnode0129:09833] [ 2] mom_mpi[0x437061]
[cnode0129:09833] [ 3] mom_mpi[0x439359]
[cnode0129:09833] [ 4] mom_mpi[0x440a9e]
[cnode0129:09833] [ 5] /usr/lib/gcc/x86_64-redhat-linux/4.8.5/../../../../lib64/libc.so.6(__libc_start_main+0xf5)[0x2aaab0e27b35]
[cnode0129:09833] [ 6] mom_mpi[0x40fc19]
[cnode0129:09833] *** End of error message ***
[cnode0129:09834] *** Process received signal ***
[cnode0129:09834] Signal: Segmentation fault (11)
[cnode0129:09834] Signal code: Address not mapped (1)
[cnode0129:09834] Failing at address: (nil)
[cnode0129:09834] [ 0] /usr/lib/gcc/x86_64-redhat-linux/4.8.5/../../../../lib64/libpthread.so.0(+0xf370)[0x2aaaaff87370]
[cnode0129:09834] [ 1] mom_mpi[0x430805]
[cnode0129:09834] [ 2] mom_mpi[0x437061]
[cnode0129:09834] [ 3] mom_mpi[0x439359]
[cnode0129:09834] [ 4] mom_mpi[0x440a9e]
[cnode0129:09834] [ 5] /usr/lib/gcc/x86_64-redhat-linux/4.8.5/../../../../lib64/libc.so.6(__libc_start_main+0xf5)[0x2aaab0e27b35]
[cnode0129:09834] [ 6] mom_mpi[0x40fc19]
[cnode0129:09834] *** End of error message ***
[cnode0129:09835] *** Process received signal ***
[cnode0129:09835] Signal: Segmentation fault (11)
[cnode0129:09835] Signal code: Address not mapped (1)
[cnode0129:09835] Failing at address: (nil)
[cnode0129:09835] [ 0] /usr/lib/gcc/x86_64-redhat-linux/4.8.5/../../../../lib64/libpthread.so.0(+0xf370)[0x2aaaaff87370]
[cnode0129:09835] [ 1] mom_mpi[0x430805]
[cnode0129:09835] [ 2] mom_mpi[0x437061]
[cnode0129:09835] [ 3] mom_mpi[0x439359]
[cnode0129:09835] [ 4] mom_mpi[0x440a9e]
[cnode0129:09835] [ 5] /usr/lib/gcc/x86_64-redhat-linux/4.8.5/../../../../lib64/libc.so.6(__libc_start_main+0xf5)[0x2aaab0e27b35]
[cnode0129:09835] [ 6] mom_mpi[0x40fc19]
[cnode0129:09835] *** End of error message ***
[cnode0129:09837] *** Process received signal ***
[cnode0129:09837] Signal: Segmentation fault (11)
[cnode0129:09837] Signal code: Address not mapped (1)
[cnode0129:09837] Failing at address: (nil)
[cnode0129:09837] [ 0] /usr/lib/gcc/x86_64-redhat-linux/4.8.5/../../../../lib64/libpthread.so.0(+0xf370)[0x2aaaaff87370]
[cnode0129:09837] [ 1] mom_mpi[0x430805]
[cnode0129:09837] [ 2] mom_mpi[0x437061]
[cnode0129:09837] [ 3] mom_mpi[0x439359]
[cnode0129:09837] [ 4] mom_mpi[0x440a9e]
[cnode0129:09837] [ 5] /usr/lib/gcc/x86_64-redhat-linux/4.8.5/../../../../lib64/libc.so.6(__libc_start_main+0xf5)[0x2aaab0e27b35]
[cnode0129:09837] [ 6] mom_mpi[0x40fc19]
[cnode0129:09837] *** End of error message ***
[cnode0129:09838] *** Process received signal ***
[cnode0129:09838] Signal: Segmentation fault (11)
[cnode0129:09838] Signal code: Address not mapped (1)
[cnode0129:09838] Failing at address: (nil)
[cnode0129:09838] [ 0] /usr/lib/gcc/x86_64-redhat-linux/4.8.5/../../../../lib64/libpthread.so.0(+0xf370)[0x2aaaaff87370]
[cnode0129:09838] [ 1] mom_mpi[0x430805]
[cnode0129:09838] [ 2] mom_mpi[0x437061]
[cnode0129:09838] [ 3] mom_mpi[0x439359]
[cnode0129:09838] [ 4] mom_mpi[0x440a9e]
[cnode0129:09838] [ 5] /usr/lib/gcc/x86_64-redhat-linux/4.8.5/../../../../lib64/libc.so.6(__libc_start_main+0xf5)[0x2aaab0e27b35]
[cnode0129:09838] [ 6] mom_mpi[0x40fc19]
[cnode0129:09838] *** End of error message ***
[cnode0148:11316] *** Process received signal ***
[cnode0148:11316] Signal: Segmentation fault (11)
[cnode0148:11316] Signal code: Address not mapped (1)
[cnode0148:11316] Failing at address: (nil)
[cnode0148:11316] [ 0] /usr/lib/gcc/x86_64-redhat-linux/4.8.5/../../../../lib64/libpthread.so.0(+0xf370)[0x2aaaaff87370]
[cnode0148:11316] [ 1] mom_mpi[0x430805]
[cnode0148:11316] [ 2] mom_mpi[0x437061]
[cnode0148:11316] [ 3] mom_mpi[0x439359]
[cnode0148:11316] [ 4] mom_mpi[0x440a9e]
[cnode0148:11316] [ 5] /usr/lib/gcc/x86_64-redhat-linux/4.8.5/../../../../lib64/libc.so.6(__libc_start_main+0xf5)[0x2aaab0e27b35]
[cnode0148:11316] [ 6] mom_mpi[0x40fc19]
[cnode0148:11316] *** End of error message ***
[cnode0148:11317] *** Process received signal ***
[cnode0148:11317] Signal: Segmentation fault (11)
[cnode0148:11317] Signal code: Address not mapped (1)
[cnode0148:11317] Failing at address: (nil)
[cnode0148:11317] [ 0] /usr/lib/gcc/x86_64-redhat-linux/4.8.5/../../../../lib64/libpthread.so.0(+0xf370)[0x2aaaaff87370]
[cnode0148:11317] [ 1] mom_mpi[0x430805]
[cnode0148:11317] [ 2] mom_mpi[0x437061]
[cnode0148:11317] [ 3] mom_mpi[0x439359]
[cnode0148:11317] [ 4] mom_mpi[0x440a9e]
[cnode0148:11317] [ 5] /usr/lib/gcc/x86_64-redhat-linux/4.8.5/../../../../lib64/libc.so.6(__libc_start_main+0xf5)[0x2aaab0e27b35]
[cnode0148:11317] [ 6] mom_mpi[0x40fc19]
[cnode0148:11317] *** End of error message ***
[cnode0148:11318] *** Process received signal ***
[cnode0148:11318] Signal: Segmentation fault (11)
[cnode0148:11318] Signal code: Address not mapped (1)
[cnode0148:11318] Failing at address: (nil)
[cnode0148:11318] [ 0] /usr/lib/gcc/x86_64-redhat-linux/4.8.5/../../../../lib64/libpthread.so.0(+0xf370)[0x2aaaaff87370]
[cnode0148:11318] [ 1] mom_mpi[0x430805]
[cnode0148:11318] [ 2] mom_mpi[0x437061]
[cnode0148:11318] [ 3] mom_mpi[0x439359]
[cnode0148:11318] [ 4] mom_mpi[0x440a9e]
[cnode0148:11318] [ 5] /usr/lib/gcc/x86_64-redhat-linux/4.8.5/../../../../lib64/libc.so.6(__libc_start_main+0xf5)[0x2aaab0e27b35]
[cnode0148:11318] [ 6] mom_mpi[0x40fc19]
[cnode0148:11318] *** End of error message ***
[cnode0148:11320] *** Process received signal ***
[cnode0148:11320] Signal: Segmentation fault (11)
[cnode0148:11320] Signal code: Address not mapped (1)
[cnode0148:11320] Failing at address: (nil)
[cnode0148:11320] [ 0] /usr/lib/gcc/x86_64-redhat-linux/4.8.5/../../../../lib64/libpthread.so.0(+0xf370)[0x2aaaaff87370]
[cnode0148:11320] [ 1] mom_mpi[0x430805]
[cnode0148:11320] [ 2] mom_mpi[0x437061]
[cnode0148:11320] [ 3] mom_mpi[0x439359]
[cnode0148:11320] [ 4] mom_mpi[0x440a9e]
[cnode0148:11320] [ 5] /usr/lib/gcc/x86_64-redhat-linux/4.8.5/../../../../lib64/libc.so.6(__libc_start_main+0xf5)[0x2aaab0e27b35]
[cnode0148:11320] [ 6] mom_mpi[0x40fc19]
[cnode0148:11320] *** End of error message ***
[cnode0148:11321] *** Process received signal ***
[cnode0148:11321] Signal: Segmentation fault (11)
[cnode0148:11321] Signal code: Address not mapped (1)
[cnode0148:11321] Failing at address: (nil)
[cnode0148:11321] [ 0] /usr/lib/gcc/x86_64-redhat-linux/4.8.5/../../../../lib64/libpthread.so.0(+0xf370)[0x2aaaaff87370]
[cnode0148:11321] [ 1] mom_mpi[0x430805]
[cnode0148:11321] [ 2] mom_mpi[0x437061]
[cnode0148:11321] [ 3] mom_mpi[0x439359]
[cnode0148:11321] [ 4] mom_mpi[0x440a9e]
[cnode0148:11321] [ 5] /usr/lib/gcc/x86_64-redhat-linux/4.8.5/../../../../lib64/libc.so.6(__libc_start_main+0xf5)[0x2aaab0e27b35]
[cnode0148:11321] [ 6] mom_mpi[0x40fc19]
[cnode0148:11321] *** End of error message ***
[cnode0148:11322] *** Process received signal ***
[cnode0148:11322] Signal: Segmentation fault (11)
[cnode0148:11322] Signal code: Address not mapped (1)
[cnode0148:11322] Failing at address: (nil)
[cnode0148:11322] [ 0] /usr/lib/gcc/x86_64-redhat-linux/4.8.5/../../../../lib64/libpthread.so.0(+0xf370)[0x2aaaaff87370]
[cnode0148:11322] [ 1] mom_mpi[0x430805]
[cnode0148:11322] [ 2] mom_mpi[0x437061]
[cnode0148:11322] [ 3] mom_mpi[0x439359]
[cnode0148:11322] [ 4] mom_mpi[0x440a9e]
[cnode0148:11322] [ 5] /usr/lib/gcc/x86_64-redhat-linux/4.8.5/../../../../lib64/libc.so.6(__libc_start_main+0xf5)[0x2aaab0e27b35]
[cnode0148:11322] [ 6] mom_mpi[0x40fc19]
[cnode0148:11322] *** End of error message ***
[cnode0148:11323] *** Process received signal ***
[cnode0148:11323] Signal: Segmentation fault (11)
[cnode0148:11323] Signal code: Address not mapped (1)
[cnode0148:11323] Failing at address: (nil)
[cnode0148:11323] [ 0] /usr/lib/gcc/x86_64-redhat-linux/4.8.5/../../../../lib64/libpthread.so.0(+0xf370)[0x2aaaaff87370]
[cnode0148:11323] [ 1] mom_mpi[0x430805]
[cnode0148:11323] [ 2] mom_mpi[0x437061]
[cnode0148:11323] [ 3] mom_mpi[0x439359]
[cnode0148:11323] [ 4] mom_mpi[0x440a9e]
[cnode0148:11323] [ 5] /usr/lib/gcc/x86_64-redhat-linux/4.8.5/../../../../lib64/libc.so.6(__libc_start_main+0xf5)[0x2aaab0e27b35]
[cnode0148:11323] [ 6] mom_mpi[0x40fc19]
[cnode0148:11323] *** End of error message ***
[cnode0148:11324] *** Process received signal ***
[cnode0148:11324] Signal: Segmentation fault (11)
[cnode0148:11324] Signal code: Address not mapped (1)
[cnode0148:11324] Failing at address: (nil)
[cnode0148:11324] [ 0] /usr/lib/gcc/x86_64-redhat-linux/4.8.5/../../../../lib64/libpthread.so.0(+0xf370)[0x2aaaaff87370]
[cnode0148:11324] [ 1] mom_mpi[0x430805]
[cnode0148:11324] [ 2] mom_mpi[0x437061]
[cnode0148:11324] [ 3] mom_mpi[0x439359]
[cnode0148:11324] [ 4] mom_mpi[0x440a9e]
[cnode0148:11324] [ 5] /usr/lib/gcc/x86_64-redhat-linux/4.8.5/../../../../lib64/libc.so.6(__libc_start_main+0xf5)[0x2aaab0e27b35]
[cnode0148:11324] [ 6] mom_mpi[0x40fc19]
[cnode0148:11324] *** End of error message ***
--------------------------------------------------------------------------
mpiexec noticed that process rank 20 with PID 13920 on node cnode0130 exited on signal 11 (Segmentation fault).
--------------------------------------------------------------------------
[cnode0122:41577] 47 more processes have sent help message help-mpi-common-cuda.txt / dlopen failed
[cnode0122:41577] Set MCA parameter "orte_base_help_aggregate" to 0 to see all help / error messages

real	0m5.377s
user	0m15.799s
sys	0m3.893s
