libibverbs: Warning: couldn't open config directory '/usr/etc/libibverbs.d'.
libibverbs: Warning: no userspace device-specific driver found for /sys/class/infiniband_verbs/uverbs0
libibverbs: Warning: couldn't open config directory '/usr/etc/libibverbs.d'.
libibverbs: Warning: no userspace device-specific driver found for /sys/class/infiniband_verbs/uverbs0
libibverbs: Warning: couldn't open config directory '/usr/etc/libibverbs.d'.
libibverbs: Warning: no userspace device-specific driver found for /sys/class/infiniband_verbs/uverbs0
libibverbs: Warning: couldn't open config directory '/usr/etc/libibverbs.d'.
libibverbs: Warning: no userspace device-specific driver found for /sys/class/infiniband_verbs/uverbs0
libibverbs: Warning: couldn't open config directory '/usr/etc/libibverbs.d'.
libibverbs: Warning: no userspace device-specific driver found for /sys/class/infiniband_verbs/uverbs0
libibverbs: Warning: couldn't open config directory '/usr/etc/libibverbs.d'.
libibverbs: Warning: no userspace device-specific driver found for /sys/class/infiniband_verbs/uverbs0
--------------------------------------------------------------------------
The library attempted to open the following supporting CUDA libraries,
but each of them failed.  CUDA-aware support is disabled.
libcuda.so.1: cannot open shared object file: No such file or directory
libcuda.dylib: cannot open shared object file: No such file or directory
/usr/lib64/libcuda.so.1: cannot open shared object file: No such file or directory
/usr/lib64/libcuda.dylib: cannot open shared object file: No such file or directory
If you are not interested in CUDA-aware support, then run with
--mca mpi_cuda_support 0 to suppress this message.  If you are interested
in CUDA-aware support, then try setting LD_LIBRARY_PATH to the location
of libcuda.so.1 to get passed this issue.
--------------------------------------------------------------------------
[cnode0130:14099] *** Process received signal ***
[cnode0130:14099] Signal: Segmentation fault (11)
[cnode0130:14099] Signal code: Address not mapped (1)
[cnode0130:14099] Failing at address: (nil)
[cnode0130:14088] *** Process received signal ***
[cnode0130:14088] Signal: Segmentation fault (11)
[cnode0130:14088] Signal code: Address not mapped (1)
[cnode0130:14088] Failing at address: (nil)
[cnode0130:14089] *** Process received signal ***
[cnode0130:14089] Signal: Segmentation fault (11)
[cnode0130:14089] Signal code: Address not mapped (1)
[cnode0130:14089] Failing at address: (nil)
[cnode0130:14090] *** Process received signal ***
[cnode0130:14090] Signal: Segmentation fault (11)
[cnode0130:14090] Signal code: Address not mapped (1)
[cnode0130:14090] Failing at address: (nil)
[cnode0130:14094] *** Process received signal ***
[cnode0130:14094] Signal: Segmentation fault (11)
[cnode0130:14094] Signal code: Address not mapped (1)
[cnode0130:14094] Failing at address: (nil)
[cnode0130:14096] *** Process received signal ***
[cnode0130:14096] Signal: Segmentation fault (11)
[cnode0130:14096] Signal code: Address not mapped (1)
[cnode0130:14096] Failing at address: (nil)
[cnode0130:14098] *** Process received signal ***
[cnode0130:14098] Signal: Segmentation fault (11)
[cnode0130:14098] Signal code: Address not mapped (1)
[cnode0130:14098] Failing at address: (nil)
[cnode0130:14091] *** Process received signal ***
[cnode0130:14091] Signal: Segmentation fault (11)
[cnode0130:14091] Signal code: Address not mapped (1)
[cnode0130:14091] Failing at address: (nil)
[cnode0130:14092] *** Process received signal ***
[cnode0130:14092] Signal: Segmentation fault (11)
[cnode0130:14092] Signal code: Address not mapped (1)
[cnode0130:14092] Failing at address: (nil)
[cnode0130:14093] *** Process received signal ***
[cnode0130:14093] Signal: Segmentation fault (11)
[cnode0130:14093] Signal code: Address not mapped (1)
[cnode0130:14093] Failing at address: (nil)
[cnode0130:14090] [ 0] /usr/lib/gcc/x86_64-redhat-linux/4.8.5/../../../../lib64/libpthread.so.0(+0xf370)[0x2aaaaff87370]
[cnode0130:14090] [ 1] [cnode0130:14088] [ 0] /usr/lib/gcc/x86_64-redhat-linux/4.8.5/../../../../lib64/libpthread.so.0(+0xf370)[0x2aaaaff87370]
[cnode0130:14088] [ 1] mom_mpi[0x430805]
[cnode0130:14088] [ 2] mom_mpi[0x437061]
[cnode0130:14088] [ 3] mom_mpi[0x439359]
[cnode0130:14088] [ 4] mom_mpi[0x440a9e]
[cnode0130:14088] [ 5] [cnode0130:14098] [ 0] /usr/lib/gcc/x86_64-redhat-linux/4.8.5/../../../../lib64/libpthread.so.0(+0xf370)[0x2aaaaff87370]
[cnode0130:14098] [ 1] mom_mpi[0x430805]
[cnode0130:14098] [ 2] mom_mpi[0x430805]
[cnode0130:14090] [ 2] mom_mpi[0x437061]
[cnode0130:14090] [ 3] mom_mpi[0x439359]
[cnode0130:14090] [ 4] mom_mpi[0x440a9e]
[cnode0130:14090] [ 5] /usr/lib/gcc/x86_64-redhat-linux/4.8.5/../../../../lib64/libc.so.6(__libc_start_main+0xf5)[0x2aaab0e27b35]
[cnode0130:14090] [ 6] [cnode0130:14099] [ 0] /usr/lib/gcc/x86_64-redhat-linux/4.8.5/../../../../lib64/libpthread.so.0(+0xf370)[0x2aaaaff87370]
[cnode0130:14099] [ 1] mom_mpi[0x437061]
[cnode0130:14098] [ 3] mom_mpi[0x439359]
[cnode0130:14098] [ 4] mom_mpi[0x440a9e]
[cnode0130:14098] [ 5] /usr/lib/gcc/x86_64-redhat-linux/4.8.5/../../../../lib64/libc.so.6(__libc_start_main+0xf5)[0x2aaab0e27b35]
[cnode0130:14098] [ 6] mom_mpi[0x40fc19]
[cnode0130:14098] *** End of error message ***
[cnode0130:14089] [ 0] /usr/lib/gcc/x86_64-redhat-linux/4.8.5/../../../../lib64/libpthread.so.0(+0xf370)[0x2aaaaff87370]
[cnode0130:14089] [ 1] mom_mpi[0x430805]
[cnode0130:14089] [ 2] mom_mpi[0x437061]
[cnode0130:14089] [ 3] mom_mpi[0x439359]
[cnode0130:14089] [ 4] mom_mpi[0x440a9e]
[cnode0130:14089] [ 5] /usr/lib/gcc/x86_64-redhat-linux/4.8.5/../../../../lib64/libc.so.6(__libc_start_main+0xf5)[0x2aaab0e27b35]
[cnode0130:14089] [ 6] [cnode0130:14094] [ 0] /usr/lib/gcc/x86_64-redhat-linux/4.8.5/../../../../lib64/libpthread.so.0(+0xf370)[0x2aaaaff87370]
[cnode0130:14094] [ 1] mom_mpi[0x430805]
[cnode0130:14094] [ 2] mom_mpi[0x437061]
[cnode0130:14094] [ 3] mom_mpi[0x439359]
[cnode0130:14094] [ 4] mom_mpi[0x440a9e]
[cnode0130:14094] [ 5] /usr/lib/gcc/x86_64-redhat-linux/4.8.5/../../../../lib64/libc.so.6(__libc_start_main+0xf5)[0x2aaab0e27b35]
[cnode0130:14094] [ 6] mom_mpi[0x40fc19]
[cnode0130:14094] *** End of error message ***
[cnode0130:14096] [ 0] /usr/lib/gcc/x86_64-redhat-linux/4.8.5/../../../../lib64/libpthread.so.0(+0xf370)[0x2aaaaff87370]
[cnode0130:14096] [ 1] mom_mpi[0x430805]
[cnode0130:14096] [ 2] mom_mpi[0x437061]
[cnode0130:14096] [ 3] mom_mpi[0x439359]
[cnode0130:14096] [ 4] mom_mpi[0x440a9e]
[cnode0130:14096] [ 5] /usr/lib/gcc/x86_64-redhat-linux/4.8.5/../../../../lib64/libc.so.6(__libc_start_main+0xf5)[0x2aaab0e27b35]
[cnode0130:14096] [ 6] mom_mpi[0x40fc19]
[cnode0130:14096] *** End of error message ***
/usr/lib/gcc/x86_64-redhat-linux/4.8.5/../../../../lib64/libc.so.6(__libc_start_main+0xf5)[0x2aaab0e27b35]
[cnode0130:14088] [ 6] mom_mpi[0x40fc19]
[cnode0130:14088] *** End of error message ***
mom_mpi[0x40fc19]
[cnode0130:14090] *** End of error message ***
mom_mpi[0x430805]
[cnode0130:14099] [ 2] mom_mpi[0x437061]
[cnode0130:14099] [ 3] mom_mpi[0x439359]
[cnode0130:14099] [ 4] mom_mpi[0x440a9e]
[cnode0130:14099] [ 5] /usr/lib/gcc/x86_64-redhat-linux/4.8.5/../../../../lib64/libc.so.6(__libc_start_main+0xf5)[0x2aaab0e27b35]
[cnode0130:14099] [ 6] mom_mpi[0x40fc19]
[cnode0130:14099] *** End of error message ***
[cnode0130:14093] [ 0] /usr/lib/gcc/x86_64-redhat-linux/4.8.5/../../../../lib64/libpthread.so.0(+0xf370)[0x2aaaaff87370]
[cnode0130:14093] [ 1] mom_mpi[0x430805]
[cnode0130:14093] [ 2] mom_mpi[0x437061]
[cnode0130:14093] [ 3] mom_mpi[0x439359]
[cnode0130:14093] [ 4] mom_mpi[0x440a9e]
[cnode0130:14093] [ 5] /usr/lib/gcc/x86_64-redhat-linux/4.8.5/../../../../lib64/libc.so.6(__libc_start_main+0xf5)[0x2aaab0e27b35]
[cnode0130:14093] [ 6] mom_mpi[0x40fc19]
[cnode0130:14093] *** End of error message ***
[cnode0130:14091] [ 0] /usr/lib/gcc/x86_64-redhat-linux/4.8.5/../../../../lib64/libpthread.so.0(+0xf370)[0x2aaaaff87370]
[cnode0130:14091] [ 1] mom_mpi[0x430805]
[cnode0130:14091] [ 2] mom_mpi[0x437061]
[cnode0130:14091] [ 3] mom_mpi[0x439359]
[cnode0130:14091] [ 4] mom_mpi[0x440a9e]
[cnode0130:14091] [ 5] /usr/lib/gcc/x86_64-redhat-linux/4.8.5/../../../../lib64/libc.so.6(__libc_start_main+0xf5)[0x2aaab0e27b35]
[cnode0130:14091] [ 6] mom_mpi[0x40fc19]
[cnode0130:14091] *** End of error message ***
[cnode0130:14092] [ 0] /usr/lib/gcc/x86_64-redhat-linux/4.8.5/../../../../lib64/libpthread.so.0(+0xf370)[0x2aaaaff87370]
[cnode0130:14092] [ 1] mom_mpi[0x430805]
[cnode0130:14092] [ 2] mom_mpi[0x437061]
[cnode0130:14092] [ 3] mom_mpi[0x439359]
[cnode0130:14092] [ 4] mom_mpi[0x440a9e]
[cnode0130:14092] [ 5] /usr/lib/gcc/x86_64-redhat-linux/4.8.5/../../../../lib64/libc.so.6(__libc_start_main+0xf5)[0x2aaab0e27b35]
[cnode0130:14092] [ 6] mom_mpi[0x40fc19]
[cnode0130:14092] *** End of error message ***
mom_mpi[0x40fc19]
[cnode0130:14089] *** End of error message ***
--------------------------------------------------------------------------
Primary job  terminated normally, but 1 process returned
a non-zero exit code. Per user-direction, the job has been aborted.
--------------------------------------------------------------------------
[cnode0131:179352] *** Process received signal ***
[cnode0131:179352] Signal: Segmentation fault (11)
[cnode0131:179352] Signal code: Address not mapped (1)
[cnode0131:179352] Failing at address: (nil)
[cnode0131:179352] [ 0] /usr/lib/gcc/x86_64-redhat-linux/4.8.5/../../../../lib64/libpthread.so.0(+0xf370)[0x2aaaaff87370]
[cnode0131:179352] [ 1] mom_mpi[0x430805]
[cnode0131:179352] [ 2] mom_mpi[0x437061]
[cnode0131:179352] [ 3] mom_mpi[0x439359]
[cnode0131:179352] [ 4] mom_mpi[0x440a9e]
[cnode0131:179352] [ 5] /usr/lib/gcc/x86_64-redhat-linux/4.8.5/../../../../lib64/libc.so.6(__libc_start_main+0xf5)[0x2aaab0e27b35]
[cnode0131:179352] [ 6] mom_mpi[0x40fc19]
[cnode0131:179352] *** End of error message ***
[cnode0131:179356] *** Process received signal ***
[cnode0131:179356] Signal: Segmentation fault (11)
[cnode0131:179356] Signal code: Address not mapped (1)
[cnode0131:179356] Failing at address: (nil)
[cnode0131:179356] [ 0] /usr/lib/gcc/x86_64-redhat-linux/4.8.5/../../../../lib64/libpthread.so.0(+0xf370)[0x2aaaaff87370]
[cnode0131:179356] [ 1] mom_mpi[0x430805]
[cnode0131:179356] [ 2] mom_mpi[0x437061]
[cnode0131:179356] [ 3] mom_mpi[0x439359]
[cnode0131:179356] [ 4] mom_mpi[0x440a9e]
[cnode0131:179356] [ 5] /usr/lib/gcc/x86_64-redhat-linux/4.8.5/../../../../lib64/libc.so.6(__libc_start_main+0xf5)[0x2aaab0e27b35]
[cnode0131:179356] [ 6] mom_mpi[0x40fc19]
[cnode0131:179356] *** End of error message ***
[cnode0151:08593] *** Process received signal ***
[cnode0151:08593] Signal: Segmentation fault (11)
[cnode0151:08593] Signal code: Address not mapped (1)
[cnode0151:08593] Failing at address: (nil)
[cnode0151:08593] [ 0] /usr/lib/gcc/x86_64-redhat-linux/4.8.5/../../../../lib64/libpthread.so.0(+0xf370)[0x2aaaaff87370]
[cnode0151:08593] [ 1] mom_mpi[0x430805]
[cnode0151:08593] [ 2] mom_mpi[0x437061]
[cnode0151:08593] [ 3] mom_mpi[0x439359]
[cnode0151:08593] [ 4] mom_mpi[0x440a9e]
[cnode0151:08593] [ 5] /usr/lib/gcc/x86_64-redhat-linux/4.8.5/../../../../lib64/libc.so.6(__libc_start_main+0xf5)[0x2aaab0e27b35]
[cnode0151:08593] [ 6] mom_mpi[0x40fc19]
[cnode0151:08593] *** End of error message ***
[cnode0151:08594] *** Process received signal ***
[cnode0151:08594] Signal: Segmentation fault (11)
[cnode0151:08594] Signal code: Address not mapped (1)
[cnode0151:08594] Failing at address: (nil)
[cnode0151:08594] [ 0] /usr/lib/gcc/x86_64-redhat-linux/4.8.5/../../../../lib64/libpthread.so.0(+0xf370)[0x2aaaaff87370]
[cnode0151:08594] [ 1] mom_mpi[0x430805]
[cnode0151:08594] [ 2] mom_mpi[0x437061]
[cnode0151:08594] [ 3] mom_mpi[0x439359]
[cnode0151:08594] [ 4] mom_mpi[0x440a9e]
[cnode0151:08594] [ 5] /usr/lib/gcc/x86_64-redhat-linux/4.8.5/../../../../lib64/libc.so.6(__libc_start_main+0xf5)[0x2aaab0e27b35]
[cnode0151:08594] [ 6] mom_mpi[0x40fc19]
[cnode0151:08594] *** End of error message ***
[cnode0151:08595] *** Process received signal ***
[cnode0151:08595] Signal: Segmentation fault (11)
[cnode0151:08595] Signal code: Address not mapped (1)
[cnode0151:08595] Failing at address: (nil)
[cnode0151:08595] [ 0] /usr/lib/gcc/x86_64-redhat-linux/4.8.5/../../../../lib64/libpthread.so.0(+0xf370)[0x2aaaaff87370]
[cnode0151:08595] [ 1] mom_mpi[0x430805]
[cnode0151:08595] [ 2] mom_mpi[0x437061]
[cnode0151:08595] [ 3] mom_mpi[0x439359]
[cnode0151:08595] [ 4] mom_mpi[0x440a9e]
[cnode0151:08595] [ 5] /usr/lib/gcc/x86_64-redhat-linux/4.8.5/../../../../lib64/libc.so.6(__libc_start_main+0xf5)[0x2aaab0e27b35]
[cnode0151:08595] [ 6] mom_mpi[0x40fc19]
[cnode0151:08595] *** End of error message ***
[cnode0151:08596] *** Process received signal ***
[cnode0151:08596] Signal: Segmentation fault (11)
[cnode0151:08596] Signal code: Address not mapped (1)
[cnode0151:08596] Failing at address: (nil)
[cnode0151:08596] [ 0] /usr/lib/gcc/x86_64-redhat-linux/4.8.5/../../../../lib64/libpthread.so.0(+0xf370)[0x2aaaaff87370]
[cnode0151:08596] [ 1] mom_mpi[0x430805]
[cnode0151:08596] [ 2] mom_mpi[0x437061]
[cnode0151:08596] [ 3] mom_mpi[0x439359]
[cnode0151:08596] [ 4] mom_mpi[0x440a9e]
[cnode0151:08596] [ 5] /usr/lib/gcc/x86_64-redhat-linux/4.8.5/../../../../lib64/libc.so.6(__libc_start_main+0xf5)[0x2aaab0e27b35]
[cnode0151:08596] [ 6] mom_mpi[0x40fc19]
[cnode0151:08596] *** End of error message ***
[cnode0151:08597] *** Process received signal ***
[cnode0151:08597] Signal: Segmentation fault (11)
[cnode0151:08597] Signal code: Address not mapped (1)
[cnode0151:08597] Failing at address: (nil)
[cnode0151:08597] [ 0] /usr/lib/gcc/x86_64-redhat-linux/4.8.5/../../../../lib64/libpthread.so.0(+0xf370)[0x2aaaaff87370]
[cnode0151:08597] [ 1] mom_mpi[0x430805]
[cnode0151:08597] [ 2] mom_mpi[0x437061]
[cnode0151:08597] [ 3] mom_mpi[0x439359]
[cnode0151:08597] [ 4] mom_mpi[0x440a9e]
[cnode0151:08597] [ 5] /usr/lib/gcc/x86_64-redhat-linux/4.8.5/../../../../lib64/libc.so.6(__libc_start_main+0xf5)[0x2aaab0e27b35]
[cnode0151:08597] [ 6] mom_mpi[0x40fc19]
[cnode0151:08597] *** End of error message ***
[cnode0151:08598] *** Process received signal ***
[cnode0151:08598] Signal: Segmentation fault (11)
[cnode0151:08598] Signal code: Address not mapped (1)
[cnode0151:08598] Failing at address: (nil)
[cnode0151:08598] [ 0] /usr/lib/gcc/x86_64-redhat-linux/4.8.5/../../../../lib64/libpthread.so.0(+0xf370)[0x2aaaaff87370]
[cnode0151:08598] [ 1] mom_mpi[0x430805]
[cnode0151:08598] [ 2] mom_mpi[0x437061]
[cnode0151:08598] [ 3] mom_mpi[0x439359]
[cnode0151:08598] [ 4] mom_mpi[0x440a9e]
[cnode0151:08598] [ 5] /usr/lib/gcc/x86_64-redhat-linux/4.8.5/../../../../lib64/libc.so.6(__libc_start_main+0xf5)[0x2aaab0e27b35]
[cnode0151:08598] [ 6] mom_mpi[0x40fc19]
[cnode0151:08598] *** End of error message ***
[cnode0151:08599] *** Process received signal ***
[cnode0151:08599] Signal: Segmentation fault (11)
[cnode0151:08599] Signal code: Address not mapped (1)
[cnode0151:08599] Failing at address: (nil)
[cnode0151:08599] [ 0] /usr/lib/gcc/x86_64-redhat-linux/4.8.5/../../../../lib64/libpthread.so.0(+0xf370)[0x2aaaaff87370]
[cnode0151:08599] [ 1] mom_mpi[0x430805]
[cnode0151:08599] [ 2] mom_mpi[0x437061]
[cnode0151:08599] [ 3] mom_mpi[0x439359]
[cnode0151:08599] [ 4] mom_mpi[0x440a9e]
[cnode0151:08599] [ 5] /usr/lib/gcc/x86_64-redhat-linux/4.8.5/../../../../lib64/libc.so.6(__libc_start_main+0xf5)[0x2aaab0e27b35]
[cnode0151:08599] [ 6] mom_mpi[0x40fc19]
[cnode0151:08599] *** End of error message ***
[cnode0151:08600] *** Process received signal ***
[cnode0151:08600] Signal: Segmentation fault (11)
[cnode0151:08600] Signal code: Address not mapped (1)
[cnode0151:08600] Failing at address: (nil)
[cnode0151:08600] [ 0] /usr/lib/gcc/x86_64-redhat-linux/4.8.5/../../../../lib64/libpthread.so.0(+0xf370)[0x2aaaaff87370]
[cnode0151:08600] [ 1] mom_mpi[0x430805]
[cnode0151:08600] [ 2] mom_mpi[0x437061]
[cnode0151:08600] [ 3] mom_mpi[0x439359]
[cnode0151:08600] [ 4] mom_mpi[0x440a9e]
[cnode0151:08600] [ 5] /usr/lib/gcc/x86_64-redhat-linux/4.8.5/../../../../lib64/libc.so.6(__libc_start_main+0xf5)[0x2aaab0e27b35]
[cnode0151:08600] [ 6] mom_mpi[0x40fc19]
[cnode0151:08600] *** End of error message ***
[cnode0151:08601] *** Process received signal ***
[cnode0151:08601] Signal: Segmentation fault (11)
[cnode0151:08601] Signal code: Address not mapped (1)
[cnode0151:08601] Failing at address: (nil)
[cnode0151:08601] [ 0] /usr/lib/gcc/x86_64-redhat-linux/4.8.5/../../../../lib64/libpthread.so.0(+0xf370)[0x2aaaaff87370]
[cnode0151:08601] [ 1] mom_mpi[0x430805]
[cnode0151:08601] [ 2] mom_mpi[0x437061]
[cnode0151:08601] [ 3] mom_mpi[0x439359]
[cnode0151:08601] [ 4] mom_mpi[0x440a9e]
[cnode0151:08601] [ 5] /usr/lib/gcc/x86_64-redhat-linux/4.8.5/../../../../lib64/libc.so.6(__libc_start_main+0xf5)[0x2aaab0e27b35]
[cnode0151:08601] [ 6] mom_mpi[0x40fc19]
[cnode0151:08601] *** End of error message ***
[cnode0151:08602] *** Process received signal ***
[cnode0151:08602] Signal: Segmentation fault (11)
[cnode0151:08602] Signal code: Address not mapped (1)
[cnode0151:08602] Failing at address: (nil)
[cnode0151:08602] [ 0] /usr/lib/gcc/x86_64-redhat-linux/4.8.5/../../../../lib64/libpthread.so.0(+0xf370)[0x2aaaaff87370]
[cnode0151:08602] [ 1] mom_mpi[0x430805]
[cnode0151:08602] [ 2] mom_mpi[0x437061]
[cnode0151:08602] [ 3] mom_mpi[0x439359]
[cnode0151:08602] [ 4] mom_mpi[0x440a9e]
[cnode0151:08602] [ 5] /usr/lib/gcc/x86_64-redhat-linux/4.8.5/../../../../lib64/libc.so.6(__libc_start_main+0xf5)[0x2aaab0e27b35]
[cnode0151:08602] [ 6] mom_mpi[0x40fc19]
[cnode0151:08602] *** End of error message ***
[cnode0129:10006] *** Process received signal ***
[cnode0129:10006] Signal: Segmentation fault (11)
[cnode0129:10006] Signal code: Address not mapped (1)
[cnode0129:10006] Failing at address: (nil)
[cnode0129:10006] [ 0] /usr/lib/gcc/x86_64-redhat-linux/4.8.5/../../../../lib64/libpthread.so.0(+0xf370)[0x2aaaaff87370]
[cnode0129:10006] [ 1] mom_mpi[0x430805]
[cnode0129:10006] [ 2] mom_mpi[0x437061]
[cnode0129:10006] [ 3] mom_mpi[0x439359]
[cnode0129:10006] [ 4] mom_mpi[0x440a9e]
[cnode0129:10006] [ 5] /usr/lib/gcc/x86_64-redhat-linux/4.8.5/../../../../lib64/libc.so.6(__libc_start_main+0xf5)[0x2aaab0e27b35]
[cnode0129:10006] [ 6] mom_mpi[0x40fc19]
[cnode0129:10006] *** End of error message ***
[cnode0129:10007] *** Process received signal ***
[cnode0129:10007] Signal: Segmentation fault (11)
[cnode0129:10007] Signal code: Address not mapped (1)
[cnode0129:10007] Failing at address: (nil)
[cnode0129:10007] [ 0] /usr/lib/gcc/x86_64-redhat-linux/4.8.5/../../../../lib64/libpthread.so.0(+0xf370)[0x2aaaaff87370]
[cnode0129:10007] [ 1] mom_mpi[0x430805]
[cnode0129:10007] [ 2] mom_mpi[0x437061]
[cnode0129:10007] [ 3] mom_mpi[0x439359]
[cnode0129:10007] [ 4] mom_mpi[0x440a9e]
[cnode0129:10007] [ 5] /usr/lib/gcc/x86_64-redhat-linux/4.8.5/../../../../lib64/libc.so.6(__libc_start_main+0xf5)[0x2aaab0e27b35]
[cnode0129:10007] [ 6] mom_mpi[0x40fc19]
[cnode0129:10007] *** End of error message ***
[cnode0129:10008] *** Process received signal ***
[cnode0129:10008] Signal: Segmentation fault (11)
[cnode0129:10008] Signal code: Address not mapped (1)
[cnode0129:10008] Failing at address: (nil)
[cnode0129:10008] [ 0] /usr/lib/gcc/x86_64-redhat-linux/4.8.5/../../../../lib64/libpthread.so.0(+0xf370)[0x2aaaaff87370]
[cnode0129:10008] [ 1] mom_mpi[0x430805]
[cnode0129:10008] [ 2] mom_mpi[0x437061]
[cnode0129:10008] [ 3] mom_mpi[0x439359]
[cnode0129:10008] [ 4] mom_mpi[0x440a9e]
[cnode0129:10008] [ 5] /usr/lib/gcc/x86_64-redhat-linux/4.8.5/../../../../lib64/libc.so.6(__libc_start_main+0xf5)[0x2aaab0e27b35]
[cnode0129:10008] [ 6] mom_mpi[0x40fc19]
[cnode0129:10008] *** End of error message ***
[cnode0129:10009] *** Process received signal ***
[cnode0129:10009] Signal: Segmentation fault (11)
[cnode0129:10009] Signal code: Address not mapped (1)
[cnode0129:10009] Failing at address: (nil)
[cnode0129:10009] [ 0] /usr/lib/gcc/x86_64-redhat-linux/4.8.5/../../../../lib64/libpthread.so.0(+0xf370)[0x2aaaaff87370]
[cnode0129:10009] [ 1] mom_mpi[0x430805]
[cnode0129:10009] [ 2] mom_mpi[0x437061]
[cnode0129:10009] [ 3] mom_mpi[0x439359]
[cnode0129:10009] [ 4] mom_mpi[0x440a9e]
[cnode0129:10009] [ 5] /usr/lib/gcc/x86_64-redhat-linux/4.8.5/../../../../lib64/libc.so.6(__libc_start_main+0xf5)[0x2aaab0e27b35]
[cnode0129:10009] [ 6] mom_mpi[0x40fc19]
[cnode0129:10009] *** End of error message ***
[cnode0129:10010] *** Process received signal ***
[cnode0129:10010] Signal: Segmentation fault (11)
[cnode0129:10010] Signal code: Address not mapped (1)
[cnode0129:10010] Failing at address: (nil)
[cnode0129:10010] [ 0] /usr/lib/gcc/x86_64-redhat-linux/4.8.5/../../../../lib64/libpthread.so.0(+0xf370)[0x2aaaaff87370]
[cnode0129:10010] [ 1] mom_mpi[0x430805]
[cnode0129:10010] [ 2] mom_mpi[0x437061]
[cnode0129:10010] [ 3] mom_mpi[0x439359]
[cnode0129:10010] [ 4] mom_mpi[0x440a9e]
[cnode0129:10010] [ 5] /usr/lib/gcc/x86_64-redhat-linux/4.8.5/../../../../lib64/libc.so.6(__libc_start_main+0xf5)[0x2aaab0e27b35]
[cnode0129:10010] [ 6] mom_mpi[0x40fc19]
[cnode0129:10010] *** End of error message ***
[cnode0129:10012] *** Process received signal ***
[cnode0129:10012] Signal: Segmentation fault (11)
[cnode0129:10012] Signal code: Address not mapped (1)
[cnode0129:10012] Failing at address: (nil)
[cnode0129:10012] [ 0] /usr/lib/gcc/x86_64-redhat-linux/4.8.5/../../../../lib64/libpthread.so.0(+0xf370)[0x2aaaaff87370]
[cnode0129:10012] [ 1] mom_mpi[0x430805]
[cnode0129:10012] [ 2] mom_mpi[0x437061]
[cnode0129:10012] [ 3] mom_mpi[0x439359]
[cnode0129:10012] [ 4] mom_mpi[0x440a9e]
[cnode0129:10012] [ 5] /usr/lib/gcc/x86_64-redhat-linux/4.8.5/../../../../lib64/libc.so.6(__libc_start_main+0xf5)[0x2aaab0e27b35]
[cnode0129:10012] [ 6] mom_mpi[0x40fc19]
[cnode0129:10012] *** End of error message ***
[cnode0129:10014] *** Process received signal ***
[cnode0129:10014] Signal: Segmentation fault (11)
[cnode0129:10014] Signal code: Address not mapped (1)
[cnode0129:10014] Failing at address: (nil)
[cnode0129:10014] [ 0] /usr/lib/gcc/x86_64-redhat-linux/4.8.5/../../../../lib64/libpthread.so.0(+0xf370)[0x2aaaaff87370]
[cnode0129:10014] [ 1] mom_mpi[0x430805]
[cnode0129:10014] [ 2] mom_mpi[0x437061]
[cnode0129:10014] [ 3] mom_mpi[0x439359]
[cnode0129:10014] [ 4] mom_mpi[0x440a9e]
[cnode0129:10014] [ 5] /usr/lib/gcc/x86_64-redhat-linux/4.8.5/../../../../lib64/libc.so.6(__libc_start_main+0xf5)[0x2aaab0e27b35]
[cnode0129:10014] [ 6] mom_mpi[0x40fc19]
[cnode0129:10014] *** End of error message ***
[cnode0129:10016] *** Process received signal ***
[cnode0129:10016] Signal: Segmentation fault (11)
[cnode0129:10016] Signal code: Address not mapped (1)
[cnode0129:10016] Failing at address: (nil)
[cnode0129:10016] [ 0] /usr/lib/gcc/x86_64-redhat-linux/4.8.5/../../../../lib64/libpthread.so.0(+0xf370)[0x2aaaaff87370]
[cnode0129:10016] [ 1] mom_mpi[0x430805]
[cnode0129:10016] [ 2] mom_mpi[0x437061]
[cnode0129:10016] [ 3] mom_mpi[0x439359]
[cnode0129:10016] [ 4] mom_mpi[0x440a9e]
[cnode0129:10016] [ 5] /usr/lib/gcc/x86_64-redhat-linux/4.8.5/../../../../lib64/libc.so.6(__libc_start_main+0xf5)[0x2aaab0e27b35]
[cnode0129:10016] [ 6] mom_mpi[0x40fc19]
[cnode0129:10016] *** End of error message ***
[cnode0129:10018] *** Process received signal ***
[cnode0129:10018] Signal: Segmentation fault (11)
[cnode0129:10018] Signal code: Address not mapped (1)
[cnode0129:10018] Failing at address: (nil)
[cnode0129:10018] [ 0] /usr/lib/gcc/x86_64-redhat-linux/4.8.5/../../../../lib64/libpthread.so.0(+0xf370)[0x2aaaaff87370]
[cnode0129:10018] [ 1] mom_mpi[0x430805]
[cnode0129:10018] [ 2] mom_mpi[0x437061]
[cnode0129:10018] [ 3] mom_mpi[0x439359]
[cnode0129:10018] [ 4] mom_mpi[0x440a9e]
[cnode0129:10018] [ 5] /usr/lib/gcc/x86_64-redhat-linux/4.8.5/../../../../lib64/libc.so.6(__libc_start_main+0xf5)[0x2aaab0e27b35]
[cnode0129:10018] [ 6] mom_mpi[0x40fc19]
[cnode0129:10018] *** End of error message ***
[cnode0129:10019] *** Process received signal ***
[cnode0129:10019] Signal: Segmentation fault (11)
[cnode0129:10019] Signal code: Address not mapped (1)
[cnode0129:10019] Failing at address: (nil)
[cnode0129:10019] [ 0] /usr/lib/gcc/x86_64-redhat-linux/4.8.5/../../../../lib64/libpthread.so.0(+0xf370)[0x2aaaaff87370]
[cnode0129:10019] [ 1] mom_mpi[0x430805]
[cnode0129:10019] [ 2] mom_mpi[0x437061]
[cnode0129:10019] [ 3] mom_mpi[0x439359]
[cnode0129:10019] [ 4] mom_mpi[0x440a9e]
[cnode0129:10019] [ 5] /usr/lib/gcc/x86_64-redhat-linux/4.8.5/../../../../lib64/libc.so.6(__libc_start_main+0xf5)[0x2aaab0e27b35]
[cnode0129:10019] [ 6] mom_mpi[0x40fc19]
[cnode0129:10019] *** End of error message ***
[cnode0129:10020] *** Process received signal ***
[cnode0129:10020] Signal: Segmentation fault (11)
[cnode0129:10020] Signal code: Address not mapped (1)
[cnode0129:10020] Failing at address: (nil)
[cnode0129:10020] [ 0] /usr/lib/gcc/x86_64-redhat-linux/4.8.5/../../../../lib64/libpthread.so.0(+0xf370)[0x2aaaaff87370]
[cnode0129:10020] [ 1] mom_mpi[0x430805]
[cnode0129:10020] [ 2] mom_mpi[0x437061]
[cnode0129:10020] [ 3] mom_mpi[0x439359]
[cnode0129:10020] [ 4] mom_mpi[0x440a9e]
[cnode0129:10020] [ 5] /usr/lib/gcc/x86_64-redhat-linux/4.8.5/../../../../lib64/libc.so.6(__libc_start_main+0xf5)[0x2aaab0e27b35]
[cnode0129:10020] [ 6] mom_mpi[0x40fc19]
[cnode0129:10020] *** End of error message ***
[cnode0148:11484] *** Process received signal ***
[cnode0148:11484] Signal: Segmentation fault (11)
[cnode0148:11484] Signal code: Address not mapped (1)
[cnode0148:11484] Failing at address: (nil)
[cnode0148:11484] [ 0] /usr/lib/gcc/x86_64-redhat-linux/4.8.5/../../../../lib64/libpthread.so.0(+0xf370)[0x2aaaaff87370]
[cnode0148:11484] [ 1] mom_mpi[0x430805]
[cnode0148:11484] [ 2] mom_mpi[0x437061]
[cnode0148:11484] [ 3] mom_mpi[0x439359]
[cnode0148:11484] [ 4] mom_mpi[0x440a9e]
[cnode0148:11484] [ 5] /usr/lib/gcc/x86_64-redhat-linux/4.8.5/../../../../lib64/libc.so.6(__libc_start_main+0xf5)[0x2aaab0e27b35]
[cnode0148:11484] [ 6] mom_mpi[0x40fc19]
[cnode0148:11484] *** End of error message ***
[cnode0148:11485] *** Process received signal ***
[cnode0148:11485] Signal: Segmentation fault (11)
[cnode0148:11485] Signal code: Address not mapped (1)
[cnode0148:11485] Failing at address: (nil)
[cnode0148:11485] [ 0] /usr/lib/gcc/x86_64-redhat-linux/4.8.5/../../../../lib64/libpthread.so.0(+0xf370)[0x2aaaaff87370]
[cnode0148:11485] [ 1] mom_mpi[0x430805]
[cnode0148:11485] [ 2] mom_mpi[0x437061]
[cnode0148:11485] [ 3] mom_mpi[0x439359]
[cnode0148:11485] [ 4] mom_mpi[0x440a9e]
[cnode0148:11485] [ 5] /usr/lib/gcc/x86_64-redhat-linux/4.8.5/../../../../lib64/libc.so.6(__libc_start_main+0xf5)[0x2aaab0e27b35]
[cnode0148:11485] [ 6] mom_mpi[0x40fc19]
[cnode0148:11485] *** End of error message ***
[cnode0148:11486] *** Process received signal ***
[cnode0148:11486] Signal: Segmentation fault (11)
[cnode0148:11486] Signal code: Address not mapped (1)
[cnode0148:11486] Failing at address: (nil)
[cnode0148:11486] [ 0] /usr/lib/gcc/x86_64-redhat-linux/4.8.5/../../../../lib64/libpthread.so.0(+0xf370)[0x2aaaaff87370]
[cnode0148:11486] [ 1] mom_mpi[0x430805]
[cnode0148:11486] [ 2] mom_mpi[0x437061]
[cnode0148:11486] [ 3] mom_mpi[0x439359]
[cnode0148:11486] [ 4] mom_mpi[0x440a9e]
[cnode0148:11486] [ 5] /usr/lib/gcc/x86_64-redhat-linux/4.8.5/../../../../lib64/libc.so.6(__libc_start_main+0xf5)[0x2aaab0e27b35]
[cnode0148:11486] [ 6] mom_mpi[0x40fc19]
[cnode0148:11486] *** End of error message ***
[cnode0148:11487] *** Process received signal ***
[cnode0148:11487] Signal: Segmentation fault (11)
[cnode0148:11487] Signal code: Address not mapped (1)
[cnode0148:11487] Failing at address: (nil)
[cnode0148:11487] [ 0] /usr/lib/gcc/x86_64-redhat-linux/4.8.5/../../../../lib64/libpthread.so.0(+0xf370)[0x2aaaaff87370]
[cnode0148:11487] [ 1] mom_mpi[0x430805]
[cnode0148:11487] [ 2] mom_mpi[0x437061]
[cnode0148:11487] [ 3] mom_mpi[0x439359]
[cnode0148:11487] [ 4] mom_mpi[0x440a9e]
[cnode0148:11487] [ 5] /usr/lib/gcc/x86_64-redhat-linux/4.8.5/../../../../lib64/libc.so.6(__libc_start_main+0xf5)[0x2aaab0e27b35]
[cnode0148:11487] [ 6] mom_mpi[0x40fc19]
[cnode0148:11487] *** End of error message ***
[cnode0148:11488] *** Process received signal ***
[cnode0148:11488] Signal: Segmentation fault (11)
[cnode0148:11488] Signal code: Address not mapped (1)
[cnode0148:11488] Failing at address: (nil)
[cnode0148:11488] [ 0] /usr/lib/gcc/x86_64-redhat-linux/4.8.5/../../../../lib64/libpthread.so.0(+0xf370)[0x2aaaaff87370]
[cnode0148:11488] [ 1] mom_mpi[0x430805]
[cnode0148:11488] [ 2] mom_mpi[0x437061]
[cnode0148:11488] [ 3] mom_mpi[0x439359]
[cnode0148:11488] [ 4] mom_mpi[0x440a9e]
[cnode0148:11488] [ 5] /usr/lib/gcc/x86_64-redhat-linux/4.8.5/../../../../lib64/libc.so.6(__libc_start_main+0xf5)[0x2aaab0e27b35]
[cnode0148:11488] [ 6] mom_mpi[0x40fc19]
[cnode0148:11488] *** End of error message ***
[cnode0148:11489] *** Process received signal ***
[cnode0148:11489] Signal: Segmentation fault (11)
[cnode0148:11489] Signal code: Address not mapped (1)
[cnode0148:11489] Failing at address: (nil)
[cnode0148:11489] [ 0] /usr/lib/gcc/x86_64-redhat-linux/4.8.5/../../../../lib64/libpthread.so.0(+0xf370)[0x2aaaaff87370]
[cnode0148:11489] [ 1] mom_mpi[0x430805]
[cnode0148:11489] [ 2] mom_mpi[0x437061]
[cnode0148:11489] [ 3] mom_mpi[0x439359]
[cnode0148:11489] [ 4] mom_mpi[0x440a9e]
[cnode0148:11489] [ 5] /usr/lib/gcc/x86_64-redhat-linux/4.8.5/../../../../lib64/libc.so.6(__libc_start_main+0xf5)[0x2aaab0e27b35]
[cnode0148:11489] [ 6] mom_mpi[0x40fc19]
[cnode0148:11489] *** End of error message ***
[cnode0148:11491] *** Process received signal ***
[cnode0148:11491] Signal: Segmentation fault (11)
[cnode0148:11491] Signal code: Address not mapped (1)
[cnode0148:11491] Failing at address: (nil)
[cnode0148:11491] [ 0] /usr/lib/gcc/x86_64-redhat-linux/4.8.5/../../../../lib64/libpthread.so.0(+0xf370)[0x2aaaaff87370]
[cnode0148:11491] [ 1] mom_mpi[0x430805]
[cnode0148:11491] [ 2] mom_mpi[0x437061]
[cnode0148:11491] [ 3] mom_mpi[0x439359]
[cnode0148:11491] [ 4] mom_mpi[0x440a9e]
[cnode0148:11491] [ 5] /usr/lib/gcc/x86_64-redhat-linux/4.8.5/../../../../lib64/libc.so.6(__libc_start_main+0xf5)[0x2aaab0e27b35]
[cnode0148:11491] [ 6] mom_mpi[0x40fc19]
[cnode0148:11491] *** End of error message ***
[cnode0148:11492] *** Process received signal ***
[cnode0148:11492] Signal: Segmentation fault (11)
[cnode0148:11492] Signal code: Address not mapped (1)
[cnode0148:11492] Failing at address: (nil)
[cnode0148:11492] [ 0] /usr/lib/gcc/x86_64-redhat-linux/4.8.5/../../../../lib64/libpthread.so.0(+0xf370)[0x2aaaaff87370]
[cnode0148:11492] [ 1] mom_mpi[0x430805]
[cnode0148:11492] [ 2] mom_mpi[0x437061]
[cnode0148:11492] [ 3] mom_mpi[0x439359]
[cnode0148:11492] [ 4] mom_mpi[0x440a9e]
[cnode0148:11492] [ 5] /usr/lib/gcc/x86_64-redhat-linux/4.8.5/../../../../lib64/libc.so.6(__libc_start_main+0xf5)[0x2aaab0e27b35]
[cnode0148:11492] [ 6] mom_mpi[0x40fc19]
[cnode0148:11492] *** End of error message ***
[cnode0148:11493] *** Process received signal ***
[cnode0148:11493] Signal: Segmentation fault (11)
[cnode0148:11493] Signal code: Address not mapped (1)
[cnode0148:11493] Failing at address: (nil)
[cnode0148:11493] [ 0] /usr/lib/gcc/x86_64-redhat-linux/4.8.5/../../../../lib64/libpthread.so.0(+0xf370)[0x2aaaaff87370]
[cnode0148:11493] [ 1] mom_mpi[0x430805]
[cnode0148:11493] [ 2] mom_mpi[0x437061]
[cnode0148:11493] [ 3] mom_mpi[0x439359]
[cnode0148:11493] [ 4] mom_mpi[0x440a9e]
[cnode0148:11493] [ 5] /usr/lib/gcc/x86_64-redhat-linux/4.8.5/../../../../lib64/libc.so.6(__libc_start_main+0xf5)[0x2aaab0e27b35]
[cnode0148:11493] [ 6] mom_mpi[0x40fc19]
[cnode0148:11493] *** End of error message ***
[cnode0148:11494] *** Process received signal ***
[cnode0148:11494] Signal: Segmentation fault (11)
[cnode0148:11494] Signal code: Address not mapped (1)
[cnode0148:11494] Failing at address: (nil)
[cnode0148:11494] [ 0] /usr/lib/gcc/x86_64-redhat-linux/4.8.5/../../../../lib64/libpthread.so.0(+0xf370)[0x2aaaaff87370]
[cnode0148:11494] [ 1] mom_mpi[0x430805]
[cnode0148:11494] [ 2] mom_mpi[0x437061]
[cnode0148:11494] [ 3] mom_mpi[0x439359]
[cnode0148:11494] [ 4] mom_mpi[0x440a9e]
[cnode0148:11494] [ 5] /usr/lib/gcc/x86_64-redhat-linux/4.8.5/../../../../lib64/libc.so.6(__libc_start_main+0xf5)[0x2aaab0e27b35]
[cnode0148:11494] [ 6] mom_mpi[0x40fc19]
[cnode0148:11494] *** End of error message ***
[cnode0148:11495] *** Process received signal ***
[cnode0148:11495] Signal: Segmentation fault (11)
[cnode0148:11495] Signal code: Address not mapped (1)
[cnode0148:11495] Failing at address: (nil)
[cnode0148:11495] [ 0] /usr/lib/gcc/x86_64-redhat-linux/4.8.5/../../../../lib64/libpthread.so.0(+0xf370)[0x2aaaaff87370]
[cnode0148:11495] [ 1] mom_mpi[0x430805]
[cnode0148:11495] [ 2] mom_mpi[0x437061]
[cnode0148:11495] [ 3] mom_mpi[0x439359]
[cnode0148:11495] [ 4] mom_mpi[0x440a9e]
[cnode0148:11495] [ 5] /usr/lib/gcc/x86_64-redhat-linux/4.8.5/../../../../lib64/libc.so.6(__libc_start_main+0xf5)[0x2aaab0e27b35]
[cnode0148:11495] [ 6] mom_mpi[0x40fc19]
[cnode0148:11495] *** End of error message ***
--------------------------------------------------------------------------
mpiexec noticed that process rank 26 with PID 14090 on node cnode0130 exited on signal 11 (Segmentation fault).
--------------------------------------------------------------------------
[cnode0122:41766] 71 more processes have sent help message help-mpi-common-cuda.txt / dlopen failed
[cnode0122:41766] Set MCA parameter "orte_base_help_aggregate" to 0 to see all help / error messages

real	0m4.632s
user	0m22.899s
sys	0m4.635s
