libibverbs: Warning: couldn't open config directory '/usr/etc/libibverbs.d'.
libibverbs: Warning: no userspace device-specific driver found for /sys/class/infiniband_verbs/uverbs0
libibverbs: Warning: couldn't open config directory '/usr/etc/libibverbs.d'.
libibverbs: Warning: no userspace device-specific driver found for /sys/class/infiniband_verbs/uverbs0
--------------------------------------------------------------------------
The library attempted to open the following supporting CUDA libraries,
but each of them failed.  CUDA-aware support is disabled.
libcuda.so.1: cannot open shared object file: No such file or directory
libcuda.dylib: cannot open shared object file: No such file or directory
/usr/lib64/libcuda.so.1: cannot open shared object file: No such file or directory
/usr/lib64/libcuda.dylib: cannot open shared object file: No such file or directory
If you are not interested in CUDA-aware support, then run with
--mca mpi_cuda_support 0 to suppress this message.  If you are interested
in CUDA-aware support, then try setting LD_LIBRARY_PATH to the location
of libcuda.so.1 to get passed this issue.
--------------------------------------------------------------------------
[cnode0258:54071] *** Process received signal ***
[cnode0258:54071] Signal: Segmentation fault (11)
[cnode0258:54071] Signal code: Address not mapped (1)
[cnode0258:54071] Failing at address: (nil)
[cnode0258:54073] *** Process received signal ***
[cnode0258:54073] Signal: Segmentation fault (11)
[cnode0258:54073] Signal code: Address not mapped (1)
[cnode0258:54073] Failing at address: (nil)
[cnode0258:54079] *** Process received signal ***
[cnode0258:54079] Signal: Segmentation fault (11)
[cnode0258:54079] Signal code: Address not mapped (1)
[cnode0258:54079] Failing at address: (nil)
[cnode0258:54072] *** Process received signal ***
[cnode0258:54072] Signal: Segmentation fault (11)
[cnode0258:54072] Signal code: Address not mapped (1)
[cnode0258:54072] Failing at address: (nil)
[cnode0258:54078] *** Process received signal ***
[cnode0258:54078] Signal: Segmentation fault (11)
[cnode0258:54078] Signal code: Address not mapped (1)
[cnode0258:54078] Failing at address: (nil)
[cnode0258:54085] *** Process received signal ***
[cnode0258:54085] Signal: Segmentation fault (11)
[cnode0258:54085] Signal code: Address not mapped (1)
[cnode0258:54085] Failing at address: (nil)
[cnode0258:54076] *** Process received signal ***
[cnode0258:54076] Signal: Segmentation fault (11)
[cnode0258:54076] Signal code: Address not mapped (1)
[cnode0258:54076] Failing at address: (nil)
[cnode0258:54082] *** Process received signal ***
[cnode0258:54082] Signal: Segmentation fault (11)
[cnode0258:54082] Signal code: Address not mapped (1)
[cnode0258:54082] Failing at address: (nil)
[cnode0258:54081] *** Process received signal ***
[cnode0258:54081] Signal: Segmentation fault (11)
[cnode0258:54081] Signal code: Address not mapped (1)
[cnode0258:54081] Failing at address: (nil)
[cnode0258:54079] [ 0] /usr/lib/gcc/x86_64-redhat-linux/4.8.5/../../../../lib64/libpthread.so.0(+0xf370)[0x2aaaaff87370]
[cnode0258:54079] [ 1] mom_mpi[0x430805]
[cnode0258:54079] [ 2] mom_mpi[0x437061]
[cnode0258:54079] [ 3] mom_mpi[0x439321]
[cnode0258:54079] [ 4] mom_mpi[0x44085e]
[cnode0258:54079] [ 5] [cnode0258:54071] [ 0] /usr/lib/gcc/x86_64-redhat-linux/4.8.5/../../../../lib64/libpthread.so.0(+0xf370)[0x2aaaaff87370]
[cnode0258:54071] [ 1] mom_mpi[0x430805]
[cnode0258:54071] [ 2] mom_mpi[0x437061]
[cnode0258:54071] [ 3] mom_mpi[0x439321]
[cnode0258:54071] [ 4] mom_mpi[0x44085e]
[cnode0258:54071] [ 5] /usr/lib/gcc/x86_64-redhat-linux/4.8.5/../../../../lib64/libc.so.6(__libc_start_main+0xf5)[0x2aaab0e27b35]
[cnode0258:54071] [cnode0258:54073] [ 0] /usr/lib/gcc/x86_64-redhat-linux/4.8.5/../../../../lib64/libpthread.so.0(+0xf370)[0x2aaaaff87370]
[cnode0258:54073] [ 1] mom_mpi[0x430805]
[cnode0258:54073] [ 2] mom_mpi[0x437061]
[cnode0258:54073] [ 3] mom_mpi[0x439321]
[cnode0258:54073] [ 4] mom_mpi[0x44085e]
[cnode0258:54073] [ 5] /usr/lib/gcc/x86_64-redhat-linux/4.8.5/../../../../lib64/libc.so.6(__libc_start_main+0xf5)[0x2aaab0e27b35]
[cnode0258:54073] [ 6] mom_mpi[0x40fc19]
[cnode0258:54073] *** End of error message ***
[cnode0258:54078] [ 0] /usr/lib/gcc/x86_64-redhat-linux/4.8.5/../../../../lib64/libpthread.so.0(+0xf370)[0x2aaaaff87370]
[cnode0258:54078] [ 1] /usr/lib/gcc/x86_64-redhat-linux/4.8.5/../../../../lib64/libc.so.6(__libc_start_main+0xf5)[0x2aaab0e27b35]
[cnode0258:54079] [ 6] mom_mpi[0x40fc19]
[cnode0258:54079] *** End of error message ***
[cnode0258:54072] [ 0] /usr/lib/gcc/x86_64-redhat-linux/4.8.5/../../../../lib64/libpthread.so.0(+0xf370)[0x2aaaaff87370]
[cnode0258:54072] [ 1] mom_mpi[0x430805]
[cnode0258:54072] [ 2] mom_mpi[0x437061]
[cnode0258:54072] [ 3] mom_mpi[0x439321]
[cnode0258:54072] [ 4] mom_mpi[0x44085e]
[cnode0258:54072] [ 5] /usr/lib/gcc/x86_64-redhat-linux/4.8.5/../../../../lib64/libc.so.6(__libc_start_main+0xf5)[0x2aaab0e27b35]
[cnode0258:54072] [ 6] mom_mpi[0x40fc19]
[cnode0258:54072] *** End of error message ***
[ 6] mom_mpi[0x40fc19]
[cnode0258:54071] *** End of error message ***
[cnode0258:54081] [ 0] /usr/lib/gcc/x86_64-redhat-linux/4.8.5/../../../../lib64/libpthread.so.0(+0xf370)[0x2aaaaff87370]
[cnode0258:54081] [ 1] mom_mpi[0x430805]
[cnode0258:54081] [ 2] mom_mpi[0x437061]
[cnode0258:54081] [ 3] mom_mpi[0x439321]
[cnode0258:54081] [ 4] mom_mpi[0x44085e]
[cnode0258:54081] [ 5] mom_mpi[0x430805]
[cnode0258:54078] [ 2] mom_mpi[0x437061]
[cnode0258:54078] [ 3] mom_mpi[0x439321]
[cnode0258:54078] [ 4] mom_mpi[0x44085e]
[cnode0258:54078] [ 5] /usr/lib/gcc/x86_64-redhat-linux/4.8.5/../../../../lib64/libc.so.6(__libc_start_main+0xf5)[0x2aaab0e27b35]
[cnode0258:54078] [ 6] mom_mpi[0x40fc19]
[cnode0258:54078] *** End of error message ***
[cnode0258:54085] [ 0] /usr/lib/gcc/x86_64-redhat-linux/4.8.5/../../../../lib64/libpthread.so.0(+0xf370)[0x2aaaaff87370]
[cnode0258:54085] [ 1] mom_mpi[0x430805]
[cnode0258:54085] [ 2] mom_mpi[0x437061]
[cnode0258:54085] [ 3] mom_mpi[0x439321]
[cnode0258:54085] [ 4] mom_mpi[0x44085e]
[cnode0258:54085] [ 5] /usr/lib/gcc/x86_64-redhat-linux/4.8.5/../../../../lib64/libc.so.6(__libc_start_main+0xf5)[0x2aaab0e27b35]
[cnode0258:54085] [ 6] mom_mpi[0x40fc19]
[cnode0258:54085] *** End of error message ***
[cnode0258:54082] [ 0] /usr/lib/gcc/x86_64-redhat-linux/4.8.5/../../../../lib64/libpthread.so.0(+0xf370)[0x2aaaaff87370]
[cnode0258:54082] [ 1] mom_mpi[0x430805]
[cnode0258:54082] [ 2] mom_mpi[0x437061]
[cnode0258:54082] [ 3] mom_mpi[0x439321]
[cnode0258:54082] [ 4] mom_mpi[0x44085e]
[cnode0258:54082] [ 5] /usr/lib/gcc/x86_64-redhat-linux/4.8.5/../../../../lib64/libc.so.6(__libc_start_main+0xf5)[0x2aaab0e27b35]
[cnode0258:54082] [ 6] mom_mpi[0x40fc19]
[cnode0258:54082] *** End of error message ***
[cnode0258:54076] [ 0] /usr/lib/gcc/x86_64-redhat-linux/4.8.5/../../../../lib64/libpthread.so.0(+0xf370)[0x2aaaaff87370]
[cnode0258:54076] [ 1] mom_mpi[0x430805]
[cnode0258:54076] [ 2] mom_mpi[0x437061]
[cnode0258:54076] [ 3] mom_mpi[0x439321]
[cnode0258:54076] [ 4] mom_mpi[0x44085e]
[cnode0258:54076] [ 5] /usr/lib/gcc/x86_64-redhat-linux/4.8.5/../../../../lib64/libc.so.6(__libc_start_main+0xf5)[0x2aaab0e27b35]
[cnode0258:54076] [ 6] mom_mpi[0x40fc19]
[cnode0258:54076] *** End of error message ***
/usr/lib/gcc/x86_64-redhat-linux/4.8.5/../../../../lib64/libc.so.6(__libc_start_main+0xf5)[0x2aaab0e27b35]
[cnode0258:54081] [ 6] mom_mpi[0x40fc19]
[cnode0258:54081] *** End of error message ***
--------------------------------------------------------------------------
Primary job  terminated normally, but 1 process returned
a non-zero exit code. Per user-direction, the job has been aborted.
--------------------------------------------------------------------------
--------------------------------------------------------------------------
mpiexec noticed that process rank 14 with PID 54073 on node cnode0258 exited on signal 11 (Segmentation fault).
--------------------------------------------------------------------------
[cnode0266:23363] 23 more processes have sent help message help-mpi-common-cuda.txt / dlopen failed
[cnode0266:23363] Set MCA parameter "orte_base_help_aggregate" to 0 to see all help / error messages

real	0m4.625s
user	0m0.049s
sys	0m0.097s
