libibverbs: Warning: couldn't open config directory '/usr/etc/libibverbs.d'.
libibverbs: Warning: no userspace device-specific driver found for /sys/class/infiniband_verbs/uverbs0
Warning: Permanently added 'cnode0090,172.18.1.33' (ECDSA) to the list of known hosts.
Warning: Permanently added 'cnode0095,172.18.1.38' (ECDSA) to the list of known hosts.
Warning: Permanently added 'cnode0129,172.18.1.72' (ECDSA) to the list of known hosts.
Warning: Permanently added 'cnode0122,172.18.1.65' (ECDSA) to the list of known hosts.
Warning: Permanently added 'cnode0099,172.18.1.42' (ECDSA) to the list of known hosts.
Warning: Permanently added 'cnode0121,172.18.1.64' (ECDSA) to the list of known hosts.
Warning: Permanently added 'cnode0154,172.18.1.97' (ECDSA) to the list of known hosts.
Warning: Permanently added 'cnode0131,172.18.1.74' (ECDSA) to the list of known hosts.
Warning: Permanently added 'cnode0151' (ECDSA) to the list of known hosts.
libibverbs: Warning: couldn't open config directory '/usr/etc/libibverbs.d'.
libibverbs: Warning: no userspace device-specific driver found for /sys/class/infiniband_verbs/uverbs0
libibverbs: Warning: couldn't open config directory '/usr/etc/libibverbs.d'.
libibverbs: Warning: no userspace device-specific driver found for /sys/class/infiniband_verbs/uverbs0
libibverbs: Warning: couldn't open config directory '/usr/etc/libibverbs.d'.
libibverbs: Warning: no userspace device-specific driver found for /sys/class/infiniband_verbs/uverbs0
libibverbs: Warning: couldn't open config directory '/usr/etc/libibverbs.d'.
libibverbs: Warning: no userspace device-specific driver found for /sys/class/infiniband_verbs/uverbs0
libibverbs: Warning: couldn't open config directory '/usr/etc/libibverbs.d'.
libibverbs: Warning: no userspace device-specific driver found for /sys/class/infiniband_verbs/uverbs0
libibverbs: Warning: couldn't open config directory '/usr/etc/libibverbs.d'.
libibverbs: Warning: no userspace device-specific driver found for /sys/class/infiniband_verbs/uverbs0
libibverbs: Warning: couldn't open config directory '/usr/etc/libibverbs.d'.
libibverbs: Warning: no userspace device-specific driver found for /sys/class/infiniband_verbs/uverbs0
libibverbs: Warning: couldn't open config directory '/usr/etc/libibverbs.d'.
libibverbs: Warning: no userspace device-specific driver found for /sys/class/infiniband_verbs/uverbs0
libibverbs: Warning: couldn't open config directory '/usr/etc/libibverbs.d'.
libibverbs: Warning: no userspace device-specific driver found for /sys/class/infiniband_verbs/uverbs0
--------------------------------------------------------------------------
The library attempted to open the following supporting CUDA libraries,
but each of them failed.  CUDA-aware support is disabled.
libcuda.so.1: cannot open shared object file: No such file or directory
libcuda.dylib: cannot open shared object file: No such file or directory
/usr/lib64/libcuda.so.1: cannot open shared object file: No such file or directory
/usr/lib64/libcuda.dylib: cannot open shared object file: No such file or directory
If you are not interested in CUDA-aware support, then run with
--mca mpi_cuda_support 0 to suppress this message.  If you are interested
in CUDA-aware support, then try setting LD_LIBRARY_PATH to the location
of libcuda.so.1 to get passed this issue.
--------------------------------------------------------------------------
[cnode0083:103706] [[18797,0],0] ORTE_ERROR_LOG: Data unpack had inadequate space in file ../../orte/util/show_help.c at line 513
[cnode0083:103706] [[18797,0],0] ORTE_ERROR_LOG: Data unpack had inadequate space in file ../../orte/util/show_help.c at line 513
[cnode0083:103706] [[18797,0],0] ORTE_ERROR_LOG: Data unpack had inadequate space in file ../../orte/util/show_help.c at line 513
[cnode0121:117505] *** Process received signal ***
[cnode0121:117505] Signal: Segmentation fault (11)
[cnode0121:117505] Signal code: Address not mapped (1)
[cnode0121:117505] Failing at address: (nil)
[cnode0121:117505] [ 0] /usr/lib/gcc/x86_64-redhat-linux/4.8.5/../../../../lib64/libpthread.so.0(+0xf370)[0x2aaaaff87370]
[cnode0121:117505] [ 1] mom_mpi[0x430805]
[cnode0121:117505] [ 2] mom_mpi[0x437061]
[cnode0121:117505] [ 3] mom_mpi[0x439359]
[cnode0121:117505] [ 4] mom_mpi[0x440a9e]
[cnode0121:117505] [ 5] /usr/lib/gcc/x86_64-redhat-linux/4.8.5/../../../../lib64/libc.so.6(__libc_start_main+0xf5)[0x2aaab0e27b35]
[cnode0121:117505] [ 6] mom_mpi[0x40fc19]
[cnode0121:117505] *** End of error message ***
[cnode0121:117499] *** Process received signal ***
[cnode0121:117499] Signal: Segmentation fault (11)
[cnode0121:117499] Signal code: Address not mapped (1)
[cnode0121:117499] Failing at address: (nil)
[cnode0121:117501] *** Process received signal ***
[cnode0121:117501] Signal: Segmentation fault (11)
[cnode0121:117501] Signal code: Address not mapped (1)
[cnode0121:117501] Failing at address: (nil)
[cnode0121:117496] *** Process received signal ***
[cnode0121:117496] Signal: Segmentation fault (11)
[cnode0121:117496] Signal code: Address not mapped (1)
[cnode0121:117496] Failing at address: (nil)
[cnode0121:117498] *** Process received signal ***
[cnode0121:117498] Signal: Segmentation fault (11)
[cnode0121:117498] Signal code: Address not mapped (1)
[cnode0121:117498] Failing at address: (nil)
[cnode0121:117500] *** Process received signal ***
[cnode0121:117500] Signal: Segmentation fault (11)
[cnode0121:117500] Signal code: Address not mapped (1)
[cnode0121:117500] Failing at address: (nil)
[cnode0121:117502] *** Process received signal ***
[cnode0121:117502] Signal: Segmentation fault (11)
[cnode0121:117502] Signal code: Address not mapped (1)
[cnode0121:117502] Failing at address: (nil)
[cnode0121:117504] *** Process received signal ***
[cnode0121:117504] Signal: Segmentation fault (11)
[cnode0121:117504] Signal code: Address not mapped (1)
[cnode0121:117504] Failing at address: (nil)
[cnode0121:117501] [ 0] /usr/lib/gcc/x86_64-redhat-linux/4.8.5/../../../../lib64/libpthread.so.0(+0xf370)[0x2aaaaff87370]
[cnode0121:117501] [ 1] [cnode0121:117499] [ 0] /usr/lib/gcc/x86_64-redhat-linux/4.8.5/../../../../lib64/libpthread.so.0(+0xf370)[0x2aaaaff87370]
[cnode0121:117499] [ 1] mom_mpi[0x430805]
[cnode0121:117499] [ 2] mom_mpi[0x437061]
[cnode0121:117499] [ 3] mom_mpi[0x439359]
[cnode0121:117499] [ 4] mom_mpi[0x440a9e]
mom_mpi[0x430805]
[cnode0121:117501] [ 2] mom_mpi[0x437061]
[cnode0121:117501] [ 3] mom_mpi[0x439359]
[cnode0121:117501] [ 4] mom_mpi[0x440a9e]
[cnode0121:117501] [ 5] /usr/lib/gcc/x86_64-redhat-linux/4.8.5/../../../../lib64/libc.so.6(__libc_start_main+0xf5)[0x2aaab0e27b35]
[cnode0121:117501] [ 6] [cnode0121:117499] [ 5] /usr/lib/gcc/x86_64-redhat-linux/4.8.5/../../../../lib64/libc.so.6(__libc_start_main+0xf5)[0x2aaab0e27b35]
[cnode0121:117499] [ 6] mom_mpi[0x40fc19]
[cnode0121:117499] *** End of error message ***
mom_mpi[0x40fc19]
[cnode0121:117501] *** End of error message ***
[cnode0121:117504] [ 0] /usr/lib/gcc/x86_64-redhat-linux/4.8.5/../../../../lib64/libpthread.so.0(+0xf370)[0x2aaaaff87370]
[cnode0121:117504] [ 1] [cnode0121:117496] [ 0] /usr/lib/gcc/x86_64-redhat-linux/4.8.5/../../../../lib64/libpthread.so.0(+0xf370)[0x2aaaaff87370]
[cnode0121:117496] [ 1] mom_mpi[0x430805]
[cnode0121:117496] [ 2] [cnode0121:117498] [ 0] /usr/lib/gcc/x86_64-redhat-linux/4.8.5/../../../../lib64/libpthread.so.0(+0xf370)[0x2aaaaff87370]
[cnode0121:117498] [ 1] mom_mpi[0x430805]
[cnode0121:117498] [ 2] mom_mpi[0x437061]
[cnode0121:117498] [ 3] mom_mpi[0x439359]
[cnode0121:117498] [ 4] mom_mpi[0x440a9e]
[cnode0121:117498] [ 5] [cnode0121:117500] [ 0] /usr/lib/gcc/x86_64-redhat-linux/4.8.5/../../../../lib64/libpthread.so.0(+0xf370)[0x2aaaaff87370]
[cnode0121:117500] [ 1] mom_mpi[0x430805]
[cnode0121:117500] [ 2] mom_mpi[0x437061]
[cnode0121:117500] [ 3] mom_mpi[0x439359]
[cnode0121:117500] [ 4] mom_mpi[0x440a9e]
[cnode0121:117500] [ 5] /usr/lib/gcc/x86_64-redhat-linux/4.8.5/../../../../lib64/libc.so.6(__libc_start_main+0xf5)[0x2aaab0e27b35]
[cnode0121:117500] [ 6] mom_mpi[0x40fc19]
[cnode0121:117500] *** End of error message ***
[cnode0121:117502] [ 0] /usr/lib/gcc/x86_64-redhat-linux/4.8.5/../../../../lib64/libpthread.so.0(+0xf370)[0x2aaaaff87370]
[cnode0121:117502] [ 1] mom_mpi[0x430805]
[cnode0121:117502] [ 2] mom_mpi[0x437061]
[cnode0121:117502] [ 3] mom_mpi[0x439359]
[cnode0121:117502] [ 4] mom_mpi[0x440a9e]
[cnode0121:117502] [ 5] /usr/lib/gcc/x86_64-redhat-linux/4.8.5/../../../../lib64/libc.so.6(__libc_start_main+0xf5)[0x2aaab0e27b35]
[cnode0121:117502] [ 6] mom_mpi[0x40fc19]
[cnode0121:117502] *** End of error message ***
mom_mpi[0x430805]
[cnode0121:117504] [ 2] mom_mpi[0x437061]
[cnode0121:117504] [ 3] mom_mpi[0x439359]
[cnode0121:117504] [ 4] mom_mpi[0x440a9e]
[cnode0121:117504] [ 5] /usr/lib/gcc/x86_64-redhat-linux/4.8.5/../../../../lib64/libc.so.6(__libc_start_main+0xf5)[0x2aaab0e27b35]
[cnode0121:117504] [ 6] mom_mpi[0x40fc19]
[cnode0121:117504] *** End of error message ***
mom_mpi[0x437061]
[cnode0121:117496] [ 3] mom_mpi[0x439359]
[cnode0121:117496] [ 4] mom_mpi[0x440a9e]
[cnode0121:117496] [ 5] /usr/lib/gcc/x86_64-redhat-linux/4.8.5/../../../../lib64/libc.so.6(__libc_start_main+0xf5)[0x2aaab0e27b35]
[cnode0121:117496] [ 6] mom_mpi[0x40fc19]
[cnode0121:117496] *** End of error message ***
/usr/lib/gcc/x86_64-redhat-linux/4.8.5/../../../../lib64/libc.so.6(__libc_start_main+0xf5)[0x2aaab0e27b35]
[cnode0121:117498] [ 6] mom_mpi[0x40fc19]
[cnode0121:117498] *** End of error message ***
--------------------------------------------------------------------------
Primary job  terminated normally, but 1 process returned
a non-zero exit code. Per user-direction, the job has been aborted.
--------------------------------------------------------------------------
[cnode0131:178815] *** Process received signal ***
[cnode0131:178815] Signal: Segmentation fault (11)
[cnode0131:178815] Signal code: Address not mapped (1)
[cnode0131:178815] Failing at address: (nil)
[cnode0131:178815] [ 0] /usr/lib/gcc/x86_64-redhat-linux/4.8.5/../../../../lib64/libpthread.so.0(+0xf370)[0x2aaaaff87370]
[cnode0131:178815] [ 1] mom_mpi[0x430805]
[cnode0131:178815] [ 2] mom_mpi[0x437061]
[cnode0131:178815] [ 3] mom_mpi[0x439359]
[cnode0131:178815] [ 4] mom_mpi[0x440a9e]
[cnode0131:178815] [ 5] /usr/lib/gcc/x86_64-redhat-linux/4.8.5/../../../../lib64/libc.so.6(__libc_start_main+0xf5)[0x2aaab0e27b35]
[cnode0131:178815] [ 6] mom_mpi[0x40fc19]
[cnode0131:178815] *** End of error message ***
[cnode0131:178818] *** Process received signal ***
[cnode0131:178818] Signal: Segmentation fault (11)
[cnode0131:178818] Signal code: Address not mapped (1)
[cnode0131:178818] Failing at address: (nil)
[cnode0131:178818] [ 0] /usr/lib/gcc/x86_64-redhat-linux/4.8.5/../../../../lib64/libpthread.so.0(+0xf370)[0x2aaaaff87370]
[cnode0131:178818] [ 1] mom_mpi[0x430805]
[cnode0131:178818] [ 2] mom_mpi[0x437061]
[cnode0131:178818] [ 3] mom_mpi[0x439359]
[cnode0131:178818] [ 4] mom_mpi[0x440a9e]
[cnode0131:178818] [ 5] /usr/lib/gcc/x86_64-redhat-linux/4.8.5/../../../../lib64/libc.so.6(__libc_start_main+0xf5)[0x2aaab0e27b35]
[cnode0131:178818] [ 6] mom_mpi[0x40fc19]
[cnode0131:178818] *** End of error message ***
[cnode0131:178819] *** Process received signal ***
[cnode0131:178819] Signal: Segmentation fault (11)
[cnode0131:178819] Signal code: Address not mapped (1)
[cnode0131:178819] Failing at address: (nil)
[cnode0131:178819] [ 0] /usr/lib/gcc/x86_64-redhat-linux/4.8.5/../../../../lib64/libpthread.so.0(+0xf370)[0x2aaaaff87370]
[cnode0131:178819] [ 1] mom_mpi[0x430805]
[cnode0131:178819] [ 2] mom_mpi[0x437061]
[cnode0131:178819] [ 3] mom_mpi[0x439359]
[cnode0131:178819] [ 4] mom_mpi[0x440a9e]
[cnode0131:178819] [ 5] /usr/lib/gcc/x86_64-redhat-linux/4.8.5/../../../../lib64/libc.so.6(__libc_start_main+0xf5)[0x2aaab0e27b35]
[cnode0131:178819] [ 6] mom_mpi[0x40fc19]
[cnode0131:178819] *** End of error message ***
[cnode0131:178820] *** Process received signal ***
[cnode0131:178820] Signal: Segmentation fault (11)
[cnode0131:178820] Signal code: Address not mapped (1)
[cnode0131:178820] Failing at address: (nil)
[cnode0131:178820] [ 0] /usr/lib/gcc/x86_64-redhat-linux/4.8.5/../../../../lib64/libpthread.so.0(+0xf370)[0x2aaaaff87370]
[cnode0131:178820] [ 1] mom_mpi[0x430805]
[cnode0131:178820] [ 2] mom_mpi[0x437061]
[cnode0131:178820] [ 3] mom_mpi[0x439359]
[cnode0131:178820] [ 4] mom_mpi[0x440a9e]
[cnode0131:178820] [ 5] /usr/lib/gcc/x86_64-redhat-linux/4.8.5/../../../../lib64/libc.so.6(__libc_start_main+0xf5)[0x2aaab0e27b35]
[cnode0131:178820] [ 6] mom_mpi[0x40fc19]
[cnode0131:178820] *** End of error message ***
[cnode0131:178821] *** Process received signal ***
[cnode0131:178821] Signal: Segmentation fault (11)
[cnode0131:178821] Signal code: Address not mapped (1)
[cnode0131:178821] Failing at address: (nil)
[cnode0131:178821] [ 0] /usr/lib/gcc/x86_64-redhat-linux/4.8.5/../../../../lib64/libpthread.so.0(+0xf370)[0x2aaaaff87370]
[cnode0131:178821] [ 1] mom_mpi[0x430805]
[cnode0131:178821] [ 2] mom_mpi[0x437061]
[cnode0131:178821] [ 3] mom_mpi[0x439359]
[cnode0131:178821] [ 4] mom_mpi[0x440a9e]
[cnode0131:178821] [ 5] /usr/lib/gcc/x86_64-redhat-linux/4.8.5/../../../../lib64/libc.so.6(__libc_start_main+0xf5)[0x2aaab0e27b35]
[cnode0131:178821] [ 6] mom_mpi[0x40fc19]
[cnode0131:178821] *** End of error message ***
[cnode0131:178822] *** Process received signal ***
[cnode0131:178822] Signal: Segmentation fault (11)
[cnode0131:178822] Signal code: Address not mapped (1)
[cnode0131:178822] Failing at address: (nil)
[cnode0131:178822] [ 0] /usr/lib/gcc/x86_64-redhat-linux/4.8.5/../../../../lib64/libpthread.so.0(+0xf370)[0x2aaaaff87370]
[cnode0131:178822] [ 1] mom_mpi[0x430805]
[cnode0131:178822] [ 2] mom_mpi[0x437061]
[cnode0131:178822] [ 3] mom_mpi[0x439359]
[cnode0131:178822] [ 4] mom_mpi[0x440a9e]
[cnode0131:178822] [ 5] /usr/lib/gcc/x86_64-redhat-linux/4.8.5/../../../../lib64/libc.so.6(__libc_start_main+0xf5)[0x2aaab0e27b35]
[cnode0131:178822] [ 6] mom_mpi[0x40fc19]
[cnode0131:178822] *** End of error message ***
[cnode0099:15507] *** Process received signal ***
[cnode0099:15507] Signal: Segmentation fault (11)
[cnode0099:15507] Signal code: Address not mapped (1)
[cnode0099:15507] Failing at address: (nil)
[cnode0099:15507] [ 0] /usr/lib/gcc/x86_64-redhat-linux/4.8.5/../../../../lib64/libpthread.so.0(+0xf370)[0x2aaaaff87370]
[cnode0099:15507] [ 1] mom_mpi[0x430805]
[cnode0099:15507] [ 2] mom_mpi[0x437061]
[cnode0099:15507] [ 3] mom_mpi[0x439359]
[cnode0099:15507] [ 4] mom_mpi[0x440a9e]
[cnode0099:15507] [ 5] /usr/lib/gcc/x86_64-redhat-linux/4.8.5/../../../../lib64/libc.so.6(__libc_start_main+0xf5)[0x2aaab0e27b35]
[cnode0099:15507] [ 6] mom_mpi[0x40fc19]
[cnode0099:15507] *** End of error message ***
[cnode0099:15508] *** Process received signal ***
[cnode0099:15508] Signal: Segmentation fault (11)
[cnode0099:15508] Signal code: Address not mapped (1)
[cnode0099:15508] Failing at address: (nil)
[cnode0099:15508] [ 0] /usr/lib/gcc/x86_64-redhat-linux/4.8.5/../../../../lib64/libpthread.so.0(+0xf370)[0x2aaaaff87370]
[cnode0099:15508] [ 1] mom_mpi[0x430805]
[cnode0099:15508] [ 2] mom_mpi[0x437061]
[cnode0099:15508] [ 3] mom_mpi[0x439359]
[cnode0099:15508] [ 4] mom_mpi[0x440a9e]
[cnode0099:15508] [ 5] /usr/lib/gcc/x86_64-redhat-linux/4.8.5/../../../../lib64/libc.so.6(__libc_start_main+0xf5)[0x2aaab0e27b35]
[cnode0099:15508] [ 6] mom_mpi[0x40fc19]
[cnode0099:15508] *** End of error message ***
[cnode0099:15509] *** Process received signal ***
[cnode0099:15509] Signal: Segmentation fault (11)
[cnode0099:15509] Signal code: Address not mapped (1)
[cnode0099:15509] Failing at address: (nil)
[cnode0099:15509] [ 0] /usr/lib/gcc/x86_64-redhat-linux/4.8.5/../../../../lib64/libpthread.so.0(+0xf370)[0x2aaaaff87370]
[cnode0099:15509] [ 1] mom_mpi[0x430805]
[cnode0099:15509] [ 2] mom_mpi[0x437061]
[cnode0099:15509] [ 3] mom_mpi[0x439359]
[cnode0099:15509] [ 4] mom_mpi[0x440a9e]
[cnode0099:15509] [ 5] /usr/lib/gcc/x86_64-redhat-linux/4.8.5/../../../../lib64/libc.so.6(__libc_start_main+0xf5)[0x2aaab0e27b35]
[cnode0099:15509] [ 6] mom_mpi[0x40fc19]
[cnode0099:15509] *** End of error message ***
[cnode0099:15514] *** Process received signal ***
[cnode0099:15514] Signal: Segmentation fault (11)
[cnode0099:15514] Signal code: Address not mapped (1)
[cnode0099:15514] Failing at address: (nil)
[cnode0099:15514] [ 0] /usr/lib/gcc/x86_64-redhat-linux/4.8.5/../../../../lib64/libpthread.so.0(+0xf370)[0x2aaaaff87370]
[cnode0099:15514] [ 1] mom_mpi[0x430805]
[cnode0099:15514] [ 2] mom_mpi[0x437061]
[cnode0099:15514] [ 3] mom_mpi[0x439359]
[cnode0099:15514] [ 4] mom_mpi[0x440a9e]
[cnode0099:15514] [ 5] /usr/lib/gcc/x86_64-redhat-linux/4.8.5/../../../../lib64/libc.so.6(__libc_start_main+0xf5)[0x2aaab0e27b35]
[cnode0099:15514] [ 6] mom_mpi[0x40fc19]
[cnode0099:15514] *** End of error message ***
[cnode0099:15515] *** Process received signal ***
[cnode0099:15515] Signal: Segmentation fault (11)
[cnode0099:15515] Signal code: Address not mapped (1)
[cnode0099:15515] Failing at address: (nil)
[cnode0099:15515] [ 0] /usr/lib/gcc/x86_64-redhat-linux/4.8.5/../../../../lib64/libpthread.so.0(+0xf370)[0x2aaaaff87370]
[cnode0099:15515] [ 1] mom_mpi[0x430805]
[cnode0099:15515] [ 2] mom_mpi[0x437061]
[cnode0099:15515] [ 3] mom_mpi[0x439359]
[cnode0099:15515] [ 4] mom_mpi[0x440a9e]
[cnode0099:15515] [ 5] /usr/lib/gcc/x86_64-redhat-linux/4.8.5/../../../../lib64/libc.so.6(__libc_start_main+0xf5)[0x2aaab0e27b35]
[cnode0099:15515] [ 6] mom_mpi[0x40fc19]
[cnode0099:15515] *** End of error message ***
[cnode0099:15517] *** Process received signal ***
[cnode0099:15517] Signal: Segmentation fault (11)
[cnode0099:15517] Signal code: Address not mapped (1)
[cnode0099:15517] Failing at address: (nil)
[cnode0099:15517] [ 0] /usr/lib/gcc/x86_64-redhat-linux/4.8.5/../../../../lib64/libpthread.so.0(+0xf370)[0x2aaaaff87370]
[cnode0099:15517] [ 1] mom_mpi[0x430805]
[cnode0099:15517] [ 2] mom_mpi[0x437061]
[cnode0099:15517] [ 3] mom_mpi[0x439359]
[cnode0099:15517] [ 4] mom_mpi[0x440a9e]
[cnode0099:15517] [ 5] /usr/lib/gcc/x86_64-redhat-linux/4.8.5/../../../../lib64/libc.so.6(__libc_start_main+0xf5)[0x2aaab0e27b35]
[cnode0099:15517] [ 6] mom_mpi[0x40fc19]
[cnode0099:15517] *** End of error message ***
[cnode0154:116428] *** Process received signal ***
[cnode0154:116428] Signal: Segmentation fault (11)
[cnode0154:116428] Signal code: Address not mapped (1)
[cnode0154:116428] Failing at address: (nil)
[cnode0154:116428] [ 0] /usr/lib/gcc/x86_64-redhat-linux/4.8.5/../../../../lib64/libpthread.so.0(+0xf370)[0x2aaaaff87370]
[cnode0154:116428] [ 1] mom_mpi[0x430805]
[cnode0154:116428] [ 2] mom_mpi[0x437061]
[cnode0154:116428] [ 3] mom_mpi[0x439359]
[cnode0154:116428] [ 4] mom_mpi[0x440a9e]
[cnode0154:116428] [ 5] /usr/lib/gcc/x86_64-redhat-linux/4.8.5/../../../../lib64/libc.so.6(__libc_start_main+0xf5)[0x2aaab0e27b35]
[cnode0154:116428] [ 6] mom_mpi[0x40fc19]
[cnode0154:116428] *** End of error message ***
[cnode0154:116429] *** Process received signal ***
[cnode0154:116429] Signal: Segmentation fault (11)
[cnode0154:116429] Signal code: Address not mapped (1)
[cnode0154:116429] Failing at address: (nil)
[cnode0154:116429] [ 0] /usr/lib/gcc/x86_64-redhat-linux/4.8.5/../../../../lib64/libpthread.so.0(+0xf370)[0x2aaaaff87370]
[cnode0154:116429] [ 1] mom_mpi[0x430805]
[cnode0154:116429] [ 2] mom_mpi[0x437061]
[cnode0154:116429] [ 3] mom_mpi[0x439359]
[cnode0154:116429] [ 4] mom_mpi[0x440a9e]
[cnode0154:116429] [ 5] /usr/lib/gcc/x86_64-redhat-linux/4.8.5/../../../../lib64/libc.so.6(__libc_start_main+0xf5)[0x2aaab0e27b35]
[cnode0154:116429] [ 6] mom_mpi[0x40fc19]
[cnode0154:116429] *** End of error message ***
[cnode0154:116430] *** Process received signal ***
[cnode0154:116430] Signal: Segmentation fault (11)
[cnode0154:116430] Signal code: Address not mapped (1)
[cnode0154:116430] Failing at address: (nil)
[cnode0154:116430] [ 0] /usr/lib/gcc/x86_64-redhat-linux/4.8.5/../../../../lib64/libpthread.so.0(+0xf370)[0x2aaaaff87370]
[cnode0154:116430] [ 1] mom_mpi[0x430805]
[cnode0154:116430] [ 2] mom_mpi[0x437061]
[cnode0154:116430] [ 3] mom_mpi[0x439359]
[cnode0154:116430] [ 4] mom_mpi[0x440a9e]
[cnode0154:116430] [ 5] /usr/lib/gcc/x86_64-redhat-linux/4.8.5/../../../../lib64/libc.so.6(__libc_start_main+0xf5)[0x2aaab0e27b35]
[cnode0154:116430] [ 6] mom_mpi[0x40fc19]
[cnode0154:116430] *** End of error message ***
[cnode0154:116431] *** Process received signal ***
[cnode0154:116431] Signal: Segmentation fault (11)
[cnode0154:116431] Signal code: Address not mapped (1)
[cnode0154:116431] Failing at address: (nil)
[cnode0154:116431] [ 0] /usr/lib/gcc/x86_64-redhat-linux/4.8.5/../../../../lib64/libpthread.so.0(+0xf370)[0x2aaaaff87370]
[cnode0154:116431] [ 1] mom_mpi[0x430805]
[cnode0154:116431] [ 2] mom_mpi[0x437061]
[cnode0154:116431] [ 3] mom_mpi[0x439359]
[cnode0154:116431] [ 4] mom_mpi[0x440a9e]
[cnode0154:116431] [ 5] /usr/lib/gcc/x86_64-redhat-linux/4.8.5/../../../../lib64/libc.so.6(__libc_start_main+0xf5)[0x2aaab0e27b35]
[cnode0154:116431] [ 6] mom_mpi[0x40fc19]
[cnode0154:116431] *** End of error message ***
[cnode0154:116432] *** Process received signal ***
[cnode0154:116432] Signal: Segmentation fault (11)
[cnode0154:116432] Signal code: Address not mapped (1)
[cnode0154:116432] Failing at address: (nil)
[cnode0154:116432] [ 0] /usr/lib/gcc/x86_64-redhat-linux/4.8.5/../../../../lib64/libpthread.so.0(+0xf370)[0x2aaaaff87370]
[cnode0154:116432] [ 1] mom_mpi[0x430805]
[cnode0154:116432] [ 2] mom_mpi[0x437061]
[cnode0154:116432] [ 3] mom_mpi[0x439359]
[cnode0154:116432] [ 4] mom_mpi[0x440a9e]
[cnode0154:116432] [ 5] /usr/lib/gcc/x86_64-redhat-linux/4.8.5/../../../../lib64/libc.so.6(__libc_start_main+0xf5)[0x2aaab0e27b35]
[cnode0154:116432] [ 6] mom_mpi[0x40fc19]
[cnode0154:116432] *** End of error message ***
[cnode0154:116433] *** Process received signal ***
[cnode0154:116433] Signal: Segmentation fault (11)
[cnode0154:116433] Signal code: Address not mapped (1)
[cnode0154:116433] Failing at address: (nil)
[cnode0154:116433] [ 0] /usr/lib/gcc/x86_64-redhat-linux/4.8.5/../../../../lib64/libpthread.so.0(+0xf370)[0x2aaaaff87370]
[cnode0154:116433] [ 1] mom_mpi[0x430805]
[cnode0154:116433] [ 2] mom_mpi[0x437061]
[cnode0154:116433] [ 3] mom_mpi[0x439359]
[cnode0154:116433] [ 4] mom_mpi[0x440a9e]
[cnode0154:116433] [ 5] /usr/lib/gcc/x86_64-redhat-linux/4.8.5/../../../../lib64/libc.so.6(__libc_start_main+0xf5)[0x2aaab0e27b35]
[cnode0154:116433] [ 6] mom_mpi[0x40fc19]
[cnode0154:116433] *** End of error message ***
[cnode0090:147275] *** Process received signal ***
[cnode0090:147275] Signal: Segmentation fault (11)
[cnode0090:147275] Signal code: Address not mapped (1)
[cnode0090:147275] Failing at address: (nil)
[cnode0090:147275] [ 0] /usr/lib/gcc/x86_64-redhat-linux/4.8.5/../../../../lib64/libpthread.so.0(+0xf370)[0x2aaaaff87370]
[cnode0090:147275] [ 1] mom_mpi[0x430805]
[cnode0090:147275] [ 2] mom_mpi[0x437061]
[cnode0090:147275] [ 3] mom_mpi[0x439359]
[cnode0090:147275] [ 4] mom_mpi[0x440a9e]
[cnode0090:147275] [ 5] /usr/lib/gcc/x86_64-redhat-linux/4.8.5/../../../../lib64/libc.so.6(__libc_start_main+0xf5)[0x2aaab0e27b35]
[cnode0090:147275] [ 6] mom_mpi[0x40fc19]
[cnode0090:147275] *** End of error message ***
[cnode0090:147276] *** Process received signal ***
[cnode0090:147276] Signal: Segmentation fault (11)
[cnode0090:147276] Signal code: Address not mapped (1)
[cnode0090:147276] Failing at address: (nil)
[cnode0090:147276] [ 0] /usr/lib/gcc/x86_64-redhat-linux/4.8.5/../../../../lib64/libpthread.so.0(+0xf370)[0x2aaaaff87370]
[cnode0090:147276] [ 1] mom_mpi[0x430805]
[cnode0090:147276] [ 2] mom_mpi[0x437061]
[cnode0090:147276] [ 3] mom_mpi[0x439359]
[cnode0090:147276] [ 4] mom_mpi[0x440a9e]
[cnode0090:147276] [ 5] /usr/lib/gcc/x86_64-redhat-linux/4.8.5/../../../../lib64/libc.so.6(__libc_start_main+0xf5)[0x2aaab0e27b35]
[cnode0090:147276] [ 6] mom_mpi[0x40fc19]
[cnode0090:147276] *** End of error message ***
[cnode0090:147277] *** Process received signal ***
[cnode0090:147277] Signal: Segmentation fault (11)
[cnode0090:147277] Signal code: Address not mapped (1)
[cnode0090:147277] Failing at address: (nil)
[cnode0090:147277] [ 0] /usr/lib/gcc/x86_64-redhat-linux/4.8.5/../../../../lib64/libpthread.so.0(+0xf370)[0x2aaaaff87370]
[cnode0090:147277] [ 1] mom_mpi[0x430805]
[cnode0090:147277] [ 2] mom_mpi[0x437061]
[cnode0090:147277] [ 3] mom_mpi[0x439359]
[cnode0090:147277] [ 4] mom_mpi[0x440a9e]
[cnode0090:147277] [ 5] /usr/lib/gcc/x86_64-redhat-linux/4.8.5/../../../../lib64/libc.so.6(__libc_start_main+0xf5)[0x2aaab0e27b35]
[cnode0090:147277] [ 6] mom_mpi[0x40fc19]
[cnode0090:147277] *** End of error message ***
[cnode0090:147278] *** Process received signal ***
[cnode0090:147278] Signal: Segmentation fault (11)
[cnode0090:147278] Signal code: Address not mapped (1)
[cnode0090:147278] Failing at address: (nil)
[cnode0090:147278] [ 0] /usr/lib/gcc/x86_64-redhat-linux/4.8.5/../../../../lib64/libpthread.so.0(+0xf370)[0x2aaaaff87370]
[cnode0090:147278] [ 1] mom_mpi[0x430805]
[cnode0090:147278] [ 2] mom_mpi[0x437061]
[cnode0090:147278] [ 3] mom_mpi[0x439359]
[cnode0090:147278] [ 4] mom_mpi[0x440a9e]
[cnode0090:147278] [ 5] /usr/lib/gcc/x86_64-redhat-linux/4.8.5/../../../../lib64/libc.so.6(__libc_start_main+0xf5)[0x2aaab0e27b35]
[cnode0090:147278] [ 6] mom_mpi[0x40fc19]
[cnode0090:147278] *** End of error message ***
[cnode0090:147279] *** Process received signal ***
[cnode0090:147279] Signal: Segmentation fault (11)
[cnode0090:147279] Signal code: Address not mapped (1)
[cnode0090:147279] Failing at address: (nil)
[cnode0090:147279] [ 0] /usr/lib/gcc/x86_64-redhat-linux/4.8.5/../../../../lib64/libpthread.so.0(+0xf370)[0x2aaaaff87370]
[cnode0090:147279] [ 1] mom_mpi[0x430805]
[cnode0090:147279] [ 2] mom_mpi[0x437061]
[cnode0090:147279] [ 3] mom_mpi[0x439359]
[cnode0090:147279] [ 4] mom_mpi[0x440a9e]
[cnode0090:147279] [ 5] /usr/lib/gcc/x86_64-redhat-linux/4.8.5/../../../../lib64/libc.so.6(__libc_start_main+0xf5)[0x2aaab0e27b35]
[cnode0090:147279] [ 6] mom_mpi[0x40fc19]
[cnode0090:147279] *** End of error message ***
[cnode0090:147281] *** Process received signal ***
[cnode0090:147281] Signal: Segmentation fault (11)
[cnode0090:147281] Signal code: Address not mapped (1)
[cnode0090:147281] Failing at address: (nil)
[cnode0090:147281] [ 0] /usr/lib/gcc/x86_64-redhat-linux/4.8.5/../../../../lib64/libpthread.so.0(+0xf370)[0x2aaaaff87370]
[cnode0090:147281] [ 1] mom_mpi[0x430805]
[cnode0090:147281] [ 2] mom_mpi[0x437061]
[cnode0090:147281] [ 3] mom_mpi[0x439359]
[cnode0090:147281] [ 4] mom_mpi[0x440a9e]
[cnode0090:147281] [ 5] /usr/lib/gcc/x86_64-redhat-linux/4.8.5/../../../../lib64/libc.so.6(__libc_start_main+0xf5)[0x2aaab0e27b35]
[cnode0090:147281] [ 6] mom_mpi[0x40fc19]
[cnode0090:147281] *** End of error message ***
[cnode0090:147282] *** Process received signal ***
[cnode0090:147282] Signal: Segmentation fault (11)
[cnode0090:147282] Signal code: Address not mapped (1)
[cnode0090:147282] Failing at address: (nil)
[cnode0090:147282] [ 0] /usr/lib/gcc/x86_64-redhat-linux/4.8.5/../../../../lib64/libpthread.so.0(+0xf370)[0x2aaaaff87370]
[cnode0090:147282] [ 1] mom_mpi[0x430805]
[cnode0090:147282] [ 2] mom_mpi[0x437061]
[cnode0090:147282] [ 3] mom_mpi[0x439359]
[cnode0090:147282] [ 4] mom_mpi[0x440a9e]
[cnode0090:147282] [ 5] /usr/lib/gcc/x86_64-redhat-linux/4.8.5/../../../../lib64/libc.so.6(__libc_start_main+0xf5)[0x2aaab0e27b35]
[cnode0090:147282] [ 6] mom_mpi[0x40fc19]
[cnode0090:147282] *** End of error message ***
[cnode0090:147283] *** Process received signal ***
[cnode0090:147283] Signal: Segmentation fault (11)
[cnode0090:147283] Signal code: Address not mapped (1)
[cnode0090:147283] Failing at address: (nil)
[cnode0090:147283] [ 0] /usr/lib/gcc/x86_64-redhat-linux/4.8.5/../../../../lib64/libpthread.so.0(+0xf370)[0x2aaaaff87370]
[cnode0090:147283] [ 1] mom_mpi[0x430805]
[cnode0090:147283] [ 2] mom_mpi[0x437061]
[cnode0090:147283] [ 3] mom_mpi[0x439359]
[cnode0090:147283] [ 4] mom_mpi[0x440a9e]
[cnode0090:147283] [ 5] /usr/lib/gcc/x86_64-redhat-linux/4.8.5/../../../../lib64/libc.so.6(__libc_start_main+0xf5)[0x2aaab0e27b35]
[cnode0090:147283] [ 6] mom_mpi[0x40fc19]
[cnode0090:147283] *** End of error message ***
[cnode0090:147284] *** Process received signal ***
[cnode0090:147284] Signal: Segmentation fault (11)
[cnode0090:147284] Signal code: Address not mapped (1)
[cnode0090:147284] Failing at address: (nil)
[cnode0090:147284] [ 0] /usr/lib/gcc/x86_64-redhat-linux/4.8.5/../../../../lib64/libpthread.so.0(+0xf370)[0x2aaaaff87370]
[cnode0090:147284] [ 1] mom_mpi[0x430805]
[cnode0090:147284] [ 2] mom_mpi[0x437061]
[cnode0090:147284] [ 3] mom_mpi[0x439359]
[cnode0090:147284] [ 4] mom_mpi[0x440a9e]
[cnode0090:147284] [ 5] /usr/lib/gcc/x86_64-redhat-linux/4.8.5/../../../../lib64/libc.so.6(__libc_start_main+0xf5)[0x2aaab0e27b35]
[cnode0090:147284] [ 6] mom_mpi[0x40fc19]
[cnode0090:147284] *** End of error message ***
[cnode0122:41189] *** Process received signal ***
[cnode0122:41189] Signal: Segmentation fault (11)
[cnode0122:41189] Signal code: Address not mapped (1)
[cnode0122:41189] Failing at address: (nil)
[cnode0122:41189] [ 0] /usr/lib/gcc/x86_64-redhat-linux/4.8.5/../../../../lib64/libpthread.so.0(+0xf370)[0x2aaaaff87370]
[cnode0122:41189] [ 1] mom_mpi[0x430805]
[cnode0122:41189] [ 2] mom_mpi[0x437061]
[cnode0122:41189] [ 3] mom_mpi[0x439359]
[cnode0122:41189] [ 4] mom_mpi[0x440a9e]
[cnode0122:41189] [ 5] /usr/lib/gcc/x86_64-redhat-linux/4.8.5/../../../../lib64/libc.so.6(__libc_start_main+0xf5)[0x2aaab0e27b35]
[cnode0122:41189] [ 6] mom_mpi[0x40fc19]
[cnode0122:41189] *** End of error message ***
[cnode0122:41190] *** Process received signal ***
[cnode0122:41190] Signal: Segmentation fault (11)
[cnode0122:41190] Signal code: Address not mapped (1)
[cnode0122:41190] Failing at address: (nil)
[cnode0122:41190] [ 0] /usr/lib/gcc/x86_64-redhat-linux/4.8.5/../../../../lib64/libpthread.so.0(+0xf370)[0x2aaaaff87370]
[cnode0122:41190] [ 1] mom_mpi[0x430805]
[cnode0122:41190] [ 2] mom_mpi[0x437061]
[cnode0122:41190] [ 3] mom_mpi[0x439359]
[cnode0122:41190] [ 4] mom_mpi[0x440a9e]
[cnode0122:41190] [ 5] /usr/lib/gcc/x86_64-redhat-linux/4.8.5/../../../../lib64/libc.so.6(__libc_start_main+0xf5)[0x2aaab0e27b35]
[cnode0122:41190] [ 6] mom_mpi[0x40fc19]
[cnode0122:41190] *** End of error message ***
[cnode0122:41191] *** Process received signal ***
[cnode0122:41191] Signal: Segmentation fault (11)
[cnode0122:41191] Signal code: Address not mapped (1)
[cnode0122:41191] Failing at address: (nil)
[cnode0122:41191] [ 0] /usr/lib/gcc/x86_64-redhat-linux/4.8.5/../../../../lib64/libpthread.so.0(+0xf370)[0x2aaaaff87370]
[cnode0122:41191] [ 1] mom_mpi[0x430805]
[cnode0122:41191] [ 2] mom_mpi[0x437061]
[cnode0122:41191] [ 3] mom_mpi[0x439359]
[cnode0122:41191] [ 4] mom_mpi[0x440a9e]
[cnode0122:41191] [ 5] /usr/lib/gcc/x86_64-redhat-linux/4.8.5/../../../../lib64/libc.so.6(__libc_start_main+0xf5)[0x2aaab0e27b35]
[cnode0122:41191] [ 6] mom_mpi[0x40fc19]
[cnode0122:41191] *** End of error message ***
[cnode0122:41192] *** Process received signal ***
[cnode0122:41192] Signal: Segmentation fault (11)
[cnode0122:41192] Signal code: Address not mapped (1)
[cnode0122:41192] Failing at address: (nil)
[cnode0122:41192] [ 0] /usr/lib/gcc/x86_64-redhat-linux/4.8.5/../../../../lib64/libpthread.so.0(+0xf370)[0x2aaaaff87370]
[cnode0122:41192] [ 1] mom_mpi[0x430805]
[cnode0122:41192] [ 2] mom_mpi[0x437061]
[cnode0122:41192] [ 3] mom_mpi[0x439359]
[cnode0122:41192] [ 4] mom_mpi[0x440a9e]
[cnode0122:41192] [ 5] /usr/lib/gcc/x86_64-redhat-linux/4.8.5/../../../../lib64/libc.so.6(__libc_start_main+0xf5)[0x2aaab0e27b35]
[cnode0122:41192] [ 6] mom_mpi[0x40fc19]
[cnode0122:41192] *** End of error message ***
[cnode0122:41193] *** Process received signal ***
[cnode0122:41193] Signal: Segmentation fault (11)
[cnode0122:41193] Signal code: Address not mapped (1)
[cnode0122:41193] Failing at address: (nil)
[cnode0122:41193] [ 0] /usr/lib/gcc/x86_64-redhat-linux/4.8.5/../../../../lib64/libpthread.so.0(+0xf370)[0x2aaaaff87370]
[cnode0122:41193] [ 1] mom_mpi[0x430805]
[cnode0122:41193] [ 2] mom_mpi[0x437061]
[cnode0122:41193] [ 3] mom_mpi[0x439359]
[cnode0122:41193] [ 4] mom_mpi[0x440a9e]
[cnode0122:41193] [ 5] /usr/lib/gcc/x86_64-redhat-linux/4.8.5/../../../../lib64/libc.so.6(__libc_start_main+0xf5)[0x2aaab0e27b35]
[cnode0122:41193] [ 6] mom_mpi[0x40fc19]
[cnode0122:41193] *** End of error message ***
[cnode0122:41194] *** Process received signal ***
[cnode0122:41194] Signal: Segmentation fault (11)
[cnode0122:41194] Signal code: Address not mapped (1)
[cnode0122:41194] Failing at address: (nil)
[cnode0122:41194] [ 0] /usr/lib/gcc/x86_64-redhat-linux/4.8.5/../../../../lib64/libpthread.so.0(+0xf370)[0x2aaaaff87370]
[cnode0122:41194] [ 1] mom_mpi[0x430805]
[cnode0122:41194] [ 2] mom_mpi[0x437061]
[cnode0122:41194] [ 3] mom_mpi[0x439359]
[cnode0122:41194] [ 4] mom_mpi[0x440a9e]
[cnode0122:41194] [ 5] /usr/lib/gcc/x86_64-redhat-linux/4.8.5/../../../../lib64/libc.so.6(__libc_start_main+0xf5)[0x2aaab0e27b35]
[cnode0122:41194] [ 6] mom_mpi[0x40fc19]
[cnode0122:41194] *** End of error message ***
[cnode0122:41195] *** Process received signal ***
[cnode0122:41195] Signal: Segmentation fault (11)
[cnode0122:41195] Signal code: Address not mapped (1)
[cnode0122:41195] Failing at address: (nil)
[cnode0122:41195] [ 0] /usr/lib/gcc/x86_64-redhat-linux/4.8.5/../../../../lib64/libpthread.so.0(+0xf370)[0x2aaaaff87370]
[cnode0122:41195] [ 1] mom_mpi[0x430805]
[cnode0122:41195] [ 2] mom_mpi[0x437061]
[cnode0122:41195] [ 3] mom_mpi[0x439359]
[cnode0122:41195] [ 4] mom_mpi[0x440a9e]
[cnode0122:41195] [ 5] /usr/lib/gcc/x86_64-redhat-linux/4.8.5/../../../../lib64/libc.so.6(__libc_start_main+0xf5)[0x2aaab0e27b35]
[cnode0122:41195] [ 6] mom_mpi[0x40fc19]
[cnode0122:41195] *** End of error message ***
[cnode0122:41196] *** Process received signal ***
[cnode0122:41196] Signal: Segmentation fault (11)
[cnode0122:41196] Signal code: Address not mapped (1)
[cnode0122:41196] Failing at address: (nil)
[cnode0122:41196] [ 0] /usr/lib/gcc/x86_64-redhat-linux/4.8.5/../../../../lib64/libpthread.so.0(+0xf370)[0x2aaaaff87370]
[cnode0122:41196] [ 1] mom_mpi[0x430805]
[cnode0122:41196] [ 2] mom_mpi[0x437061]
[cnode0122:41196] [ 3] mom_mpi[0x439359]
[cnode0122:41196] [ 4] mom_mpi[0x440a9e]
[cnode0122:41196] [ 5] /usr/lib/gcc/x86_64-redhat-linux/4.8.5/../../../../lib64/libc.so.6(__libc_start_main+0xf5)[0x2aaab0e27b35]
[cnode0122:41196] [ 6] mom_mpi[0x40fc19]
[cnode0122:41196] *** End of error message ***
[cnode0122:41197] *** Process received signal ***
[cnode0122:41197] Signal: Segmentation fault (11)
[cnode0122:41197] Signal code: Address not mapped (1)
[cnode0122:41197] Failing at address: (nil)
[cnode0122:41197] [ 0] /usr/lib/gcc/x86_64-redhat-linux/4.8.5/../../../../lib64/libpthread.so.0(+0xf370)[0x2aaaaff87370]
[cnode0122:41197] [ 1] mom_mpi[0x430805]
[cnode0122:41197] [ 2] mom_mpi[0x437061]
[cnode0122:41197] [ 3] mom_mpi[0x439359]
[cnode0122:41197] [ 4] mom_mpi[0x440a9e]
[cnode0122:41197] [ 5] /usr/lib/gcc/x86_64-redhat-linux/4.8.5/../../../../lib64/libc.so.6(__libc_start_main+0xf5)[0x2aaab0e27b35]
[cnode0122:41197] [ 6] mom_mpi[0x40fc19]
[cnode0122:41197] *** End of error message ***
[cnode0122:41198] *** Process received signal ***
[cnode0122:41198] Signal: Segmentation fault (11)
[cnode0122:41198] Signal code: Address not mapped (1)
[cnode0122:41198] Failing at address: (nil)
[cnode0122:41198] [ 0] /usr/lib/gcc/x86_64-redhat-linux/4.8.5/../../../../lib64/libpthread.so.0(+0xf370)[0x2aaaaff87370]
[cnode0122:41198] [ 1] mom_mpi[0x430805]
[cnode0122:41198] [ 2] mom_mpi[0x437061]
[cnode0122:41198] [ 3] mom_mpi[0x439359]
[cnode0122:41198] [ 4] mom_mpi[0x440a9e]
[cnode0122:41198] [ 5] /usr/lib/gcc/x86_64-redhat-linux/4.8.5/../../../../lib64/libc.so.6(__libc_start_main+0xf5)[0x2aaab0e27b35]
[cnode0122:41198] [ 6] mom_mpi[0x40fc19]
[cnode0122:41198] *** End of error message ***
[cnode0151:08055] *** Process received signal ***
[cnode0151:08055] Signal: Segmentation fault (11)
[cnode0151:08055] Signal code: Address not mapped (1)
[cnode0151:08055] Failing at address: (nil)
[cnode0151:08055] [ 0] /usr/lib/gcc/x86_64-redhat-linux/4.8.5/../../../../lib64/libpthread.so.0(+0xf370)[0x2aaaaff87370]
[cnode0151:08055] [ 1] mom_mpi[0x430805]
[cnode0151:08055] [ 2] mom_mpi[0x437061]
[cnode0151:08055] [ 3] mom_mpi[0x439359]
[cnode0151:08055] [ 4] mom_mpi[0x440a9e]
[cnode0151:08055] [ 5] /usr/lib/gcc/x86_64-redhat-linux/4.8.5/../../../../lib64/libc.so.6(__libc_start_main+0xf5)[0x2aaab0e27b35]
[cnode0151:08055] [ 6] mom_mpi[0x40fc19]
[cnode0151:08055] *** End of error message ***
[cnode0151:08056] *** Process received signal ***
[cnode0151:08056] Signal: Segmentation fault (11)
[cnode0151:08056] Signal code: Address not mapped (1)
[cnode0151:08056] Failing at address: (nil)
[cnode0151:08056] [ 0] /usr/lib/gcc/x86_64-redhat-linux/4.8.5/../../../../lib64/libpthread.so.0(+0xf370)[0x2aaaaff87370]
[cnode0151:08056] [ 1] mom_mpi[0x430805]
[cnode0151:08056] [ 2] mom_mpi[0x437061]
[cnode0151:08056] [ 3] mom_mpi[0x439359]
[cnode0151:08056] [ 4] mom_mpi[0x440a9e]
[cnode0151:08056] [ 5] /usr/lib/gcc/x86_64-redhat-linux/4.8.5/../../../../lib64/libc.so.6(__libc_start_main+0xf5)[0x2aaab0e27b35]
[cnode0151:08056] [ 6] mom_mpi[0x40fc19]
[cnode0151:08056] *** End of error message ***
[cnode0151:08057] *** Process received signal ***
[cnode0151:08057] Signal: Segmentation fault (11)
[cnode0151:08057] Signal code: Address not mapped (1)
[cnode0151:08057] Failing at address: (nil)
[cnode0151:08057] [ 0] /usr/lib/gcc/x86_64-redhat-linux/4.8.5/../../../../lib64/libpthread.so.0(+0xf370)[0x2aaaaff87370]
[cnode0151:08057] [ 1] mom_mpi[0x430805]
[cnode0151:08057] [ 2] mom_mpi[0x437061]
[cnode0151:08057] [ 3] mom_mpi[0x439359]
[cnode0151:08057] [ 4] mom_mpi[0x440a9e]
[cnode0151:08057] [ 5] /usr/lib/gcc/x86_64-redhat-linux/4.8.5/../../../../lib64/libc.so.6(__libc_start_main+0xf5)[0x2aaab0e27b35]
[cnode0151:08057] [ 6] mom_mpi[0x40fc19]
[cnode0151:08057] *** End of error message ***
[cnode0151:08058] *** Process received signal ***
[cnode0151:08058] Signal: Segmentation fault (11)
[cnode0151:08058] Signal code: Address not mapped (1)
[cnode0151:08058] Failing at address: (nil)
[cnode0151:08058] [ 0] /usr/lib/gcc/x86_64-redhat-linux/4.8.5/../../../../lib64/libpthread.so.0(+0xf370)[0x2aaaaff87370]
[cnode0151:08058] [ 1] mom_mpi[0x430805]
[cnode0151:08058] [ 2] mom_mpi[0x437061]
[cnode0151:08058] [ 3] mom_mpi[0x439359]
[cnode0151:08058] [ 4] mom_mpi[0x440a9e]
[cnode0151:08058] [ 5] /usr/lib/gcc/x86_64-redhat-linux/4.8.5/../../../../lib64/libc.so.6(__libc_start_main+0xf5)[0x2aaab0e27b35]
[cnode0151:08058] [ 6] mom_mpi[0x40fc19]
[cnode0151:08058] *** End of error message ***
[cnode0151:08060] *** Process received signal ***
[cnode0151:08060] Signal: Segmentation fault (11)
[cnode0151:08060] Signal code: Address not mapped (1)
[cnode0151:08060] Failing at address: (nil)
[cnode0151:08060] [ 0] /usr/lib/gcc/x86_64-redhat-linux/4.8.5/../../../../lib64/libpthread.so.0(+0xf370)[0x2aaaaff87370]
[cnode0151:08060] [ 1] mom_mpi[0x430805]
[cnode0151:08060] [ 2] mom_mpi[0x437061]
[cnode0151:08060] [ 3] mom_mpi[0x439359]
[cnode0151:08060] [ 4] mom_mpi[0x440a9e]
[cnode0151:08060] [ 5] /usr/lib/gcc/x86_64-redhat-linux/4.8.5/../../../../lib64/libc.so.6(__libc_start_main+0xf5)[0x2aaab0e27b35]
[cnode0151:08060] [ 6] mom_mpi[0x40fc19]
[cnode0151:08060] *** End of error message ***
[cnode0151:08061] *** Process received signal ***
[cnode0151:08061] Signal: Segmentation fault (11)
[cnode0151:08061] Signal code: Address not mapped (1)
[cnode0151:08061] Failing at address: (nil)
[cnode0151:08061] [ 0] /usr/lib/gcc/x86_64-redhat-linux/4.8.5/../../../../lib64/libpthread.so.0(+0xf370)[0x2aaaaff87370]
[cnode0151:08061] [ 1] mom_mpi[0x430805]
[cnode0151:08061] [ 2] mom_mpi[0x437061]
[cnode0151:08061] [ 3] mom_mpi[0x439359]
[cnode0151:08061] [ 4] mom_mpi[0x440a9e]
[cnode0151:08061] [ 5] /usr/lib/gcc/x86_64-redhat-linux/4.8.5/../../../../lib64/libc.so.6(__libc_start_main+0xf5)[0x2aaab0e27b35]
[cnode0151:08061] [ 6] mom_mpi[0x40fc19]
[cnode0151:08061] *** End of error message ***
[cnode0151:08062] *** Process received signal ***
[cnode0151:08062] Signal: Segmentation fault (11)
[cnode0151:08062] Signal code: Address not mapped (1)
[cnode0151:08062] Failing at address: (nil)
[cnode0151:08062] [ 0] /usr/lib/gcc/x86_64-redhat-linux/4.8.5/../../../../lib64/libpthread.so.0(+0xf370)[0x2aaaaff87370]
[cnode0151:08062] [ 1] mom_mpi[0x430805]
[cnode0151:08062] [ 2] mom_mpi[0x437061]
[cnode0151:08062] [ 3] mom_mpi[0x439359]
[cnode0151:08062] [ 4] mom_mpi[0x440a9e]
[cnode0151:08062] [ 5] /usr/lib/gcc/x86_64-redhat-linux/4.8.5/../../../../lib64/libc.so.6(__libc_start_main+0xf5)[0x2aaab0e27b35]
[cnode0151:08062] [ 6] mom_mpi[0x40fc19]
[cnode0151:08062] *** End of error message ***
[cnode0151:08063] *** Process received signal ***
[cnode0151:08063] Signal: Segmentation fault (11)
[cnode0151:08063] Signal code: Address not mapped (1)
[cnode0151:08063] Failing at address: (nil)
[cnode0151:08063] [ 0] /usr/lib/gcc/x86_64-redhat-linux/4.8.5/../../../../lib64/libpthread.so.0(+0xf370)[0x2aaaaff87370]
[cnode0151:08063] [ 1] mom_mpi[0x430805]
[cnode0151:08063] [ 2] mom_mpi[0x437061]
[cnode0151:08063] [ 3] mom_mpi[0x439359]
[cnode0151:08063] [ 4] mom_mpi[0x440a9e]
[cnode0151:08063] [ 5] /usr/lib/gcc/x86_64-redhat-linux/4.8.5/../../../../lib64/libc.so.6(__libc_start_main+0xf5)[0x2aaab0e27b35]
[cnode0151:08063] [ 6] mom_mpi[0x40fc19]
[cnode0151:08063] *** End of error message ***
[cnode0151:08064] *** Process received signal ***
[cnode0151:08064] Signal: Segmentation fault (11)
[cnode0151:08064] Signal code: Address not mapped (1)
[cnode0151:08064] Failing at address: (nil)
[cnode0151:08064] [ 0] /usr/lib/gcc/x86_64-redhat-linux/4.8.5/../../../../lib64/libpthread.so.0(+0xf370)[0x2aaaaff87370]
[cnode0151:08064] [ 1] mom_mpi[0x430805]
[cnode0151:08064] [ 2] mom_mpi[0x437061]
[cnode0151:08064] [ 3] mom_mpi[0x439359]
[cnode0151:08064] [ 4] mom_mpi[0x440a9e]
[cnode0151:08064] [ 5] /usr/lib/gcc/x86_64-redhat-linux/4.8.5/../../../../lib64/libc.so.6(__libc_start_main+0xf5)[0x2aaab0e27b35]
[cnode0151:08064] [ 6] mom_mpi[0x40fc19]
[cnode0151:08064] *** End of error message ***
[cnode0151:08065] *** Process received signal ***
[cnode0151:08065] Signal: Segmentation fault (11)
[cnode0151:08065] Signal code: Address not mapped (1)
[cnode0151:08065] Failing at address: (nil)
[cnode0151:08065] [ 0] /usr/lib/gcc/x86_64-redhat-linux/4.8.5/../../../../lib64/libpthread.so.0(+0xf370)[0x2aaaaff87370]
[cnode0151:08065] [ 1] mom_mpi[0x430805]
[cnode0151:08065] [ 2] mom_mpi[0x437061]
[cnode0151:08065] [ 3] mom_mpi[0x439359]
[cnode0151:08065] [ 4] mom_mpi[0x440a9e]
[cnode0151:08065] [ 5] /usr/lib/gcc/x86_64-redhat-linux/4.8.5/../../../../lib64/libc.so.6(__libc_start_main+0xf5)[0x2aaab0e27b35]
[cnode0151:08065] [ 6] mom_mpi[0x40fc19]
[cnode0151:08065] *** End of error message ***
[cnode0129:09490] *** Process received signal ***
[cnode0129:09490] Signal: Segmentation fault (11)
[cnode0129:09490] Signal code: Address not mapped (1)
[cnode0129:09490] Failing at address: (nil)
[cnode0129:09490] [ 0] /usr/lib/gcc/x86_64-redhat-linux/4.8.5/../../../../lib64/libpthread.so.0(+0xf370)[0x2aaaaff87370]
[cnode0129:09490] [ 1] mom_mpi[0x430805]
[cnode0129:09490] [ 2] mom_mpi[0x437061]
[cnode0129:09490] [ 3] mom_mpi[0x439359]
[cnode0129:09490] [ 4] mom_mpi[0x440a9e]
[cnode0129:09490] [ 5] /usr/lib/gcc/x86_64-redhat-linux/4.8.5/../../../../lib64/libc.so.6(__libc_start_main+0xf5)[0x2aaab0e27b35]
[cnode0129:09490] [ 6] mom_mpi[0x40fc19]
[cnode0129:09490] *** End of error message ***
[cnode0129:09491] *** Process received signal ***
[cnode0129:09491] Signal: Segmentation fault (11)
[cnode0129:09491] Signal code: Address not mapped (1)
[cnode0129:09491] Failing at address: (nil)
[cnode0129:09491] [ 0] /usr/lib/gcc/x86_64-redhat-linux/4.8.5/../../../../lib64/libpthread.so.0(+0xf370)[0x2aaaaff87370]
[cnode0129:09491] [ 1] mom_mpi[0x430805]
[cnode0129:09491] [ 2] mom_mpi[0x437061]
[cnode0129:09491] [ 3] mom_mpi[0x439359]
[cnode0129:09491] [ 4] mom_mpi[0x440a9e]
[cnode0129:09491] [ 5] /usr/lib/gcc/x86_64-redhat-linux/4.8.5/../../../../lib64/libc.so.6(__libc_start_main+0xf5)[0x2aaab0e27b35]
[cnode0129:09491] [ 6] mom_mpi[0x40fc19]
[cnode0129:09491] *** End of error message ***
[cnode0129:09492] *** Process received signal ***
[cnode0129:09492] Signal: Segmentation fault (11)
[cnode0129:09492] Signal code: Address not mapped (1)
[cnode0129:09492] Failing at address: (nil)
[cnode0129:09492] [ 0] /usr/lib/gcc/x86_64-redhat-linux/4.8.5/../../../../lib64/libpthread.so.0(+0xf370)[0x2aaaaff87370]
[cnode0129:09492] [ 1] mom_mpi[0x430805]
[cnode0129:09492] [ 2] mom_mpi[0x437061]
[cnode0129:09492] [ 3] mom_mpi[0x439359]
[cnode0129:09492] [ 4] mom_mpi[0x440a9e]
[cnode0129:09492] [ 5] /usr/lib/gcc/x86_64-redhat-linux/4.8.5/../../../../lib64/libc.so.6(__libc_start_main+0xf5)[0x2aaab0e27b35]
[cnode0129:09492] [ 6] mom_mpi[0x40fc19]
[cnode0129:09492] *** End of error message ***
[cnode0129:09493] *** Process received signal ***
[cnode0129:09493] Signal: Segmentation fault (11)
[cnode0129:09493] Signal code: Address not mapped (1)
[cnode0129:09493] Failing at address: (nil)
[cnode0129:09493] [ 0] /usr/lib/gcc/x86_64-redhat-linux/4.8.5/../../../../lib64/libpthread.so.0(+0xf370)[0x2aaaaff87370]
[cnode0129:09493] [ 1] mom_mpi[0x430805]
[cnode0129:09493] [ 2] mom_mpi[0x437061]
[cnode0129:09493] [ 3] mom_mpi[0x439359]
[cnode0129:09493] [ 4] mom_mpi[0x440a9e]
[cnode0129:09493] [ 5] /usr/lib/gcc/x86_64-redhat-linux/4.8.5/../../../../lib64/libc.so.6(__libc_start_main+0xf5)[0x2aaab0e27b35]
[cnode0129:09493] [ 6] mom_mpi[0x40fc19]
[cnode0129:09493] *** End of error message ***
[cnode0129:09494] *** Process received signal ***
[cnode0129:09494] Signal: Segmentation fault (11)
[cnode0129:09494] Signal code: Address not mapped (1)
[cnode0129:09494] Failing at address: (nil)
[cnode0129:09494] [ 0] /usr/lib/gcc/x86_64-redhat-linux/4.8.5/../../../../lib64/libpthread.so.0(+0xf370)[0x2aaaaff87370]
[cnode0129:09494] [ 1] mom_mpi[0x430805]
[cnode0129:09494] [ 2] mom_mpi[0x437061]
[cnode0129:09494] [ 3] mom_mpi[0x439359]
[cnode0129:09494] [ 4] mom_mpi[0x440a9e]
[cnode0129:09494] [ 5] /usr/lib/gcc/x86_64-redhat-linux/4.8.5/../../../../lib64/libc.so.6(__libc_start_main+0xf5)[0x2aaab0e27b35]
[cnode0129:09494] [ 6] mom_mpi[0x40fc19]
[cnode0129:09494] *** End of error message ***
[cnode0129:09495] *** Process received signal ***
[cnode0129:09495] Signal: Segmentation fault (11)
[cnode0129:09495] Signal code: Address not mapped (1)
[cnode0129:09495] Failing at address: (nil)
[cnode0129:09495] [ 0] /usr/lib/gcc/x86_64-redhat-linux/4.8.5/../../../../lib64/libpthread.so.0(+0xf370)[0x2aaaaff87370]
[cnode0129:09495] [ 1] mom_mpi[0x430805]
[cnode0129:09495] [ 2] mom_mpi[0x437061]
[cnode0129:09495] [ 3] mom_mpi[0x439359]
[cnode0129:09495] [ 4] mom_mpi[0x440a9e]
[cnode0129:09495] [ 5] /usr/lib/gcc/x86_64-redhat-linux/4.8.5/../../../../lib64/libc.so.6(__libc_start_main+0xf5)[0x2aaab0e27b35]
[cnode0129:09495] [ 6] mom_mpi[0x40fc19]
[cnode0129:09495] *** End of error message ***
[cnode0129:09496] *** Process received signal ***
[cnode0129:09496] Signal: Segmentation fault (11)
[cnode0129:09496] Signal code: Address not mapped (1)
[cnode0129:09496] Failing at address: (nil)
[cnode0129:09496] [ 0] /usr/lib/gcc/x86_64-redhat-linux/4.8.5/../../../../lib64/libpthread.so.0(+0xf370)[0x2aaaaff87370]
[cnode0129:09496] [ 1] mom_mpi[0x430805]
[cnode0129:09496] [ 2] mom_mpi[0x437061]
[cnode0129:09496] [ 3] mom_mpi[0x439359]
[cnode0129:09496] [ 4] mom_mpi[0x440a9e]
[cnode0129:09496] [ 5] /usr/lib/gcc/x86_64-redhat-linux/4.8.5/../../../../lib64/libc.so.6(__libc_start_main+0xf5)[0x2aaab0e27b35]
[cnode0129:09496] [ 6] mom_mpi[0x40fc19]
[cnode0129:09496] *** End of error message ***
[cnode0129:09497] *** Process received signal ***
[cnode0129:09497] Signal: Segmentation fault (11)
[cnode0129:09497] Signal code: Address not mapped (1)
[cnode0129:09497] Failing at address: (nil)
[cnode0129:09497] [ 0] /usr/lib/gcc/x86_64-redhat-linux/4.8.5/../../../../lib64/libpthread.so.0(+0xf370)[0x2aaaaff87370]
[cnode0129:09497] [ 1] mom_mpi[0x430805]
[cnode0129:09497] [ 2] mom_mpi[0x437061]
[cnode0129:09497] [ 3] mom_mpi[0x439359]
[cnode0129:09497] [ 4] mom_mpi[0x440a9e]
[cnode0129:09497] [ 5] /usr/lib/gcc/x86_64-redhat-linux/4.8.5/../../../../lib64/libc.so.6(__libc_start_main+0xf5)[0x2aaab0e27b35]
[cnode0129:09497] [ 6] mom_mpi[0x40fc19]
[cnode0129:09497] *** End of error message ***
[cnode0129:09498] *** Process received signal ***
[cnode0129:09498] Signal: Segmentation fault (11)
[cnode0129:09498] Signal code: Address not mapped (1)
[cnode0129:09498] Failing at address: (nil)
[cnode0129:09498] [ 0] /usr/lib/gcc/x86_64-redhat-linux/4.8.5/../../../../lib64/libpthread.so.0(+0xf370)[0x2aaaaff87370]
[cnode0129:09498] [ 1] mom_mpi[0x430805]
[cnode0129:09498] [ 2] mom_mpi[0x437061]
[cnode0129:09498] [ 3] mom_mpi[0x439359]
[cnode0129:09498] [ 4] mom_mpi[0x440a9e]
[cnode0129:09498] [ 5] /usr/lib/gcc/x86_64-redhat-linux/4.8.5/../../../../lib64/libc.so.6(__libc_start_main+0xf5)[0x2aaab0e27b35]
[cnode0129:09498] [ 6] mom_mpi[0x40fc19]
[cnode0129:09498] *** End of error message ***
[cnode0129:09499] *** Process received signal ***
[cnode0129:09499] Signal: Segmentation fault (11)
[cnode0129:09499] Signal code: Address not mapped (1)
[cnode0129:09499] Failing at address: (nil)
[cnode0129:09499] [ 0] /usr/lib/gcc/x86_64-redhat-linux/4.8.5/../../../../lib64/libpthread.so.0(+0xf370)[0x2aaaaff87370]
[cnode0129:09499] [ 1] mom_mpi[0x430805]
[cnode0129:09499] [ 2] mom_mpi[0x437061]
[cnode0129:09499] [ 3] mom_mpi[0x439359]
[cnode0129:09499] [ 4] mom_mpi[0x440a9e]
[cnode0129:09499] [ 5] /usr/lib/gcc/x86_64-redhat-linux/4.8.5/../../../../lib64/libc.so.6(__libc_start_main+0xf5)[0x2aaab0e27b35]
[cnode0129:09499] [ 6] mom_mpi[0x40fc19]
[cnode0129:09499] *** End of error message ***
[cnode0095:69760] *** Process received signal ***
[cnode0095:69760] Signal: Segmentation fault (11)
[cnode0095:69760] Signal code: Address not mapped (1)
[cnode0095:69760] Failing at address: (nil)
[cnode0095:69760] [ 0] /usr/lib/gcc/x86_64-redhat-linux/4.8.5/../../../../lib64/libpthread.so.0(+0xf370)[0x2aaaaff87370]
[cnode0095:69760] [ 1] mom_mpi[0x430805]
[cnode0095:69760] [ 2] mom_mpi[0x437061]
[cnode0095:69760] [ 3] mom_mpi[0x439359]
[cnode0095:69760] [ 4] mom_mpi[0x440a9e]
[cnode0095:69760] [ 5] /usr/lib/gcc/x86_64-redhat-linux/4.8.5/../../../../lib64/libc.so.6(__libc_start_main+0xf5)[0x2aaab0e27b35]
[cnode0095:69760] [ 6] mom_mpi[0x40fc19]
[cnode0095:69760] *** End of error message ***
[cnode0095:69761] *** Process received signal ***
[cnode0095:69761] Signal: Segmentation fault (11)
[cnode0095:69761] Signal code: Address not mapped (1)
[cnode0095:69761] Failing at address: (nil)
[cnode0095:69761] [ 0] /usr/lib/gcc/x86_64-redhat-linux/4.8.5/../../../../lib64/libpthread.so.0(+0xf370)[0x2aaaaff87370]
[cnode0095:69761] [ 1] mom_mpi[0x430805]
[cnode0095:69761] [ 2] mom_mpi[0x437061]
[cnode0095:69761] [ 3] mom_mpi[0x439359]
[cnode0095:69761] [ 4] mom_mpi[0x440a9e]
[cnode0095:69761] [ 5] /usr/lib/gcc/x86_64-redhat-linux/4.8.5/../../../../lib64/libc.so.6(__libc_start_main+0xf5)[0x2aaab0e27b35]
[cnode0095:69761] [ 6] mom_mpi[0x40fc19]
[cnode0095:69761] *** End of error message ***
[cnode0095:69762] *** Process received signal ***
[cnode0095:69762] Signal: Segmentation fault (11)
[cnode0095:69762] Signal code: Address not mapped (1)
[cnode0095:69762] Failing at address: (nil)
[cnode0095:69762] [ 0] /usr/lib/gcc/x86_64-redhat-linux/4.8.5/../../../../lib64/libpthread.so.0(+0xf370)[0x2aaaaff87370]
[cnode0095:69762] [ 1] mom_mpi[0x430805]
[cnode0095:69762] [ 2] mom_mpi[0x437061]
[cnode0095:69762] [ 3] mom_mpi[0x439359]
[cnode0095:69762] [ 4] mom_mpi[0x440a9e]
[cnode0095:69762] [ 5] /usr/lib/gcc/x86_64-redhat-linux/4.8.5/../../../../lib64/libc.so.6(__libc_start_main+0xf5)[0x2aaab0e27b35]
[cnode0095:69762] [ 6] mom_mpi[0x40fc19]
[cnode0095:69762] *** End of error message ***
[cnode0095:69763] *** Process received signal ***
[cnode0095:69763] Signal: Segmentation fault (11)
[cnode0095:69763] Signal code: Address not mapped (1)
[cnode0095:69763] Failing at address: (nil)
[cnode0095:69763] [ 0] /usr/lib/gcc/x86_64-redhat-linux/4.8.5/../../../../lib64/libpthread.so.0(+0xf370)[0x2aaaaff87370]
[cnode0095:69763] [ 1] mom_mpi[0x430805]
[cnode0095:69763] [ 2] mom_mpi[0x437061]
[cnode0095:69763] [ 3] mom_mpi[0x439359]
[cnode0095:69763] [ 4] mom_mpi[0x440a9e]
[cnode0095:69763] [ 5] /usr/lib/gcc/x86_64-redhat-linux/4.8.5/../../../../lib64/libc.so.6(__libc_start_main+0xf5)[0x2aaab0e27b35]
[cnode0095:69763] [ 6] mom_mpi[0x40fc19]
[cnode0095:69763] *** End of error message ***
[cnode0095:69764] *** Process received signal ***
[cnode0095:69764] Signal: Segmentation fault (11)
[cnode0095:69764] Signal code: Address not mapped (1)
[cnode0095:69764] Failing at address: (nil)
[cnode0095:69764] [ 0] /usr/lib/gcc/x86_64-redhat-linux/4.8.5/../../../../lib64/libpthread.so.0(+0xf370)[0x2aaaaff87370]
[cnode0095:69764] [ 1] mom_mpi[0x430805]
[cnode0095:69764] [ 2] mom_mpi[0x437061]
[cnode0095:69764] [ 3] mom_mpi[0x439359]
[cnode0095:69764] [ 4] mom_mpi[0x440a9e]
[cnode0095:69764] [ 5] /usr/lib/gcc/x86_64-redhat-linux/4.8.5/../../../../lib64/libc.so.6(__libc_start_main+0xf5)[0x2aaab0e27b35]
[cnode0095:69764] [ 6] mom_mpi[0x40fc19]
[cnode0095:69764] *** End of error message ***
[cnode0095:69765] *** Process received signal ***
[cnode0095:69765] Signal: Segmentation fault (11)
[cnode0095:69765] Signal code: Address not mapped (1)
[cnode0095:69765] Failing at address: (nil)
[cnode0095:69765] [ 0] /usr/lib/gcc/x86_64-redhat-linux/4.8.5/../../../../lib64/libpthread.so.0(+0xf370)[0x2aaaaff87370]
[cnode0095:69765] [ 1] mom_mpi[0x430805]
[cnode0095:69765] [ 2] mom_mpi[0x437061]
[cnode0095:69765] [ 3] mom_mpi[0x439359]
[cnode0095:69765] [ 4] mom_mpi[0x440a9e]
[cnode0095:69765] [ 5] /usr/lib/gcc/x86_64-redhat-linux/4.8.5/../../../../lib64/libc.so.6(__libc_start_main+0xf5)[0x2aaab0e27b35]
[cnode0095:69765] [ 6] mom_mpi[0x40fc19]
[cnode0095:69765] *** End of error message ***
[cnode0095:69766] *** Process received signal ***
[cnode0095:69766] Signal: Segmentation fault (11)
[cnode0095:69766] Signal code: Address not mapped (1)
[cnode0095:69766] Failing at address: (nil)
[cnode0095:69766] [ 0] /usr/lib/gcc/x86_64-redhat-linux/4.8.5/../../../../lib64/libpthread.so.0(+0xf370)[0x2aaaaff87370]
[cnode0095:69766] [ 1] mom_mpi[0x430805]
[cnode0095:69766] [ 2] mom_mpi[0x437061]
[cnode0095:69766] [ 3] mom_mpi[0x439359]
[cnode0095:69766] [ 4] mom_mpi[0x440a9e]
[cnode0095:69766] [ 5] /usr/lib/gcc/x86_64-redhat-linux/4.8.5/../../../../lib64/libc.so.6(__libc_start_main+0xf5)[0x2aaab0e27b35]
[cnode0095:69766] [ 6] mom_mpi[0x40fc19]
[cnode0095:69766] *** End of error message ***
[cnode0095:69767] *** Process received signal ***
[cnode0095:69767] Signal: Segmentation fault (11)
[cnode0095:69767] Signal code: Address not mapped (1)
[cnode0095:69767] Failing at address: (nil)
[cnode0095:69767] [ 0] /usr/lib/gcc/x86_64-redhat-linux/4.8.5/../../../../lib64/libpthread.so.0(+0xf370)[0x2aaaaff87370]
[cnode0095:69767] [ 1] mom_mpi[0x430805]
[cnode0095:69767] [ 2] mom_mpi[0x437061]
[cnode0095:69767] [ 3] mom_mpi[0x439359]
[cnode0095:69767] [ 4] mom_mpi[0x440a9e]
[cnode0095:69767] [ 5] /usr/lib/gcc/x86_64-redhat-linux/4.8.5/../../../../lib64/libc.so.6(__libc_start_main+0xf5)[0x2aaab0e27b35]
[cnode0095:69767] [ 6] mom_mpi[0x40fc19]
[cnode0095:69767] *** End of error message ***
[cnode0095:69768] *** Process received signal ***
[cnode0095:69768] Signal: Segmentation fault (11)
[cnode0095:69768] Signal code: Address not mapped (1)
[cnode0095:69768] Failing at address: (nil)
[cnode0095:69768] [ 0] /usr/lib/gcc/x86_64-redhat-linux/4.8.5/../../../../lib64/libpthread.so.0(+0xf370)[0x2aaaaff87370]
[cnode0095:69768] [ 1] mom_mpi[0x430805]
[cnode0095:69768] [ 2] mom_mpi[0x437061]
[cnode0095:69768] [ 3] mom_mpi[0x439359]
[cnode0095:69768] [ 4] mom_mpi[0x440a9e]
[cnode0095:69768] [ 5] /usr/lib/gcc/x86_64-redhat-linux/4.8.5/../../../../lib64/libc.so.6(__libc_start_main+0xf5)[0x2aaab0e27b35]
[cnode0095:69768] [ 6] mom_mpi[0x40fc19]
[cnode0095:69768] *** End of error message ***
[cnode0095:69769] *** Process received signal ***
[cnode0095:69769] Signal: Segmentation fault (11)
[cnode0095:69769] Signal code: Address not mapped (1)
[cnode0095:69769] Failing at address: (nil)
[cnode0095:69769] [ 0] /usr/lib/gcc/x86_64-redhat-linux/4.8.5/../../../../lib64/libpthread.so.0(+0xf370)[0x2aaaaff87370]
[cnode0095:69769] [ 1] mom_mpi[0x430805]
[cnode0095:69769] [ 2] mom_mpi[0x437061]
[cnode0095:69769] [ 3] mom_mpi[0x439359]
[cnode0095:69769] [ 4] mom_mpi[0x440a9e]
[cnode0095:69769] [ 5] /usr/lib/gcc/x86_64-redhat-linux/4.8.5/../../../../lib64/libc.so.6(__libc_start_main+0xf5)[0x2aaab0e27b35]
[cnode0095:69769] [ 6] mom_mpi[0x40fc19]
[cnode0095:69769] *** End of error message ***
--------------------------------------------------------------------------
mpiexec noticed that process rank 49 with PID 117505 on node cnode0121 exited on signal 11 (Segmentation fault).
--------------------------------------------------------------------------
[cnode0083:103706] 92 more processes have sent help message help-mpi-common-cuda.txt / dlopen failed
[cnode0083:103706] Set MCA parameter "orte_base_help_aggregate" to 0 to see all help / error messages

real	0m4.595s
user	0m20.003s
sys	0m4.857s
