libibverbs: Warning: couldn't open config directory '/usr/etc/libibverbs.d'.
libibverbs: Warning: no userspace device-specific driver found for /sys/class/infiniband_verbs/uverbs0
libibverbs: Warning: couldn't open config directory '/usr/etc/libibverbs.d'.
libibverbs: Warning: no userspace device-specific driver found for /sys/class/infiniband_verbs/uverbs0
libibverbs: Warning: couldn't open config directory '/usr/etc/libibverbs.d'.
libibverbs: Warning: no userspace device-specific driver found for /sys/class/infiniband_verbs/uverbs0
libibverbs: Warning: couldn't open config directory '/usr/etc/libibverbs.d'.
libibverbs: Warning: no userspace device-specific driver found for /sys/class/infiniband_verbs/uverbs0
libibverbs: Warning: couldn't open config directory '/usr/etc/libibverbs.d'.
libibverbs: Warning: no userspace device-specific driver found for /sys/class/infiniband_verbs/uverbs0
libibverbs: Warning: couldn't open config directory '/usr/etc/libibverbs.d'.
libibverbs: Warning: no userspace device-specific driver found for /sys/class/infiniband_verbs/uverbs0
libibverbs: Warning: couldn't open config directory '/usr/etc/libibverbs.d'.
libibverbs: Warning: no userspace device-specific driver found for /sys/class/infiniband_verbs/uverbs0
libibverbs: Warning: couldn't open config directory '/usr/etc/libibverbs.d'.
libibverbs: Warning: no userspace device-specific driver found for /sys/class/infiniband_verbs/uverbs0
libibverbs: Warning: couldn't open config directory '/usr/etc/libibverbs.d'.
libibverbs: Warning: no userspace device-specific driver found for /sys/class/infiniband_verbs/uverbs0
--------------------------------------------------------------------------
The library attempted to open the following supporting CUDA libraries,
but each of them failed.  CUDA-aware support is disabled.
libcuda.so.1: cannot open shared object file: No such file or directory
libcuda.dylib: cannot open shared object file: No such file or directory
/usr/lib64/libcuda.so.1: cannot open shared object file: No such file or directory
/usr/lib64/libcuda.dylib: cannot open shared object file: No such file or directory
If you are not interested in CUDA-aware support, then run with
--mca mpi_cuda_support 0 to suppress this message.  If you are interested
in CUDA-aware support, then try setting LD_LIBRARY_PATH to the location
of libcuda.so.1 to get passed this issue.
--------------------------------------------------------------------------
[cnode0085:88696] *** Process received signal ***
[cnode0085:88696] Signal: Segmentation fault (11)
[cnode0085:88696] Signal code: Address not mapped (1)
[cnode0085:88696] Failing at address: (nil)
[cnode0085:88699] *** Process received signal ***
[cnode0085:88699] Signal: Segmentation fault (11)
[cnode0085:88699] Signal code: Address not mapped (1)
[cnode0085:88699] Failing at address: (nil)
[cnode0085:88701] *** Process received signal ***
[cnode0085:88701] Signal: Segmentation fault (11)
[cnode0085:88701] Signal code: Address not mapped (1)
[cnode0085:88701] Failing at address: (nil)
[cnode0085:88694] *** Process received signal ***
[cnode0085:88694] Signal: Segmentation fault (11)
[cnode0085:88694] Signal code: Address not mapped (1)
[cnode0085:88694] Failing at address: (nil)
[cnode0085:88695] *** Process received signal ***
[cnode0085:88695] Signal: Segmentation fault (11)
[cnode0085:88695] Signal code: Address not mapped (1)
[cnode0085:88695] Failing at address: (nil)
[cnode0085:88697] *** Process received signal ***
[cnode0085:88697] Signal: Segmentation fault (11)
[cnode0085:88697] Signal code: Address not mapped (1)
[cnode0085:88697] Failing at address: (nil)
[cnode0085:88701] [ 0] /usr/lib/gcc/x86_64-redhat-linux/4.8.5/../../../../lib64/libpthread.so.0(+0xf370)[0x2aaaaff87370]
[cnode0085:88701] [ 1] mom_mpi[0x430805]
[cnode0085:88701] [ 2] mom_mpi[0x437061]
[cnode0085:88701] [ 3] mom_mpi[0x439359]
[cnode0085:88701] [ 4] mom_mpi[0x440a9e]
[cnode0085:88701] [ 5] /usr/lib/gcc/x86_64-redhat-linux/4.8.5/../../../../lib64/libc.so.6(__libc_start_main+0xf5)[0x2aaab0e27b35]
[cnode0085:88701] [ 6] mom_mpi[0x40fc19]
[cnode0085:88701] *** End of error message ***
[cnode0085:88694] [ 0] /usr/lib/gcc/x86_64-redhat-linux/4.8.5/../../../../lib64/libpthread.so.0(+0xf370)[0x2aaaaff87370]
[cnode0085:88694] [ 1] mom_mpi[0x430805]
[cnode0085:88694] [ 2] mom_mpi[0x437061]
[cnode0085:88694] [ 3] mom_mpi[0x439359]
[cnode0085:88694] [ 4] mom_mpi[0x440a9e]
[cnode0085:88694] [ 5] /usr/lib/gcc/x86_64-redhat-linux/4.8.5/../../../../lib64/libc.so.6(__libc_start_main+0xf5)[0x2aaab0e27b35]
[cnode0085:88694] [ 6] mom_mpi[0x40fc19]
[cnode0085:88694] *** End of error message ***
[cnode0085:88696] [ 0] /usr/lib/gcc/x86_64-redhat-linux/4.8.5/../../../../lib64/libpthread.so.0(+0xf370)[0x2aaaaff87370]
[cnode0085:88696] [ 1] mom_mpi[0x430805]
[cnode0085:88696] [ 2] mom_mpi[0x437061]
[cnode0085:88696] [ 3] mom_mpi[0x439359]
[cnode0085:88696] [ 4] mom_mpi[0x440a9e]
[cnode0085:88696] [ 5] /usr/lib/gcc/x86_64-redhat-linux/4.8.5/../../../../lib64/libc.so.6(__libc_start_main+0xf5)[0x2aaab0e27b35]
[cnode0085:88696] [ 6] mom_mpi[0x40fc19]
[cnode0085:88696] *** End of error message ***
[cnode0085:88695] [ 0] /usr/lib/gcc/x86_64-redhat-linux/4.8.5/../../../../lib64/libpthread.so.0(+0xf370)[0x2aaaaff87370]
[cnode0085:88695] [ 1] mom_mpi[0x430805]
[cnode0085:88695] [ 2] mom_mpi[0x437061]
[cnode0085:88695] [ 3] mom_mpi[0x439359]
[cnode0085:88695] [ 4] mom_mpi[0x440a9e]
[cnode0085:88695] [ 5] /usr/lib/gcc/x86_64-redhat-linux/4.8.5/../../../../lib64/libc.so.6(__libc_start_main+0xf5)[0x2aaab0e27b35]
[cnode0085:88695] [ 6] mom_mpi[0x40fc19]
[cnode0085:88695] *** End of error message ***
[cnode0085:88699] [ 0] /usr/lib/gcc/x86_64-redhat-linux/4.8.5/../../../../lib64/libpthread.so.0(+0xf370)[0x2aaaaff87370]
[cnode0085:88699] [ 1] mom_mpi[0x430805]
[cnode0085:88699] [ 2] mom_mpi[0x437061]
[cnode0085:88699] [ 3] mom_mpi[0x439359]
[cnode0085:88699] [ 4] mom_mpi[0x440a9e]
[cnode0085:88699] [ 5] /usr/lib/gcc/x86_64-redhat-linux/4.8.5/../../../../lib64/libc.so.6(__libc_start_main+0xf5)[0x2aaab0e27b35]
[cnode0085:88699] [ 6] mom_mpi[0x40fc19]
[cnode0085:88699] *** End of error message ***
[cnode0085:88697] [ 0] /usr/lib/gcc/x86_64-redhat-linux/4.8.5/../../../../lib64/libpthread.so.0(+0xf370)[0x2aaaaff87370]
[cnode0085:88697] [ 1] mom_mpi[0x430805]
[cnode0085:88697] [ 2] mom_mpi[0x437061]
[cnode0085:88697] [ 3] mom_mpi[0x439359]
[cnode0085:88697] [ 4] mom_mpi[0x440a9e]
[cnode0085:88697] [ 5] /usr/lib/gcc/x86_64-redhat-linux/4.8.5/../../../../lib64/libc.so.6(__libc_start_main+0xf5)[0x2aaab0e27b35]
[cnode0085:88697] [ 6] mom_mpi[0x40fc19]
[cnode0085:88697] *** End of error message ***
--------------------------------------------------------------------------
Primary job  terminated normally, but 1 process returned
a non-zero exit code. Per user-direction, the job has been aborted.
--------------------------------------------------------------------------
[cnode0095:70318] *** Process received signal ***
[cnode0095:70318] Signal: Segmentation fault (11)
[cnode0095:70318] Signal code: Address not mapped (1)
[cnode0095:70318] Failing at address: (nil)
[cnode0095:70318] [ 0] /usr/lib/gcc/x86_64-redhat-linux/4.8.5/../../../../lib64/libpthread.so.0(+0xf370)[0x2aaaaff87370]
[cnode0095:70318] [ 1] mom_mpi[0x430805]
[cnode0095:70318] [ 2] mom_mpi[0x437061]
[cnode0095:70318] [ 3] mom_mpi[0x439359]
[cnode0095:70318] [ 4] mom_mpi[0x440a9e]
[cnode0095:70318] [ 5] /usr/lib/gcc/x86_64-redhat-linux/4.8.5/../../../../lib64/libc.so.6(__libc_start_main+0xf5)[0x2aaab0e27b35]
[cnode0095:70318] [ 6] mom_mpi[0x40fc19]
[cnode0095:70318] *** End of error message ***
[cnode0095:70320] *** Process received signal ***
[cnode0095:70320] Signal: Segmentation fault (11)
[cnode0095:70320] Signal code: Address not mapped (1)
[cnode0095:70320] Failing at address: (nil)
[cnode0095:70320] [ 0] /usr/lib/gcc/x86_64-redhat-linux/4.8.5/../../../../lib64/libpthread.so.0(+0xf370)[0x2aaaaff87370]
[cnode0095:70320] [ 1] mom_mpi[0x430805]
[cnode0095:70320] [ 2] mom_mpi[0x437061]
[cnode0095:70320] [ 3] mom_mpi[0x439359]
[cnode0095:70320] [ 4] mom_mpi[0x440a9e]
[cnode0095:70320] [ 5] /usr/lib/gcc/x86_64-redhat-linux/4.8.5/../../../../lib64/libc.so.6(__libc_start_main+0xf5)[0x2aaab0e27b35]
[cnode0095:70320] [ 6] mom_mpi[0x40fc19]
[cnode0095:70320] *** End of error message ***
[cnode0095:70323] *** Process received signal ***
[cnode0095:70323] Signal: Segmentation fault (11)
[cnode0095:70323] Signal code: Address not mapped (1)
[cnode0095:70323] Failing at address: (nil)
[cnode0095:70323] [ 0] /usr/lib/gcc/x86_64-redhat-linux/4.8.5/../../../../lib64/libpthread.so.0(+0xf370)[0x2aaaaff87370]
[cnode0095:70323] [ 1] mom_mpi[0x430805]
[cnode0095:70323] [ 2] mom_mpi[0x437061]
[cnode0095:70323] [ 3] mom_mpi[0x439359]
[cnode0095:70323] [ 4] mom_mpi[0x440a9e]
[cnode0095:70323] [ 5] /usr/lib/gcc/x86_64-redhat-linux/4.8.5/../../../../lib64/libc.so.6(__libc_start_main+0xf5)[0x2aaab0e27b35]
[cnode0095:70323] [ 6] mom_mpi[0x40fc19]
[cnode0095:70323] *** End of error message ***
[cnode0095:70326] *** Process received signal ***
[cnode0095:70326] Signal: Segmentation fault (11)
[cnode0095:70326] Signal code: Address not mapped (1)
[cnode0095:70326] Failing at address: (nil)
[cnode0095:70326] [ 0] /usr/lib/gcc/x86_64-redhat-linux/4.8.5/../../../../lib64/libpthread.so.0(+0xf370)[0x2aaaaff87370]
[cnode0095:70326] [ 1] mom_mpi[0x430805]
[cnode0095:70326] [ 2] mom_mpi[0x437061]
[cnode0095:70326] [ 3] mom_mpi[0x439359]
[cnode0095:70326] [ 4] mom_mpi[0x440a9e]
[cnode0095:70326] [ 5] /usr/lib/gcc/x86_64-redhat-linux/4.8.5/../../../../lib64/libc.so.6(__libc_start_main+0xf5)[0x2aaab0e27b35]
[cnode0095:70326] [ 6] mom_mpi[0x40fc19]
[cnode0095:70326] *** End of error message ***
[cnode0111:55512] *** Process received signal ***
[cnode0111:55512] Signal: Segmentation fault (11)
[cnode0111:55512] Signal code: Address not mapped (1)
[cnode0111:55512] Failing at address: (nil)
[cnode0111:55512] [ 0] /usr/lib/gcc/x86_64-redhat-linux/4.8.5/../../../../lib64/libpthread.so.0(+0xf370)[0x2aaaaff87370]
[cnode0111:55512] [ 1] mom_mpi[0x430805]
[cnode0111:55512] [ 2] mom_mpi[0x437061]
[cnode0111:55512] [ 3] mom_mpi[0x439359]
[cnode0111:55512] [ 4] mom_mpi[0x440a9e]
[cnode0111:55512] [ 5] /usr/lib/gcc/x86_64-redhat-linux/4.8.5/../../../../lib64/libc.so.6(__libc_start_main+0xf5)[0x2aaab0e27b35]
[cnode0111:55512] [ 6] mom_mpi[0x40fc19]
[cnode0111:55512] *** End of error message ***
[cnode0111:55513] *** Process received signal ***
[cnode0111:55513] Signal: Segmentation fault (11)
[cnode0111:55513] Signal code: Address not mapped (1)
[cnode0111:55513] Failing at address: (nil)
[cnode0111:55513] [ 0] /usr/lib/gcc/x86_64-redhat-linux/4.8.5/../../../../lib64/libpthread.so.0(+0xf370)[0x2aaaaff87370]
[cnode0111:55513] [ 1] mom_mpi[0x430805]
[cnode0111:55513] [ 2] mom_mpi[0x437061]
[cnode0111:55513] [ 3] mom_mpi[0x439359]
[cnode0111:55513] [ 4] mom_mpi[0x440a9e]
[cnode0111:55513] [ 5] /usr/lib/gcc/x86_64-redhat-linux/4.8.5/../../../../lib64/libc.so.6(__libc_start_main+0xf5)[0x2aaab0e27b35]
[cnode0111:55513] [ 6] mom_mpi[0x40fc19]
[cnode0111:55513] *** End of error message ***
[cnode0111:55515] *** Process received signal ***
[cnode0111:55515] Signal: Segmentation fault (11)
[cnode0111:55515] Signal code: Address not mapped (1)
[cnode0111:55515] Failing at address: (nil)
[cnode0111:55515] [ 0] /usr/lib/gcc/x86_64-redhat-linux/4.8.5/../../../../lib64/libpthread.so.0(+0xf370)[0x2aaaaff87370]
[cnode0111:55515] [ 1] mom_mpi[0x430805]
[cnode0111:55515] [ 2] mom_mpi[0x437061]
[cnode0111:55515] [ 3] mom_mpi[0x439359]
[cnode0111:55515] [ 4] mom_mpi[0x440a9e]
[cnode0111:55515] [ 5] /usr/lib/gcc/x86_64-redhat-linux/4.8.5/../../../../lib64/libc.so.6(__libc_start_main+0xf5)[0x2aaab0e27b35]
[cnode0111:55515] [ 6] mom_mpi[0x40fc19]
[cnode0111:55515] *** End of error message ***
[cnode0111:55516] *** Process received signal ***
[cnode0111:55516] Signal: Segmentation fault (11)
[cnode0111:55516] Signal code: Address not mapped (1)
[cnode0111:55516] Failing at address: (nil)
[cnode0111:55516] [ 0] /usr/lib/gcc/x86_64-redhat-linux/4.8.5/../../../../lib64/libpthread.so.0(+0xf370)[0x2aaaaff87370]
[cnode0111:55516] [ 1] mom_mpi[0x430805]
[cnode0111:55516] [ 2] mom_mpi[0x437061]
[cnode0111:55516] [ 3] mom_mpi[0x439359]
[cnode0111:55516] [ 4] mom_mpi[0x440a9e]
[cnode0111:55516] [ 5] /usr/lib/gcc/x86_64-redhat-linux/4.8.5/../../../../lib64/libc.so.6(__libc_start_main+0xf5)[0x2aaab0e27b35]
[cnode0111:55516] [ 6] mom_mpi[0x40fc19]
[cnode0111:55516] *** End of error message ***
[cnode0111:55517] *** Process received signal ***
[cnode0111:55517] Signal: Segmentation fault (11)
[cnode0111:55517] Signal code: Address not mapped (1)
[cnode0111:55517] Failing at address: (nil)
[cnode0111:55517] [ 0] /usr/lib/gcc/x86_64-redhat-linux/4.8.5/../../../../lib64/libpthread.so.0(+0xf370)[0x2aaaaff87370]
[cnode0111:55517] [ 1] mom_mpi[0x430805]
[cnode0111:55517] [ 2] mom_mpi[0x437061]
[cnode0111:55517] [ 3] mom_mpi[0x439359]
[cnode0111:55517] [ 4] mom_mpi[0x440a9e]
[cnode0111:55517] [ 5] /usr/lib/gcc/x86_64-redhat-linux/4.8.5/../../../../lib64/libc.so.6(__libc_start_main+0xf5)[0x2aaab0e27b35]
[cnode0111:55517] [ 6] mom_mpi[0x40fc19]
[cnode0111:55517] *** End of error message ***
[cnode0111:55518] *** Process received signal ***
[cnode0111:55518] Signal: Segmentation fault (11)
[cnode0111:55518] Signal code: Address not mapped (1)
[cnode0111:55518] Failing at address: (nil)
[cnode0111:55518] [ 0] /usr/lib/gcc/x86_64-redhat-linux/4.8.5/../../../../lib64/libpthread.so.0(+0xf370)[0x2aaaaff87370]
[cnode0111:55518] [ 1] mom_mpi[0x430805]
[cnode0111:55518] [ 2] mom_mpi[0x437061]
[cnode0111:55518] [ 3] mom_mpi[0x439359]
[cnode0111:55518] [ 4] mom_mpi[0x440a9e]
[cnode0111:55518] [ 5] /usr/lib/gcc/x86_64-redhat-linux/4.8.5/../../../../lib64/libc.so.6(__libc_start_main+0xf5)[0x2aaab0e27b35]
[cnode0111:55518] [ 6] mom_mpi[0x40fc19]
[cnode0111:55518] *** End of error message ***
[cnode0111:55519] *** Process received signal ***
[cnode0111:55519] Signal: Segmentation fault (11)
[cnode0111:55519] Signal code: Address not mapped (1)
[cnode0111:55519] Failing at address: (nil)
[cnode0111:55519] [ 0] /usr/lib/gcc/x86_64-redhat-linux/4.8.5/../../../../lib64/libpthread.so.0(+0xf370)[0x2aaaaff87370]
[cnode0111:55519] [ 1] mom_mpi[0x430805]
[cnode0111:55519] [ 2] mom_mpi[0x437061]
[cnode0111:55519] [ 3] mom_mpi[0x439359]
[cnode0111:55519] [ 4] mom_mpi[0x440a9e]
[cnode0111:55519] [ 5] /usr/lib/gcc/x86_64-redhat-linux/4.8.5/../../../../lib64/libc.so.6(__libc_start_main+0xf5)[0x2aaab0e27b35]
[cnode0111:55519] [ 6] mom_mpi[0x40fc19]
[cnode0111:55519] *** End of error message ***
[cnode0090:147830] *** Process received signal ***
[cnode0090:147830] Signal: Segmentation fault (11)
[cnode0090:147830] Signal code: Address not mapped (1)
[cnode0090:147830] Failing at address: (nil)
[cnode0090:147830] [ 0] /usr/lib/gcc/x86_64-redhat-linux/4.8.5/../../../../lib64/libpthread.so.0(+0xf370)[0x2aaaaff87370]
[cnode0090:147830] [ 1] mom_mpi[0x430805]
[cnode0090:147830] [ 2] mom_mpi[0x437061]
[cnode0090:147830] [ 3] mom_mpi[0x439359]
[cnode0090:147830] [ 4] mom_mpi[0x440a9e]
[cnode0090:147830] [ 5] /usr/lib/gcc/x86_64-redhat-linux/4.8.5/../../../../lib64/libc.so.6(__libc_start_main+0xf5)[0x2aaab0e27b35]
[cnode0090:147830] [ 6] mom_mpi[0x40fc19]
[cnode0090:147830] *** End of error message ***
[cnode0090:147831] *** Process received signal ***
[cnode0090:147831] Signal: Segmentation fault (11)
[cnode0090:147831] Signal code: Address not mapped (1)
[cnode0090:147831] Failing at address: (nil)
[cnode0090:147831] [ 0] /usr/lib/gcc/x86_64-redhat-linux/4.8.5/../../../../lib64/libpthread.so.0(+0xf370)[0x2aaaaff87370]
[cnode0090:147831] [ 1] mom_mpi[0x430805]
[cnode0090:147831] [ 2] mom_mpi[0x437061]
[cnode0090:147831] [ 3] mom_mpi[0x439359]
[cnode0090:147831] [ 4] mom_mpi[0x440a9e]
[cnode0090:147831] [ 5] /usr/lib/gcc/x86_64-redhat-linux/4.8.5/../../../../lib64/libc.so.6(__libc_start_main+0xf5)[0x2aaab0e27b35]
[cnode0090:147831] [ 6] mom_mpi[0x40fc19]
[cnode0090:147831] *** End of error message ***
[cnode0090:147832] *** Process received signal ***
[cnode0090:147832] Signal: Segmentation fault (11)
[cnode0090:147832] Signal code: Address not mapped (1)
[cnode0090:147832] Failing at address: (nil)
[cnode0090:147832] [ 0] /usr/lib/gcc/x86_64-redhat-linux/4.8.5/../../../../lib64/libpthread.so.0(+0xf370)[0x2aaaaff87370]
[cnode0090:147832] [ 1] mom_mpi[0x430805]
[cnode0090:147832] [ 2] mom_mpi[0x437061]
[cnode0090:147832] [ 3] mom_mpi[0x439359]
[cnode0090:147832] [ 4] mom_mpi[0x440a9e]
[cnode0090:147832] [ 5] /usr/lib/gcc/x86_64-redhat-linux/4.8.5/../../../../lib64/libc.so.6(__libc_start_main+0xf5)[0x2aaab0e27b35]
[cnode0090:147832] [ 6] mom_mpi[0x40fc19]
[cnode0090:147832] *** End of error message ***
[cnode0090:147833] *** Process received signal ***
[cnode0090:147833] Signal: Segmentation fault (11)
[cnode0090:147833] Signal code: Address not mapped (1)
[cnode0090:147833] Failing at address: (nil)
[cnode0090:147833] [ 0] /usr/lib/gcc/x86_64-redhat-linux/4.8.5/../../../../lib64/libpthread.so.0(+0xf370)[0x2aaaaff87370]
[cnode0090:147833] [ 1] mom_mpi[0x430805]
[cnode0090:147833] [ 2] mom_mpi[0x437061]
[cnode0090:147833] [ 3] mom_mpi[0x439359]
[cnode0090:147833] [ 4] mom_mpi[0x440a9e]
[cnode0090:147833] [ 5] /usr/lib/gcc/x86_64-redhat-linux/4.8.5/../../../../lib64/libc.so.6(__libc_start_main+0xf5)[0x2aaab0e27b35]
[cnode0090:147833] [ 6] mom_mpi[0x40fc19]
[cnode0090:147833] *** End of error message ***
[cnode0090:147836] *** Process received signal ***
[cnode0090:147836] Signal: Segmentation fault (11)
[cnode0090:147836] Signal code: Address not mapped (1)
[cnode0090:147836] Failing at address: (nil)
[cnode0090:147836] [ 0] /usr/lib/gcc/x86_64-redhat-linux/4.8.5/../../../../lib64/libpthread.so.0(+0xf370)[0x2aaaaff87370]
[cnode0090:147836] [ 1] mom_mpi[0x430805]
[cnode0090:147836] [ 2] mom_mpi[0x437061]
[cnode0090:147836] [ 3] mom_mpi[0x439359]
[cnode0090:147836] [ 4] mom_mpi[0x440a9e]
[cnode0090:147836] [ 5] /usr/lib/gcc/x86_64-redhat-linux/4.8.5/../../../../lib64/libc.so.6(__libc_start_main+0xf5)[0x2aaab0e27b35]
[cnode0090:147836] [ 6] mom_mpi[0x40fc19]
[cnode0090:147836] *** End of error message ***
[cnode0090:147837] *** Process received signal ***
[cnode0090:147837] Signal: Segmentation fault (11)
[cnode0090:147837] Signal code: Address not mapped (1)
[cnode0090:147837] Failing at address: (nil)
[cnode0090:147837] [ 0] /usr/lib/gcc/x86_64-redhat-linux/4.8.5/../../../../lib64/libpthread.so.0(+0xf370)[0x2aaaaff87370]
[cnode0090:147837] [ 1] mom_mpi[0x430805]
[cnode0090:147837] [ 2] mom_mpi[0x437061]
[cnode0090:147837] [ 3] mom_mpi[0x439359]
[cnode0090:147837] [ 4] mom_mpi[0x440a9e]
[cnode0090:147837] [ 5] /usr/lib/gcc/x86_64-redhat-linux/4.8.5/../../../../lib64/libc.so.6(__libc_start_main+0xf5)[0x2aaab0e27b35]
[cnode0090:147837] [ 6] mom_mpi[0x40fc19]
[cnode0090:147837] *** End of error message ***
[cnode0090:147838] *** Process received signal ***
[cnode0090:147838] Signal: Segmentation fault (11)
[cnode0090:147838] Signal code: Address not mapped (1)
[cnode0090:147838] Failing at address: (nil)
[cnode0090:147838] [ 0] /usr/lib/gcc/x86_64-redhat-linux/4.8.5/../../../../lib64/libpthread.so.0(+0xf370)[0x2aaaaff87370]
[cnode0090:147838] [ 1] mom_mpi[0x430805]
[cnode0090:147838] [ 2] mom_mpi[0x437061]
[cnode0090:147838] [ 3] mom_mpi[0x439359]
[cnode0090:147838] [ 4] mom_mpi[0x440a9e]
[cnode0090:147838] [ 5] /usr/lib/gcc/x86_64-redhat-linux/4.8.5/../../../../lib64/libc.so.6(__libc_start_main+0xf5)[0x2aaab0e27b35]
[cnode0090:147838] [ 6] mom_mpi[0x40fc19]
[cnode0090:147838] *** End of error message ***
[cnode0121:118054] *** Process received signal ***
[cnode0121:118054] Signal: Segmentation fault (11)
[cnode0121:118054] Signal code: Address not mapped (1)
[cnode0121:118054] Failing at address: (nil)
[cnode0121:118054] [ 0] /usr/lib/gcc/x86_64-redhat-linux/4.8.5/../../../../lib64/libpthread.so.0(+0xf370)[0x2aaaaff87370]
[cnode0121:118054] [ 1] mom_mpi[0x430805]
[cnode0121:118054] [ 2] mom_mpi[0x437061]
[cnode0121:118054] [ 3] mom_mpi[0x439359]
[cnode0121:118054] [ 4] mom_mpi[0x440a9e]
[cnode0121:118054] [ 5] /usr/lib/gcc/x86_64-redhat-linux/4.8.5/../../../../lib64/libc.so.6(__libc_start_main+0xf5)[0x2aaab0e27b35]
[cnode0121:118054] [ 6] mom_mpi[0x40fc19]
[cnode0121:118054] *** End of error message ***
[cnode0121:118057] *** Process received signal ***
[cnode0121:118057] Signal: Segmentation fault (11)
[cnode0121:118057] Signal code: Address not mapped (1)
[cnode0121:118057] Failing at address: (nil)
[cnode0121:118057] [ 0] /usr/lib/gcc/x86_64-redhat-linux/4.8.5/../../../../lib64/libpthread.so.0(+0xf370)[0x2aaaaff87370]
[cnode0121:118057] [ 1] mom_mpi[0x430805]
[cnode0121:118057] [ 2] mom_mpi[0x437061]
[cnode0121:118057] [ 3] mom_mpi[0x439359]
[cnode0121:118057] [ 4] mom_mpi[0x440a9e]
[cnode0121:118057] [ 5] /usr/lib/gcc/x86_64-redhat-linux/4.8.5/../../../../lib64/libc.so.6(__libc_start_main+0xf5)[0x2aaab0e27b35]
[cnode0121:118057] [ 6] mom_mpi[0x40fc19]
[cnode0121:118057] *** End of error message ***
[cnode0121:118058] *** Process received signal ***
[cnode0121:118058] Signal: Segmentation fault (11)
[cnode0121:118058] Signal code: Address not mapped (1)
[cnode0121:118058] Failing at address: (nil)
[cnode0121:118058] [ 0] /usr/lib/gcc/x86_64-redhat-linux/4.8.5/../../../../lib64/libpthread.so.0(+0xf370)[0x2aaaaff87370]
[cnode0121:118058] [ 1] mom_mpi[0x430805]
[cnode0121:118058] [ 2] mom_mpi[0x437061]
[cnode0121:118058] [ 3] mom_mpi[0x439359]
[cnode0121:118058] [ 4] mom_mpi[0x440a9e]
[cnode0121:118058] [ 5] /usr/lib/gcc/x86_64-redhat-linux/4.8.5/../../../../lib64/libc.so.6(__libc_start_main+0xf5)[0x2aaab0e27b35]
[cnode0121:118058] [ 6] mom_mpi[0x40fc19]
[cnode0121:118058] *** End of error message ***
[cnode0121:118060] *** Process received signal ***
[cnode0121:118060] Signal: Segmentation fault (11)
[cnode0121:118060] Signal code: Address not mapped (1)
[cnode0121:118060] Failing at address: (nil)
[cnode0121:118060] [ 0] /usr/lib/gcc/x86_64-redhat-linux/4.8.5/../../../../lib64/libpthread.so.0(+0xf370)[0x2aaaaff87370]
[cnode0121:118060] [ 1] mom_mpi[0x430805]
[cnode0121:118060] [ 2] mom_mpi[0x437061]
[cnode0121:118060] [ 3] mom_mpi[0x439359]
[cnode0121:118060] [ 4] mom_mpi[0x440a9e]
[cnode0121:118060] [ 5] /usr/lib/gcc/x86_64-redhat-linux/4.8.5/../../../../lib64/libc.so.6(__libc_start_main+0xf5)[0x2aaab0e27b35]
[cnode0121:118060] [ 6] mom_mpi[0x40fc19]
[cnode0121:118060] *** End of error message ***
[cnode0100:179476] *** Process received signal ***
[cnode0100:179476] Signal: Segmentation fault (11)
[cnode0100:179476] Signal code: Address not mapped (1)
[cnode0100:179476] Failing at address: (nil)
[cnode0100:179476] [ 0] /usr/lib/gcc/x86_64-redhat-linux/4.8.5/../../../../lib64/libpthread.so.0(+0xf370)[0x2aaaaff87370]
[cnode0100:179476] [ 1] mom_mpi[0x430805]
[cnode0100:179476] [ 2] mom_mpi[0x437061]
[cnode0100:179476] [ 3] mom_mpi[0x439359]
[cnode0100:179476] [ 4] mom_mpi[0x440a9e]
[cnode0100:179476] [ 5] /usr/lib/gcc/x86_64-redhat-linux/4.8.5/../../../../lib64/libc.so.6(__libc_start_main+0xf5)[0x2aaab0e27b35]
[cnode0100:179476] [ 6] mom_mpi[0x40fc19]
[cnode0100:179476] *** End of error message ***
[cnode0100:179477] *** Process received signal ***
[cnode0100:179477] Signal: Segmentation fault (11)
[cnode0100:179477] Signal code: Address not mapped (1)
[cnode0100:179477] Failing at address: (nil)
[cnode0100:179477] [ 0] /usr/lib/gcc/x86_64-redhat-linux/4.8.5/../../../../lib64/libpthread.so.0(+0xf370)[0x2aaaaff87370]
[cnode0100:179477] [ 1] mom_mpi[0x430805]
[cnode0100:179477] [ 2] mom_mpi[0x437061]
[cnode0100:179477] [ 3] mom_mpi[0x439359]
[cnode0100:179477] [ 4] mom_mpi[0x440a9e]
[cnode0100:179477] [ 5] /usr/lib/gcc/x86_64-redhat-linux/4.8.5/../../../../lib64/libc.so.6(__libc_start_main+0xf5)[0x2aaab0e27b35]
[cnode0100:179477] [ 6] mom_mpi[0x40fc19]
[cnode0100:179477] *** End of error message ***
[cnode0100:179478] *** Process received signal ***
[cnode0100:179478] Signal: Segmentation fault (11)
[cnode0100:179478] Signal code: Address not mapped (1)
[cnode0100:179478] Failing at address: (nil)
[cnode0100:179478] [ 0] /usr/lib/gcc/x86_64-redhat-linux/4.8.5/../../../../lib64/libpthread.so.0(+0xf370)[0x2aaaaff87370]
[cnode0100:179478] [ 1] mom_mpi[0x430805]
[cnode0100:179478] [ 2] mom_mpi[0x437061]
[cnode0100:179478] [ 3] mom_mpi[0x439359]
[cnode0100:179478] [ 4] mom_mpi[0x440a9e]
[cnode0100:179478] [ 5] /usr/lib/gcc/x86_64-redhat-linux/4.8.5/../../../../lib64/libc.so.6(__libc_start_main+0xf5)[0x2aaab0e27b35]
[cnode0100:179478] [ 6] mom_mpi[0x40fc19]
[cnode0100:179478] *** End of error message ***
[cnode0100:179479] *** Process received signal ***
[cnode0100:179479] Signal: Segmentation fault (11)
[cnode0100:179479] Signal code: Address not mapped (1)
[cnode0100:179479] Failing at address: (nil)
[cnode0100:179479] [ 0] /usr/lib/gcc/x86_64-redhat-linux/4.8.5/../../../../lib64/libpthread.so.0(+0xf370)[0x2aaaaff87370]
[cnode0100:179479] [ 1] mom_mpi[0x430805]
[cnode0100:179479] [ 2] mom_mpi[0x437061]
[cnode0100:179479] [ 3] mom_mpi[0x439359]
[cnode0100:179479] [ 4] mom_mpi[0x440a9e]
[cnode0100:179479] [ 5] /usr/lib/gcc/x86_64-redhat-linux/4.8.5/../../../../lib64/libc.so.6(__libc_start_main+0xf5)[0x2aaab0e27b35]
[cnode0100:179479] [ 6] mom_mpi[0x40fc19]
[cnode0100:179479] *** End of error message ***
[cnode0100:179480] *** Process received signal ***
[cnode0100:179480] Signal: Segmentation fault (11)
[cnode0100:179480] Signal code: Address not mapped (1)
[cnode0100:179480] Failing at address: (nil)
[cnode0100:179480] [ 0] /usr/lib/gcc/x86_64-redhat-linux/4.8.5/../../../../lib64/libpthread.so.0(+0xf370)[0x2aaaaff87370]
[cnode0100:179480] [ 1] mom_mpi[0x430805]
[cnode0100:179480] [ 2] mom_mpi[0x437061]
[cnode0100:179480] [ 3] mom_mpi[0x439359]
[cnode0100:179480] [ 4] mom_mpi[0x440a9e]
[cnode0100:179480] [ 5] /usr/lib/gcc/x86_64-redhat-linux/4.8.5/../../../../lib64/libc.so.6(__libc_start_main+0xf5)[0x2aaab0e27b35]
[cnode0100:179480] [ 6] mom_mpi[0x40fc19]
[cnode0100:179480] *** End of error message ***
[cnode0100:179481] *** Process received signal ***
[cnode0100:179481] Signal: Segmentation fault (11)
[cnode0100:179481] Signal code: Address not mapped (1)
[cnode0100:179481] Failing at address: (nil)
[cnode0100:179481] [ 0] /usr/lib/gcc/x86_64-redhat-linux/4.8.5/../../../../lib64/libpthread.so.0(+0xf370)[0x2aaaaff87370]
[cnode0100:179481] [ 1] mom_mpi[0x430805]
[cnode0100:179481] [ 2] mom_mpi[0x437061]
[cnode0100:179481] [ 3] mom_mpi[0x439359]
[cnode0100:179481] [ 4] mom_mpi[0x440a9e]
[cnode0100:179481] [ 5] /usr/lib/gcc/x86_64-redhat-linux/4.8.5/../../../../lib64/libc.so.6(__libc_start_main+0xf5)[0x2aaab0e27b35]
[cnode0100:179481] [ 6] mom_mpi[0x40fc19]
[cnode0100:179481] *** End of error message ***
[cnode0100:179483] *** Process received signal ***
[cnode0100:179483] Signal: Segmentation fault (11)
[cnode0100:179483] Signal code: Address not mapped (1)
[cnode0100:179483] Failing at address: (nil)
[cnode0100:179483] [ 0] /usr/lib/gcc/x86_64-redhat-linux/4.8.5/../../../../lib64/libpthread.so.0(+0xf370)[0x2aaaaff87370]
[cnode0100:179483] [ 1] mom_mpi[0x430805]
[cnode0100:179483] [ 2] mom_mpi[0x437061]
[cnode0100:179483] [ 3] mom_mpi[0x439359]
[cnode0100:179483] [ 4] mom_mpi[0x440a9e]
[cnode0100:179483] [ 5] /usr/lib/gcc/x86_64-redhat-linux/4.8.5/../../../../lib64/libc.so.6(__libc_start_main+0xf5)[0x2aaab0e27b35]
[cnode0100:179483] [ 6] mom_mpi[0x40fc19]
[cnode0100:179483] *** End of error message ***
[cnode0100:179485] *** Process received signal ***
[cnode0100:179485] Signal: Segmentation fault (11)
[cnode0100:179485] Signal code: Address not mapped (1)
[cnode0100:179485] Failing at address: (nil)
[cnode0100:179485] [ 0] /usr/lib/gcc/x86_64-redhat-linux/4.8.5/../../../../lib64/libpthread.so.0(+0xf370)[0x2aaaaff87370]
[cnode0100:179485] [ 1] mom_mpi[0x430805]
[cnode0100:179485] [ 2] mom_mpi[0x437061]
[cnode0100:179485] [ 3] mom_mpi[0x439359]
[cnode0100:179485] [ 4] mom_mpi[0x440a9e]
[cnode0100:179485] [ 5] /usr/lib/gcc/x86_64-redhat-linux/4.8.5/../../../../lib64/libc.so.6(__libc_start_main+0xf5)[0x2aaab0e27b35]
[cnode0100:179485] [ 6] mom_mpi[0x40fc19]
[cnode0100:179485] *** End of error message ***
[cnode0092:163470] *** Process received signal ***
[cnode0092:163470] Signal: Segmentation fault (11)
[cnode0092:163470] Signal code: Address not mapped (1)
[cnode0092:163470] Failing at address: (nil)
[cnode0092:163470] [ 0] /usr/lib/gcc/x86_64-redhat-linux/4.8.5/../../../../lib64/libpthread.so.0(+0xf370)[0x2aaaaff87370]
[cnode0092:163470] [ 1] mom_mpi[0x430805]
[cnode0092:163470] [ 2] mom_mpi[0x437061]
[cnode0092:163470] [ 3] mom_mpi[0x439359]
[cnode0092:163470] [ 4] mom_mpi[0x440a9e]
[cnode0092:163470] [ 5] /usr/lib/gcc/x86_64-redhat-linux/4.8.5/../../../../lib64/libc.so.6(__libc_start_main+0xf5)[0x2aaab0e27b35]
[cnode0092:163470] [ 6] mom_mpi[0x40fc19]
[cnode0092:163470] *** End of error message ***
[cnode0092:163471] *** Process received signal ***
[cnode0092:163471] Signal: Segmentation fault (11)
[cnode0092:163471] Signal code: Address not mapped (1)
[cnode0092:163471] Failing at address: (nil)
[cnode0092:163471] [ 0] /usr/lib/gcc/x86_64-redhat-linux/4.8.5/../../../../lib64/libpthread.so.0(+0xf370)[0x2aaaaff87370]
[cnode0092:163471] [ 1] mom_mpi[0x430805]
[cnode0092:163471] [ 2] mom_mpi[0x437061]
[cnode0092:163471] [ 3] mom_mpi[0x439359]
[cnode0092:163471] [ 4] mom_mpi[0x440a9e]
[cnode0092:163471] [ 5] /usr/lib/gcc/x86_64-redhat-linux/4.8.5/../../../../lib64/libc.so.6(__libc_start_main+0xf5)[0x2aaab0e27b35]
[cnode0092:163471] [ 6] mom_mpi[0x40fc19]
[cnode0092:163471] *** End of error message ***
[cnode0092:163472] *** Process received signal ***
[cnode0092:163472] Signal: Segmentation fault (11)
[cnode0092:163472] Signal code: Address not mapped (1)
[cnode0092:163472] Failing at address: (nil)
[cnode0092:163472] [ 0] /usr/lib/gcc/x86_64-redhat-linux/4.8.5/../../../../lib64/libpthread.so.0(+0xf370)[0x2aaaaff87370]
[cnode0092:163472] [ 1] mom_mpi[0x430805]
[cnode0092:163472] [ 2] mom_mpi[0x437061]
[cnode0092:163472] [ 3] mom_mpi[0x439359]
[cnode0092:163472] [ 4] mom_mpi[0x440a9e]
[cnode0092:163472] [ 5] /usr/lib/gcc/x86_64-redhat-linux/4.8.5/../../../../lib64/libc.so.6(__libc_start_main+0xf5)[0x2aaab0e27b35]
[cnode0092:163472] [ 6] mom_mpi[0x40fc19]
[cnode0092:163472] *** End of error message ***
[cnode0092:163473] *** Process received signal ***
[cnode0092:163473] Signal: Segmentation fault (11)
[cnode0092:163473] Signal code: Address not mapped (1)
[cnode0092:163473] Failing at address: (nil)
[cnode0092:163473] [ 0] /usr/lib/gcc/x86_64-redhat-linux/4.8.5/../../../../lib64/libpthread.so.0(+0xf370)[0x2aaaaff87370]
[cnode0092:163473] [ 1] mom_mpi[0x430805]
[cnode0092:163473] [ 2] mom_mpi[0x437061]
[cnode0092:163473] [ 3] mom_mpi[0x439359]
[cnode0092:163473] [ 4] mom_mpi[0x440a9e]
[cnode0092:163473] [ 5] /usr/lib/gcc/x86_64-redhat-linux/4.8.5/../../../../lib64/libc.so.6(__libc_start_main+0xf5)[0x2aaab0e27b35]
[cnode0092:163473] [ 6] mom_mpi[0x40fc19]
[cnode0092:163473] *** End of error message ***
[cnode0092:163475] *** Process received signal ***
[cnode0092:163475] Signal: Segmentation fault (11)
[cnode0092:163475] Signal code: Address not mapped (1)
[cnode0092:163475] Failing at address: (nil)
[cnode0092:163475] [ 0] /usr/lib/gcc/x86_64-redhat-linux/4.8.5/../../../../lib64/libpthread.so.0(+0xf370)[0x2aaaaff87370]
[cnode0092:163475] [ 1] mom_mpi[0x430805]
[cnode0092:163475] [ 2] mom_mpi[0x437061]
[cnode0092:163475] [ 3] mom_mpi[0x439359]
[cnode0092:163475] [ 4] mom_mpi[0x440a9e]
[cnode0092:163475] [ 5] /usr/lib/gcc/x86_64-redhat-linux/4.8.5/../../../../lib64/libc.so.6(__libc_start_main+0xf5)[0x2aaab0e27b35]
[cnode0092:163475] [ 6] mom_mpi[0x40fc19]
[cnode0092:163475] *** End of error message ***
[cnode0092:163477] *** Process received signal ***
[cnode0092:163477] Signal: Segmentation fault (11)
[cnode0092:163477] Signal code: Address not mapped (1)
[cnode0092:163477] Failing at address: (nil)
[cnode0092:163477] [ 0] /usr/lib/gcc/x86_64-redhat-linux/4.8.5/../../../../lib64/libpthread.so.0(+0xf370)[0x2aaaaff87370]
[cnode0092:163477] [ 1] mom_mpi[0x430805]
[cnode0092:163477] [ 2] mom_mpi[0x437061]
[cnode0092:163477] [ 3] mom_mpi[0x439359]
[cnode0092:163477] [ 4] mom_mpi[0x440a9e]
[cnode0092:163477] [ 5] /usr/lib/gcc/x86_64-redhat-linux/4.8.5/../../../../lib64/libc.so.6(__libc_start_main+0xf5)[0x2aaab0e27b35]
[cnode0092:163477] [ 6] mom_mpi[0x40fc19]
[cnode0092:163477] *** End of error message ***
[cnode0092:163478] *** Process received signal ***
[cnode0092:163478] Signal: Segmentation fault (11)
[cnode0092:163478] Signal code: Address not mapped (1)
[cnode0092:163478] Failing at address: (nil)
[cnode0092:163478] [ 0] /usr/lib/gcc/x86_64-redhat-linux/4.8.5/../../../../lib64/libpthread.so.0(+0xf370)[0x2aaaaff87370]
[cnode0092:163478] [ 1] mom_mpi[0x430805]
[cnode0092:163478] [ 2] mom_mpi[0x437061]
[cnode0092:163478] [ 3] mom_mpi[0x439359]
[cnode0092:163478] [ 4] mom_mpi[0x440a9e]
[cnode0092:163478] [ 5] /usr/lib/gcc/x86_64-redhat-linux/4.8.5/../../../../lib64/libc.so.6(__libc_start_main+0xf5)[0x2aaab0e27b35]
[cnode0092:163478] [ 6] mom_mpi[0x40fc19]
[cnode0092:163478] *** End of error message ***
[cnode0092:163479] *** Process received signal ***
[cnode0092:163479] Signal: Segmentation fault (11)
[cnode0092:163479] Signal code: Address not mapped (1)
[cnode0092:163479] Failing at address: (nil)
[cnode0092:163479] [ 0] /usr/lib/gcc/x86_64-redhat-linux/4.8.5/../../../../lib64/libpthread.so.0(+0xf370)[0x2aaaaff87370]
[cnode0092:163479] [ 1] mom_mpi[0x430805]
[cnode0092:163479] [ 2] mom_mpi[0x437061]
[cnode0092:163479] [ 3] mom_mpi[0x439359]
[cnode0092:163479] [ 4] mom_mpi[0x440a9e]
[cnode0092:163479] [ 5] /usr/lib/gcc/x86_64-redhat-linux/4.8.5/../../../../lib64/libc.so.6(__libc_start_main+0xf5)[0x2aaab0e27b35]
[cnode0092:163479] [ 6] mom_mpi[0x40fc19]
[cnode0092:163479] *** End of error message ***
[cnode0099:16067] *** Process received signal ***
[cnode0099:16067] Signal: Segmentation fault (11)
[cnode0099:16067] Signal code: Address not mapped (1)
[cnode0099:16067] Failing at address: (nil)
[cnode0099:16067] [ 0] /usr/lib/gcc/x86_64-redhat-linux/4.8.5/../../../../lib64/libpthread.so.0(+0xf370)[0x2aaaaff87370]
[cnode0099:16067] [ 1] mom_mpi[0x430805]
[cnode0099:16067] [ 2] mom_mpi[0x437061]
[cnode0099:16067] [ 3] mom_mpi[0x439359]
[cnode0099:16067] [ 4] mom_mpi[0x440a9e]
[cnode0099:16067] [ 5] /usr/lib/gcc/x86_64-redhat-linux/4.8.5/../../../../lib64/libc.so.6(__libc_start_main+0xf5)[0x2aaab0e27b35]
[cnode0099:16067] [ 6] mom_mpi[0x40fc19]
[cnode0099:16067] *** End of error message ***
[cnode0099:16068] *** Process received signal ***
[cnode0099:16068] Signal: Segmentation fault (11)
[cnode0099:16068] Signal code: Address not mapped (1)
[cnode0099:16068] Failing at address: (nil)
[cnode0099:16068] [ 0] /usr/lib/gcc/x86_64-redhat-linux/4.8.5/../../../../lib64/libpthread.so.0(+0xf370)[0x2aaaaff87370]
[cnode0099:16068] [ 1] mom_mpi[0x430805]
[cnode0099:16068] [ 2] mom_mpi[0x437061]
[cnode0099:16068] [ 3] mom_mpi[0x439359]
[cnode0099:16068] [ 4] mom_mpi[0x440a9e]
[cnode0099:16068] [ 5] /usr/lib/gcc/x86_64-redhat-linux/4.8.5/../../../../lib64/libc.so.6(__libc_start_main+0xf5)[0x2aaab0e27b35]
[cnode0099:16068] [ 6] mom_mpi[0x40fc19]
[cnode0099:16068] *** End of error message ***
[cnode0099:16069] *** Process received signal ***
[cnode0099:16069] Signal: Segmentation fault (11)
[cnode0099:16069] Signal code: Address not mapped (1)
[cnode0099:16069] Failing at address: (nil)
[cnode0099:16069] [ 0] /usr/lib/gcc/x86_64-redhat-linux/4.8.5/../../../../lib64/libpthread.so.0(+0xf370)[0x2aaaaff87370]
[cnode0099:16069] [ 1] mom_mpi[0x430805]
[cnode0099:16069] [ 2] mom_mpi[0x437061]
[cnode0099:16069] [ 3] mom_mpi[0x439359]
[cnode0099:16069] [ 4] mom_mpi[0x440a9e]
[cnode0099:16069] [ 5] /usr/lib/gcc/x86_64-redhat-linux/4.8.5/../../../../lib64/libc.so.6(__libc_start_main+0xf5)[0x2aaab0e27b35]
[cnode0099:16069] [ 6] mom_mpi[0x40fc19]
[cnode0099:16069] *** End of error message ***
[cnode0099:16070] *** Process received signal ***
[cnode0099:16070] Signal: Segmentation fault (11)
[cnode0099:16070] Signal code: Address not mapped (1)
[cnode0099:16070] Failing at address: (nil)
[cnode0099:16070] [ 0] /usr/lib/gcc/x86_64-redhat-linux/4.8.5/../../../../lib64/libpthread.so.0(+0xf370)[0x2aaaaff87370]
[cnode0099:16070] [ 1] mom_mpi[0x430805]
[cnode0099:16070] [ 2] mom_mpi[0x437061]
[cnode0099:16070] [ 3] mom_mpi[0x439359]
[cnode0099:16070] [ 4] mom_mpi[0x440a9e]
[cnode0099:16070] [ 5] /usr/lib/gcc/x86_64-redhat-linux/4.8.5/../../../../lib64/libc.so.6(__libc_start_main+0xf5)[0x2aaab0e27b35]
[cnode0099:16070] [ 6] mom_mpi[0x40fc19]
[cnode0099:16070] *** End of error message ***
[cnode0099:16072] *** Process received signal ***
[cnode0099:16072] Signal: Segmentation fault (11)
[cnode0099:16072] Signal code: Address not mapped (1)
[cnode0099:16072] Failing at address: (nil)
[cnode0099:16072] [ 0] /usr/lib/gcc/x86_64-redhat-linux/4.8.5/../../../../lib64/libpthread.so.0(+0xf370)[0x2aaaaff87370]
[cnode0099:16072] [ 1] mom_mpi[0x430805]
[cnode0099:16072] [ 2] mom_mpi[0x437061]
[cnode0099:16072] [ 3] mom_mpi[0x439359]
[cnode0099:16072] [ 4] mom_mpi[0x440a9e]
[cnode0099:16072] [ 5] /usr/lib/gcc/x86_64-redhat-linux/4.8.5/../../../../lib64/libc.so.6(__libc_start_main+0xf5)[0x2aaab0e27b35]
[cnode0099:16072] [ 6] mom_mpi[0x40fc19]
[cnode0099:16072] *** End of error message ***
[cnode0099:16074] *** Process received signal ***
[cnode0099:16074] Signal: Segmentation fault (11)
[cnode0099:16074] Signal code: Address not mapped (1)
[cnode0099:16074] Failing at address: (nil)
[cnode0099:16074] [ 0] /usr/lib/gcc/x86_64-redhat-linux/4.8.5/../../../../lib64/libpthread.so.0(+0xf370)[0x2aaaaff87370]
[cnode0099:16074] [ 1] mom_mpi[0x430805]
[cnode0099:16074] [ 2] mom_mpi[0x437061]
[cnode0099:16074] [ 3] mom_mpi[0x439359]
[cnode0099:16074] [ 4] mom_mpi[0x440a9e]
[cnode0099:16074] [ 5] /usr/lib/gcc/x86_64-redhat-linux/4.8.5/../../../../lib64/libc.so.6(__libc_start_main+0xf5)[0x2aaab0e27b35]
[cnode0099:16074] [ 6] mom_mpi[0x40fc19]
[cnode0099:16074] *** End of error message ***
[cnode0099:16075] *** Process received signal ***
[cnode0099:16075] Signal: Segmentation fault (11)
[cnode0099:16075] Signal code: Address not mapped (1)
[cnode0099:16075] Failing at address: (nil)
[cnode0099:16075] [ 0] /usr/lib/gcc/x86_64-redhat-linux/4.8.5/../../../../lib64/libpthread.so.0(+0xf370)[0x2aaaaff87370]
[cnode0099:16075] [ 1] mom_mpi[0x430805]
[cnode0099:16075] [ 2] mom_mpi[0x437061]
[cnode0099:16075] [ 3] mom_mpi[0x439359]
[cnode0099:16075] [ 4] mom_mpi[0x440a9e]
[cnode0099:16075] [ 5] /usr/lib/gcc/x86_64-redhat-linux/4.8.5/../../../../lib64/libc.so.6(__libc_start_main+0xf5)[0x2aaab0e27b35]
[cnode0099:16075] [ 6] mom_mpi[0x40fc19]
[cnode0099:16075] *** End of error message ***
--------------------------------------------------------------------------
mpiexec noticed that process rank 9 with PID 88695 on node cnode0085 exited on signal 11 (Segmentation fault).
--------------------------------------------------------------------------
[cnode0083:104309] 71 more processes have sent help message help-mpi-common-cuda.txt / dlopen failed
[cnode0083:104309] Set MCA parameter "orte_base_help_aggregate" to 0 to see all help / error messages

real	0m4.639s
user	0m16.013s
sys	0m4.020s
