libibverbs: Warning: couldn't open config directory '/usr/etc/libibverbs.d'.
libibverbs: Warning: no userspace device-specific driver found for /sys/class/infiniband_verbs/uverbs0
Warning: Permanently added 'cnode0186,172.18.1.129' (ECDSA) to the list of known hosts.
Warning: Permanently added 'cnode0241,172.18.1.184' (ECDSA) to the list of known hosts.
libibverbs: Warning: couldn't open config directory '/usr/etc/libibverbs.d'.
libibverbs: Warning: no userspace device-specific driver found for /sys/class/infiniband_verbs/uverbs0
libibverbs: Warning: couldn't open config directory '/usr/etc/libibverbs.d'.
libibverbs: Warning: no userspace device-specific driver found for /sys/class/infiniband_verbs/uverbs0
libibverbs: Warning: couldn't open config directory '/usr/etc/libibverbs.d'.
libibverbs: Warning: no userspace device-specific driver found for /sys/class/infiniband_verbs/uverbs0
libibverbs: Warning: couldn't open config directory '/usr/etc/libibverbs.d'.
libibverbs: Warning: no userspace device-specific driver found for /sys/class/infiniband_verbs/uverbs0
libibverbs: Warning: couldn't open config directory '/usr/etc/libibverbs.d'.
libibverbs: Warning: no userspace device-specific driver found for /sys/class/infiniband_verbs/uverbs0
libibverbs: Warning: couldn't open config directory '/usr/etc/libibverbs.d'.
libibverbs: Warning: no userspace device-specific driver found for /sys/class/infiniband_verbs/uverbs0
libibverbs: Warning: couldn't open config directory '/usr/etc/libibverbs.d'.
libibverbs: Warning: no userspace device-specific driver found for /sys/class/infiniband_verbs/uverbs0
--------------------------------------------------------------------------
The library attempted to open the following supporting CUDA libraries,
but each of them failed.  CUDA-aware support is disabled.
libcuda.so.1: cannot open shared object file: No such file or directory
libcuda.dylib: cannot open shared object file: No such file or directory
/usr/lib64/libcuda.so.1: cannot open shared object file: No such file or directory
/usr/lib64/libcuda.dylib: cannot open shared object file: No such file or directory
If you are not interested in CUDA-aware support, then run with
--mca mpi_cuda_support 0 to suppress this message.  If you are interested
in CUDA-aware support, then try setting LD_LIBRARY_PATH to the location
of libcuda.so.1 to get passed this issue.
--------------------------------------------------------------------------
[cnode0186:36217] *** Process received signal ***
[cnode0186:36217] Signal: Segmentation fault (11)
[cnode0186:36217] Signal code: Address not mapped (1)
[cnode0186:36217] Failing at address: (nil)
[cnode0186:36224] *** Process received signal ***
[cnode0186:36224] Signal: Segmentation fault (11)
[cnode0186:36224] Signal code: Address not mapped (1)
[cnode0186:36224] Failing at address: (nil)
[cnode0186:36217] [ 0] /usr/lib/gcc/x86_64-redhat-linux/4.8.5/../../../../lib64/libpthread.so.0(+0xf370)[0x2aaaaff87370]
[cnode0186:36217] [ 1] mom_mpi[0x430805]
[cnode0186:36217] [ 2] mom_mpi[0x437061]
[cnode0186:36217] [ 3] mom_mpi[0x439321]
[cnode0186:36217] [ 4] mom_mpi[0x44085e]
[cnode0186:36217] [ 5] /usr/lib/gcc/x86_64-redhat-linux/4.8.5/../../../../lib64/libc.so.6(__libc_start_main+0xf5)[0x2aaab0e27b35]
[cnode0186:36217] [ 6] mom_mpi[0x40fc19]
[cnode0186:36217] *** End of error message ***
[cnode0186:36224] [ 0] /usr/lib/gcc/x86_64-redhat-linux/4.8.5/../../../../lib64/libpthread.so.0(+0xf370)[0x2aaaaff87370]
[cnode0186:36224] [ 1] mom_mpi[0x430805]
[cnode0186:36224] [ 2] mom_mpi[0x437061]
[cnode0186:36224] [ 3] mom_mpi[0x439321]
[cnode0186:36224] [ 4] mom_mpi[0x44085e]
[cnode0186:36224] [ 5] /usr/lib/gcc/x86_64-redhat-linux/4.8.5/../../../../lib64/libc.so.6(__libc_start_main+0xf5)[0x2aaab0e27b35]
[cnode0186:36224] [ 6] mom_mpi[0x40fc19]
[cnode0186:36224] *** End of error message ***
[cnode0186:36225] *** Process received signal ***
[cnode0186:36225] Signal: Segmentation fault (11)
[cnode0186:36225] Signal code: Address not mapped (1)
[cnode0186:36225] Failing at address: (nil)
[cnode0186:36214] *** Process received signal ***
[cnode0186:36214] Signal: Segmentation fault (11)
[cnode0186:36214] Signal code: Address not mapped (1)
[cnode0186:36214] Failing at address: (nil)
[cnode0186:36225] [ 0] /usr/lib/gcc/x86_64-redhat-linux/4.8.5/../../../../lib64/libpthread.so.0(+0xf370)[0x2aaaaff87370]
[cnode0186:36225] [ 1] [cnode0186:36214] [ 0] /usr/lib/gcc/x86_64-redhat-linux/4.8.5/../../../../lib64/libpthread.so.0(+0xf370)[0x2aaaaff87370]
[cnode0186:36214] [ 1] mom_mpi[0x430805]
[cnode0186:36214] [ 2] mom_mpi[0x437061]
[cnode0186:36214] [ 3] mom_mpi[0x439321]
[cnode0186:36214] [ 4] mom_mpi[0x430805]
[cnode0186:36225] [ 2] mom_mpi[0x437061]
[cnode0186:36225] [ 3] mom_mpi[0x439321]
[cnode0186:36225] [ 4] mom_mpi[0x44085e]
[cnode0186:36225] [ 5] mom_mpi[0x44085e]
[cnode0186:36214] [ 5] /usr/lib/gcc/x86_64-redhat-linux/4.8.5/../../../../lib64/libc.so.6(__libc_start_main+0xf5)[0x2aaab0e27b35]
[cnode0186:36214] [ 6] /usr/lib/gcc/x86_64-redhat-linux/4.8.5/../../../../lib64/libc.so.6(__libc_start_main+0xf5)[0x2aaab0e27b35]
[cnode0186:36225] [ 6] mom_mpi[0x40fc19]
[cnode0186:36225] *** End of error message ***
mom_mpi[0x40fc19]
[cnode0186:36214] *** End of error message ***
[cnode0186:36226] *** Process received signal ***
[cnode0186:36226] Signal: Segmentation fault (11)
[cnode0186:36226] Signal code: Address not mapped (1)
[cnode0186:36226] Failing at address: (nil)
[cnode0186:36226] [ 0] /usr/lib/gcc/x86_64-redhat-linux/4.8.5/../../../../lib64/libpthread.so.0(+0xf370)[0x2aaaaff87370]
[cnode0186:36226] [ 1] mom_mpi[0x430805]
[cnode0186:36226] [ 2] mom_mpi[0x437061]
[cnode0186:36226] [ 3] mom_mpi[0x439321]
[cnode0186:36226] [ 4] mom_mpi[0x44085e]
[cnode0186:36226] [ 5] /usr/lib/gcc/x86_64-redhat-linux/4.8.5/../../../../lib64/libc.so.6(__libc_start_main+0xf5)[0x2aaab0e27b35]
[cnode0186:36226] [ 6] mom_mpi[0x40fc19]
[cnode0186:36226] *** End of error message ***
[cnode0186:36223] *** Process received signal ***
[cnode0186:36223] Signal: Segmentation fault (11)
[cnode0186:36223] Signal code: Address not mapped (1)
[cnode0186:36223] Failing at address: (nil)
[cnode0186:36223] [ 0] /usr/lib/gcc/x86_64-redhat-linux/4.8.5/../../../../lib64/libpthread.so.0(+0xf370)[0x2aaaaff87370]
[cnode0186:36223] [ 1] mom_mpi[0x430805]
[cnode0186:36223] [ 2] mom_mpi[0x437061]
[cnode0186:36223] [ 3] mom_mpi[0x439321]
[cnode0186:36223] [ 4] mom_mpi[0x44085e]
[cnode0186:36223] [ 5] --------------------------------------------------------------------------
Primary job  terminated normally, but 1 process returned
a non-zero exit code. Per user-direction, the job has been aborted.
--------------------------------------------------------------------------
/usr/lib/gcc/x86_64-redhat-linux/4.8.5/../../../../lib64/libc.so.6(__libc_start_main+0xf5)[0x2aaab0e27b35]
[cnode0186:36223] [ 6] mom_mpi[0x40fc19]
[cnode0186:36223] *** End of error message ***
[cnode0186:36220] *** Process received signal ***
[cnode0186:36220] Signal: Segmentation fault (11)
[cnode0186:36220] Signal code: Address not mapped (1)
[cnode0186:36220] Failing at address: (nil)
[cnode0186:36220] [ 0] /usr/lib/gcc/x86_64-redhat-linux/4.8.5/../../../../lib64/libpthread.so.0(+0xf370)[0x2aaaaff87370]
[cnode0186:36220] [ 1] mom_mpi[0x430805]
[cnode0186:36220] [ 2] mom_mpi[0x437061]
[cnode0186:36220] [ 3] mom_mpi[0x439321]
[cnode0186:36220] [ 4] mom_mpi[0x44085e]
[cnode0186:36220] [ 5] /usr/lib/gcc/x86_64-redhat-linux/4.8.5/../../../../lib64/libc.so.6(__libc_start_main+0xf5)[0x2aaab0e27b35]
[cnode0186:36220] [ 6] mom_mpi[0x40fc19]
[cnode0186:36220] *** End of error message ***
[cnode0241:70495] *** Process received signal ***
[cnode0241:70495] Signal: Segmentation fault (11)
[cnode0241:70495] Signal code: Address not mapped (1)
[cnode0241:70495] Failing at address: (nil)
[cnode0241:70495] [ 0] /usr/lib/gcc/x86_64-redhat-linux/4.8.5/../../../../lib64/libpthread.so.0(+0xf370)[0x2aaaaff87370]
[cnode0241:70495] [ 1] mom_mpi[0x430805]
[cnode0241:70495] [ 2] mom_mpi[0x437061]
[cnode0241:70495] [ 3] mom_mpi[0x439321]
[cnode0241:70495] [ 4] mom_mpi[0x44085e]
[cnode0241:70495] [ 5] /usr/lib/gcc/x86_64-redhat-linux/4.8.5/../../../../lib64/libc.so.6(__libc_start_main+0xf5)[0x2aaab0e27b35]
[cnode0241:70495] [ 6] mom_mpi[0x40fc19]
[cnode0241:70495] *** End of error message ***
[cnode0241:70496] *** Process received signal ***
[cnode0241:70496] Signal: Segmentation fault (11)
[cnode0241:70496] Signal code: Address not mapped (1)
[cnode0241:70496] Failing at address: (nil)
[cnode0241:70496] [ 0] /usr/lib/gcc/x86_64-redhat-linux/4.8.5/../../../../lib64/libpthread.so.0(+0xf370)[0x2aaaaff87370]
[cnode0241:70496] [ 1] mom_mpi[0x430805]
[cnode0241:70496] [ 2] mom_mpi[0x437061]
[cnode0241:70496] [ 3] mom_mpi[0x439321]
[cnode0241:70496] [ 4] mom_mpi[0x44085e]
[cnode0241:70496] [ 5] /usr/lib/gcc/x86_64-redhat-linux/4.8.5/../../../../lib64/libc.so.6(__libc_start_main+0xf5)[0x2aaab0e27b35]
[cnode0241:70496] [ 6] mom_mpi[0x40fc19]
[cnode0241:70496] *** End of error message ***
[cnode0241:70497] *** Process received signal ***
[cnode0241:70497] Signal: Segmentation fault (11)
[cnode0241:70497] Signal code: Address not mapped (1)
[cnode0241:70497] Failing at address: (nil)
[cnode0241:70497] [ 0] /usr/lib/gcc/x86_64-redhat-linux/4.8.5/../../../../lib64/libpthread.so.0(+0xf370)[0x2aaaaff87370]
[cnode0241:70497] [ 1] mom_mpi[0x430805]
[cnode0241:70497] [ 2] mom_mpi[0x437061]
[cnode0241:70497] [ 3] mom_mpi[0x439321]
[cnode0241:70497] [ 4] mom_mpi[0x44085e]
[cnode0241:70497] [ 5] /usr/lib/gcc/x86_64-redhat-linux/4.8.5/../../../../lib64/libc.so.6(__libc_start_main+0xf5)[0x2aaab0e27b35]
[cnode0241:70497] [ 6] mom_mpi[0x40fc19]
[cnode0241:70497] *** End of error message ***
[cnode0241:70501] *** Process received signal ***
[cnode0241:70501] Signal: Segmentation fault (11)
[cnode0241:70501] Signal code: Address not mapped (1)
[cnode0241:70501] Failing at address: (nil)
[cnode0241:70501] [ 0] /usr/lib/gcc/x86_64-redhat-linux/4.8.5/../../../../lib64/libpthread.so.0(+0xf370)[0x2aaaaff87370]
[cnode0241:70501] [ 1] mom_mpi[0x430805]
[cnode0241:70501] [ 2] mom_mpi[0x437061]
[cnode0241:70501] [ 3] mom_mpi[0x439321]
[cnode0241:70501] [ 4] mom_mpi[0x44085e]
[cnode0241:70501] [ 5] /usr/lib/gcc/x86_64-redhat-linux/4.8.5/../../../../lib64/libc.so.6(__libc_start_main+0xf5)[0x2aaab0e27b35]
[cnode0241:70501] [ 6] mom_mpi[0x40fc19]
[cnode0241:70501] *** End of error message ***
[cnode0241:70505] *** Process received signal ***
[cnode0241:70505] Signal: Segmentation fault (11)
[cnode0241:70505] Signal code: Address not mapped (1)
[cnode0241:70505] Failing at address: (nil)
[cnode0241:70505] [ 0] /usr/lib/gcc/x86_64-redhat-linux/4.8.5/../../../../lib64/libpthread.so.0(+0xf370)[0x2aaaaff87370]
[cnode0241:70505] [ 1] mom_mpi[0x430805]
[cnode0241:70505] [ 2] mom_mpi[0x437061]
[cnode0241:70505] [ 3] mom_mpi[0x439321]
[cnode0241:70505] [ 4] mom_mpi[0x44085e]
[cnode0241:70505] [ 5] /usr/lib/gcc/x86_64-redhat-linux/4.8.5/../../../../lib64/libc.so.6(__libc_start_main+0xf5)[0x2aaab0e27b35]
[cnode0241:70505] [ 6] mom_mpi[0x40fc19]
[cnode0241:70505] *** End of error message ***
[cnode0241:70506] *** Process received signal ***
[cnode0241:70506] Signal: Segmentation fault (11)
[cnode0241:70506] Signal code: Address not mapped (1)
[cnode0241:70506] Failing at address: (nil)
[cnode0241:70506] [ 0] /usr/lib/gcc/x86_64-redhat-linux/4.8.5/../../../../lib64/libpthread.so.0(+0xf370)[0x2aaaaff87370]
[cnode0241:70506] [ 1] mom_mpi[0x430805]
[cnode0241:70506] [ 2] mom_mpi[0x437061]
[cnode0241:70506] [ 3] mom_mpi[0x439321]
[cnode0241:70506] [ 4] mom_mpi[0x44085e]
[cnode0241:70506] [ 5] /usr/lib/gcc/x86_64-redhat-linux/4.8.5/../../../../lib64/libc.so.6(__libc_start_main+0xf5)[0x2aaab0e27b35]
[cnode0241:70506] [ 6] mom_mpi[0x40fc19]
[cnode0241:70506] *** End of error message ***
[cnode0241:70507] *** Process received signal ***
[cnode0241:70507] Signal: Segmentation fault (11)
[cnode0241:70507] Signal code: Address not mapped (1)
[cnode0241:70507] Failing at address: (nil)
[cnode0241:70507] [ 0] /usr/lib/gcc/x86_64-redhat-linux/4.8.5/../../../../lib64/libpthread.so.0(+0xf370)[0x2aaaaff87370]
[cnode0241:70507] [ 1] mom_mpi[0x430805]
[cnode0241:70507] [ 2] mom_mpi[0x437061]
[cnode0241:70507] [ 3] mom_mpi[0x439321]
[cnode0241:70507] [ 4] mom_mpi[0x44085e]
[cnode0241:70507] [ 5] /usr/lib/gcc/x86_64-redhat-linux/4.8.5/../../../../lib64/libc.so.6(__libc_start_main+0xf5)[0x2aaab0e27b35]
[cnode0241:70507] [ 6] mom_mpi[0x40fc19]
[cnode0241:70507] *** End of error message ***
[cnode0200:179965] *** Process received signal ***
[cnode0200:179965] Signal: Segmentation fault (11)
[cnode0200:179965] Signal code: Address not mapped (1)
[cnode0200:179965] Failing at address: (nil)
[cnode0200:179965] [ 0] /usr/lib/gcc/x86_64-redhat-linux/4.8.5/../../../../lib64/libpthread.so.0(+0xf370)[0x2aaaaff87370]
[cnode0200:179965] [ 1] mom_mpi[0x430805]
[cnode0200:179965] [ 2] mom_mpi[0x437061]
[cnode0200:179965] [ 3] mom_mpi[0x439321]
[cnode0200:179965] [ 4] mom_mpi[0x44085e]
[cnode0200:179965] [ 5] /usr/lib/gcc/x86_64-redhat-linux/4.8.5/../../../../lib64/libc.so.6(__libc_start_main+0xf5)[0x2aaab0e27b35]
[cnode0200:179965] [ 6] mom_mpi[0x40fc19]
[cnode0200:179965] *** End of error message ***
[cnode0200:179966] *** Process received signal ***
[cnode0200:179966] Signal: Segmentation fault (11)
[cnode0200:179966] Signal code: Address not mapped (1)
[cnode0200:179966] Failing at address: (nil)
[cnode0200:179966] [ 0] /usr/lib/gcc/x86_64-redhat-linux/4.8.5/../../../../lib64/libpthread.so.0(+0xf370)[0x2aaaaff87370]
[cnode0200:179966] [ 1] mom_mpi[0x430805]
[cnode0200:179966] [ 2] mom_mpi[0x437061]
[cnode0200:179966] [ 3] mom_mpi[0x439321]
[cnode0200:179966] [ 4] mom_mpi[0x44085e]
[cnode0200:179966] [ 5] /usr/lib/gcc/x86_64-redhat-linux/4.8.5/../../../../lib64/libc.so.6(__libc_start_main+0xf5)[0x2aaab0e27b35]
[cnode0200:179966] [ 6] mom_mpi[0x40fc19]
[cnode0200:179966] *** End of error message ***
[cnode0200:179967] *** Process received signal ***
[cnode0200:179967] Signal: Segmentation fault (11)
[cnode0200:179967] Signal code: Address not mapped (1)
[cnode0200:179967] Failing at address: (nil)
[cnode0200:179967] [ 0] /usr/lib/gcc/x86_64-redhat-linux/4.8.5/../../../../lib64/libpthread.so.0(+0xf370)[0x2aaaaff87370]
[cnode0200:179967] [ 1] mom_mpi[0x430805]
[cnode0200:179967] [ 2] mom_mpi[0x437061]
[cnode0200:179967] [ 3] mom_mpi[0x439321]
[cnode0200:179967] [ 4] mom_mpi[0x44085e]
[cnode0200:179967] [ 5] /usr/lib/gcc/x86_64-redhat-linux/4.8.5/../../../../lib64/libc.so.6(__libc_start_main+0xf5)[0x2aaab0e27b35]
[cnode0200:179967] [ 6] mom_mpi[0x40fc19]
[cnode0200:179967] *** End of error message ***
[cnode0205:156326] *** Process received signal ***
[cnode0205:156326] Signal: Segmentation fault (11)
[cnode0205:156326] Signal code: Address not mapped (1)
[cnode0205:156326] Failing at address: (nil)
[cnode0205:156326] [ 0] /usr/lib/gcc/x86_64-redhat-linux/4.8.5/../../../../lib64/libpthread.so.0(+0xf370)[0x2aaaaff87370]
[cnode0205:156326] [ 1] mom_mpi[0x430805]
[cnode0205:156326] [ 2] mom_mpi[0x437061]
[cnode0205:156326] [ 3] mom_mpi[0x439321]
[cnode0205:156326] [ 4] mom_mpi[0x44085e]
[cnode0205:156326] [ 5] /usr/lib/gcc/x86_64-redhat-linux/4.8.5/../../../../lib64/libc.so.6(__libc_start_main+0xf5)[0x2aaab0e27b35]
[cnode0205:156326] [ 6] mom_mpi[0x40fc19]
[cnode0205:156326] *** End of error message ***
[cnode0205:156327] *** Process received signal ***
[cnode0205:156327] Signal: Segmentation fault (11)
[cnode0205:156327] Signal code: Address not mapped (1)
[cnode0205:156327] Failing at address: (nil)
[cnode0205:156327] [ 0] /usr/lib/gcc/x86_64-redhat-linux/4.8.5/../../../../lib64/libpthread.so.0(+0xf370)[0x2aaaaff87370]
[cnode0205:156327] [ 1] mom_mpi[0x430805]
[cnode0205:156327] [ 2] mom_mpi[0x437061]
[cnode0205:156327] [ 3] mom_mpi[0x439321]
[cnode0205:156327] [ 4] mom_mpi[0x44085e]
[cnode0205:156327] [ 5] /usr/lib/gcc/x86_64-redhat-linux/4.8.5/../../../../lib64/libc.so.6(__libc_start_main+0xf5)[0x2aaab0e27b35]
[cnode0205:156327] [ 6] mom_mpi[0x40fc19]
[cnode0205:156327] *** End of error message ***
[cnode0205:156328] *** Process received signal ***
[cnode0205:156328] Signal: Segmentation fault (11)
[cnode0205:156328] Signal code: Address not mapped (1)
[cnode0205:156328] Failing at address: (nil)
[cnode0205:156328] [ 0] /usr/lib/gcc/x86_64-redhat-linux/4.8.5/../../../../lib64/libpthread.so.0(+0xf370)[0x2aaaaff87370]
[cnode0205:156328] [ 1] mom_mpi[0x430805]
[cnode0205:156328] [ 2] mom_mpi[0x437061]
[cnode0205:156328] [ 3] mom_mpi[0x439321]
[cnode0205:156328] [ 4] mom_mpi[0x44085e]
[cnode0205:156328] [ 5] /usr/lib/gcc/x86_64-redhat-linux/4.8.5/../../../../lib64/libc.so.6(__libc_start_main+0xf5)[0x2aaab0e27b35]
[cnode0205:156328] [ 6] mom_mpi[0x40fc19]
[cnode0205:156328] *** End of error message ***
[cnode0205:156329] *** Process received signal ***
[cnode0205:156329] Signal: Segmentation fault (11)
[cnode0205:156329] Signal code: Address not mapped (1)
[cnode0205:156329] Failing at address: (nil)
[cnode0205:156329] [ 0] /usr/lib/gcc/x86_64-redhat-linux/4.8.5/../../../../lib64/libpthread.so.0(+0xf370)[0x2aaaaff87370]
[cnode0205:156329] [ 1] mom_mpi[0x430805]
[cnode0205:156329] [ 2] mom_mpi[0x437061]
[cnode0205:156329] [ 3] mom_mpi[0x439321]
[cnode0205:156329] [ 4] mom_mpi[0x44085e]
[cnode0205:156329] [ 5] /usr/lib/gcc/x86_64-redhat-linux/4.8.5/../../../../lib64/libc.so.6(__libc_start_main+0xf5)[0x2aaab0e27b35]
[cnode0205:156329] [ 6] mom_mpi[0x40fc19]
[cnode0205:156329] *** End of error message ***
[cnode0205:156330] *** Process received signal ***
[cnode0205:156330] Signal: Segmentation fault (11)
[cnode0205:156330] Signal code: Address not mapped (1)
[cnode0205:156330] Failing at address: (nil)
[cnode0205:156330] [ 0] /usr/lib/gcc/x86_64-redhat-linux/4.8.5/../../../../lib64/libpthread.so.0(+0xf370)[0x2aaaaff87370]
[cnode0205:156330] [ 1] mom_mpi[0x430805]
[cnode0205:156330] [ 2] mom_mpi[0x437061]
[cnode0205:156330] [ 3] mom_mpi[0x439321]
[cnode0205:156330] [ 4] mom_mpi[0x44085e]
[cnode0205:156330] [ 5] /usr/lib/gcc/x86_64-redhat-linux/4.8.5/../../../../lib64/libc.so.6(__libc_start_main+0xf5)[0x2aaab0e27b35]
[cnode0205:156330] [ 6] mom_mpi[0x40fc19]
[cnode0205:156330] *** End of error message ***
[cnode0205:156332] *** Process received signal ***
[cnode0205:156332] Signal: Segmentation fault (11)
[cnode0205:156332] Signal code: Address not mapped (1)
[cnode0205:156332] Failing at address: (nil)
[cnode0205:156332] [ 0] /usr/lib/gcc/x86_64-redhat-linux/4.8.5/../../../../lib64/libpthread.so.0(+0xf370)[0x2aaaaff87370]
[cnode0205:156332] [ 1] mom_mpi[0x430805]
[cnode0205:156332] [ 2] mom_mpi[0x437061]
[cnode0205:156332] [ 3] mom_mpi[0x439321]
[cnode0205:156332] [ 4] mom_mpi[0x44085e]
[cnode0205:156332] [ 5] /usr/lib/gcc/x86_64-redhat-linux/4.8.5/../../../../lib64/libc.so.6(__libc_start_main+0xf5)[0x2aaab0e27b35]
[cnode0205:156332] [ 6] mom_mpi[0x40fc19]
[cnode0205:156332] *** End of error message ***
[cnode0205:156333] *** Process received signal ***
[cnode0205:156333] Signal: Segmentation fault (11)
[cnode0205:156333] Signal code: Address not mapped (1)
[cnode0205:156333] Failing at address: (nil)
[cnode0205:156333] [ 0] /usr/lib/gcc/x86_64-redhat-linux/4.8.5/../../../../lib64/libpthread.so.0(+0xf370)[0x2aaaaff87370]
[cnode0205:156333] [ 1] mom_mpi[0x430805]
[cnode0205:156333] [ 2] mom_mpi[0x437061]
[cnode0205:156333] [ 3] mom_mpi[0x439321]
[cnode0205:156333] [ 4] mom_mpi[0x44085e]
[cnode0205:156333] [ 5] /usr/lib/gcc/x86_64-redhat-linux/4.8.5/../../../../lib64/libc.so.6(__libc_start_main+0xf5)[0x2aaab0e27b35]
[cnode0205:156333] [ 6] mom_mpi[0x40fc19]
[cnode0205:156333] *** End of error message ***
[cnode0205:156334] *** Process received signal ***
[cnode0205:156334] Signal: Segmentation fault (11)
[cnode0205:156334] Signal code: Address not mapped (1)
[cnode0205:156334] Failing at address: (nil)
[cnode0205:156334] [ 0] /usr/lib/gcc/x86_64-redhat-linux/4.8.5/../../../../lib64/libpthread.so.0(+0xf370)[0x2aaaaff87370]
[cnode0205:156334] [ 1] mom_mpi[0x430805]
[cnode0205:156334] [ 2] mom_mpi[0x437061]
[cnode0205:156334] [ 3] mom_mpi[0x439321]
[cnode0205:156334] [ 4] mom_mpi[0x44085e]
[cnode0205:156334] [ 5] /usr/lib/gcc/x86_64-redhat-linux/4.8.5/../../../../lib64/libc.so.6(__libc_start_main+0xf5)[0x2aaab0e27b35]
[cnode0205:156334] [ 6] mom_mpi[0x40fc19]
[cnode0205:156334] *** End of error message ***
[cnode0205:156335] *** Process received signal ***
[cnode0205:156335] Signal: Segmentation fault (11)
[cnode0205:156335] Signal code: Address not mapped (1)
[cnode0205:156335] Failing at address: (nil)
[cnode0205:156335] [ 0] /usr/lib/gcc/x86_64-redhat-linux/4.8.5/../../../../lib64/libpthread.so.0(+0xf370)[0x2aaaaff87370]
[cnode0205:156335] [ 1] mom_mpi[0x430805]
[cnode0205:156335] [ 2] mom_mpi[0x437061]
[cnode0205:156335] [ 3] mom_mpi[0x439321]
[cnode0205:156335] [ 4] mom_mpi[0x44085e]
[cnode0205:156335] [ 5] /usr/lib/gcc/x86_64-redhat-linux/4.8.5/../../../../lib64/libc.so.6(__libc_start_main+0xf5)[0x2aaab0e27b35]
[cnode0205:156335] [ 6] mom_mpi[0x40fc19]
[cnode0205:156335] *** End of error message ***
[cnode0205:156336] *** Process received signal ***
[cnode0205:156336] Signal: Segmentation fault (11)
[cnode0205:156336] Signal code: Address not mapped (1)
[cnode0205:156336] Failing at address: (nil)
[cnode0205:156336] [ 0] /usr/lib/gcc/x86_64-redhat-linux/4.8.5/../../../../lib64/libpthread.so.0(+0xf370)[0x2aaaaff87370]
[cnode0205:156336] [ 1] mom_mpi[0x430805]
[cnode0205:156336] [ 2] mom_mpi[0x437061]
[cnode0205:156336] [ 3] mom_mpi[0x439321]
[cnode0205:156336] [ 4] mom_mpi[0x44085e]
[cnode0205:156336] [ 5] /usr/lib/gcc/x86_64-redhat-linux/4.8.5/../../../../lib64/libc.so.6(__libc_start_main+0xf5)[0x2aaab0e27b35]
[cnode0205:156336] [ 6] mom_mpi[0x40fc19]
[cnode0205:156336] *** End of error message ***
[cnode0205:156337] *** Process received signal ***
[cnode0205:156337] Signal: Segmentation fault (11)
[cnode0205:156337] Signal code: Address not mapped (1)
[cnode0205:156337] Failing at address: (nil)
[cnode0205:156337] [ 0] /usr/lib/gcc/x86_64-redhat-linux/4.8.5/../../../../lib64/libpthread.so.0(+0xf370)[0x2aaaaff87370]
[cnode0205:156337] [ 1] mom_mpi[0x430805]
[cnode0205:156337] [ 2] mom_mpi[0x437061]
[cnode0205:156337] [ 3] mom_mpi[0x439321]
[cnode0205:156337] [ 4] mom_mpi[0x44085e]
[cnode0205:156337] [ 5] /usr/lib/gcc/x86_64-redhat-linux/4.8.5/../../../../lib64/libc.so.6(__libc_start_main+0xf5)[0x2aaab0e27b35]
[cnode0205:156337] [ 6] mom_mpi[0x40fc19]
[cnode0205:156337] *** End of error message ***
[cnode0198:63635] *** Process received signal ***
[cnode0198:63635] Signal: Segmentation fault (11)
[cnode0198:63635] Signal code: Address not mapped (1)
[cnode0198:63635] Failing at address: (nil)
[cnode0198:63635] [ 0] /usr/lib/gcc/x86_64-redhat-linux/4.8.5/../../../../lib64/libpthread.so.0(+0xf370)[0x2aaaaff87370]
[cnode0198:63635] [ 1] mom_mpi[0x430805]
[cnode0198:63635] [ 2] mom_mpi[0x437061]
[cnode0198:63635] [ 3] mom_mpi[0x439321]
[cnode0198:63635] [ 4] mom_mpi[0x44085e]
[cnode0198:63635] [ 5] /usr/lib/gcc/x86_64-redhat-linux/4.8.5/../../../../lib64/libc.so.6(__libc_start_main+0xf5)[0x2aaab0e27b35]
[cnode0198:63635] [ 6] mom_mpi[0x40fc19]
[cnode0198:63635] *** End of error message ***
[cnode0198:63636] *** Process received signal ***
[cnode0198:63636] Signal: Segmentation fault (11)
[cnode0198:63636] Signal code: Address not mapped (1)
[cnode0198:63636] Failing at address: (nil)
[cnode0198:63636] [ 0] /usr/lib/gcc/x86_64-redhat-linux/4.8.5/../../../../lib64/libpthread.so.0(+0xf370)[0x2aaaaff87370]
[cnode0198:63636] [ 1] mom_mpi[0x430805]
[cnode0198:63636] [ 2] mom_mpi[0x437061]
[cnode0198:63636] [ 3] mom_mpi[0x439321]
[cnode0198:63636] [ 4] mom_mpi[0x44085e]
[cnode0198:63636] [ 5] /usr/lib/gcc/x86_64-redhat-linux/4.8.5/../../../../lib64/libc.so.6(__libc_start_main+0xf5)[0x2aaab0e27b35]
[cnode0198:63636] [ 6] mom_mpi[0x40fc19]
[cnode0198:63636] *** End of error message ***
[cnode0198:63637] *** Process received signal ***
[cnode0198:63637] Signal: Segmentation fault (11)
[cnode0198:63637] Signal code: Address not mapped (1)
[cnode0198:63637] Failing at address: (nil)
[cnode0198:63637] [ 0] /usr/lib/gcc/x86_64-redhat-linux/4.8.5/../../../../lib64/libpthread.so.0(+0xf370)[0x2aaaaff87370]
[cnode0198:63637] [ 1] mom_mpi[0x430805]
[cnode0198:63637] [ 2] mom_mpi[0x437061]
[cnode0198:63637] [ 3] mom_mpi[0x439321]
[cnode0198:63637] [ 4] mom_mpi[0x44085e]
[cnode0198:63637] [ 5] /usr/lib/gcc/x86_64-redhat-linux/4.8.5/../../../../lib64/libc.so.6(__libc_start_main+0xf5)[0x2aaab0e27b35]
[cnode0198:63637] [ 6] mom_mpi[0x40fc19]
[cnode0198:63637] *** End of error message ***
[cnode0198:63638] *** Process received signal ***
[cnode0198:63638] Signal: Segmentation fault (11)
[cnode0198:63638] Signal code: Address not mapped (1)
[cnode0198:63638] Failing at address: (nil)
[cnode0198:63638] [ 0] /usr/lib/gcc/x86_64-redhat-linux/4.8.5/../../../../lib64/libpthread.so.0(+0xf370)[0x2aaaaff87370]
[cnode0198:63638] [ 1] mom_mpi[0x430805]
[cnode0198:63638] [ 2] mom_mpi[0x437061]
[cnode0198:63638] [ 3] mom_mpi[0x439321]
[cnode0198:63638] [ 4] mom_mpi[0x44085e]
[cnode0198:63638] [ 5] /usr/lib/gcc/x86_64-redhat-linux/4.8.5/../../../../lib64/libc.so.6(__libc_start_main+0xf5)[0x2aaab0e27b35]
[cnode0198:63638] [ 6] mom_mpi[0x40fc19]
[cnode0198:63638] *** End of error message ***
[cnode0198:63639] *** Process received signal ***
[cnode0198:63639] Signal: Segmentation fault (11)
[cnode0198:63639] Signal code: Address not mapped (1)
[cnode0198:63639] Failing at address: (nil)
[cnode0198:63639] [ 0] /usr/lib/gcc/x86_64-redhat-linux/4.8.5/../../../../lib64/libpthread.so.0(+0xf370)[0x2aaaaff87370]
[cnode0198:63639] [ 1] mom_mpi[0x430805]
[cnode0198:63639] [ 2] mom_mpi[0x437061]
[cnode0198:63639] [ 3] mom_mpi[0x439321]
[cnode0198:63639] [ 4] mom_mpi[0x44085e]
[cnode0198:63639] [ 5] /usr/lib/gcc/x86_64-redhat-linux/4.8.5/../../../../lib64/libc.so.6(__libc_start_main+0xf5)[0x2aaab0e27b35]
[cnode0198:63639] [ 6] mom_mpi[0x40fc19]
[cnode0198:63639] *** End of error message ***
[cnode0198:63641] *** Process received signal ***
[cnode0198:63641] Signal: Segmentation fault (11)
[cnode0198:63641] Signal code: Address not mapped (1)
[cnode0198:63641] Failing at address: (nil)
[cnode0198:63641] [ 0] /usr/lib/gcc/x86_64-redhat-linux/4.8.5/../../../../lib64/libpthread.so.0(+0xf370)[0x2aaaaff87370]
[cnode0198:63641] [ 1] mom_mpi[0x430805]
[cnode0198:63641] [ 2] mom_mpi[0x437061]
[cnode0198:63641] [ 3] mom_mpi[0x439321]
[cnode0198:63641] [ 4] mom_mpi[0x44085e]
[cnode0198:63641] [ 5] /usr/lib/gcc/x86_64-redhat-linux/4.8.5/../../../../lib64/libc.so.6(__libc_start_main+0xf5)[0x2aaab0e27b35]
[cnode0198:63641] [ 6] mom_mpi[0x40fc19]
[cnode0198:63641] *** End of error message ***
[cnode0198:63642] *** Process received signal ***
[cnode0198:63642] Signal: Segmentation fault (11)
[cnode0198:63642] Signal code: Address not mapped (1)
[cnode0198:63642] Failing at address: (nil)
[cnode0198:63642] [ 0] /usr/lib/gcc/x86_64-redhat-linux/4.8.5/../../../../lib64/libpthread.so.0(+0xf370)[0x2aaaaff87370]
[cnode0198:63642] [ 1] mom_mpi[0x430805]
[cnode0198:63642] [ 2] mom_mpi[0x437061]
[cnode0198:63642] [ 3] mom_mpi[0x439321]
[cnode0198:63642] [ 4] mom_mpi[0x44085e]
[cnode0198:63642] [ 5] /usr/lib/gcc/x86_64-redhat-linux/4.8.5/../../../../lib64/libc.so.6(__libc_start_main+0xf5)[0x2aaab0e27b35]
[cnode0198:63642] [ 6] mom_mpi[0x40fc19]
[cnode0198:63642] *** End of error message ***
[cnode0198:63643] *** Process received signal ***
[cnode0198:63643] Signal: Segmentation fault (11)
[cnode0198:63643] Signal code: Address not mapped (1)
[cnode0198:63643] Failing at address: (nil)
[cnode0198:63643] [ 0] /usr/lib/gcc/x86_64-redhat-linux/4.8.5/../../../../lib64/libpthread.so.0(+0xf370)[0x2aaaaff87370]
[cnode0198:63643] [ 1] mom_mpi[0x430805]
[cnode0198:63643] [ 2] mom_mpi[0x437061]
[cnode0198:63643] [ 3] mom_mpi[0x439321]
[cnode0198:63643] [ 4] mom_mpi[0x44085e]
[cnode0198:63643] [ 5] /usr/lib/gcc/x86_64-redhat-linux/4.8.5/../../../../lib64/libc.so.6(__libc_start_main+0xf5)[0x2aaab0e27b35]
[cnode0198:63643] [ 6] mom_mpi[0x40fc19]
[cnode0198:63643] *** End of error message ***
[cnode0198:63644] *** Process received signal ***
[cnode0198:63644] Signal: Segmentation fault (11)
[cnode0198:63644] Signal code: Address not mapped (1)
[cnode0198:63644] Failing at address: (nil)
[cnode0198:63644] [ 0] /usr/lib/gcc/x86_64-redhat-linux/4.8.5/../../../../lib64/libpthread.so.0(+0xf370)[0x2aaaaff87370]
[cnode0198:63644] [ 1] mom_mpi[0x430805]
[cnode0198:63644] [ 2] mom_mpi[0x437061]
[cnode0198:63644] [ 3] mom_mpi[0x439321]
[cnode0198:63644] [ 4] mom_mpi[0x44085e]
[cnode0198:63644] [ 5] /usr/lib/gcc/x86_64-redhat-linux/4.8.5/../../../../lib64/libc.so.6(__libc_start_main+0xf5)[0x2aaab0e27b35]
[cnode0198:63644] [ 6] mom_mpi[0x40fc19]
[cnode0198:63644] *** End of error message ***
[cnode0198:63645] *** Process received signal ***
[cnode0198:63645] Signal: Segmentation fault (11)
[cnode0198:63645] Signal code: Address not mapped (1)
[cnode0198:63645] Failing at address: (nil)
[cnode0198:63645] [ 0] /usr/lib/gcc/x86_64-redhat-linux/4.8.5/../../../../lib64/libpthread.so.0(+0xf370)[0x2aaaaff87370]
[cnode0198:63645] [ 1] mom_mpi[0x430805]
[cnode0198:63645] [ 2] mom_mpi[0x437061]
[cnode0198:63645] [ 3] mom_mpi[0x439321]
[cnode0198:63645] [ 4] mom_mpi[0x44085e]
[cnode0198:63645] [ 5] /usr/lib/gcc/x86_64-redhat-linux/4.8.5/../../../../lib64/libc.so.6(__libc_start_main+0xf5)[0x2aaab0e27b35]
[cnode0198:63645] [ 6] mom_mpi[0x40fc19]
[cnode0198:63645] *** End of error message ***
[cnode0219:148897] *** Process received signal ***
[cnode0219:148897] Signal: Segmentation fault (11)
[cnode0219:148897] Signal code: Address not mapped (1)
[cnode0219:148897] Failing at address: (nil)
[cnode0219:148897] [ 0] /usr/lib/gcc/x86_64-redhat-linux/4.8.5/../../../../lib64/libpthread.so.0(+0xf370)[0x2aaaaff87370]
[cnode0219:148897] [ 1] mom_mpi[0x430805]
[cnode0219:148897] [ 2] mom_mpi[0x437061]
[cnode0219:148897] [ 3] mom_mpi[0x439321]
[cnode0219:148897] [ 4] mom_mpi[0x44085e]
[cnode0219:148897] [ 5] /usr/lib/gcc/x86_64-redhat-linux/4.8.5/../../../../lib64/libc.so.6(__libc_start_main+0xf5)[0x2aaab0e27b35]
[cnode0219:148897] [ 6] mom_mpi[0x40fc19]
[cnode0219:148897] *** End of error message ***
[cnode0219:148899] *** Process received signal ***
[cnode0219:148899] Signal: Segmentation fault (11)
[cnode0219:148899] Signal code: Address not mapped (1)
[cnode0219:148899] Failing at address: (nil)
[cnode0219:148899] [ 0] /usr/lib/gcc/x86_64-redhat-linux/4.8.5/../../../../lib64/libpthread.so.0(+0xf370)[0x2aaaaff87370]
[cnode0219:148899] [ 1] mom_mpi[0x430805]
[cnode0219:148899] [ 2] mom_mpi[0x437061]
[cnode0219:148899] [ 3] mom_mpi[0x439321]
[cnode0219:148899] [ 4] mom_mpi[0x44085e]
[cnode0219:148899] [ 5] /usr/lib/gcc/x86_64-redhat-linux/4.8.5/../../../../lib64/libc.so.6(__libc_start_main+0xf5)[0x2aaab0e27b35]
[cnode0219:148899] [ 6] mom_mpi[0x40fc19]
[cnode0219:148899] *** End of error message ***
[cnode0219:148901] *** Process received signal ***
[cnode0219:148901] Signal: Segmentation fault (11)
[cnode0219:148901] Signal code: Address not mapped (1)
[cnode0219:148901] Failing at address: (nil)
[cnode0219:148901] [ 0] /usr/lib/gcc/x86_64-redhat-linux/4.8.5/../../../../lib64/libpthread.so.0(+0xf370)[0x2aaaaff87370]
[cnode0219:148901] [ 1] mom_mpi[0x430805]
[cnode0219:148901] [ 2] mom_mpi[0x437061]
[cnode0219:148901] [ 3] mom_mpi[0x439321]
[cnode0219:148901] [ 4] mom_mpi[0x44085e]
[cnode0219:148901] [ 5] /usr/lib/gcc/x86_64-redhat-linux/4.8.5/../../../../lib64/libc.so.6(__libc_start_main+0xf5)[0x2aaab0e27b35]
[cnode0219:148901] [ 6] mom_mpi[0x40fc19]
[cnode0219:148901] *** End of error message ***
[cnode0219:148902] *** Process received signal ***
[cnode0219:148902] Signal: Segmentation fault (11)
[cnode0219:148902] Signal code: Address not mapped (1)
[cnode0219:148902] Failing at address: (nil)
[cnode0219:148902] [ 0] /usr/lib/gcc/x86_64-redhat-linux/4.8.5/../../../../lib64/libpthread.so.0(+0xf370)[0x2aaaaff87370]
[cnode0219:148902] [ 1] mom_mpi[0x430805]
[cnode0219:148902] [ 2] mom_mpi[0x437061]
[cnode0219:148902] [ 3] mom_mpi[0x439321]
[cnode0219:148902] [ 4] mom_mpi[0x44085e]
[cnode0219:148902] [ 5] /usr/lib/gcc/x86_64-redhat-linux/4.8.5/../../../../lib64/libc.so.6(__libc_start_main+0xf5)[0x2aaab0e27b35]
[cnode0219:148902] [ 6] mom_mpi[0x40fc19]
[cnode0219:148902] *** End of error message ***
[cnode0219:148903] *** Process received signal ***
[cnode0219:148903] Signal: Segmentation fault (11)
[cnode0219:148903] Signal code: Address not mapped (1)
[cnode0219:148903] Failing at address: (nil)
[cnode0219:148903] [ 0] /usr/lib/gcc/x86_64-redhat-linux/4.8.5/../../../../lib64/libpthread.so.0(+0xf370)[0x2aaaaff87370]
[cnode0219:148903] [ 1] mom_mpi[0x430805]
[cnode0219:148903] [ 2] mom_mpi[0x437061]
[cnode0219:148903] [ 3] mom_mpi[0x439321]
[cnode0219:148903] [ 4] mom_mpi[0x44085e]
[cnode0219:148903] [ 5] /usr/lib/gcc/x86_64-redhat-linux/4.8.5/../../../../lib64/libc.so.6(__libc_start_main+0xf5)[0x2aaab0e27b35]
[cnode0219:148903] [ 6] mom_mpi[0x40fc19]
[cnode0219:148903] *** End of error message ***
[cnode0219:148904] *** Process received signal ***
[cnode0219:148904] Signal: Segmentation fault (11)
[cnode0219:148904] Signal code: Address not mapped (1)
[cnode0219:148904] Failing at address: (nil)
[cnode0219:148904] [ 0] /usr/lib/gcc/x86_64-redhat-linux/4.8.5/../../../../lib64/libpthread.so.0(+0xf370)[0x2aaaaff87370]
[cnode0219:148904] [ 1] mom_mpi[0x430805]
[cnode0219:148904] [ 2] mom_mpi[0x437061]
[cnode0219:148904] [ 3] mom_mpi[0x439321]
[cnode0219:148904] [ 4] mom_mpi[0x44085e]
[cnode0219:148904] [ 5] /usr/lib/gcc/x86_64-redhat-linux/4.8.5/../../../../lib64/libc.so.6(__libc_start_main+0xf5)[0x2aaab0e27b35]
[cnode0219:148904] [ 6] mom_mpi[0x40fc19]
[cnode0219:148904] *** End of error message ***
[cnode0219:148906] *** Process received signal ***
[cnode0219:148906] Signal: Segmentation fault (11)
[cnode0219:148906] Signal code: Address not mapped (1)
[cnode0219:148906] Failing at address: (nil)
[cnode0219:148906] [ 0] /usr/lib/gcc/x86_64-redhat-linux/4.8.5/../../../../lib64/libpthread.so.0(+0xf370)[0x2aaaaff87370]
[cnode0219:148906] [ 1] mom_mpi[0x430805]
[cnode0219:148906] [ 2] mom_mpi[0x437061]
[cnode0219:148906] [ 3] mom_mpi[0x439321]
[cnode0219:148906] [ 4] mom_mpi[0x44085e]
[cnode0219:148906] [ 5] /usr/lib/gcc/x86_64-redhat-linux/4.8.5/../../../../lib64/libc.so.6(__libc_start_main+0xf5)[0x2aaab0e27b35]
[cnode0219:148906] [ 6] mom_mpi[0x40fc19]
[cnode0219:148906] *** End of error message ***
[cnode0219:148907] *** Process received signal ***
[cnode0219:148907] Signal: Segmentation fault (11)
[cnode0219:148907] Signal code: Address not mapped (1)
[cnode0219:148907] Failing at address: (nil)
[cnode0219:148907] [ 0] /usr/lib/gcc/x86_64-redhat-linux/4.8.5/../../../../lib64/libpthread.so.0(+0xf370)[0x2aaaaff87370]
[cnode0219:148907] [ 1] mom_mpi[0x430805]
[cnode0219:148907] [ 2] mom_mpi[0x437061]
[cnode0219:148907] [ 3] mom_mpi[0x439321]
[cnode0219:148907] [ 4] mom_mpi[0x44085e]
[cnode0219:148907] [ 5] /usr/lib/gcc/x86_64-redhat-linux/4.8.5/../../../../lib64/libc.so.6(__libc_start_main+0xf5)[0x2aaab0e27b35]
[cnode0219:148907] [ 6] mom_mpi[0x40fc19]
[cnode0219:148907] *** End of error message ***
[cnode0219:148908] *** Process received signal ***
[cnode0219:148908] Signal: Segmentation fault (11)
[cnode0219:148908] Signal code: Address not mapped (1)
[cnode0219:148908] Failing at address: (nil)
[cnode0219:148908] [ 0] /usr/lib/gcc/x86_64-redhat-linux/4.8.5/../../../../lib64/libpthread.so.0(+0xf370)[0x2aaaaff87370]
[cnode0219:148908] [ 1] mom_mpi[0x430805]
[cnode0219:148908] [ 2] mom_mpi[0x437061]
[cnode0219:148908] [ 3] mom_mpi[0x439321]
[cnode0219:148908] [ 4] mom_mpi[0x44085e]
[cnode0219:148908] [ 5] /usr/lib/gcc/x86_64-redhat-linux/4.8.5/../../../../lib64/libc.so.6(__libc_start_main+0xf5)[0x2aaab0e27b35]
[cnode0219:148908] [ 6] mom_mpi[0x40fc19]
[cnode0219:148908] *** End of error message ***
[cnode0213:139853] *** Process received signal ***
[cnode0213:139853] Signal: Segmentation fault (11)
[cnode0213:139853] Signal code: Address not mapped (1)
[cnode0213:139853] Failing at address: (nil)
[cnode0213:139853] [ 0] /usr/lib/gcc/x86_64-redhat-linux/4.8.5/../../../../lib64/libpthread.so.0(+0xf370)[0x2aaaaff87370]
[cnode0213:139853] [ 1] mom_mpi[0x430805]
[cnode0213:139853] [ 2] mom_mpi[0x437061]
[cnode0213:139853] [ 3] mom_mpi[0x439321]
[cnode0213:139853] [ 4] mom_mpi[0x44085e]
[cnode0213:139853] [ 5] /usr/lib/gcc/x86_64-redhat-linux/4.8.5/../../../../lib64/libc.so.6(__libc_start_main+0xf5)[0x2aaab0e27b35]
[cnode0213:139853] [ 6] mom_mpi[0x40fc19]
[cnode0213:139853] *** End of error message ***
[cnode0213:139855] *** Process received signal ***
[cnode0213:139855] Signal: Segmentation fault (11)
[cnode0213:139855] Signal code: Address not mapped (1)
[cnode0213:139855] Failing at address: (nil)
[cnode0213:139855] [ 0] /usr/lib/gcc/x86_64-redhat-linux/4.8.5/../../../../lib64/libpthread.so.0(+0xf370)[0x2aaaaff87370]
[cnode0213:139855] [ 1] mom_mpi[0x430805]
[cnode0213:139855] [ 2] mom_mpi[0x437061]
[cnode0213:139855] [ 3] mom_mpi[0x439321]
[cnode0213:139855] [ 4] mom_mpi[0x44085e]
[cnode0213:139855] [ 5] /usr/lib/gcc/x86_64-redhat-linux/4.8.5/../../../../lib64/libc.so.6(__libc_start_main+0xf5)[0x2aaab0e27b35]
[cnode0213:139855] [ 6] mom_mpi[0x40fc19]
[cnode0213:139855] *** End of error message ***
[cnode0213:139856] *** Process received signal ***
[cnode0213:139856] Signal: Segmentation fault (11)
[cnode0213:139856] Signal code: Address not mapped (1)
[cnode0213:139856] Failing at address: (nil)
[cnode0213:139856] [ 0] /usr/lib/gcc/x86_64-redhat-linux/4.8.5/../../../../lib64/libpthread.so.0(+0xf370)[0x2aaaaff87370]
[cnode0213:139856] [ 1] mom_mpi[0x430805]
[cnode0213:139856] [ 2] mom_mpi[0x437061]
[cnode0213:139856] [ 3] mom_mpi[0x439321]
[cnode0213:139856] [ 4] mom_mpi[0x44085e]
[cnode0213:139856] [ 5] /usr/lib/gcc/x86_64-redhat-linux/4.8.5/../../../../lib64/libc.so.6(__libc_start_main+0xf5)[0x2aaab0e27b35]
[cnode0213:139856] [ 6] mom_mpi[0x40fc19]
[cnode0213:139856] *** End of error message ***
[cnode0213:139857] *** Process received signal ***
[cnode0213:139857] Signal: Segmentation fault (11)
[cnode0213:139857] Signal code: Address not mapped (1)
[cnode0213:139857] Failing at address: (nil)
[cnode0213:139857] [ 0] /usr/lib/gcc/x86_64-redhat-linux/4.8.5/../../../../lib64/libpthread.so.0(+0xf370)[0x2aaaaff87370]
[cnode0213:139857] [ 1] mom_mpi[0x430805]
[cnode0213:139857] [ 2] mom_mpi[0x437061]
[cnode0213:139857] [ 3] mom_mpi[0x439321]
[cnode0213:139857] [ 4] mom_mpi[0x44085e]
[cnode0213:139857] [ 5] /usr/lib/gcc/x86_64-redhat-linux/4.8.5/../../../../lib64/libc.so.6(__libc_start_main+0xf5)[0x2aaab0e27b35]
[cnode0213:139857] [ 6] mom_mpi[0x40fc19]
[cnode0213:139857] *** End of error message ***
[cnode0213:139858] *** Process received signal ***
[cnode0213:139858] Signal: Segmentation fault (11)
[cnode0213:139858] Signal code: Address not mapped (1)
[cnode0213:139858] Failing at address: (nil)
[cnode0213:139858] [ 0] /usr/lib/gcc/x86_64-redhat-linux/4.8.5/../../../../lib64/libpthread.so.0(+0xf370)[0x2aaaaff87370]
[cnode0213:139858] [ 1] mom_mpi[0x430805]
[cnode0213:139858] [ 2] mom_mpi[0x437061]
[cnode0213:139858] [ 3] mom_mpi[0x439321]
[cnode0213:139858] [ 4] mom_mpi[0x44085e]
[cnode0213:139858] [ 5] /usr/lib/gcc/x86_64-redhat-linux/4.8.5/../../../../lib64/libc.so.6(__libc_start_main+0xf5)[0x2aaab0e27b35]
[cnode0213:139858] [ 6] mom_mpi[0x40fc19]
[cnode0213:139858] *** End of error message ***
[cnode0213:139859] *** Process received signal ***
[cnode0213:139859] Signal: Segmentation fault (11)
[cnode0213:139859] Signal code: Address not mapped (1)
[cnode0213:139859] Failing at address: (nil)
[cnode0213:139859] [ 0] /usr/lib/gcc/x86_64-redhat-linux/4.8.5/../../../../lib64/libpthread.so.0(+0xf370)[0x2aaaaff87370]
[cnode0213:139859] [ 1] mom_mpi[0x430805]
[cnode0213:139859] [ 2] mom_mpi[0x437061]
[cnode0213:139859] [ 3] mom_mpi[0x439321]
[cnode0213:139859] [ 4] mom_mpi[0x44085e]
[cnode0213:139859] [ 5] /usr/lib/gcc/x86_64-redhat-linux/4.8.5/../../../../lib64/libc.so.6(__libc_start_main+0xf5)[0x2aaab0e27b35]
[cnode0213:139859] [ 6] mom_mpi[0x40fc19]
[cnode0213:139859] *** End of error message ***
[cnode0213:139860] *** Process received signal ***
[cnode0213:139860] Signal: Segmentation fault (11)
[cnode0213:139860] Signal code: Address not mapped (1)
[cnode0213:139860] Failing at address: (nil)
[cnode0213:139860] [ 0] /usr/lib/gcc/x86_64-redhat-linux/4.8.5/../../../../lib64/libpthread.so.0(+0xf370)[0x2aaaaff87370]
[cnode0213:139860] [ 1] mom_mpi[0x430805]
[cnode0213:139860] [ 2] mom_mpi[0x437061]
[cnode0213:139860] [ 3] mom_mpi[0x439321]
[cnode0213:139860] [ 4] mom_mpi[0x44085e]
[cnode0213:139860] [ 5] /usr/lib/gcc/x86_64-redhat-linux/4.8.5/../../../../lib64/libc.so.6(__libc_start_main+0xf5)[0x2aaab0e27b35]
[cnode0213:139860] [ 6] mom_mpi[0x40fc19]
[cnode0213:139860] *** End of error message ***
[cnode0213:139861] *** Process received signal ***
[cnode0213:139861] Signal: Segmentation fault (11)
[cnode0213:139861] Signal code: Address not mapped (1)
[cnode0213:139861] Failing at address: (nil)
[cnode0213:139861] [ 0] /usr/lib/gcc/x86_64-redhat-linux/4.8.5/../../../../lib64/libpthread.so.0(+0xf370)[0x2aaaaff87370]
[cnode0213:139861] [ 1] mom_mpi[0x430805]
[cnode0213:139861] [ 2] mom_mpi[0x437061]
[cnode0213:139861] [ 3] mom_mpi[0x439321]
[cnode0213:139861] [ 4] mom_mpi[0x44085e]
[cnode0213:139861] [ 5] /usr/lib/gcc/x86_64-redhat-linux/4.8.5/../../../../lib64/libc.so.6(__libc_start_main+0xf5)[0x2aaab0e27b35]
[cnode0213:139861] [ 6] mom_mpi[0x40fc19]
[cnode0213:139861] *** End of error message ***
[cnode0213:139862] *** Process received signal ***
[cnode0213:139862] Signal: Segmentation fault (11)
[cnode0213:139862] Signal code: Address not mapped (1)
[cnode0213:139862] Failing at address: (nil)
[cnode0213:139862] [ 0] /usr/lib/gcc/x86_64-redhat-linux/4.8.5/../../../../lib64/libpthread.so.0(+0xf370)[0x2aaaaff87370]
[cnode0213:139862] [ 1] mom_mpi[0x430805]
[cnode0213:139862] [ 2] mom_mpi[0x437061]
[cnode0213:139862] [ 3] mom_mpi[0x439321]
[cnode0213:139862] [ 4] mom_mpi[0x44085e]
[cnode0213:139862] [ 5] /usr/lib/gcc/x86_64-redhat-linux/4.8.5/../../../../lib64/libc.so.6(__libc_start_main+0xf5)[0x2aaab0e27b35]
[cnode0213:139862] [ 6] mom_mpi[0x40fc19]
[cnode0213:139862] *** End of error message ***
[cnode0213:139864] *** Process received signal ***
[cnode0213:139864] Signal: Segmentation fault (11)
[cnode0213:139864] Signal code: Address not mapped (1)
[cnode0213:139864] Failing at address: (nil)
[cnode0213:139864] [ 0] /usr/lib/gcc/x86_64-redhat-linux/4.8.5/../../../../lib64/libpthread.so.0(+0xf370)[0x2aaaaff87370]
[cnode0213:139864] [ 1] mom_mpi[0x430805]
[cnode0213:139864] [ 2] mom_mpi[0x437061]
[cnode0213:139864] [ 3] mom_mpi[0x439321]
[cnode0213:139864] [ 4] mom_mpi[0x44085e]
[cnode0213:139864] [ 5] /usr/lib/gcc/x86_64-redhat-linux/4.8.5/../../../../lib64/libc.so.6(__libc_start_main+0xf5)[0x2aaab0e27b35]
[cnode0213:139864] [ 6] mom_mpi[0x40fc19]
[cnode0213:139864] *** End of error message ***
[cnode0213:139865] *** Process received signal ***
[cnode0213:139865] Signal: Segmentation fault (11)
[cnode0213:139865] Signal code: Address not mapped (1)
[cnode0213:139865] Failing at address: (nil)
[cnode0213:139865] [ 0] /usr/lib/gcc/x86_64-redhat-linux/4.8.5/../../../../lib64/libpthread.so.0(+0xf370)[0x2aaaaff87370]
[cnode0213:139865] [ 1] mom_mpi[0x430805]
[cnode0213:139865] [ 2] mom_mpi[0x437061]
[cnode0213:139865] [ 3] mom_mpi[0x439321]
[cnode0213:139865] [ 4] mom_mpi[0x44085e]
[cnode0213:139865] [ 5] /usr/lib/gcc/x86_64-redhat-linux/4.8.5/../../../../lib64/libc.so.6(__libc_start_main+0xf5)[0x2aaab0e27b35]
[cnode0213:139865] [ 6] mom_mpi[0x40fc19]
[cnode0213:139865] *** End of error message ***
--------------------------------------------------------------------------
mpiexec noticed that process rank 15 with PID 36217 on node cnode0186 exited on signal 11 (Segmentation fault).
--------------------------------------------------------------------------
[cnode0116:139674] 95 more processes have sent help message help-mpi-common-cuda.txt / dlopen failed
[cnode0116:139674] Set MCA parameter "orte_base_help_aggregate" to 0 to see all help / error messages

real	0m5.313s
user	0m26.121s
sys	0m3.852s
