24
after dgfm excitations
after local ilhs 
after vrhs fill 
after dgfm excitations
after local ilhs 
after dgfm excitations
after local ilhs 
after dgfm excitations
after local ilhs 
after vrhs fill 
after vrhs fill 
after vrhs fill 
after dgfm excitations
after local ilhs 
after vrhs fill 
after dgfm excitations
after local ilhs 
after vrhs fill 
after dgfm excitations
after local ilhs 
after vrhs fill 
after dgfm excitations
after local ilhs 
after vrhs fill 
after dgfm excitations
after local ilhs 
after dgfm excitations
after vrhs fill 
after dgfm excitations
after local ilhs 
after dgfm excitations
after local ilhs 
after vrhs fill 
after local ilhs 
after vrhs fill 
after vrhs fill 
after dgfm excitations
after local ilhs 
after dgfm excitations
after local ilhs 
after dgfm excitations
after local ilhs 
after dgfm excitations
after local ilhs 
after dgfm excitations
after local ilhs 
after dgfm excitations
after local ilhs 
after dgfm excitations
after local ilhs 
after dgfm excitations
after local ilhs 
after dgfm excitations
after local ilhs 
after dgfm excitations
after local ilhs 
after dgfm excitations
after dgfm excitations
after local ilhs 
after vrhs fill 
after local ilhs 
after vrhs fill 
after vrhs fill 
after vrhs fill 
after vrhs fill 
after vrhs fill 
after vrhs fill 
after vrhs fill 
after vrhs fill 
after vrhs fill 
after vrhs fill 
after vrhs fill 
after memory alloc
after memory alloc
after memory alloc
after memory alloc
after memory alloc
after memory alloc
after memory alloc
after memory alloc
after memory alloc
after memory alloc
after memory alloc
after memory alloc
after memory alloc
after memory alloc
after memory alloc
after memory alloc
after memory alloc
after memory alloc
after memory alloc
after memory alloc
after memory alloc
after memory alloc
after memory alloc
after memory alloc
after memory alloc
after memory alloc
after memory alloc
after memory alloc
after memory alloc
after memory alloc
after memory alloc
after memory alloc
after memory alloc
after memory alloc
after memory alloc
after memory alloc
after memory alloc
after memory alloc
after memory alloc
after memory alloc
after memory alloc
after memory alloc
after memory alloc
after memory alloc
after memory alloc
after memory alloc
after memory alloc
after memory alloc
after memory alloc
after memory alloc
after memory alloc
after memory alloc
after memory alloc
after memory alloc
after memory alloc
after memory alloc
after memory alloc
after memory alloc
after memory alloc
after memory alloc
after memory alloc
after memory alloc
after memory alloc
after memory alloc
after memory alloc
after memory alloc
after memory alloc
after memory alloc
after memory alloc
after memory alloc
after memory alloc
after memory alloc
after memory alloc
after memory alloc
after memory alloc
after memory alloc
after memory alloc
after memory alloc
after memory alloc
after memory alloc
after memory alloc
after memory alloc
after memory alloc
after memory alloc
after memory alloc
after memory alloc
after memory alloc
after memory alloc
after memory alloc
after memory alloc
after memory alloc
after memory alloc
after memory alloc
after memory alloc
after memory alloc
after memory alloc
after memory alloc
after memory alloc
after memory alloc
after memory alloc
