FEKO      Version 2017.2-473 from 2017-06-12
          PREFEKO Version 2017.2-38 from 2017-05-23 [FEK: default 158; used 158] BINARY
          CADFEKO version 2017.2-305925 (x64) from 2017-06-21                             
          Copyright (c) 1999-2014 Altair Development S.A. (Pty) Ltd
          Copyright (c) 2014-2017 Altair Engineering, Inc.
          Intel(R) MKL version 11.3.4 (build 20160823) on Intel(R) Advanced Vector Extensions 2 (Intel(R) AVX2) enabled processors, Intel(R) 64 architecture (1 thread)
Computer: PC WIN64 EM64T MKL -- pc
          Microsoft Windows 8.1 Professional  (Build 9600), Version 6.3.9600 x64 (SP 0.0)
          Intel(R) Core(TM) i7-4770 CPU @ 3.40GHz; GenuineIntel family 6 model 12 stepping 3 brand id 0
          1 physical CPU with a total of 8 processors found (multi-core CPU with max. 4 cores per physical CPU)
Threads:  OpenMP threading not used
Date:     2019-03-03 18:02:23                     
File:     simple_plate_array
Memory:   Unlimited, system allows maximum usage of 7.682 GByte
          (installed memory 7.878 GByte, thereof free 1.604 GByte)
MD5 Check:613481458152502ADE53D9583871B140
MD5 Total:726322761E3D8929FA8AE04844472561
 Licence:  Altair HyperWorks

 NOTE    35127: You are running a sequential version of FEKO, but it was detected that your CPU has more than one core. For best performance, it would be recommended to run the parallel FEKO kernel (your licence allows this)
 NOTE    35179: Compatible graphics card (GPU) found on this machine for possible hardware acceleration (your FEKO license allows GPU usage). Please use the command line option --use-gpu to use or enable the checkbox in the GUI

SPICE
  Engine:      NGSPICE
  Executable:  C:\Program Files\Altair\2017\FEKO\bin\vngspicec.exe

          Surface of all triangles in m*m:     2.00000E-02


                         DATA OF THE METALLIC TRIANGLES

 no.       label     x1 in m     y1 in m     z1 in m       edges 
          medium     x2 in m     y2 in m     z2 in m
          medium     x3 in m     y3 in m     z3 in m
                       nx          ny          nz          area in m*m
        1 r.Face   1.0000E-01  1.0000E-01  0.0000E+00            1                     
          Free s   5.0000E-02  1.0000E-01  0.0000E+00
          Free s   1.0000E-01  5.0000E-02  0.0000E+00
                   0.0000E+00  0.0000E+00  1.0000E+00      1.2500E-03
        2 r.Face   0.0000E+00  1.0000E-01  0.0000E+00            2         3           
          Free s   4.5022E-02  5.4978E-02  0.0000E+00
          Free s   5.0000E-02  1.0000E-01  0.0000E+00
                   0.0000E+00  0.0000E+00  1.0000E+00      1.1256E-03
        3 r.Face   4.5022E-02  5.4978E-02  0.0000E+00           -1        -2         4 
          Free s   1.0000E-01  5.0000E-02  0.0000E+00
          Free s   5.0000E-02  1.0000E-01  0.0000E+00
                   0.0000E+00  0.0000E+00  1.0000E+00      1.2500E-03
        4 r.Face   5.0000E-02  0.0000E+00  0.0000E+00            5                     
          Free s   0.0000E+00  5.0000E-02  0.0000E+00
          Free s   0.0000E+00  0.0000E+00  0.0000E+00
                   0.0000E+00  0.0000E+00  1.0000E+00      1.2500E-03
        5 r.Face   0.0000E+00  1.0000E-01  0.0000E+00           -3         6           
          Free s   0.0000E+00  5.0000E-02  0.0000E+00
          Free s   4.5022E-02  5.4978E-02  0.0000E+00
                   0.0000E+00  0.0000E+00  1.0000E+00      1.1256E-03
        6 r.Face   1.0000E-01  5.0000E-02  0.0000E+00            7                     
          Free s   5.0000E-02  0.0000E+00  0.0000E+00
          Free s   1.0000E-01  0.0000E+00  0.0000E+00
                   0.0000E+00  0.0000E+00  1.0000E+00      1.2500E-03
        7 r.Face   4.5022E-02  5.4978E-02  0.0000E+00           -5        -6         8 
          Free s   0.0000E+00  5.0000E-02  0.0000E+00
          Free s   5.0000E-02  0.0000E+00  0.0000E+00
                   0.0000E+00  0.0000E+00  1.0000E+00      1.2500E-03
        8 r.Face   4.5022E-02  5.4978E-02  0.0000E+00           -4        -7        -8 
          Free s   5.0000E-02  0.0000E+00  0.0000E+00
          Free s   1.0000E-01  5.0000E-02  0.0000E+00
                   0.0000E+00  0.0000E+00  1.0000E+00      1.4989E-03
        9 l.Face   3.0000E-01  1.0000E-01  0.0000E+00            9                     
          Free s   2.5000E-01  1.0000E-01  0.0000E+00
          Free s   3.0000E-01  5.0000E-02  0.0000E+00
                   0.0000E+00  0.0000E+00  1.0000E+00      1.2500E-03
       10 l.Face   2.0000E-01  1.0000E-01  0.0000E+00           10        11           
          Free s   2.4502E-01  5.4978E-02  0.0000E+00
          Free s   2.5000E-01  1.0000E-01  0.0000E+00
                   0.0000E+00  0.0000E+00  1.0000E+00      1.1256E-03
       11 l.Face   2.4502E-01  5.4978E-02  0.0000E+00           -9       -10        12 
          Free s   3.0000E-01  5.0000E-02  0.0000E+00
          Free s   2.5000E-01  1.0000E-01  0.0000E+00
                   0.0000E+00  0.0000E+00  1.0000E+00      1.2500E-03
       12 l.Face   2.5000E-01  0.0000E+00  0.0000E+00           13                     
          Free s   2.0000E-01  5.0000E-02  0.0000E+00
          Free s   2.0000E-01  0.0000E+00  0.0000E+00
                   0.0000E+00  0.0000E+00  1.0000E+00      1.2500E-03
       13 l.Face   2.0000E-01  1.0000E-01  0.0000E+00          -11        14           
          Free s   2.0000E-01  5.0000E-02  0.0000E+00
          Free s   2.4502E-01  5.4978E-02  0.0000E+00
                   0.0000E+00  0.0000E+00  1.0000E+00      1.1256E-03
       14 l.Face   3.0000E-01  5.0000E-02  0.0000E+00           15                     
          Free s   2.5000E-01  0.0000E+00  0.0000E+00
          Free s   3.0000E-01  0.0000E+00  0.0000E+00
                   0.0000E+00  0.0000E+00  1.0000E+00      1.2500E-03
       15 l.Face   2.4502E-01  5.4978E-02  0.0000E+00          -13       -14        16 
          Free s   2.0000E-01  5.0000E-02  0.0000E+00
          Free s   2.5000E-01  0.0000E+00  0.0000E+00
                   0.0000E+00  0.0000E+00  1.0000E+00      1.2500E-03
       16 l.Face   2.4502E-01  5.4978E-02  0.0000E+00          -12       -15       -16 
          Free s   2.5000E-01  0.0000E+00  0.0000E+00
          Free s   3.0000E-01  5.0000E-02  0.0000E+00
                   0.0000E+00  0.0000E+00  1.0000E+00      1.4989E-03


                         DATA OF THE METALLIC EDGES (with MoM)

                                            triangle no.    points of tr.     information on symmetry
    no.  type      length/m        media     KORP   KORM   POIP   POIM      yz     xz     xy  status
        1   1    7.0711E-02  Free s     -1      1      3      1      1       0      0      0  unknown  
        2   1    4.5296E-02  Free s     -1      2      3      1      2       0      0      0  unknown  
        3   1    6.3671E-02  Free s     -1      2      5      3      2       0      0      0  unknown  
        4   1    5.5203E-02  Free s     -1      3      8      3      2       0      0      0  unknown  
        5   1    7.0711E-02  Free s     -1      4      7      3      1       0      0      0  unknown  
        6   1    4.5296E-02  Free s     -1      5      7      1      3       0      0      0  unknown  
        7   1    7.0711E-02  Free s     -1      6      8      3      1       0      0      0  unknown  
        8   1    5.5203E-02  Free s     -1      7      8      2      3       0      0      0  unknown  
        9   1    7.0711E-02  Free s     -1      9     11      1      1       0      0      0  unknown  
       10   1    4.5296E-02  Free s     -1     10     11      1      2       0      0      0  unknown  
       11   1    6.3671E-02  Free s     -1     10     13      3      2       0      0      0  unknown  
       12   1    5.5203E-02  Free s     -1     11     16      3      2       0      0      0  unknown  
       13   1    7.0711E-02  Free s     -1     12     15      3      1       0      0      0  unknown  
       14   1    4.5296E-02  Free s     -1     13     15      1      3       0      0      0  unknown  
       15   1    7.0711E-02  Free s     -1     14     16      3      1       0      0      0  unknown  
       16   1    5.5203E-02  Free s     -1     15     16      2      3       0      0      0  unknown  


                                DATA FOR MEMORY USAGE

 Number of metallic triangles:              16                                max. triangles:    MAXNDR    =       16
 Number of dielectric triangles:             0
 Number of aperture triangles:               0
 Number of RL-GO triangles:                  0
 Number of windscreen triangles:             0
 Number of FEM surface triangles:            0
 Number of modal port triangles:             0
 Number of metallic segments:                0                                max. segments:     MAXNSEG   =        0
 Number of combined MoM/MTL segments:        0
 Number of dielectr./magnet. cuboids:        0                                max. cuboids:      MAXNQUA   =        0
 Number of tetrahedra:                       0                                max. tetrahedra:   MAXNTETRA =        0
 Number of edges in PO region:               0                                max. edges:        MAXPOKA   =        0
 Number of wedges in PO region:              0                                max. wedges:       MAXPOKL   =        0
 Number of Fock regions:                     0                                max. Fock regions: MAXFOGE   =        0
 Number of polygonal surfaces:               0                                max. surfaces:     MAXPOLYF  =        0
                                                                              max. corner pts.:  MAXPOLYP  =        0
 Number of UTD cylinders:                    0

 Number of metallic edges (MoM):            16  unknown:       16 (electr.)   max. edges:        MAXNKA    =       16
                                             0  unknown:        0 (magnet.)
 Number of metallic edges (PO):              0  unknown:        0 (electr.)
                                                unknown:        0 (magnet.)
 Number of dielectric edges (MoM):           0  unknown:        0 (electr.)
                                             0                  0 (magnet.)
 Number of dielectric edges (PO):            0  unknown:        0 (electr.)
                                                unknown:        0 (magnet.)
 Number of aperture edges (MoM):             0  unknown:        0 (magnet.) 
 Number of edges FEM/MoM surface:            0  unknown:        0 (electr.)
                                             0                  0 (magnet.)
 Number of nodes between segments:           0  unknown:        0             max. nodes:        MAXNKNO   =        0
 Number of connection points:                0  unknown:        0             max. conn.:        MAXNV     =        0
 Number of dielectric cuboids:               0  unknown:        0             max. cuboids:      MAXNQUA   =        0
 Number of magnetic cuboids:                 0  unknown:        0
 Number of dielectric faces (VEP):           0  unknown:        0
 Number of magnetic faces (VEP):             0  unknown:        0

 Number of basis funct. for MoM:            16  unknown:       16             max. basisf.       MAXNZEILE =       24
 Number of basis funct. for PO:              0  unknown:        0             max. basisf.       MAXNKAPO  =        0

 read from input file:
PS       0    1    1    1    0 1.000E+00 0.000E+00 0.000E+00 0.000E+00 0.000E+00 0.000E+00 0.000E+00 0.000E+00
 read from input file:
CG      -1    0   -1    0    0 0.000E+00 0.000E+00 0.000E+00 0.000E+00-1.000E+00-1.000E+00 0.000E+00 0.000E+00
 read from input file:
DI       0    0   -1    0    0 1.000E+00 0.000E+00 0.000E+00 0.000E+00 0.000E+00 1.000E+03 0.000E+00 0.000E+00
 read from input file:
PW       0    0    0    0    0 0.000E+00 0.000E+00 0.000E+00 0.000E+00 0.000E+00 0.000E+00 0.000E+00 0.000E+00
 read from input file:
A0       0    0    1    1    1 1.000E+00 0.000E+00 0.000E+00 0.000E+00 0.000E+00 0.000E+00 0.000E+00 0.000E+00
 read from input file:
FR       0    0    0    0    0 2.998E+08 0.000E+00 0.000E+00 0.000E+00 0.000E+00 0.000E+00 0.000E+00 0.000E+00
 read from input file:
NC       0    0    0    0    0 0.000E+00 0.000E+00 0.000E+00 0.000E+00 0.000E+00 0.000E+00 0.000E+00 0.000E+00
 read from input file:
DA       0    0    0    0    0 0.000E+00 0.000E+00 0.000E+00 0.000E+00 0.000E+00 0.000E+00 0.000E+00 0.000E+00
 read from input file:
OS       0    0    0    0    0 0.000E+00 0.000E+00 0.000E+00 0.000E+00 0.000E+00 0.000E+00 0.000E+00 0.000E+00
 
 
      ==============
      CONFIGURATION: StandardConfiguration1
      ==============


                                   DATA FOR DIELECTRIC MEDIA

internal  relative     relative  conductivity   tan(delta)    tan(delta)    wavelength   mass density    volume     medium
index  permittivity permeability   in S/m       (electric)    (magnetic)       in m       in kg/m^3      in m^3
    0      1.00000      1.00000  0.00000E+00   0.00000E+00   0.00000E+00   1.00000E+00   1.00000E+03    infinite    Free space



               EXCITATION BY INCIDENT PLANE ELECTROMAGNETIC WAVE 

 Name:                          PlaneWaveSource1
 Excitation index:              1
 Frequency in Hz:               FREQ =    2.99792E+08
 Wavelength in m:               LAMBDA =  1.00000E+00
 Direction of incidence:        THETA =    0.00  PHI =    0.00
 Polarisation:                  LINEAR
 Axial ratio:                   V =      0.0000
 Polarisation angle:            ETA =    0.00
 Direction of propag.:          BETA0X =  0.00000E+00
   (unit vector)                BETA0Y =  0.00000E+00
                                BETA0Z = -1.00000E+00
 Wave number:                   BETA0  = ( 6.28319E+00 +j 0.00000E+00)
 Field strength in V/m:         |E0X| =  1.00000E+00   ARG(E0X) =   180.00
   (Phase in degrees)           |E0Y| =  0.00000E+00   ARG(E0Y) =     0.00
                                |E0Z| =  0.00000E+00   ARG(E0Z) =     0.00


                         DATA FOR THE GREEN'S FUNCTION

                                   free space


               All segments and triangles are perfectly conducting.


                          DATA FOR STORAGE OF THE MATRIX

 Storage using double precision

 Memory requirement for MoM matrix:        16 rows *       16 columns =         256 complex numbers
 For the MoM matrix, a memory of          256 complex numbers is used (i.e. 4.000 kByte)
 Storing the matrix and solving the linear set of equations in main memory (storage scheme 1)

     A total of 25.933 kByte of memory has been allocated dynamically
     (peak memory usage of 25.933 kByte so far)



               PRE-CONDITIONING OF THE LINEAR SET OF EQUATIONS

               Selected preconditioner algorithm: 1

     CPU time for preconditioning:       0.000 seconds


                    SOLUTION OF THE LINEAR SET OF EQUATIONS WITH LAPAGAU

               Condition number of the matrix:  1.05049E+02

               Floating point performance for LU decomposition:
                             0.050 MFLOPS(DP) for CPU-time       0.258 seconds
                             0.050 MFLOPS(DP) for run-time       0.259 seconds

     CPU time for solving the linear set of equations:       0.283 seconds



                              SUMMARY OF LOSSES

          Metallic elements:                          0.0000E+00 W
          Dielectric:                                 0.0000E+00 W
          Mismatch at feed:                           0.0000E+00 W
          Non-radiating networks:                     0.0000E+00 W
          Cables:                                     0.0000E+00 W
          Backward power at passive waveguide ports:  0.0000E+00 W
          Backward power at passive modal ports:      0.0000E+00 W
                                                     -------------
                Sum of all losses:                    0.0000E+00 W

 read from input file:
EN       0    0    0    0    0 0.000E+00 0.000E+00 0.000E+00 0.000E+00 0.000E+00 0.000E+00 0.000E+00 0.000E+00


                    SUMMARY OF REQUIRED TIMES IN SECONDS

                                             CPU-time       runtime
 Reading and constructing the geometry          0.075         0.075
 Checking the geometry                          0.011         0.011
 Initialisation of the Green's function         0.003         0.003
 Calcul. of coupling for PO/Fock                0.000         0.000
 Transformation to equivalent sources           0.000         0.000
 Ray launching/tracing phase of RL-GO           0.000         0.000
 Calcul. of matrix elements                     0.913         0.913
 Calcul. of right-hand side vector              0.016         0.017
 Preconditioning system of linear eqns.         0.000         0.000
 Solution of the system of linear eqns.         0.283         0.282
 Eigensolution for characteristic modes         0.000         0.000
 Determination of surface currents              0.000         0.000
 Calcul. of impedances/powers/losses            0.028         0.029
 Calcul. of averaged SAR values                 0.000         0.000
 Calcul. of power receiving antenna             0.000         0.000
 Calcul. of cable coupling                      0.000         0.000
 Calcul. of error estimates                     0.000         0.000
 Calcul. of electric near field                 0.000         0.000
 Calcul. of magnetic near field                 0.000         0.000
 Calcul. of far field                           0.000         0.000
                            other               0.254         0.253
                                         ------------  ------------
                         total times:           1.583         1.583
               (total times in hours:           0.000         0.000)

 Peak memory usage during the whole solution: 26.745 kByte

Finished: 2019-03-03 18:02:25                     
