libibverbs: Warning: couldn't open config directory '/usr/etc/libibverbs.d'.
libibverbs: Warning: no userspace device-specific driver found for /sys/class/infiniband_verbs/uverbs0
libibverbs: Warning: couldn't open config directory '/usr/etc/libibverbs.d'.
libibverbs: Warning: no userspace device-specific driver found for /sys/class/infiniband_verbs/uverbs0
libibverbs: Warning: couldn't open config directory '/usr/etc/libibverbs.d'.
libibverbs: Warning: no userspace device-specific driver found for /sys/class/infiniband_verbs/uverbs0
libibverbs: Warning: couldn't open config directory '/usr/etc/libibverbs.d'.
libibverbs: Warning: no userspace device-specific driver found for /sys/class/infiniband_verbs/uverbs0
--------------------------------------------------------------------------
The library attempted to open the following supporting CUDA libraries,
but each of them failed.  CUDA-aware support is disabled.
libcuda.so.1: cannot open shared object file: No such file or directory
libcuda.dylib: cannot open shared object file: No such file or directory
/usr/lib64/libcuda.so.1: cannot open shared object file: No such file or directory
/usr/lib64/libcuda.dylib: cannot open shared object file: No such file or directory
If you are not interested in CUDA-aware support, then run with
--mca mpi_cuda_support 0 to suppress this message.  If you are interested
in CUDA-aware support, then try setting LD_LIBRARY_PATH to the location
of libcuda.so.1 to get passed this issue.
--------------------------------------------------------------------------
[cnode0130:13732] *** Process received signal ***
[cnode0130:13732] Signal: Segmentation fault (11)
[cnode0130:13732] Signal code: Address not mapped (1)
[cnode0130:13732] Failing at address: (nil)
[cnode0130:13737] *** Process received signal ***
[cnode0130:13737] Signal: Segmentation fault (11)
[cnode0130:13737] Signal code: Address not mapped (1)
[cnode0130:13737] Failing at address: (nil)
[cnode0130:13739] *** Process received signal ***
[cnode0130:13739] Signal: Segmentation fault (11)
[cnode0130:13739] Signal code: Address not mapped (1)
[cnode0130:13739] Failing at address: (nil)
[cnode0130:13741] *** Process received signal ***
[cnode0130:13741] Signal: Segmentation fault (11)
[cnode0130:13741] Signal code: Address not mapped (1)
[cnode0130:13741] Failing at address: (nil)
[cnode0130:13730] *** Process received signal ***
[cnode0130:13730] Signal: Segmentation fault (11)
[cnode0130:13730] Signal code: Address not mapped (1)
[cnode0130:13730] Failing at address: (nil)
[cnode0130:13731] *** Process received signal ***
[cnode0130:13731] Signal: Segmentation fault (11)
[cnode0130:13731] Signal code: Address not mapped (1)
[cnode0130:13731] Failing at address: (nil)
[cnode0130:13734] *** Process received signal ***
[cnode0130:13734] Signal: Segmentation fault (11)
[cnode0130:13734] Signal code: Address not mapped (1)
[cnode0130:13734] Failing at address: (nil)
[cnode0130:13736] *** Process received signal ***
[cnode0130:13736] Signal: Segmentation fault (11)
[cnode0130:13736] Signal code: Address not mapped (1)
[cnode0130:13736] Failing at address: (nil)
[cnode0130:13738] *** Process received signal ***
[cnode0130:13738] Signal: Segmentation fault (11)
[cnode0130:13738] Signal code: Address not mapped (1)
[cnode0130:13738] Failing at address: (nil)
[cnode0130:13740] *** Process received signal ***
[cnode0130:13740] Signal: Segmentation fault (11)
[cnode0130:13740] Signal code: Address not mapped (1)
[cnode0130:13740] Failing at address: (nil)
[cnode0130:13729] *** Process received signal ***
[cnode0130:13729] Signal: Segmentation fault (11)
[cnode0130:13729] Signal code: Address not mapped (1)
[cnode0130:13729] Failing at address: (nil)
[cnode0130:13741] [ 0] /usr/lib/gcc/x86_64-redhat-linux/4.8.5/../../../../lib64/libpthread.so.0(+0xf370)[0x2aaaaff87370]
[cnode0130:13741] [ 1] [cnode0130:13737] [ 0] /usr/lib/gcc/x86_64-redhat-linux/4.8.5/../../../../lib64/libpthread.so.0(+0xf370)[0x2aaaaff87370]
[cnode0130:13737] [ 1] mom_mpi[0x430805]
[cnode0130:13741] [ 2] mom_mpi[0x437061]
[cnode0130:13741] [ 3] mom_mpi[0x430805]
[cnode0130:13737] [ 2] [cnode0130:13734] [ 0] mom_mpi[0x439359]
[cnode0130:13741] [ 4] mom_mpi[0x440a9e]
[cnode0130:13741] [ 5] /usr/lib/gcc/x86_64-redhat-linux/4.8.5/../../../../lib64/libc.so.6(__libc_start_main+0xf5)[0x2aaab0e27b35]
[cnode0130:13741] [ 6] mom_mpi[0x40fc19]
[cnode0130:13741] *** End of error message ***
mom_mpi[0x437061]
[cnode0130:13737] [ 3] mom_mpi[0x439359]
[cnode0130:13737] [ 4] mom_mpi[0x440a9e]
[cnode0130:13737] [ 5] /usr/lib/gcc/x86_64-redhat-linux/4.8.5/../../../../lib64/libc.so.6(__libc_start_main+0xf5)[0x2aaab0e27b35]
[cnode0130:13737] [ 6] mom_mpi[0x40fc19]
[cnode0130:13737] *** End of error message ***
[cnode0130:13730] [ 0] /usr/lib/gcc/x86_64-redhat-linux/4.8.5/../../../../lib64/libpthread.so.0(+0xf370)[0x2aaaaff87370]
[cnode0130:13730] [ 1] mom_mpi[0x430805]
[cnode0130:13730] [ 2] [cnode0130:13731] [ 0] /usr/lib/gcc/x86_64-redhat-linux/4.8.5/../../../../lib64/libpthread.so.0(+0xf370)[0x2aaaaff87370]
[cnode0130:13734] [ 1] mom_mpi[0x430805]
[cnode0130:13734] [ 2] mom_mpi[0x437061]
[cnode0130:13734] mom_mpi[0x437061]
[cnode0130:13730] [ 3] mom_mpi[0x439359]
[cnode0130:13730] [ 4] mom_mpi[0x440a9e]
[cnode0130:13730] [ 5] [cnode0130:13732] [ 0] /usr/lib/gcc/x86_64-redhat-linux/4.8.5/../../../../lib64/libpthread.so.0(+0xf370)[0x2aaaaff87370]
[cnode0130:13732] /usr/lib/gcc/x86_64-redhat-linux/4.8.5/../../../../lib64/libpthread.so.0(+0xf370)[0x2aaaaff87370]
[cnode0130:13731] [ 1] mom_mpi[0x430805]
[cnode0130:13731] [ 2] mom_mpi[0x437061]
[cnode0130:13731] [ 3] mom_mpi[0x439359]
[cnode0130:13731] [ 4] mom_mpi[0x440a9e]
[cnode0130:13731] [ 5] [cnode0130:13736] [ 0] /usr/lib/gcc/x86_64-redhat-linux/4.8.5/../../../../lib64/libpthread.so.0(+0xf370)[0x2aaaaff87370]
[cnode0130:13736] [ 1] mom_mpi[0x430805]
[cnode0130:13736] [ 2] mom_mpi[0x437061]
[cnode0130:13736] [ 3] mom_mpi[0x439359]
[cnode0130:13739] [ 0] /usr/lib/gcc/x86_64-redhat-linux/4.8.5/../../../../lib64/libpthread.so.0(+0xf370)[0x2aaaaff87370]
[cnode0130:13739] [ 1] [cnode0130:13738] [ 0] /usr/lib/gcc/x86_64-redhat-linux/4.8.5/../../../../lib64/libpthread.so.0(+0xf370)[0x2aaaaff87370]
[cnode0130:13738] [ 1] mom_mpi[0x430805]
[cnode0130:13738] [ 2] mom_mpi[0x437061]
[cnode0130:13738] [ 3] mom_mpi[0x439359]
[cnode0130:13738] [ 4] [ 3] mom_mpi[0x439359]
[cnode0130:13734] [ 4] mom_mpi[0x440a9e]
[cnode0130:13734] [ 5] /usr/lib/gcc/x86_64-redhat-linux/4.8.5/../../../../lib64/libc.so.6(__libc_start_main+0xf5)[0x2aaab0e27b35]
[cnode0130:13734] [ 6] mom_mpi[0x40fc19]
mom_mpi[0x440a9e]
[cnode0130:13738] [ 5] /usr/lib/gcc/x86_64-redhat-linux/4.8.5/../../../../lib64/libc.so.6(__libc_start_main+0xf5)[0x2aaab0e27b35]
[cnode0130:13738] [ 6] /usr/lib/gcc/x86_64-redhat-linux/4.8.5/../../../../lib64/libc.so.6(__libc_start_main+0xf5)[0x2aaab0e27b35]
[cnode0130:13730] [ 6] mom_mpi[0x40fc19]
[cnode0130:13730] *** End of error message ***
[ 1] mom_mpi[0x430805]
[cnode0130:13732] [ 2] mom_mpi[0x437061]
[cnode0130:13732] [ 3] mom_mpi[0x439359]
[cnode0130:13732] [ 4] mom_mpi[0x440a9e]
[cnode0130:13732] [ 5] /usr/lib/gcc/x86_64-redhat-linux/4.8.5/../../../../lib64/libc.so.6(__libc_start_main+0xf5)[0x2aaab0e27b35]
[cnode0130:13731] [ 6] mom_mpi[0x40fc19]
[cnode0130:13731] *** End of error message ***
[cnode0130:13736] [ 4] mom_mpi[0x440a9e]
[cnode0130:13736] [ 5] /usr/lib/gcc/x86_64-redhat-linux/4.8.5/../../../../lib64/libc.so.6(__libc_start_main+0xf5)[0x2aaab0e27b35]
[cnode0130:13736] [ 6] mom_mpi[0x40fc19]
[cnode0130:13736] *** End of error message ***
mom_mpi[0x430805]
[cnode0130:13739] [ 2] mom_mpi[0x437061]
[cnode0130:13739] [ 3] mom_mpi[0x439359]
[cnode0130:13739] [ 4] mom_mpi[0x440a9e]
[cnode0130:13739] [ 5] [cnode0130:13734] *** End of error message ***
[cnode0130:13740] [ 0] /usr/lib/gcc/x86_64-redhat-linux/4.8.5/../../../../lib64/libpthread.so.0(+0xf370)[0x2aaaaff87370]
[cnode0130:13740] [ 1] mom_mpi[0x430805]
[cnode0130:13740] [ 2] mom_mpi[0x437061]
[cnode0130:13740] [ 3] mom_mpi[0x439359]
[cnode0130:13740] [ 4] mom_mpi[0x440a9e]
[cnode0130:13740] [ 5] [cnode0130:13729] [ 0] /usr/lib/gcc/x86_64-redhat-linux/4.8.5/../../../../lib64/libpthread.so.0(+0xf370)[0x2aaaaff87370]
[cnode0130:13729] [ 1] /usr/lib/gcc/x86_64-redhat-linux/4.8.5/../../../../lib64/libc.so.6(__libc_start_main+0xf5)[0x2aaab0e27b35]
[cnode0130:13739] [ 6] mom_mpi[0x40fc19]
[cnode0130:13739] *** End of error message ***
mom_mpi[0x40fc19]
[cnode0130:13738] *** End of error message ***
/usr/lib/gcc/x86_64-redhat-linux/4.8.5/../../../../lib64/libc.so.6(__libc_start_main+0xf5)[0x2aaab0e27b35]
[cnode0130:13732] [ 6] mom_mpi[0x40fc19]
[cnode0130:13732] *** End of error message ***
/usr/lib/gcc/x86_64-redhat-linux/4.8.5/../../../../lib64/libc.so.6(__libc_start_main+0xf5)[0x2aaab0e27b35]
[cnode0130:13740] [ 6] mom_mpi[0x40fc19]
[cnode0130:13740] *** End of error message ***
mom_mpi[0x430805]
[cnode0130:13729] [ 2] mom_mpi[0x437061]
[cnode0130:13729] [ 3] mom_mpi[0x439359]
[cnode0130:13729] [ 4] mom_mpi[0x440a9e]
[cnode0130:13729] [ 5] /usr/lib/gcc/x86_64-redhat-linux/4.8.5/../../../../lib64/libc.so.6(__libc_start_main+0xf5)[0x2aaab0e27b35]
[cnode0130:13729] [ 6] mom_mpi[0x40fc19]
[cnode0130:13729] *** End of error message ***
--------------------------------------------------------------------------
Primary job  terminated normally, but 1 process returned
a non-zero exit code. Per user-direction, the job has been aborted.
--------------------------------------------------------------------------
[cnode0131:178990] *** Process received signal ***
[cnode0131:178990] Signal: Segmentation fault (11)
[cnode0131:178990] Signal code: Address not mapped (1)
[cnode0131:178990] Failing at address: (nil)
[cnode0131:178990] [ 0] /usr/lib/gcc/x86_64-redhat-linux/4.8.5/../../../../lib64/libpthread.so.0(+0xf370)[0x2aaaaff87370]
[cnode0131:178990] [ 1] mom_mpi[0x430805]
[cnode0131:178990] [ 2] mom_mpi[0x437061]
[cnode0131:178990] [ 3] mom_mpi[0x439359]
[cnode0131:178990] [ 4] mom_mpi[0x440a9e]
[cnode0131:178990] [ 5] /usr/lib/gcc/x86_64-redhat-linux/4.8.5/../../../../lib64/libc.so.6(__libc_start_main+0xf5)[0x2aaab0e27b35]
[cnode0131:178990] [ 6] mom_mpi[0x40fc19]
[cnode0131:178990] *** End of error message ***
[cnode0131:178991] *** Process received signal ***
[cnode0131:178991] Signal: Segmentation fault (11)
[cnode0131:178991] Signal code: Address not mapped (1)
[cnode0131:178991] Failing at address: (nil)
[cnode0131:178991] [ 0] /usr/lib/gcc/x86_64-redhat-linux/4.8.5/../../../../lib64/libpthread.so.0(+0xf370)[0x2aaaaff87370]
[cnode0131:178991] [ 1] mom_mpi[0x430805]
[cnode0131:178991] [ 2] mom_mpi[0x437061]
[cnode0131:178991] [ 3] mom_mpi[0x439359]
[cnode0131:178991] [ 4] mom_mpi[0x440a9e]
[cnode0131:178991] [ 5] /usr/lib/gcc/x86_64-redhat-linux/4.8.5/../../../../lib64/libc.so.6(__libc_start_main+0xf5)[0x2aaab0e27b35]
[cnode0131:178991] [ 6] mom_mpi[0x40fc19]
[cnode0131:178991] *** End of error message ***
[cnode0131:178992] *** Process received signal ***
[cnode0131:178992] Signal: Segmentation fault (11)
[cnode0131:178992] Signal code: Address not mapped (1)
[cnode0131:178992] Failing at address: (nil)
[cnode0131:178992] [ 0] /usr/lib/gcc/x86_64-redhat-linux/4.8.5/../../../../lib64/libpthread.so.0(+0xf370)[0x2aaaaff87370]
[cnode0131:178992] [ 1] mom_mpi[0x430805]
[cnode0131:178992] [ 2] mom_mpi[0x437061]
[cnode0131:178992] [ 3] mom_mpi[0x439359]
[cnode0131:178992] [ 4] mom_mpi[0x440a9e]
[cnode0131:178992] [ 5] /usr/lib/gcc/x86_64-redhat-linux/4.8.5/../../../../lib64/libc.so.6(__libc_start_main+0xf5)[0x2aaab0e27b35]
[cnode0131:178992] [ 6] mom_mpi[0x40fc19]
[cnode0131:178992] *** End of error message ***
[cnode0131:178993] *** Process received signal ***
[cnode0131:178993] Signal: Segmentation fault (11)
[cnode0131:178993] Signal code: Address not mapped (1)
[cnode0131:178993] Failing at address: (nil)
[cnode0131:178993] [ 0] /usr/lib/gcc/x86_64-redhat-linux/4.8.5/../../../../lib64/libpthread.so.0(+0xf370)[0x2aaaaff87370]
[cnode0131:178993] [ 1] mom_mpi[0x430805]
[cnode0131:178993] [ 2] mom_mpi[0x437061]
[cnode0131:178993] [ 3] mom_mpi[0x439359]
[cnode0131:178993] [ 4] mom_mpi[0x440a9e]
[cnode0131:178993] [ 5] /usr/lib/gcc/x86_64-redhat-linux/4.8.5/../../../../lib64/libc.so.6(__libc_start_main+0xf5)[0x2aaab0e27b35]
[cnode0131:178993] [ 6] mom_mpi[0x40fc19]
[cnode0131:178993] *** End of error message ***
[cnode0131:178994] *** Process received signal ***
[cnode0131:178994] Signal: Segmentation fault (11)
[cnode0131:178994] Signal code: Address not mapped (1)
[cnode0131:178994] Failing at address: (nil)
[cnode0131:178994] [ 0] /usr/lib/gcc/x86_64-redhat-linux/4.8.5/../../../../lib64/libpthread.so.0(+0xf370)[0x2aaaaff87370]
[cnode0131:178994] [ 1] mom_mpi[0x430805]
[cnode0131:178994] [ 2] mom_mpi[0x437061]
[cnode0131:178994] [ 3] mom_mpi[0x439359]
[cnode0131:178994] [ 4] mom_mpi[0x440a9e]
[cnode0131:178994] [ 5] /usr/lib/gcc/x86_64-redhat-linux/4.8.5/../../../../lib64/libc.so.6(__libc_start_main+0xf5)[0x2aaab0e27b35]
[cnode0131:178994] [ 6] mom_mpi[0x40fc19]
[cnode0131:178994] *** End of error message ***
[cnode0131:178995] *** Process received signal ***
[cnode0131:178995] Signal: Segmentation fault (11)
[cnode0131:178995] Signal code: Address not mapped (1)
[cnode0131:178995] Failing at address: (nil)
[cnode0131:178995] [ 0] /usr/lib/gcc/x86_64-redhat-linux/4.8.5/../../../../lib64/libpthread.so.0(+0xf370)[0x2aaaaff87370]
[cnode0131:178995] [ 1] mom_mpi[0x430805]
[cnode0131:178995] [ 2] mom_mpi[0x437061]
[cnode0131:178995] [ 3] mom_mpi[0x439359]
[cnode0131:178995] [ 4] mom_mpi[0x440a9e]
[cnode0131:178995] [ 5] /usr/lib/gcc/x86_64-redhat-linux/4.8.5/../../../../lib64/libc.so.6(__libc_start_main+0xf5)[0x2aaab0e27b35]
[cnode0131:178995] [ 6] mom_mpi[0x40fc19]
[cnode0131:178995] *** End of error message ***
[cnode0131:178996] *** Process received signal ***
[cnode0131:178996] Signal: Segmentation fault (11)
[cnode0131:178996] Signal code: Address not mapped (1)
[cnode0131:178996] Failing at address: (nil)
[cnode0131:178996] [ 0] /usr/lib/gcc/x86_64-redhat-linux/4.8.5/../../../../lib64/libpthread.so.0(+0xf370)[0x2aaaaff87370]
[cnode0131:178996] [ 1] mom_mpi[0x430805]
[cnode0131:178996] [ 2] mom_mpi[0x437061]
[cnode0131:178996] [ 3] mom_mpi[0x439359]
[cnode0131:178996] [ 4] mom_mpi[0x440a9e]
[cnode0131:178996] [ 5] /usr/lib/gcc/x86_64-redhat-linux/4.8.5/../../../../lib64/libc.so.6(__libc_start_main+0xf5)[0x2aaab0e27b35]
[cnode0131:178996] [ 6] mom_mpi[0x40fc19]
[cnode0131:178996] *** End of error message ***
[cnode0131:178997] *** Process received signal ***
[cnode0131:178997] Signal: Segmentation fault (11)
[cnode0131:178997] Signal code: Address not mapped (1)
[cnode0131:178997] Failing at address: (nil)
[cnode0131:178997] [ 0] /usr/lib/gcc/x86_64-redhat-linux/4.8.5/../../../../lib64/libpthread.so.0(+0xf370)[0x2aaaaff87370]
[cnode0131:178997] [ 1] mom_mpi[0x430805]
[cnode0131:178997] [ 2] mom_mpi[0x437061]
[cnode0131:178997] [ 3] mom_mpi[0x439359]
[cnode0131:178997] [ 4] mom_mpi[0x440a9e]
[cnode0131:178997] [ 5] /usr/lib/gcc/x86_64-redhat-linux/4.8.5/../../../../lib64/libc.so.6(__libc_start_main+0xf5)[0x2aaab0e27b35]
[cnode0131:178997] [ 6] mom_mpi[0x40fc19]
[cnode0131:178997] *** End of error message ***
[cnode0131:178998] *** Process received signal ***
[cnode0131:178998] Signal: Segmentation fault (11)
[cnode0131:178998] Signal code: Address not mapped (1)
[cnode0131:178998] Failing at address: (nil)
[cnode0131:178998] [ 0] /usr/lib/gcc/x86_64-redhat-linux/4.8.5/../../../../lib64/libpthread.so.0(+0xf370)[0x2aaaaff87370]
[cnode0131:178998] [ 1] mom_mpi[0x430805]
[cnode0131:178998] [ 2] mom_mpi[0x437061]
[cnode0131:178998] [ 3] mom_mpi[0x439359]
[cnode0131:178998] [ 4] mom_mpi[0x440a9e]
[cnode0131:178998] [ 5] /usr/lib/gcc/x86_64-redhat-linux/4.8.5/../../../../lib64/libc.so.6(__libc_start_main+0xf5)[0x2aaab0e27b35]
[cnode0131:178998] [ 6] mom_mpi[0x40fc19]
[cnode0131:178998] *** End of error message ***
[cnode0131:178999] *** Process received signal ***
[cnode0131:178999] Signal: Segmentation fault (11)
[cnode0131:178999] Signal code: Address not mapped (1)
[cnode0131:178999] Failing at address: (nil)
[cnode0131:178999] [ 0] /usr/lib/gcc/x86_64-redhat-linux/4.8.5/../../../../lib64/libpthread.so.0(+0xf370)[0x2aaaaff87370]
[cnode0131:178999] [ 1] mom_mpi[0x430805]
[cnode0131:178999] [ 2] mom_mpi[0x437061]
[cnode0131:178999] [ 3] mom_mpi[0x439359]
[cnode0131:178999] [ 4] mom_mpi[0x440a9e]
[cnode0131:178999] [ 5] /usr/lib/gcc/x86_64-redhat-linux/4.8.5/../../../../lib64/libc.so.6(__libc_start_main+0xf5)[0x2aaab0e27b35]
[cnode0131:178999] [ 6] mom_mpi[0x40fc19]
[cnode0131:178999] *** End of error message ***
[cnode0131:179000] *** Process received signal ***
[cnode0131:179000] Signal: Segmentation fault (11)
[cnode0131:179000] Signal code: Address not mapped (1)
[cnode0131:179000] Failing at address: (nil)
[cnode0131:179000] [ 0] /usr/lib/gcc/x86_64-redhat-linux/4.8.5/../../../../lib64/libpthread.so.0(+0xf370)[0x2aaaaff87370]
[cnode0131:179000] [ 1] mom_mpi[0x430805]
[cnode0131:179000] [ 2] mom_mpi[0x437061]
[cnode0131:179000] [ 3] mom_mpi[0x439359]
[cnode0131:179000] [ 4] mom_mpi[0x440a9e]
[cnode0131:179000] [ 5] /usr/lib/gcc/x86_64-redhat-linux/4.8.5/../../../../lib64/libc.so.6(__libc_start_main+0xf5)[0x2aaab0e27b35]
[cnode0131:179000] [ 6] mom_mpi[0x40fc19]
[cnode0131:179000] *** End of error message ***
[cnode0131:179001] *** Process received signal ***
[cnode0131:179001] Signal: Segmentation fault (11)
[cnode0131:179001] Signal code: Address not mapped (1)
[cnode0131:179001] Failing at address: (nil)
[cnode0131:179001] [ 0] /usr/lib/gcc/x86_64-redhat-linux/4.8.5/../../../../lib64/libpthread.so.0(+0xf370)[0x2aaaaff87370]
[cnode0131:179001] [ 1] mom_mpi[0x430805]
[cnode0131:179001] [ 2] mom_mpi[0x437061]
[cnode0131:179001] [ 3] mom_mpi[0x439359]
[cnode0131:179001] [ 4] mom_mpi[0x440a9e]
[cnode0131:179001] [ 5] /usr/lib/gcc/x86_64-redhat-linux/4.8.5/../../../../lib64/libc.so.6(__libc_start_main+0xf5)[0x2aaab0e27b35]
[cnode0131:179001] [ 6] mom_mpi[0x40fc19]
[cnode0131:179001] *** End of error message ***
[cnode0151:08235] *** Process received signal ***
[cnode0151:08235] Signal: Segmentation fault (11)
[cnode0151:08235] Signal code: Address not mapped (1)
[cnode0151:08235] Failing at address: (nil)
[cnode0151:08235] [ 0] /usr/lib/gcc/x86_64-redhat-linux/4.8.5/../../../../lib64/libpthread.so.0(+0xf370)[0x2aaaaff87370]
[cnode0151:08235] [ 1] mom_mpi[0x430805]
[cnode0151:08235] [ 2] mom_mpi[0x437061]
[cnode0151:08235] [ 3] mom_mpi[0x439359]
[cnode0151:08235] [ 4] mom_mpi[0x440a9e]
[cnode0151:08235] [ 5] /usr/lib/gcc/x86_64-redhat-linux/4.8.5/../../../../lib64/libc.so.6(__libc_start_main+0xf5)[0x2aaab0e27b35]
[cnode0151:08235] [ 6] mom_mpi[0x40fc19]
[cnode0151:08235] *** End of error message ***
[cnode0151:08236] *** Process received signal ***
[cnode0151:08236] Signal: Segmentation fault (11)
[cnode0151:08236] Signal code: Address not mapped (1)
[cnode0151:08236] Failing at address: (nil)
[cnode0151:08236] [ 0] /usr/lib/gcc/x86_64-redhat-linux/4.8.5/../../../../lib64/libpthread.so.0(+0xf370)[0x2aaaaff87370]
[cnode0151:08236] [ 1] mom_mpi[0x430805]
[cnode0151:08236] [ 2] mom_mpi[0x437061]
[cnode0151:08236] [ 3] mom_mpi[0x439359]
[cnode0151:08236] [ 4] mom_mpi[0x440a9e]
[cnode0151:08236] [ 5] /usr/lib/gcc/x86_64-redhat-linux/4.8.5/../../../../lib64/libc.so.6(__libc_start_main+0xf5)[0x2aaab0e27b35]
[cnode0151:08236] [ 6] mom_mpi[0x40fc19]
[cnode0151:08236] *** End of error message ***
[cnode0151:08237] *** Process received signal ***
[cnode0151:08237] Signal: Segmentation fault (11)
[cnode0151:08237] Signal code: Address not mapped (1)
[cnode0151:08237] Failing at address: (nil)
[cnode0151:08237] [ 0] /usr/lib/gcc/x86_64-redhat-linux/4.8.5/../../../../lib64/libpthread.so.0(+0xf370)[0x2aaaaff87370]
[cnode0151:08237] [ 1] mom_mpi[0x430805]
[cnode0151:08237] [ 2] mom_mpi[0x437061]
[cnode0151:08237] [ 3] mom_mpi[0x439359]
[cnode0151:08237] [ 4] mom_mpi[0x440a9e]
[cnode0151:08237] [ 5] /usr/lib/gcc/x86_64-redhat-linux/4.8.5/../../../../lib64/libc.so.6(__libc_start_main+0xf5)[0x2aaab0e27b35]
[cnode0151:08237] [ 6] mom_mpi[0x40fc19]
[cnode0151:08237] *** End of error message ***
[cnode0151:08238] *** Process received signal ***
[cnode0151:08238] Signal: Segmentation fault (11)
[cnode0151:08238] Signal code: Address not mapped (1)
[cnode0151:08238] Failing at address: (nil)
[cnode0151:08238] [ 0] /usr/lib/gcc/x86_64-redhat-linux/4.8.5/../../../../lib64/libpthread.so.0(+0xf370)[0x2aaaaff87370]
[cnode0151:08238] [ 1] mom_mpi[0x430805]
[cnode0151:08238] [ 2] mom_mpi[0x437061]
[cnode0151:08238] [ 3] mom_mpi[0x439359]
[cnode0151:08238] [ 4] mom_mpi[0x440a9e]
[cnode0151:08238] [ 5] /usr/lib/gcc/x86_64-redhat-linux/4.8.5/../../../../lib64/libc.so.6(__libc_start_main+0xf5)[0x2aaab0e27b35]
[cnode0151:08238] [ 6] mom_mpi[0x40fc19]
[cnode0151:08238] *** End of error message ***
[cnode0151:08242] *** Process received signal ***
[cnode0151:08242] Signal: Segmentation fault (11)
[cnode0151:08242] Signal code: Address not mapped (1)
[cnode0151:08242] Failing at address: (nil)
[cnode0151:08242] [ 0] /usr/lib/gcc/x86_64-redhat-linux/4.8.5/../../../../lib64/libpthread.so.0(+0xf370)[0x2aaaaff87370]
[cnode0151:08242] [ 1] mom_mpi[0x430805]
[cnode0151:08242] [ 2] mom_mpi[0x437061]
[cnode0151:08242] [ 3] mom_mpi[0x439359]
[cnode0151:08242] [ 4] mom_mpi[0x440a9e]
[cnode0151:08242] [ 5] /usr/lib/gcc/x86_64-redhat-linux/4.8.5/../../../../lib64/libc.so.6(__libc_start_main+0xf5)[0x2aaab0e27b35]
[cnode0151:08242] [ 6] mom_mpi[0x40fc19]
[cnode0151:08242] *** End of error message ***
[cnode0151:08243] *** Process received signal ***
[cnode0151:08243] Signal: Segmentation fault (11)
[cnode0151:08243] Signal code: Address not mapped (1)
[cnode0151:08243] Failing at address: (nil)
[cnode0151:08243] [ 0] /usr/lib/gcc/x86_64-redhat-linux/4.8.5/../../../../lib64/libpthread.so.0(+0xf370)[0x2aaaaff87370]
[cnode0151:08243] [ 1] mom_mpi[0x430805]
[cnode0151:08243] [ 2] mom_mpi[0x437061]
[cnode0151:08243] [ 3] mom_mpi[0x439359]
[cnode0151:08243] [ 4] mom_mpi[0x440a9e]
[cnode0151:08243] [ 5] /usr/lib/gcc/x86_64-redhat-linux/4.8.5/../../../../lib64/libc.so.6(__libc_start_main+0xf5)[0x2aaab0e27b35]
[cnode0151:08243] [ 6] mom_mpi[0x40fc19]
[cnode0151:08243] *** End of error message ***
[cnode0154:116568] *** Process received signal ***
[cnode0154:116568] Signal: Segmentation fault (11)
[cnode0154:116568] Signal code: Address not mapped (1)
[cnode0154:116568] Failing at address: (nil)
[cnode0154:116568] [ 0] /usr/lib/gcc/x86_64-redhat-linux/4.8.5/../../../../lib64/libpthread.so.0(+0xf370)[0x2aaaaff87370]
[cnode0154:116568] [ 1] mom_mpi[0x430805]
[cnode0154:116568] [ 2] mom_mpi[0x437061]
[cnode0154:116568] [ 3] mom_mpi[0x439359]
[cnode0154:116568] [ 4] mom_mpi[0x440a9e]
[cnode0154:116568] [ 5] /usr/lib/gcc/x86_64-redhat-linux/4.8.5/../../../../lib64/libc.so.6(__libc_start_main+0xf5)[0x2aaab0e27b35]
[cnode0154:116568] [ 6] mom_mpi[0x40fc19]
[cnode0154:116568] *** End of error message ***
[cnode0154:116569] *** Process received signal ***
[cnode0154:116569] Signal: Segmentation fault (11)
[cnode0154:116569] Signal code: Address not mapped (1)
[cnode0154:116569] Failing at address: (nil)
[cnode0154:116569] [ 0] /usr/lib/gcc/x86_64-redhat-linux/4.8.5/../../../../lib64/libpthread.so.0(+0xf370)[0x2aaaaff87370]
[cnode0154:116569] [ 1] mom_mpi[0x430805]
[cnode0154:116569] [ 2] mom_mpi[0x437061]
[cnode0154:116569] [ 3] mom_mpi[0x439359]
[cnode0154:116569] [ 4] mom_mpi[0x440a9e]
[cnode0154:116569] [ 5] /usr/lib/gcc/x86_64-redhat-linux/4.8.5/../../../../lib64/libc.so.6(__libc_start_main+0xf5)[0x2aaab0e27b35]
[cnode0154:116569] [ 6] mom_mpi[0x40fc19]
[cnode0154:116569] *** End of error message ***
[cnode0154:116570] *** Process received signal ***
[cnode0154:116570] Signal: Segmentation fault (11)
[cnode0154:116570] Signal code: Address not mapped (1)
[cnode0154:116570] Failing at address: (nil)
[cnode0154:116570] [ 0] /usr/lib/gcc/x86_64-redhat-linux/4.8.5/../../../../lib64/libpthread.so.0(+0xf370)[0x2aaaaff87370]
[cnode0154:116570] [ 1] mom_mpi[0x430805]
[cnode0154:116570] [ 2] mom_mpi[0x437061]
[cnode0154:116570] [ 3] mom_mpi[0x439359]
[cnode0154:116570] [ 4] mom_mpi[0x440a9e]
[cnode0154:116570] [ 5] /usr/lib/gcc/x86_64-redhat-linux/4.8.5/../../../../lib64/libc.so.6(__libc_start_main+0xf5)[0x2aaab0e27b35]
[cnode0154:116570] [ 6] mom_mpi[0x40fc19]
[cnode0154:116570] *** End of error message ***
[cnode0154:116571] *** Process received signal ***
[cnode0154:116571] Signal: Segmentation fault (11)
[cnode0154:116571] Signal code: Address not mapped (1)
[cnode0154:116571] Failing at address: (nil)
[cnode0154:116571] [ 0] /usr/lib/gcc/x86_64-redhat-linux/4.8.5/../../../../lib64/libpthread.so.0(+0xf370)[0x2aaaaff87370]
[cnode0154:116571] [ 1] mom_mpi[0x430805]
[cnode0154:116571] [ 2] mom_mpi[0x437061]
[cnode0154:116571] [ 3] mom_mpi[0x439359]
[cnode0154:116571] [ 4] mom_mpi[0x440a9e]
[cnode0154:116571] [ 5] /usr/lib/gcc/x86_64-redhat-linux/4.8.5/../../../../lib64/libc.so.6(__libc_start_main+0xf5)[0x2aaab0e27b35]
[cnode0154:116571] [ 6] mom_mpi[0x40fc19]
[cnode0154:116571] *** End of error message ***
[cnode0154:116572] *** Process received signal ***
[cnode0154:116572] Signal: Segmentation fault (11)
[cnode0154:116572] Signal code: Address not mapped (1)
[cnode0154:116572] Failing at address: (nil)
[cnode0154:116572] [ 0] /usr/lib/gcc/x86_64-redhat-linux/4.8.5/../../../../lib64/libpthread.so.0(+0xf370)[0x2aaaaff87370]
[cnode0154:116572] [ 1] mom_mpi[0x430805]
[cnode0154:116572] [ 2] mom_mpi[0x437061]
[cnode0154:116572] [ 3] mom_mpi[0x439359]
[cnode0154:116572] [ 4] mom_mpi[0x440a9e]
[cnode0154:116572] [ 5] /usr/lib/gcc/x86_64-redhat-linux/4.8.5/../../../../lib64/libc.so.6(__libc_start_main+0xf5)[0x2aaab0e27b35]
[cnode0154:116572] [ 6] mom_mpi[0x40fc19]
[cnode0154:116572] *** End of error message ***
[cnode0154:116573] *** Process received signal ***
[cnode0154:116573] Signal: Segmentation fault (11)
[cnode0154:116573] Signal code: Address not mapped (1)
[cnode0154:116573] Failing at address: (nil)
[cnode0154:116573] [ 0] /usr/lib/gcc/x86_64-redhat-linux/4.8.5/../../../../lib64/libpthread.so.0(+0xf370)[0x2aaaaff87370]
[cnode0154:116573] [ 1] mom_mpi[0x430805]
[cnode0154:116573] [ 2] mom_mpi[0x437061]
[cnode0154:116573] [ 3] mom_mpi[0x439359]
[cnode0154:116573] [ 4] mom_mpi[0x440a9e]
[cnode0154:116573] [ 5] /usr/lib/gcc/x86_64-redhat-linux/4.8.5/../../../../lib64/libc.so.6(__libc_start_main+0xf5)[0x2aaab0e27b35]
[cnode0154:116573] [ 6] mom_mpi[0x40fc19]
[cnode0154:116573] *** End of error message ***
[cnode0154:116574] *** Process received signal ***
[cnode0154:116574] Signal: Segmentation fault (11)
[cnode0154:116574] Signal code: Address not mapped (1)
[cnode0154:116574] Failing at address: (nil)
[cnode0154:116574] [ 0] /usr/lib/gcc/x86_64-redhat-linux/4.8.5/../../../../lib64/libpthread.so.0(+0xf370)[0x2aaaaff87370]
[cnode0154:116574] [ 1] mom_mpi[0x430805]
[cnode0154:116574] [ 2] mom_mpi[0x437061]
[cnode0154:116574] [ 3] mom_mpi[0x439359]
[cnode0154:116574] [ 4] mom_mpi[0x440a9e]
[cnode0154:116574] [ 5] /usr/lib/gcc/x86_64-redhat-linux/4.8.5/../../../../lib64/libc.so.6(__libc_start_main+0xf5)[0x2aaab0e27b35]
[cnode0154:116574] [ 6] mom_mpi[0x40fc19]
[cnode0154:116574] *** End of error message ***
[cnode0154:116576] *** Process received signal ***
[cnode0154:116576] Signal: Segmentation fault (11)
[cnode0154:116576] Signal code: Address not mapped (1)
[cnode0154:116576] Failing at address: (nil)
[cnode0154:116576] [ 0] /usr/lib/gcc/x86_64-redhat-linux/4.8.5/../../../../lib64/libpthread.so.0(+0xf370)[0x2aaaaff87370]
[cnode0154:116576] [ 1] mom_mpi[0x430805]
[cnode0154:116576] [ 2] mom_mpi[0x437061]
[cnode0154:116576] [ 3] mom_mpi[0x439359]
[cnode0154:116576] [ 4] mom_mpi[0x440a9e]
[cnode0154:116576] [ 5] /usr/lib/gcc/x86_64-redhat-linux/4.8.5/../../../../lib64/libc.so.6(__libc_start_main+0xf5)[0x2aaab0e27b35]
[cnode0154:116576] [ 6] mom_mpi[0x40fc19]
[cnode0154:116576] *** End of error message ***
[cnode0154:116578] *** Process received signal ***
[cnode0154:116578] Signal: Segmentation fault (11)
[cnode0154:116578] Signal code: Address not mapped (1)
[cnode0154:116578] Failing at address: (nil)
[cnode0154:116578] [ 0] /usr/lib/gcc/x86_64-redhat-linux/4.8.5/../../../../lib64/libpthread.so.0(+0xf370)[0x2aaaaff87370]
[cnode0154:116578] [ 1] mom_mpi[0x430805]
[cnode0154:116578] [ 2] mom_mpi[0x437061]
[cnode0154:116578] [ 3] mom_mpi[0x439359]
[cnode0154:116578] [ 4] mom_mpi[0x440a9e]
[cnode0154:116578] [ 5] /usr/lib/gcc/x86_64-redhat-linux/4.8.5/../../../../lib64/libc.so.6(__libc_start_main+0xf5)[0x2aaab0e27b35]
[cnode0154:116578] [ 6] mom_mpi[0x40fc19]
[cnode0154:116578] *** End of error message ***
[cnode0154:116579] *** Process received signal ***
[cnode0154:116579] Signal: Segmentation fault (11)
[cnode0154:116579] Signal code: Address not mapped (1)
[cnode0154:116579] Failing at address: (nil)
[cnode0154:116579] [ 0] /usr/lib/gcc/x86_64-redhat-linux/4.8.5/../../../../lib64/libpthread.so.0(+0xf370)[0x2aaaaff87370]
[cnode0154:116579] [ 1] mom_mpi[0x430805]
[cnode0154:116579] [ 2] mom_mpi[0x437061]
[cnode0154:116579] [ 3] mom_mpi[0x439359]
[cnode0154:116579] [ 4] mom_mpi[0x440a9e]
[cnode0154:116579] [ 5] /usr/lib/gcc/x86_64-redhat-linux/4.8.5/../../../../lib64/libc.so.6(__libc_start_main+0xf5)[0x2aaab0e27b35]
[cnode0154:116579] [ 6] mom_mpi[0x40fc19]
[cnode0154:116579] *** End of error message ***
[cnode0154:116580] *** Process received signal ***
[cnode0154:116580] Signal: Segmentation fault (11)
[cnode0154:116580] Signal code: Address not mapped (1)
[cnode0154:116580] Failing at address: (nil)
[cnode0154:116580] [ 0] /usr/lib/gcc/x86_64-redhat-linux/4.8.5/../../../../lib64/libpthread.so.0(+0xf370)[0x2aaaaff87370]
[cnode0154:116580] [ 1] mom_mpi[0x430805]
[cnode0154:116580] [ 2] mom_mpi[0x437061]
[cnode0154:116580] [ 3] mom_mpi[0x439359]
[cnode0154:116580] [ 4] mom_mpi[0x440a9e]
[cnode0154:116580] [ 5] /usr/lib/gcc/x86_64-redhat-linux/4.8.5/../../../../lib64/libc.so.6(__libc_start_main+0xf5)[0x2aaab0e27b35]
[cnode0154:116580] [ 6] mom_mpi[0x40fc19]
[cnode0154:116580] *** End of error message ***
--------------------------------------------------------------------------
mpiexec noticed that process rank 11 with PID 0 on node cnode0130 exited on signal 11 (Segmentation fault).
--------------------------------------------------------------------------
[cnode0130:13721] 47 more processes have sent help message help-mpi-common-cuda.txt / dlopen failed
[cnode0130:13721] Set MCA parameter "orte_base_help_aggregate" to 0 to see all help / error messages

real	0m5.184s
user	0m22.560s
sys	0m2.752s
