libibverbs: Warning: couldn't open config directory '/usr/etc/libibverbs.d'.
libibverbs: Warning: no userspace device-specific driver found for /sys/class/infiniband_verbs/uverbs0
Warning: Permanently added 'cnode0324,172.18.2.11' (ECDSA) to the list of known hosts.
Warning: Permanently added 'cnode0322,172.18.2.9' (ECDSA) to the list of known hosts.
libibverbs: Warning: couldn't open config directory '/usr/etc/libibverbs.d'.
libibverbs: Warning: no userspace device-specific driver found for /sys/class/infiniband_verbs/uverbs0
libibverbs: Warning: couldn't open config directory '/usr/etc/libibverbs.d'.
libibverbs: Warning: no userspace device-specific driver found for /sys/class/infiniband_verbs/uverbs0
--------------------------------------------------------------------------
The library attempted to open the following supporting CUDA libraries,
but each of them failed.  CUDA-aware support is disabled.
libcuda.so.1: cannot open shared object file: No such file or directory
libcuda.dylib: cannot open shared object file: No such file or directory
/usr/lib64/libcuda.so.1: cannot open shared object file: No such file or directory
/usr/lib64/libcuda.dylib: cannot open shared object file: No such file or directory
If you are not interested in CUDA-aware support, then run with
--mca mpi_cuda_support 0 to suppress this message.  If you are interested
in CUDA-aware support, then try setting LD_LIBRARY_PATH to the location
of libcuda.so.1 to get passed this issue.
--------------------------------------------------------------------------
[cnode0324:04985] *** Process received signal ***
[cnode0324:04987] *** Process received signal ***
[cnode0324:04987] Signal: Segmentation fault (11)
[cnode0324:04987] Signal code: Address not mapped (1)
[cnode0324:04987] Failing at address: (nil)
[cnode0324:04991] *** Process received signal ***
[cnode0324:04991] Signal: Segmentation fault (11)
[cnode0324:04991] Signal code: Address not mapped (1)
[cnode0324:04991] Failing at address: (nil)
[cnode0324:04986] *** Process received signal ***
[cnode0324:04986] Signal: Segmentation fault (11)
[cnode0324:04986] Signal code: Address not mapped (1)
[cnode0324:04986] Failing at address: (nil)
[cnode0324:04985] Signal: Segmentation fault (11)
[cnode0324:04985] Signal code: Address not mapped (1)
[cnode0324:04985] Failing at address: (nil)
[cnode0324:04990] *** Process received signal ***
[cnode0324:04990] Signal: Segmentation fault (11)
[cnode0324:04990] Signal code: Address not mapped (1)
[cnode0324:04990] Failing at address: (nil)
[cnode0324:04991] [ 0] /usr/lib/gcc/x86_64-redhat-linux/4.8.5/../../../../lib64/libpthread.so.0(+0xf370)[0x2aaaaff87370]
[cnode0324:04991] [ 1] mom_mpi[0x430805]
[cnode0324:04991] [ 2] mom_mpi[0x437061]
[cnode0324:04991] [ 3] mom_mpi[0x439359]
[cnode0324:04991] [ 4] mom_mpi[0x440a9e]
[cnode0324:04991] [ 5] [cnode0324:04986] [ 0] /usr/lib/gcc/x86_64-redhat-linux/4.8.5/../../../../lib64/libpthread.so.0(+0xf370)[0x2aaaaff87370]
[cnode0324:04986] [ 1] mom_mpi[0x430805]
[cnode0324:04986] [ 2] mom_mpi[0x437061]
[cnode0324:04986] [ 3] mom_mpi[0x439359]
[cnode0324:04986] [ 4] mom_mpi[0x440a9e]
[cnode0324:04986] [ 5] /usr/lib/gcc/x86_64-redhat-linux/4.8.5/../../../../lib64/libc.so.6(__libc_start_main+0xf5)[0x2aaab0e27b35]
[cnode0324:04986] [ 6] mom_mpi[0x40fc19]
[cnode0324:04986] *** End of error message ***
[cnode0324:04985] [ 0] /usr/lib/gcc/x86_64-redhat-linux/4.8.5/../../../../lib64/libpthread.so.0(+0xf370)[0x2aaaaff87370]
[cnode0324:04985] [ 1] mom_mpi[0x430805]
[cnode0324:04985] [ 2] mom_mpi[0x437061]
[cnode0324:04985] [ 3] mom_mpi[0x439359]
[cnode0324:04985] [ 4] mom_mpi[0x440a9e]
[cnode0324:04985] [ 5] /usr/lib/gcc/x86_64-redhat-linux/4.8.5/../../../../lib64/libc.so.6(__libc_start_main+0xf5)[0x2aaab0e27b35]
[cnode0324:04985] [ 6] mom_mpi[0x40fc19]
[cnode0324:04985] *** End of error message ***
[cnode0324:04987] [ 0] /usr/lib/gcc/x86_64-redhat-linux/4.8.5/../../../../lib64/libpthread.so.0(+0xf370)[0x2aaaaff87370]
[cnode0324:04987] [ 1] mom_mpi[0x430805]
[cnode0324:04987] [ 2] mom_mpi[0x437061]
[cnode0324:04987] [ 3] mom_mpi[0x439359]
[cnode0324:04987] [ 4] mom_mpi[0x440a9e]
[cnode0324:04987] [ 5] /usr/lib/gcc/x86_64-redhat-linux/4.8.5/../../../../lib64/libc.so.6(__libc_start_main+0xf5)[0x2aaab0e27b35]
[cnode0324:04987] [ 6] mom_mpi[0x40fc19]
[cnode0324:04987] *** End of error message ***
[cnode0324:04990] [ 0] /usr/lib/gcc/x86_64-redhat-linux/4.8.5/../../../../lib64/libpthread.so.0(+0xf370)[0x2aaaaff87370]
[cnode0324:04990] [ 1] mom_mpi[0x430805]
[cnode0324:04990] [ 2] mom_mpi[0x437061]
[cnode0324:04990] [ 3] mom_mpi[0x439359]
[cnode0324:04990] [ 4] mom_mpi[0x440a9e]
[cnode0324:04990] [ 5] /usr/lib/gcc/x86_64-redhat-linux/4.8.5/../../../../lib64/libc.so.6(__libc_start_main+0xf5)[0x2aaab0e27b35]
[cnode0324:04990] [ 6] mom_mpi[0x40fc19]
[cnode0324:04990] *** End of error message ***
/usr/lib/gcc/x86_64-redhat-linux/4.8.5/../../../../lib64/libc.so.6(__libc_start_main+0xf5)[0x2aaab0e27b35]
[cnode0324:04991] [ 6] mom_mpi[0x40fc19]
[cnode0324:04991] *** End of error message ***
--------------------------------------------------------------------------
Primary job  terminated normally, but 1 process returned
a non-zero exit code. Per user-direction, the job has been aborted.
--------------------------------------------------------------------------
[cnode0318:151755] *** Process received signal ***
[cnode0318:151755] Signal: Segmentation fault (11)
[cnode0318:151755] Signal code: Address not mapped (1)
[cnode0318:151755] Failing at address: (nil)
[cnode0318:151755] [ 0] /usr/lib/gcc/x86_64-redhat-linux/4.8.5/../../../../lib64/libpthread.so.0(+0xf370)[0x2aaaaff87370]
[cnode0318:151755] [ 1] mom_mpi[0x430805]
[cnode0318:151755] [ 2] mom_mpi[0x437061]
[cnode0318:151755] [ 3] mom_mpi[0x439359]
[cnode0318:151755] [ 4] mom_mpi[0x440a9e]
[cnode0318:151755] [ 5] /usr/lib/gcc/x86_64-redhat-linux/4.8.5/../../../../lib64/libc.so.6(__libc_start_main+0xf5)[0x2aaab0e27b35]
[cnode0318:151755] [ 6] mom_mpi[0x40fc19]
[cnode0318:151755] *** End of error message ***
[cnode0318:151756] *** Process received signal ***
[cnode0318:151756] Signal: Segmentation fault (11)
[cnode0318:151756] Signal code: Address not mapped (1)
[cnode0318:151756] Failing at address: (nil)
[cnode0318:151756] [ 0] /usr/lib/gcc/x86_64-redhat-linux/4.8.5/../../../../lib64/libpthread.so.0(+0xf370)[0x2aaaaff87370]
[cnode0318:151756] [ 1] mom_mpi[0x430805]
[cnode0318:151756] [ 2] mom_mpi[0x437061]
[cnode0318:151756] [ 3] mom_mpi[0x439359]
[cnode0318:151756] [ 4] mom_mpi[0x440a9e]
[cnode0318:151756] [ 5] /usr/lib/gcc/x86_64-redhat-linux/4.8.5/../../../../lib64/libc.so.6(__libc_start_main+0xf5)[0x2aaab0e27b35]
[cnode0318:151756] [ 6] mom_mpi[0x40fc19]
[cnode0318:151756] *** End of error message ***
[cnode0318:151757] *** Process received signal ***
[cnode0318:151757] Signal: Segmentation fault (11)
[cnode0318:151757] Signal code: Address not mapped (1)
[cnode0318:151757] Failing at address: (nil)
[cnode0318:151757] [ 0] /usr/lib/gcc/x86_64-redhat-linux/4.8.5/../../../../lib64/libpthread.so.0(+0xf370)[0x2aaaaff87370]
[cnode0318:151757] [ 1] mom_mpi[0x430805]
[cnode0318:151757] [ 2] mom_mpi[0x437061]
[cnode0318:151757] [ 3] mom_mpi[0x439359]
[cnode0318:151757] [ 4] mom_mpi[0x440a9e]
[cnode0318:151757] [ 5] /usr/lib/gcc/x86_64-redhat-linux/4.8.5/../../../../lib64/libc.so.6(__libc_start_main+0xf5)[0x2aaab0e27b35]
[cnode0318:151757] [ 6] mom_mpi[0x40fc19]
[cnode0318:151757] *** End of error message ***
[cnode0318:151758] *** Process received signal ***
[cnode0318:151758] Signal: Segmentation fault (11)
[cnode0318:151758] Signal code: Address not mapped (1)
[cnode0318:151758] Failing at address: (nil)
[cnode0318:151758] [ 0] /usr/lib/gcc/x86_64-redhat-linux/4.8.5/../../../../lib64/libpthread.so.0(+0xf370)[0x2aaaaff87370]
[cnode0318:151758] [ 1] mom_mpi[0x430805]
[cnode0318:151758] [ 2] mom_mpi[0x437061]
[cnode0318:151758] [ 3] mom_mpi[0x439359]
[cnode0318:151758] [ 4] mom_mpi[0x440a9e]
[cnode0318:151758] [ 5] /usr/lib/gcc/x86_64-redhat-linux/4.8.5/../../../../lib64/libc.so.6(__libc_start_main+0xf5)[0x2aaab0e27b35]
[cnode0318:151758] [ 6] mom_mpi[0x40fc19]
[cnode0318:151758] *** End of error message ***
[cnode0318:151759] *** Process received signal ***
[cnode0318:151759] Signal: Segmentation fault (11)
[cnode0318:151759] Signal code: Address not mapped (1)
[cnode0318:151759] Failing at address: (nil)
[cnode0318:151759] [ 0] /usr/lib/gcc/x86_64-redhat-linux/4.8.5/../../../../lib64/libpthread.so.0(+0xf370)[0x2aaaaff87370]
[cnode0318:151759] [ 1] mom_mpi[0x430805]
[cnode0318:151759] [ 2] mom_mpi[0x437061]
[cnode0318:151759] [ 3] mom_mpi[0x439359]
[cnode0318:151759] [ 4] mom_mpi[0x440a9e]
[cnode0318:151759] [ 5] /usr/lib/gcc/x86_64-redhat-linux/4.8.5/../../../../lib64/libc.so.6(__libc_start_main+0xf5)[0x2aaab0e27b35]
[cnode0318:151759] [ 6] mom_mpi[0x40fc19]
[cnode0318:151759] *** End of error message ***
[cnode0318:151760] *** Process received signal ***
[cnode0318:151760] Signal: Segmentation fault (11)
[cnode0318:151760] Signal code: Address not mapped (1)
[cnode0318:151760] Failing at address: (nil)
[cnode0318:151760] [ 0] /usr/lib/gcc/x86_64-redhat-linux/4.8.5/../../../../lib64/libpthread.so.0(+0xf370)[0x2aaaaff87370]
[cnode0318:151760] [ 1] mom_mpi[0x430805]
[cnode0318:151760] [ 2] mom_mpi[0x437061]
[cnode0318:151760] [ 3] mom_mpi[0x439359]
[cnode0318:151760] [ 4] mom_mpi[0x440a9e]
[cnode0318:151760] [ 5] /usr/lib/gcc/x86_64-redhat-linux/4.8.5/../../../../lib64/libc.so.6(__libc_start_main+0xf5)[0x2aaab0e27b35]
[cnode0318:151760] [ 6] mom_mpi[0x40fc19]
[cnode0318:151760] *** End of error message ***
[cnode0318:151761] *** Process received signal ***
[cnode0318:151761] Signal: Segmentation fault (11)
[cnode0318:151761] Signal code: Address not mapped (1)
[cnode0318:151761] Failing at address: (nil)
[cnode0318:151761] [ 0] /usr/lib/gcc/x86_64-redhat-linux/4.8.5/../../../../lib64/libpthread.so.0(+0xf370)[0x2aaaaff87370]
[cnode0318:151761] [ 1] mom_mpi[0x430805]
[cnode0318:151761] [ 2] mom_mpi[0x437061]
[cnode0318:151761] [ 3] mom_mpi[0x439359]
[cnode0318:151761] [ 4] mom_mpi[0x440a9e]
[cnode0318:151761] [ 5] /usr/lib/gcc/x86_64-redhat-linux/4.8.5/../../../../lib64/libc.so.6(__libc_start_main+0xf5)[0x2aaab0e27b35]
[cnode0318:151761] [ 6] mom_mpi[0x40fc19]
[cnode0318:151761] *** End of error message ***
[cnode0318:151762] *** Process received signal ***
[cnode0318:151762] Signal: Segmentation fault (11)
[cnode0318:151762] Signal code: Address not mapped (1)
[cnode0318:151762] Failing at address: (nil)
[cnode0318:151762] [ 0] /usr/lib/gcc/x86_64-redhat-linux/4.8.5/../../../../lib64/libpthread.so.0(+0xf370)[0x2aaaaff87370]
[cnode0318:151762] [ 1] mom_mpi[0x430805]
[cnode0318:151762] [ 2] mom_mpi[0x437061]
[cnode0318:151762] [ 3] mom_mpi[0x439359]
[cnode0318:151762] [ 4] mom_mpi[0x440a9e]
[cnode0318:151762] [ 5] /usr/lib/gcc/x86_64-redhat-linux/4.8.5/../../../../lib64/libc.so.6(__libc_start_main+0xf5)[0x2aaab0e27b35]
[cnode0318:151762] [ 6] mom_mpi[0x40fc19]
[cnode0318:151762] *** End of error message ***
[cnode0324:04992] *** Process received signal ***
[cnode0324:04992] Signal: Segmentation fault (11)
[cnode0324:04992] Signal code: Address not mapped (1)
[cnode0324:04992] Failing at address: (nil)
[cnode0324:04992] [ 0] /usr/lib/gcc/x86_64-redhat-linux/4.8.5/../../../../lib64/libpthread.so.0(+0xf370)[0x2aaaaff87370]
[cnode0324:04992] [ 1] mom_mpi[0x430805]
[cnode0324:04992] [ 2] mom_mpi[0x437061]
[cnode0324:04992] [ 3] mom_mpi[0x439359]
[cnode0324:04992] [ 4] mom_mpi[0x440a9e]
[cnode0324:04992] [ 5] /usr/lib/gcc/x86_64-redhat-linux/4.8.5/../../../../lib64/libc.so.6(__libc_start_main+0xf5)[0x2aaab0e27b35]
[cnode0324:04992] [ 6] mom_mpi[0x40fc19]
[cnode0324:04992] *** End of error message ***
[cnode0322:40230] *** Process received signal ***
[cnode0322:40230] Signal: Segmentation fault (11)
[cnode0322:40230] Signal code: Address not mapped (1)
[cnode0322:40230] Failing at address: (nil)
[cnode0322:40230] [ 0] /usr/lib/gcc/x86_64-redhat-linux/4.8.5/../../../../lib64/libpthread.so.0(+0xf370)[0x2aaaaff87370]
[cnode0322:40230] [ 1] mom_mpi[0x430805]
[cnode0322:40230] [ 2] mom_mpi[0x437061]
[cnode0322:40230] [ 3] mom_mpi[0x439359]
[cnode0322:40230] [ 4] mom_mpi[0x440a9e]
[cnode0322:40230] [ 5] /usr/lib/gcc/x86_64-redhat-linux/4.8.5/../../../../lib64/libc.so.6(__libc_start_main+0xf5)[0x2aaab0e27b35]
[cnode0322:40230] [ 6] mom_mpi[0x40fc19]
[cnode0322:40230] *** End of error message ***
--------------------------------------------------------------------------
mpiexec noticed that process rank 21 with PID 4990 on node cnode0324 exited on signal 11 (Segmentation fault).
--------------------------------------------------------------------------
[cnode0318:151748] 23 more processes have sent help message help-mpi-common-cuda.txt / dlopen failed
[cnode0318:151748] Set MCA parameter "orte_base_help_aggregate" to 0 to see all help / error messages

real	0m4.660s
user	0m17.513s
sys	0m3.460s
