libibverbs: Warning: couldn't open config directory '/usr/etc/libibverbs.d'.
libibverbs: Warning: no userspace device-specific driver found for /sys/class/infiniband_verbs/uverbs0
libibverbs: Warning: couldn't open config directory '/usr/etc/libibverbs.d'.
libibverbs: Warning: no userspace device-specific driver found for /sys/class/infiniband_verbs/uverbs0
libibverbs: Warning: couldn't open config directory '/usr/etc/libibverbs.d'.
libibverbs: Warning: no userspace device-specific driver found for /sys/class/infiniband_verbs/uverbs0
libibverbs: Warning: couldn't open config directory '/usr/etc/libibverbs.d'.
libibverbs: Warning: no userspace device-specific driver found for /sys/class/infiniband_verbs/uverbs0
libibverbs: Warning: couldn't open config directory '/usr/etc/libibverbs.d'.
libibverbs: Warning: no userspace device-specific driver found for /sys/class/infiniband_verbs/uverbs0
libibverbs: Warning: couldn't open config directory '/usr/etc/libibverbs.d'.
libibverbs: Warning: no userspace device-specific driver found for /sys/class/infiniband_verbs/uverbs0
--------------------------------------------------------------------------
The library attempted to open the following supporting CUDA libraries,
but each of them failed.  CUDA-aware support is disabled.
libcuda.so.1: cannot open shared object file: No such file or directory
libcuda.dylib: cannot open shared object file: No such file or directory
/usr/lib64/libcuda.so.1: cannot open shared object file: No such file or directory
/usr/lib64/libcuda.dylib: cannot open shared object file: No such file or directory
If you are not interested in CUDA-aware support, then run with
--mca mpi_cuda_support 0 to suppress this message.  If you are interested
in CUDA-aware support, then try setting LD_LIBRARY_PATH to the location
of libcuda.so.1 to get passed this issue.
--------------------------------------------------------------------------
[cnode0130:14260] *** Process received signal ***
[cnode0130:14260] Signal: Segmentation fault (11)
[cnode0130:14260] Signal code: Address not mapped (1)
[cnode0130:14260] Failing at address: (nil)
[cnode0130:14261] *** Process received signal ***
[cnode0130:14261] Signal: Segmentation fault (11)
[cnode0130:14261] Signal code: Address not mapped (1)
[cnode0130:14261] Failing at address: (nil)
[cnode0130:14266] *** Process received signal ***
[cnode0130:14266] Signal: Segmentation fault (11)
[cnode0130:14266] Signal code: Address not mapped (1)
[cnode0130:14266] Failing at address: (nil)
[cnode0130:14267] *** Process received signal ***
[cnode0130:14267] Signal: Segmentation fault (11)
[cnode0130:14267] Signal code: Address not mapped (1)
[cnode0130:14267] Failing at address: (nil)
[cnode0130:14268] *** Process received signal ***
[cnode0130:14268] Signal: Segmentation fault (11)
[cnode0130:14268] Signal code: Address not mapped (1)
[cnode0130:14268] Failing at address: (nil)
[cnode0130:14269] *** Process received signal ***
[cnode0130:14269] Signal: Segmentation fault (11)
[cnode0130:14269] Signal code: Address not mapped (1)
[cnode0130:14269] Failing at address: (nil)
[cnode0130:14270] *** Process received signal ***
[cnode0130:14270] Signal: Segmentation fault (11)
[cnode0130:14270] Signal code: Address not mapped (1)
[cnode0130:14270] Failing at address: (nil)
[cnode0130:14268] [ 0] /usr/lib/gcc/x86_64-redhat-linux/4.8.5/../../../../lib64/libpthread.so.0(+0xf370)[0x2aaaaff87370]
[cnode0130:14268] [ 1] [cnode0130:14266] [ 0] /usr/lib/gcc/x86_64-redhat-linux/4.8.5/../../../../lib64/libpthread.so.0(+0xf370)[0x2aaaaff87370]
[cnode0130:14270] [ 0] /usr/lib/gcc/x86_64-redhat-linux/4.8.5/../../../../lib64/libpthread.so.0(+0xf370)[0x2aaaaff87370]
[cnode0130:14270] [ 1] mom_mpi[0x430805]
[cnode0130:14270] [ 2] mom_mpi[0x437061]
[cnode0130:14270] [ 3] mom_mpi[0x439359]
[cnode0130:14270] [ 4] mom_mpi[0x430805]
[cnode0130:14268] [ 2] mom_mpi[0x437061]
[cnode0130:14268] [ 3] mom_mpi[0x439359]
[cnode0130:14268] [ 4] mom_mpi[0x440a9e]
[cnode0130:14268] [ 5] /usr/lib/gcc/x86_64-redhat-linux/4.8.5/../../../../lib64/libc.so.6(__libc_start_main+0xf5)[0x2aaab0e27b35]
[cnode0130:14268] [ 6] mom_mpi[0x40fc19]
[cnode0130:14268] *** End of error message ***
mom_mpi[0x440a9e]
[cnode0130:14270] [ 5] /usr/lib/gcc/x86_64-redhat-linux/4.8.5/../../../../lib64/libc.so.6(__libc_start_main+0xf5)[0x2aaab0e27b35]
[cnode0130:14270] [ 6] mom_mpi[0x40fc19]
[cnode0130:14270] *** End of error message ***
[cnode0130:14266] [ 1] mom_mpi[0x430805]
[cnode0130:14266] [ 2] mom_mpi[0x437061]
[cnode0130:14266] [ 3] mom_mpi[0x439359]
[cnode0130:14266] [ 4] mom_mpi[0x440a9e]
[cnode0130:14266] [ 5] /usr/lib/gcc/x86_64-redhat-linux/4.8.5/../../../../lib64/libc.so.6(__libc_start_main+0xf5)[0x2aaab0e27b35]
[cnode0130:14266] [ 6] mom_mpi[0x40fc19]
[cnode0130:14266] *** End of error message ***
[cnode0130:14269] [ 0] /usr/lib/gcc/x86_64-redhat-linux/4.8.5/../../../../lib64/libpthread.so.0(+0xf370)[0x2aaaaff87370]
[cnode0130:14269] [ 1] mom_mpi[0x430805]
[cnode0130:14269] [ 2] mom_mpi[0x437061]
[cnode0130:14269] [ 3] mom_mpi[0x439359]
[cnode0130:14269] [ 4] mom_mpi[0x440a9e]
[cnode0130:14269] [ 5] [cnode0130:14260] [ 0] /usr/lib/gcc/x86_64-redhat-linux/4.8.5/../../../../lib64/libpthread.so.0(+0xf370)[0x2aaaaff87370]
[cnode0130:14260] [ 1] mom_mpi[0x430805]
[cnode0130:14260] [ 2] mom_mpi[0x437061]
[cnode0130:14260] [ 3] mom_mpi[0x439359]
[cnode0130:14260] [ 4] mom_mpi[0x440a9e]
[cnode0130:14260] [ 5] [cnode0130:14261] [ 0] /usr/lib/gcc/x86_64-redhat-linux/4.8.5/../../../../lib64/libpthread.so.0(+0xf370)[0x2aaaaff87370]
[cnode0130:14261] [ 1] mom_mpi[0x430805]
[cnode0130:14261] [ 2] mom_mpi[0x437061]
[cnode0130:14261] [ 3] mom_mpi[0x439359]
[cnode0130:14261] [ 4] mom_mpi[0x440a9e]
[cnode0130:14261] [ 5] /usr/lib/gcc/x86_64-redhat-linux/4.8.5/../../../../lib64/libc.so.6(__libc_start_main+0xf5)[0x2aaab0e27b35]
[cnode0130:14261] [ 6] mom_mpi[0x40fc19]
[cnode0130:14261] *** End of error message ***
[cnode0130:14267] [ 0] /usr/lib/gcc/x86_64-redhat-linux/4.8.5/../../../../lib64/libpthread.so.0(+0xf370)[0x2aaaaff87370]
[cnode0130:14267] [ 1] mom_mpi[0x430805]
[cnode0130:14267] [ 2] mom_mpi[0x437061]
[cnode0130:14267] [ 3] mom_mpi[0x439359]
[cnode0130:14267] [ 4] mom_mpi[0x440a9e]
[cnode0130:14267] [ 5] /usr/lib/gcc/x86_64-redhat-linux/4.8.5/../../../../lib64/libc.so.6(__libc_start_main+0xf5)[0x2aaab0e27b35]
[cnode0130:14267] [ 6] mom_mpi[0x40fc19]
[cnode0130:14267] *** End of error message ***
/usr/lib/gcc/x86_64-redhat-linux/4.8.5/../../../../lib64/libc.so.6(__libc_start_main+0xf5)[0x2aaab0e27b35]
[cnode0130:14269] [ 6] mom_mpi[0x40fc19]
[cnode0130:14269] *** End of error message ***
/usr/lib/gcc/x86_64-redhat-linux/4.8.5/../../../../lib64/libc.so.6(__libc_start_main+0xf5)[0x2aaab0e27b35]
[cnode0130:14260] [ 6] mom_mpi[0x40fc19]
[cnode0130:14260] *** End of error message ***
[cnode0130:14263] *** Process received signal ***
[cnode0130:14263] Signal: Segmentation fault (11)
[cnode0130:14263] Signal code: Address not mapped (1)
[cnode0130:14263] Failing at address: (nil)
[cnode0130:14263] [ 0] /usr/lib/gcc/x86_64-redhat-linux/4.8.5/../../../../lib64/libpthread.so.0(+0xf370)[0x2aaaaff87370]
[cnode0130:14263] [ 1] mom_mpi[0x430805]
[cnode0130:14263] [ 2] mom_mpi[0x437061]
[cnode0130:14263] [ 3] mom_mpi[0x439359]
[cnode0130:14263] [ 4] mom_mpi[0x440a9e]
[cnode0130:14263] [ 5] /usr/lib/gcc/x86_64-redhat-linux/4.8.5/../../../../lib64/libc.so.6(__libc_start_main+0xf5)[0x2aaab0e27b35]
[cnode0130:14263] [ 6] mom_mpi[0x40fc19]
[cnode0130:14263] *** End of error message ***
[cnode0130:14264] *** Process received signal ***
[cnode0130:14264] Signal: Segmentation fault (11)
[cnode0130:14264] Signal code: Address not mapped (1)
[cnode0130:14264] Failing at address: (nil)
[cnode0130:14264] [ 0] /usr/lib/gcc/x86_64-redhat-linux/4.8.5/../../../../lib64/libpthread.so.0(+0xf370)[0x2aaaaff87370]
[cnode0130:14264] [ 1] mom_mpi[0x430805]
[cnode0130:14264] [ 2] mom_mpi[0x437061]
[cnode0130:14264] [ 3] mom_mpi[0x439359]
[cnode0130:14264] [ 4] mom_mpi[0x440a9e]
[cnode0130:14264] [ 5] /usr/lib/gcc/x86_64-redhat-linux/4.8.5/../../../../lib64/libc.so.6(__libc_start_main+0xf5)[0x2aaab0e27b35]
[cnode0130:14264] [ 6] mom_mpi[0x40fc19]
[cnode0130:14264] *** End of error message ***
[cnode0130:14265] *** Process received signal ***
[cnode0130:14265] Signal: Segmentation fault (11)
[cnode0130:14265] Signal code: Address not mapped (1)
[cnode0130:14265] Failing at address: (nil)
[cnode0130:14271] *** Process received signal ***
[cnode0130:14271] Signal: Segmentation fault (11)
[cnode0130:14271] Signal code: Address not mapped (1)
[cnode0130:14271] Failing at address: (nil)
[cnode0130:14265] [ 0] /usr/lib/gcc/x86_64-redhat-linux/4.8.5/../../../../lib64/libpthread.so.0(+0xf370)[0x2aaaaff87370]
[cnode0130:14265] [ 1] mom_mpi[0x430805]
[cnode0130:14265] [ 2] mom_mpi[0x437061]
[cnode0130:14265] [ 3] mom_mpi[0x439359]
[cnode0130:14265] [ 4] mom_mpi[0x440a9e]
[cnode0130:14265] [ 5] /usr/lib/gcc/x86_64-redhat-linux/4.8.5/../../../../lib64/libc.so.6(__libc_start_main+0xf5)[0x2aaab0e27b35]
[cnode0130:14265] [ 6] mom_mpi[0x40fc19]
[cnode0130:14265] *** End of error message ***
[cnode0130:14271] [ 0] /usr/lib/gcc/x86_64-redhat-linux/4.8.5/../../../../lib64/libpthread.so.0(+0xf370)[0x2aaaaff87370]
[cnode0130:14271] [ 1] mom_mpi[0x430805]
[cnode0130:14271] [ 2] mom_mpi[0x437061]
[cnode0130:14271] [ 3] mom_mpi[0x439359]
[cnode0130:14271] [ 4] mom_mpi[0x440a9e]
[cnode0130:14271] [ 5] /usr/lib/gcc/x86_64-redhat-linux/4.8.5/../../../../lib64/libc.so.6(__libc_start_main+0xf5)[0x2aaab0e27b35]
[cnode0130:14271] [ 6] mom_mpi[0x40fc19]
[cnode0130:14271] *** End of error message ***
--------------------------------------------------------------------------
Primary job  terminated normally, but 1 process returned
a non-zero exit code. Per user-direction, the job has been aborted.
--------------------------------------------------------------------------
[cnode0131:179529] *** Process received signal ***
[cnode0131:179529] Signal: Segmentation fault (11)
[cnode0131:179529] Signal code: Address not mapped (1)
[cnode0131:179529] Failing at address: (nil)
[cnode0131:179529] [ 0] /usr/lib/gcc/x86_64-redhat-linux/4.8.5/../../../../lib64/libpthread.so.0(+0xf370)[0x2aaaaff87370]
[cnode0131:179529] [ 1] mom_mpi[0x430805]
[cnode0131:179529] [ 2] mom_mpi[0x437061]
[cnode0131:179529] [ 3] mom_mpi[0x439359]
[cnode0131:179529] [ 4] mom_mpi[0x440a9e]
[cnode0131:179529] [ 5] /usr/lib/gcc/x86_64-redhat-linux/4.8.5/../../../../lib64/libc.so.6(__libc_start_main+0xf5)[0x2aaab0e27b35]
[cnode0131:179529] [ 6] mom_mpi[0x40fc19]
[cnode0131:179529] *** End of error message ***
[cnode0131:179533] *** Process received signal ***
[cnode0131:179533] Signal: Segmentation fault (11)
[cnode0131:179533] Signal code: Address not mapped (1)
[cnode0131:179533] Failing at address: (nil)
[cnode0131:179533] [ 0] /usr/lib/gcc/x86_64-redhat-linux/4.8.5/../../../../lib64/libpthread.so.0(+0xf370)[0x2aaaaff87370]
[cnode0131:179533] [ 1] mom_mpi[0x430805]
[cnode0131:179533] [ 2] mom_mpi[0x437061]
[cnode0131:179533] [ 3] mom_mpi[0x439359]
[cnode0131:179533] [ 4] mom_mpi[0x440a9e]
[cnode0131:179533] [ 5] /usr/lib/gcc/x86_64-redhat-linux/4.8.5/../../../../lib64/libc.so.6(__libc_start_main+0xf5)[0x2aaab0e27b35]
[cnode0131:179533] [ 6] mom_mpi[0x40fc19]
[cnode0131:179533] *** End of error message ***
[cnode0131:179535] *** Process received signal ***
[cnode0131:179535] Signal: Segmentation fault (11)
[cnode0131:179535] Signal code: Address not mapped (1)
[cnode0131:179535] Failing at address: (nil)
[cnode0131:179535] [ 0] /usr/lib/gcc/x86_64-redhat-linux/4.8.5/../../../../lib64/libpthread.so.0(+0xf370)[0x2aaaaff87370]
[cnode0131:179535] [ 1] mom_mpi[0x430805]
[cnode0131:179535] [ 2] mom_mpi[0x437061]
[cnode0131:179535] [ 3] mom_mpi[0x439359]
[cnode0131:179535] [ 4] mom_mpi[0x440a9e]
[cnode0131:179535] [ 5] /usr/lib/gcc/x86_64-redhat-linux/4.8.5/../../../../lib64/libc.so.6(__libc_start_main+0xf5)[0x2aaab0e27b35]
[cnode0131:179535] [ 6] mom_mpi[0x40fc19]
[cnode0131:179535] *** End of error message ***
[cnode0131:179536] *** Process received signal ***
[cnode0131:179536] Signal: Segmentation fault (11)
[cnode0131:179536] Signal code: Address not mapped (1)
[cnode0131:179536] Failing at address: (nil)
[cnode0131:179536] [ 0] /usr/lib/gcc/x86_64-redhat-linux/4.8.5/../../../../lib64/libpthread.so.0(+0xf370)[0x2aaaaff87370]
[cnode0131:179536] [ 1] mom_mpi[0x430805]
[cnode0131:179536] [ 2] mom_mpi[0x437061]
[cnode0131:179536] [ 3] mom_mpi[0x439359]
[cnode0131:179536] [ 4] mom_mpi[0x440a9e]
[cnode0131:179536] [ 5] /usr/lib/gcc/x86_64-redhat-linux/4.8.5/../../../../lib64/libc.so.6(__libc_start_main+0xf5)[0x2aaab0e27b35]
[cnode0131:179536] [ 6] mom_mpi[0x40fc19]
[cnode0131:179536] *** End of error message ***
[cnode0151:08766] *** Process received signal ***
[cnode0151:08766] Signal: Segmentation fault (11)
[cnode0151:08766] Signal code: Address not mapped (1)
[cnode0151:08766] Failing at address: (nil)
[cnode0151:08766] [ 0] /usr/lib/gcc/x86_64-redhat-linux/4.8.5/../../../../lib64/libpthread.so.0(+0xf370)[0x2aaaaff87370]
[cnode0151:08766] [ 1] mom_mpi[0x430805]
[cnode0151:08766] [ 2] mom_mpi[0x437061]
[cnode0151:08766] [ 3] mom_mpi[0x439359]
[cnode0151:08766] [ 4] mom_mpi[0x440a9e]
[cnode0151:08766] [ 5] /usr/lib/gcc/x86_64-redhat-linux/4.8.5/../../../../lib64/libc.so.6(__libc_start_main+0xf5)[0x2aaab0e27b35]
[cnode0151:08766] [ 6] mom_mpi[0x40fc19]
[cnode0151:08766] *** End of error message ***
[cnode0151:08767] *** Process received signal ***
[cnode0151:08767] Signal: Segmentation fault (11)
[cnode0151:08767] Signal code: Address not mapped (1)
[cnode0151:08767] Failing at address: (nil)
[cnode0151:08767] [ 0] /usr/lib/gcc/x86_64-redhat-linux/4.8.5/../../../../lib64/libpthread.so.0(+0xf370)[0x2aaaaff87370]
[cnode0151:08767] [ 1] mom_mpi[0x430805]
[cnode0151:08767] [ 2] mom_mpi[0x437061]
[cnode0151:08767] [ 3] mom_mpi[0x439359]
[cnode0151:08767] [ 4] mom_mpi[0x440a9e]
[cnode0151:08767] [ 5] /usr/lib/gcc/x86_64-redhat-linux/4.8.5/../../../../lib64/libc.so.6(__libc_start_main+0xf5)[0x2aaab0e27b35]
[cnode0151:08767] [ 6] mom_mpi[0x40fc19]
[cnode0151:08767] *** End of error message ***
[cnode0151:08768] *** Process received signal ***
[cnode0151:08768] Signal: Segmentation fault (11)
[cnode0151:08768] Signal code: Address not mapped (1)
[cnode0151:08768] Failing at address: (nil)
[cnode0151:08768] [ 0] /usr/lib/gcc/x86_64-redhat-linux/4.8.5/../../../../lib64/libpthread.so.0(+0xf370)[0x2aaaaff87370]
[cnode0151:08768] [ 1] mom_mpi[0x430805]
[cnode0151:08768] [ 2] mom_mpi[0x437061]
[cnode0151:08768] [ 3] mom_mpi[0x439359]
[cnode0151:08768] [ 4] mom_mpi[0x440a9e]
[cnode0151:08768] [ 5] /usr/lib/gcc/x86_64-redhat-linux/4.8.5/../../../../lib64/libc.so.6(__libc_start_main+0xf5)[0x2aaab0e27b35]
[cnode0151:08768] [ 6] mom_mpi[0x40fc19]
[cnode0151:08768] *** End of error message ***
[cnode0151:08769] *** Process received signal ***
[cnode0151:08769] Signal: Segmentation fault (11)
[cnode0151:08769] Signal code: Address not mapped (1)
[cnode0151:08769] Failing at address: (nil)
[cnode0151:08769] [ 0] /usr/lib/gcc/x86_64-redhat-linux/4.8.5/../../../../lib64/libpthread.so.0(+0xf370)[0x2aaaaff87370]
[cnode0151:08769] [ 1] mom_mpi[0x430805]
[cnode0151:08769] [ 2] mom_mpi[0x437061]
[cnode0151:08769] [ 3] mom_mpi[0x439359]
[cnode0151:08769] [ 4] mom_mpi[0x440a9e]
[cnode0151:08769] [ 5] /usr/lib/gcc/x86_64-redhat-linux/4.8.5/../../../../lib64/libc.so.6(__libc_start_main+0xf5)[0x2aaab0e27b35]
[cnode0151:08769] [ 6] mom_mpi[0x40fc19]
[cnode0151:08769] *** End of error message ***
[cnode0151:08770] *** Process received signal ***
[cnode0151:08770] Signal: Segmentation fault (11)
[cnode0151:08770] Signal code: Address not mapped (1)
[cnode0151:08770] Failing at address: (nil)
[cnode0151:08770] [ 0] /usr/lib/gcc/x86_64-redhat-linux/4.8.5/../../../../lib64/libpthread.so.0(+0xf370)[0x2aaaaff87370]
[cnode0151:08770] [ 1] mom_mpi[0x430805]
[cnode0151:08770] [ 2] mom_mpi[0x437061]
[cnode0151:08770] [ 3] mom_mpi[0x439359]
[cnode0151:08770] [ 4] mom_mpi[0x440a9e]
[cnode0151:08770] [ 5] /usr/lib/gcc/x86_64-redhat-linux/4.8.5/../../../../lib64/libc.so.6(__libc_start_main+0xf5)[0x2aaab0e27b35]
[cnode0151:08770] [ 6] mom_mpi[0x40fc19]
[cnode0151:08770] *** End of error message ***
[cnode0151:08771] *** Process received signal ***
[cnode0151:08771] Signal: Segmentation fault (11)
[cnode0151:08771] Signal code: Address not mapped (1)
[cnode0151:08771] Failing at address: (nil)
[cnode0151:08771] [ 0] /usr/lib/gcc/x86_64-redhat-linux/4.8.5/../../../../lib64/libpthread.so.0(+0xf370)[0x2aaaaff87370]
[cnode0151:08771] [ 1] mom_mpi[0x430805]
[cnode0151:08771] [ 2] mom_mpi[0x437061]
[cnode0151:08771] [ 3] mom_mpi[0x439359]
[cnode0151:08771] [ 4] mom_mpi[0x440a9e]
[cnode0151:08771] [ 5] /usr/lib/gcc/x86_64-redhat-linux/4.8.5/../../../../lib64/libc.so.6(__libc_start_main+0xf5)[0x2aaab0e27b35]
[cnode0151:08771] [ 6] mom_mpi[0x40fc19]
[cnode0151:08771] *** End of error message ***
[cnode0151:08772] *** Process received signal ***
[cnode0151:08772] Signal: Segmentation fault (11)
[cnode0151:08772] Signal code: Address not mapped (1)
[cnode0151:08772] Failing at address: (nil)
[cnode0151:08772] [ 0] /usr/lib/gcc/x86_64-redhat-linux/4.8.5/../../../../lib64/libpthread.so.0(+0xf370)[0x2aaaaff87370]
[cnode0151:08772] [ 1] mom_mpi[0x430805]
[cnode0151:08772] [ 2] mom_mpi[0x437061]
[cnode0151:08772] [ 3] mom_mpi[0x439359]
[cnode0151:08772] [ 4] mom_mpi[0x440a9e]
[cnode0151:08772] [ 5] /usr/lib/gcc/x86_64-redhat-linux/4.8.5/../../../../lib64/libc.so.6(__libc_start_main+0xf5)[0x2aaab0e27b35]
[cnode0151:08772] [ 6] mom_mpi[0x40fc19]
[cnode0151:08772] *** End of error message ***
[cnode0151:08773] *** Process received signal ***
[cnode0151:08773] Signal: Segmentation fault (11)
[cnode0151:08773] Signal code: Address not mapped (1)
[cnode0151:08773] Failing at address: (nil)
[cnode0151:08773] [ 0] /usr/lib/gcc/x86_64-redhat-linux/4.8.5/../../../../lib64/libpthread.so.0(+0xf370)[0x2aaaaff87370]
[cnode0151:08773] [ 1] mom_mpi[0x430805]
[cnode0151:08773] [ 2] mom_mpi[0x437061]
[cnode0151:08773] [ 3] mom_mpi[0x439359]
[cnode0151:08773] [ 4] mom_mpi[0x440a9e]
[cnode0151:08773] [ 5] /usr/lib/gcc/x86_64-redhat-linux/4.8.5/../../../../lib64/libc.so.6(__libc_start_main+0xf5)[0x2aaab0e27b35]
[cnode0151:08773] [ 6] mom_mpi[0x40fc19]
[cnode0151:08773] *** End of error message ***
[cnode0151:08775] *** Process received signal ***
[cnode0151:08775] Signal: Segmentation fault (11)
[cnode0151:08775] Signal code: Address not mapped (1)
[cnode0151:08775] Failing at address: (nil)
[cnode0151:08775] [ 0] /usr/lib/gcc/x86_64-redhat-linux/4.8.5/../../../../lib64/libpthread.so.0(+0xf370)[0x2aaaaff87370]
[cnode0151:08775] [ 1] mom_mpi[0x430805]
[cnode0151:08775] [ 2] mom_mpi[0x437061]
[cnode0151:08775] [ 3] mom_mpi[0x439359]
[cnode0151:08775] [ 4] mom_mpi[0x440a9e]
[cnode0151:08775] [ 5] /usr/lib/gcc/x86_64-redhat-linux/4.8.5/../../../../lib64/libc.so.6(__libc_start_main+0xf5)[0x2aaab0e27b35]
[cnode0151:08775] [ 6] mom_mpi[0x40fc19]
[cnode0151:08775] *** End of error message ***
[cnode0151:08776] *** Process received signal ***
[cnode0151:08776] Signal: Segmentation fault (11)
[cnode0151:08776] Signal code: Address not mapped (1)
[cnode0151:08776] Failing at address: (nil)
[cnode0151:08776] [ 0] /usr/lib/gcc/x86_64-redhat-linux/4.8.5/../../../../lib64/libpthread.so.0(+0xf370)[0x2aaaaff87370]
[cnode0151:08776] [ 1] mom_mpi[0x430805]
[cnode0151:08776] [ 2] mom_mpi[0x437061]
[cnode0151:08776] [ 3] mom_mpi[0x439359]
[cnode0151:08776] [ 4] mom_mpi[0x440a9e]
[cnode0151:08776] [ 5] /usr/lib/gcc/x86_64-redhat-linux/4.8.5/../../../../lib64/libc.so.6(__libc_start_main+0xf5)[0x2aaab0e27b35]
[cnode0151:08776] [ 6] mom_mpi[0x40fc19]
[cnode0151:08776] *** End of error message ***
[cnode0151:08777] *** Process received signal ***
[cnode0151:08777] Signal: Segmentation fault (11)
[cnode0151:08777] Signal code: Address not mapped (1)
[cnode0151:08777] Failing at address: (nil)
[cnode0151:08777] [ 0] /usr/lib/gcc/x86_64-redhat-linux/4.8.5/../../../../lib64/libpthread.so.0(+0xf370)[0x2aaaaff87370]
[cnode0151:08777] [ 1] mom_mpi[0x430805]
[cnode0151:08777] [ 2] mom_mpi[0x437061]
[cnode0151:08777] [ 3] mom_mpi[0x439359]
[cnode0151:08777] [ 4] mom_mpi[0x440a9e]
[cnode0151:08777] [ 5] /usr/lib/gcc/x86_64-redhat-linux/4.8.5/../../../../lib64/libc.so.6(__libc_start_main+0xf5)[0x2aaab0e27b35]
[cnode0151:08777] [ 6] mom_mpi[0x40fc19]
[cnode0151:08777] *** End of error message ***
[cnode0151:08778] *** Process received signal ***
[cnode0151:08778] Signal: Segmentation fault (11)
[cnode0151:08778] Signal code: Address not mapped (1)
[cnode0151:08778] Failing at address: (nil)
[cnode0151:08778] [ 0] /usr/lib/gcc/x86_64-redhat-linux/4.8.5/../../../../lib64/libpthread.so.0(+0xf370)[0x2aaaaff87370]
[cnode0151:08778] [ 1] mom_mpi[0x430805]
[cnode0151:08778] [ 2] mom_mpi[0x437061]
[cnode0151:08778] [ 3] mom_mpi[0x439359]
[cnode0151:08778] [ 4] mom_mpi[0x440a9e]
[cnode0151:08778] [ 5] /usr/lib/gcc/x86_64-redhat-linux/4.8.5/../../../../lib64/libc.so.6(__libc_start_main+0xf5)[0x2aaab0e27b35]
[cnode0151:08778] [ 6] mom_mpi[0x40fc19]
[cnode0151:08778] *** End of error message ***
[cnode0129:10185] *** Process received signal ***
[cnode0129:10185] Signal: Segmentation fault (11)
[cnode0129:10185] Signal code: Address not mapped (1)
[cnode0129:10185] Failing at address: (nil)
[cnode0129:10185] [ 0] /usr/lib/gcc/x86_64-redhat-linux/4.8.5/../../../../lib64/libpthread.so.0(+0xf370)[0x2aaaaff87370]
[cnode0129:10185] [ 1] mom_mpi[0x430805]
[cnode0129:10185] [ 2] mom_mpi[0x437061]
[cnode0129:10185] [ 3] mom_mpi[0x439359]
[cnode0129:10185] [ 4] mom_mpi[0x440a9e]
[cnode0129:10185] [ 5] /usr/lib/gcc/x86_64-redhat-linux/4.8.5/../../../../lib64/libc.so.6(__libc_start_main+0xf5)[0x2aaab0e27b35]
[cnode0129:10185] [ 6] mom_mpi[0x40fc19]
[cnode0129:10185] *** End of error message ***
[cnode0129:10186] *** Process received signal ***
[cnode0129:10186] Signal: Segmentation fault (11)
[cnode0129:10186] Signal code: Address not mapped (1)
[cnode0129:10186] Failing at address: (nil)
[cnode0129:10186] [ 0] /usr/lib/gcc/x86_64-redhat-linux/4.8.5/../../../../lib64/libpthread.so.0(+0xf370)[0x2aaaaff87370]
[cnode0129:10186] [ 1] mom_mpi[0x430805]
[cnode0129:10186] [ 2] mom_mpi[0x437061]
[cnode0129:10186] [ 3] mom_mpi[0x439359]
[cnode0129:10186] [ 4] mom_mpi[0x440a9e]
[cnode0129:10186] [ 5] /usr/lib/gcc/x86_64-redhat-linux/4.8.5/../../../../lib64/libc.so.6(__libc_start_main+0xf5)[0x2aaab0e27b35]
[cnode0129:10186] [ 6] mom_mpi[0x40fc19]
[cnode0129:10186] *** End of error message ***
[cnode0129:10187] *** Process received signal ***
[cnode0129:10187] Signal: Segmentation fault (11)
[cnode0129:10187] Signal code: Address not mapped (1)
[cnode0129:10187] Failing at address: (nil)
[cnode0129:10187] [ 0] /usr/lib/gcc/x86_64-redhat-linux/4.8.5/../../../../lib64/libpthread.so.0(+0xf370)[0x2aaaaff87370]
[cnode0129:10187] [ 1] mom_mpi[0x430805]
[cnode0129:10187] [ 2] mom_mpi[0x437061]
[cnode0129:10187] [ 3] mom_mpi[0x439359]
[cnode0129:10187] [ 4] mom_mpi[0x440a9e]
[cnode0129:10187] [ 5] /usr/lib/gcc/x86_64-redhat-linux/4.8.5/../../../../lib64/libc.so.6(__libc_start_main+0xf5)[0x2aaab0e27b35]
[cnode0129:10187] [ 6] mom_mpi[0x40fc19]
[cnode0129:10187] *** End of error message ***
[cnode0129:10188] *** Process received signal ***
[cnode0129:10188] Signal: Segmentation fault (11)
[cnode0129:10188] Signal code: Address not mapped (1)
[cnode0129:10188] Failing at address: (nil)
[cnode0129:10188] [ 0] /usr/lib/gcc/x86_64-redhat-linux/4.8.5/../../../../lib64/libpthread.so.0(+0xf370)[0x2aaaaff87370]
[cnode0129:10188] [ 1] mom_mpi[0x430805]
[cnode0129:10188] [ 2] mom_mpi[0x437061]
[cnode0129:10188] [ 3] mom_mpi[0x439359]
[cnode0129:10188] [ 4] mom_mpi[0x440a9e]
[cnode0129:10188] [ 5] /usr/lib/gcc/x86_64-redhat-linux/4.8.5/../../../../lib64/libc.so.6(__libc_start_main+0xf5)[0x2aaab0e27b35]
[cnode0129:10188] [ 6] mom_mpi[0x40fc19]
[cnode0129:10188] *** End of error message ***
[cnode0129:10189] *** Process received signal ***
[cnode0129:10189] Signal: Segmentation fault (11)
[cnode0129:10189] Signal code: Address not mapped (1)
[cnode0129:10189] Failing at address: (nil)
[cnode0129:10189] [ 0] /usr/lib/gcc/x86_64-redhat-linux/4.8.5/../../../../lib64/libpthread.so.0(+0xf370)[0x2aaaaff87370]
[cnode0129:10189] [ 1] mom_mpi[0x430805]
[cnode0129:10189] [ 2] mom_mpi[0x437061]
[cnode0129:10189] [ 3] mom_mpi[0x439359]
[cnode0129:10189] [ 4] mom_mpi[0x440a9e]
[cnode0129:10189] [ 5] /usr/lib/gcc/x86_64-redhat-linux/4.8.5/../../../../lib64/libc.so.6(__libc_start_main+0xf5)[0x2aaab0e27b35]
[cnode0129:10189] [ 6] mom_mpi[0x40fc19]
[cnode0129:10189] *** End of error message ***
[cnode0129:10191] *** Process received signal ***
[cnode0129:10191] Signal: Segmentation fault (11)
[cnode0129:10191] Signal code: Address not mapped (1)
[cnode0129:10191] Failing at address: (nil)
[cnode0129:10191] [ 0] /usr/lib/gcc/x86_64-redhat-linux/4.8.5/../../../../lib64/libpthread.so.0(+0xf370)[0x2aaaaff87370]
[cnode0129:10191] [ 1] mom_mpi[0x430805]
[cnode0129:10191] [ 2] mom_mpi[0x437061]
[cnode0129:10191] [ 3] mom_mpi[0x439359]
[cnode0129:10191] [ 4] mom_mpi[0x440a9e]
[cnode0129:10191] [ 5] /usr/lib/gcc/x86_64-redhat-linux/4.8.5/../../../../lib64/libc.so.6(__libc_start_main+0xf5)[0x2aaab0e27b35]
[cnode0129:10191] [ 6] mom_mpi[0x40fc19]
[cnode0129:10191] *** End of error message ***
[cnode0129:10192] *** Process received signal ***
[cnode0129:10192] Signal: Segmentation fault (11)
[cnode0129:10192] Signal code: Address not mapped (1)
[cnode0129:10192] Failing at address: (nil)
[cnode0129:10192] [ 0] /usr/lib/gcc/x86_64-redhat-linux/4.8.5/../../../../lib64/libpthread.so.0(+0xf370)[0x2aaaaff87370]
[cnode0129:10192] [ 1] mom_mpi[0x430805]
[cnode0129:10192] [ 2] mom_mpi[0x437061]
[cnode0129:10192] [ 3] mom_mpi[0x439359]
[cnode0129:10192] [ 4] mom_mpi[0x440a9e]
[cnode0129:10192] [ 5] /usr/lib/gcc/x86_64-redhat-linux/4.8.5/../../../../lib64/libc.so.6(__libc_start_main+0xf5)[0x2aaab0e27b35]
[cnode0129:10192] [ 6] mom_mpi[0x40fc19]
[cnode0129:10192] *** End of error message ***
[cnode0129:10193] *** Process received signal ***
[cnode0129:10193] Signal: Segmentation fault (11)
[cnode0129:10193] Signal code: Address not mapped (1)
[cnode0129:10193] Failing at address: (nil)
[cnode0129:10193] [ 0] /usr/lib/gcc/x86_64-redhat-linux/4.8.5/../../../../lib64/libpthread.so.0(+0xf370)[0x2aaaaff87370]
[cnode0129:10193] [ 1] mom_mpi[0x430805]
[cnode0129:10193] [ 2] mom_mpi[0x437061]
[cnode0129:10193] [ 3] mom_mpi[0x439359]
[cnode0129:10193] [ 4] mom_mpi[0x440a9e]
[cnode0129:10193] [ 5] /usr/lib/gcc/x86_64-redhat-linux/4.8.5/../../../../lib64/libc.so.6(__libc_start_main+0xf5)[0x2aaab0e27b35]
[cnode0129:10193] [ 6] mom_mpi[0x40fc19]
[cnode0129:10193] *** End of error message ***
[cnode0129:10194] *** Process received signal ***
[cnode0129:10194] Signal: Segmentation fault (11)
[cnode0129:10194] Signal code: Address not mapped (1)
[cnode0129:10194] Failing at address: (nil)
[cnode0129:10194] [ 0] /usr/lib/gcc/x86_64-redhat-linux/4.8.5/../../../../lib64/libpthread.so.0(+0xf370)[0x2aaaaff87370]
[cnode0129:10194] [ 1] mom_mpi[0x430805]
[cnode0129:10194] [ 2] mom_mpi[0x437061]
[cnode0129:10194] [ 3] mom_mpi[0x439359]
[cnode0129:10194] [ 4] mom_mpi[0x440a9e]
[cnode0129:10194] [ 5] /usr/lib/gcc/x86_64-redhat-linux/4.8.5/../../../../lib64/libc.so.6(__libc_start_main+0xf5)[0x2aaab0e27b35]
[cnode0129:10194] [ 6] mom_mpi[0x40fc19]
[cnode0129:10194] *** End of error message ***
[cnode0129:10195] *** Process received signal ***
[cnode0129:10195] Signal: Segmentation fault (11)
[cnode0129:10195] Signal code: Address not mapped (1)
[cnode0129:10195] Failing at address: (nil)
[cnode0129:10195] [ 0] /usr/lib/gcc/x86_64-redhat-linux/4.8.5/../../../../lib64/libpthread.so.0(+0xf370)[0x2aaaaff87370]
[cnode0129:10195] [ 1] mom_mpi[0x430805]
[cnode0129:10195] [ 2] mom_mpi[0x437061]
[cnode0129:10195] [ 3] mom_mpi[0x439359]
[cnode0129:10195] [ 4] mom_mpi[0x440a9e]
[cnode0129:10195] [ 5] /usr/lib/gcc/x86_64-redhat-linux/4.8.5/../../../../lib64/libc.so.6(__libc_start_main+0xf5)[0x2aaab0e27b35]
[cnode0129:10195] [ 6] mom_mpi[0x40fc19]
[cnode0129:10195] *** End of error message ***
[cnode0129:10196] *** Process received signal ***
[cnode0129:10196] Signal: Segmentation fault (11)
[cnode0129:10196] Signal code: Address not mapped (1)
[cnode0129:10196] Failing at address: (nil)
[cnode0129:10196] [ 0] /usr/lib/gcc/x86_64-redhat-linux/4.8.5/../../../../lib64/libpthread.so.0(+0xf370)[0x2aaaaff87370]
[cnode0129:10196] [ 1] mom_mpi[0x430805]
[cnode0129:10196] [ 2] mom_mpi[0x437061]
[cnode0129:10196] [ 3] mom_mpi[0x439359]
[cnode0129:10196] [ 4] mom_mpi[0x440a9e]
[cnode0129:10196] [ 5] /usr/lib/gcc/x86_64-redhat-linux/4.8.5/../../../../lib64/libc.so.6(__libc_start_main+0xf5)[0x2aaab0e27b35]
[cnode0129:10196] [ 6] mom_mpi[0x40fc19]
[cnode0129:10196] *** End of error message ***
[cnode0129:10198] *** Process received signal ***
[cnode0129:10198] Signal: Segmentation fault (11)
[cnode0129:10198] Signal code: Address not mapped (1)
[cnode0129:10198] Failing at address: (nil)
[cnode0129:10198] [ 0] /usr/lib/gcc/x86_64-redhat-linux/4.8.5/../../../../lib64/libpthread.so.0(+0xf370)[0x2aaaaff87370]
[cnode0129:10198] [ 1] mom_mpi[0x430805]
[cnode0129:10198] [ 2] mom_mpi[0x437061]
[cnode0129:10198] [ 3] mom_mpi[0x439359]
[cnode0129:10198] [ 4] mom_mpi[0x440a9e]
[cnode0129:10198] [ 5] /usr/lib/gcc/x86_64-redhat-linux/4.8.5/../../../../lib64/libc.so.6(__libc_start_main+0xf5)[0x2aaab0e27b35]
[cnode0129:10198] [ 6] mom_mpi[0x40fc19]
[cnode0129:10198] *** End of error message ***
[cnode0148:11656] *** Process received signal ***
[cnode0148:11656] Signal: Segmentation fault (11)
[cnode0148:11656] Signal code: Address not mapped (1)
[cnode0148:11656] Failing at address: (nil)
[cnode0148:11656] [ 0] /usr/lib/gcc/x86_64-redhat-linux/4.8.5/../../../../lib64/libpthread.so.0(+0xf370)[0x2aaaaff87370]
[cnode0148:11656] [ 1] mom_mpi[0x430805]
[cnode0148:11656] [ 2] mom_mpi[0x437061]
[cnode0148:11656] [ 3] mom_mpi[0x439359]
[cnode0148:11656] [ 4] mom_mpi[0x440a9e]
[cnode0148:11656] [ 5] /usr/lib/gcc/x86_64-redhat-linux/4.8.5/../../../../lib64/libc.so.6(__libc_start_main+0xf5)[0x2aaab0e27b35]
[cnode0148:11656] [ 6] mom_mpi[0x40fc19]
[cnode0148:11656] *** End of error message ***
[cnode0148:11657] *** Process received signal ***
[cnode0148:11657] Signal: Segmentation fault (11)
[cnode0148:11657] Signal code: Address not mapped (1)
[cnode0148:11657] Failing at address: (nil)
[cnode0148:11657] [ 0] /usr/lib/gcc/x86_64-redhat-linux/4.8.5/../../../../lib64/libpthread.so.0(+0xf370)[0x2aaaaff87370]
[cnode0148:11657] [ 1] mom_mpi[0x430805]
[cnode0148:11657] [ 2] mom_mpi[0x437061]
[cnode0148:11657] [ 3] mom_mpi[0x439359]
[cnode0148:11657] [ 4] mom_mpi[0x440a9e]
[cnode0148:11657] [ 5] /usr/lib/gcc/x86_64-redhat-linux/4.8.5/../../../../lib64/libc.so.6(__libc_start_main+0xf5)[0x2aaab0e27b35]
[cnode0148:11657] [ 6] mom_mpi[0x40fc19]
[cnode0148:11657] *** End of error message ***
[cnode0148:11658] *** Process received signal ***
[cnode0148:11658] Signal: Segmentation fault (11)
[cnode0148:11658] Signal code: Address not mapped (1)
[cnode0148:11658] Failing at address: (nil)
[cnode0148:11658] [ 0] /usr/lib/gcc/x86_64-redhat-linux/4.8.5/../../../../lib64/libpthread.so.0(+0xf370)[0x2aaaaff87370]
[cnode0148:11658] [ 1] mom_mpi[0x430805]
[cnode0148:11658] [ 2] mom_mpi[0x437061]
[cnode0148:11658] [ 3] mom_mpi[0x439359]
[cnode0148:11658] [ 4] mom_mpi[0x440a9e]
[cnode0148:11658] [ 5] /usr/lib/gcc/x86_64-redhat-linux/4.8.5/../../../../lib64/libc.so.6(__libc_start_main+0xf5)[0x2aaab0e27b35]
[cnode0148:11658] [ 6] mom_mpi[0x40fc19]
[cnode0148:11658] *** End of error message ***
[cnode0148:11659] *** Process received signal ***
[cnode0148:11659] Signal: Segmentation fault (11)
[cnode0148:11659] Signal code: Address not mapped (1)
[cnode0148:11659] Failing at address: (nil)
[cnode0148:11659] [ 0] /usr/lib/gcc/x86_64-redhat-linux/4.8.5/../../../../lib64/libpthread.so.0(+0xf370)[0x2aaaaff87370]
[cnode0148:11659] [ 1] mom_mpi[0x430805]
[cnode0148:11659] [ 2] mom_mpi[0x437061]
[cnode0148:11659] [ 3] mom_mpi[0x439359]
[cnode0148:11659] [ 4] mom_mpi[0x440a9e]
[cnode0148:11659] [ 5] /usr/lib/gcc/x86_64-redhat-linux/4.8.5/../../../../lib64/libc.so.6(__libc_start_main+0xf5)[0x2aaab0e27b35]
[cnode0148:11659] [ 6] mom_mpi[0x40fc19]
[cnode0148:11659] *** End of error message ***
[cnode0148:11660] *** Process received signal ***
[cnode0148:11660] Signal: Segmentation fault (11)
[cnode0148:11660] Signal code: Address not mapped (1)
[cnode0148:11660] Failing at address: (nil)
[cnode0148:11660] [ 0] /usr/lib/gcc/x86_64-redhat-linux/4.8.5/../../../../lib64/libpthread.so.0(+0xf370)[0x2aaaaff87370]
[cnode0148:11660] [ 1] mom_mpi[0x430805]
[cnode0148:11660] [ 2] mom_mpi[0x437061]
[cnode0148:11660] [ 3] mom_mpi[0x439359]
[cnode0148:11660] [ 4] mom_mpi[0x440a9e]
[cnode0148:11660] [ 5] /usr/lib/gcc/x86_64-redhat-linux/4.8.5/../../../../lib64/libc.so.6(__libc_start_main+0xf5)[0x2aaab0e27b35]
[cnode0148:11660] [ 6] mom_mpi[0x40fc19]
[cnode0148:11660] *** End of error message ***
[cnode0148:11661] *** Process received signal ***
[cnode0148:11661] Signal: Segmentation fault (11)
[cnode0148:11661] Signal code: Address not mapped (1)
[cnode0148:11661] Failing at address: (nil)
[cnode0148:11661] [ 0] /usr/lib/gcc/x86_64-redhat-linux/4.8.5/../../../../lib64/libpthread.so.0(+0xf370)[0x2aaaaff87370]
[cnode0148:11661] [ 1] mom_mpi[0x430805]
[cnode0148:11661] [ 2] mom_mpi[0x437061]
[cnode0148:11661] [ 3] mom_mpi[0x439359]
[cnode0148:11661] [ 4] mom_mpi[0x440a9e]
[cnode0148:11661] [ 5] /usr/lib/gcc/x86_64-redhat-linux/4.8.5/../../../../lib64/libc.so.6(__libc_start_main+0xf5)[0x2aaab0e27b35]
[cnode0148:11661] [ 6] mom_mpi[0x40fc19]
[cnode0148:11661] *** End of error message ***
[cnode0148:11662] *** Process received signal ***
[cnode0148:11662] Signal: Segmentation fault (11)
[cnode0148:11662] Signal code: Address not mapped (1)
[cnode0148:11662] Failing at address: (nil)
[cnode0148:11662] [ 0] /usr/lib/gcc/x86_64-redhat-linux/4.8.5/../../../../lib64/libpthread.so.0(+0xf370)[0x2aaaaff87370]
[cnode0148:11662] [ 1] mom_mpi[0x430805]
[cnode0148:11662] [ 2] mom_mpi[0x437061]
[cnode0148:11662] [ 3] mom_mpi[0x439359]
[cnode0148:11662] [ 4] mom_mpi[0x440a9e]
[cnode0148:11662] [ 5] /usr/lib/gcc/x86_64-redhat-linux/4.8.5/../../../../lib64/libc.so.6(__libc_start_main+0xf5)[0x2aaab0e27b35]
[cnode0148:11662] [ 6] mom_mpi[0x40fc19]
[cnode0148:11662] *** End of error message ***
[cnode0148:11663] *** Process received signal ***
[cnode0148:11663] Signal: Segmentation fault (11)
[cnode0148:11663] Signal code: Address not mapped (1)
[cnode0148:11663] Failing at address: (nil)
[cnode0148:11663] [ 0] /usr/lib/gcc/x86_64-redhat-linux/4.8.5/../../../../lib64/libpthread.so.0(+0xf370)[0x2aaaaff87370]
[cnode0148:11663] [ 1] mom_mpi[0x430805]
[cnode0148:11663] [ 2] mom_mpi[0x437061]
[cnode0148:11663] [ 3] mom_mpi[0x439359]
[cnode0148:11663] [ 4] mom_mpi[0x440a9e]
[cnode0148:11663] [ 5] /usr/lib/gcc/x86_64-redhat-linux/4.8.5/../../../../lib64/libc.so.6(__libc_start_main+0xf5)[0x2aaab0e27b35]
[cnode0148:11663] [ 6] mom_mpi[0x40fc19]
[cnode0148:11663] *** End of error message ***
[cnode0148:11664] *** Process received signal ***
[cnode0148:11664] Signal: Segmentation fault (11)
[cnode0148:11664] Signal code: Address not mapped (1)
[cnode0148:11664] Failing at address: (nil)
[cnode0148:11664] [ 0] /usr/lib/gcc/x86_64-redhat-linux/4.8.5/../../../../lib64/libpthread.so.0(+0xf370)[0x2aaaaff87370]
[cnode0148:11664] [ 1] mom_mpi[0x430805]
[cnode0148:11664] [ 2] mom_mpi[0x437061]
[cnode0148:11664] [ 3] mom_mpi[0x439359]
[cnode0148:11664] [ 4] mom_mpi[0x440a9e]
[cnode0148:11664] [ 5] /usr/lib/gcc/x86_64-redhat-linux/4.8.5/../../../../lib64/libc.so.6(__libc_start_main+0xf5)[0x2aaab0e27b35]
[cnode0148:11664] [ 6] mom_mpi[0x40fc19]
[cnode0148:11664] *** End of error message ***
[cnode0148:11665] *** Process received signal ***
[cnode0148:11665] Signal: Segmentation fault (11)
[cnode0148:11665] Signal code: Address not mapped (1)
[cnode0148:11665] Failing at address: (nil)
[cnode0148:11665] [ 0] /usr/lib/gcc/x86_64-redhat-linux/4.8.5/../../../../lib64/libpthread.so.0(+0xf370)[0x2aaaaff87370]
[cnode0148:11665] [ 1] mom_mpi[0x430805]
[cnode0148:11665] [ 2] mom_mpi[0x437061]
[cnode0148:11665] [ 3] mom_mpi[0x439359]
[cnode0148:11665] [ 4] mom_mpi[0x440a9e]
[cnode0148:11665] [ 5] /usr/lib/gcc/x86_64-redhat-linux/4.8.5/../../../../lib64/libc.so.6(__libc_start_main+0xf5)[0x2aaab0e27b35]
[cnode0148:11665] [ 6] mom_mpi[0x40fc19]
[cnode0148:11665] *** End of error message ***
[cnode0148:11667] *** Process received signal ***
[cnode0148:11667] Signal: Segmentation fault (11)
[cnode0148:11667] Signal code: Address not mapped (1)
[cnode0148:11667] Failing at address: (nil)
[cnode0148:11667] [ 0] /usr/lib/gcc/x86_64-redhat-linux/4.8.5/../../../../lib64/libpthread.so.0(+0xf370)[0x2aaaaff87370]
[cnode0148:11667] [ 1] mom_mpi[0x430805]
[cnode0148:11667] [ 2] mom_mpi[0x437061]
[cnode0148:11667] [ 3] mom_mpi[0x439359]
[cnode0148:11667] [ 4] mom_mpi[0x440a9e]
[cnode0148:11667] [ 5] /usr/lib/gcc/x86_64-redhat-linux/4.8.5/../../../../lib64/libc.so.6(__libc_start_main+0xf5)[0x2aaab0e27b35]
[cnode0148:11667] [ 6] mom_mpi[0x40fc19]
[cnode0148:11667] *** End of error message ***
[cnode0148:11669] *** Process received signal ***
[cnode0148:11669] Signal: Segmentation fault (11)
[cnode0148:11669] Signal code: Address not mapped (1)
[cnode0148:11669] Failing at address: (nil)
[cnode0148:11669] [ 0] /usr/lib/gcc/x86_64-redhat-linux/4.8.5/../../../../lib64/libpthread.so.0(+0xf370)[0x2aaaaff87370]
[cnode0148:11669] [ 1] mom_mpi[0x430805]
[cnode0148:11669] [ 2] mom_mpi[0x437061]
[cnode0148:11669] [ 3] mom_mpi[0x439359]
[cnode0148:11669] [ 4] mom_mpi[0x440a9e]
[cnode0148:11669] [ 5] /usr/lib/gcc/x86_64-redhat-linux/4.8.5/../../../../lib64/libc.so.6(__libc_start_main+0xf5)[0x2aaab0e27b35]
[cnode0148:11669] [ 6] mom_mpi[0x40fc19]
[cnode0148:11669] *** End of error message ***
--------------------------------------------------------------------------
mpiexec noticed that process rank 34 with PID 14270 on node cnode0130 exited on signal 11 (Segmentation fault).
--------------------------------------------------------------------------
[cnode0122:41959] 71 more processes have sent help message help-mpi-common-cuda.txt / dlopen failed
[cnode0122:41959] Set MCA parameter "orte_base_help_aggregate" to 0 to see all help / error messages

real	0m4.814s
user	0m23.080s
sys	0m5.335s
