FEKO      Version 2017.2.4-545 from 2017-11-20
          PREFEKO Version 2017.2.4-40 from 2017-11-20 [FEK: default 158; used 158] BINARY
          CADFEKO version 2017.2.5-317065 (x64) from 2018-01-11                           
          Copyright (c) 1999-2014 Altair Development S.A. (Pty) Ltd
          Copyright (c) 2014-2017 Altair Engineering, Inc.
          Intel(R) MKL version 11.3.4 (build 20160823) on Intel(R) Advanced Vector Extensions 2 (Intel(R) AVX2) enabled processors, Intel(R) 64 architecture (1 thread)
Computer: PC WIN64 EM64T MKL -- pc
          Microsoft Windows 8.1 Professional  (Build 9600), Version 6.3.9600 x64 (SP 0.0)
          Intel(R) Core(TM) i7-4770 CPU @ 3.40GHz; GenuineIntel family 6 model 12 stepping 3 brand id 0
          1 physical CPU with a total of 8 processors found (multi-core CPU with max. 4 cores per physical CPU)
Threads:  OpenMP threading not used
Date:     2019-04-05 17:55:48                     
File:     pec_plate
Memory:   Unlimited, system allows maximum usage of 7.682 GByte
          (installed memory 7.878 GByte, thereof free 4.525 GByte)
MD5 Check:261B1E4AF7CA107D7CD0AC19B3C06F53
MD5 Total:35FBE9FA4239F09E801CCD2DC9E9D4C6
 Licence:  Altair HyperWorks

 NOTE    35127: You are running a sequential version of FEKO, but it was detected that your CPU has more than one core. For best performance, it would be recommended to run the parallel FEKO kernel (your licence allows this)
 NOTE    35179: Compatible graphics card (GPU) found on this machine for possible hardware acceleration (your FEKO license allows GPU usage). Please use the command line option --use-gpu to use or enable the checkbox in the GUI

SPICE
  Engine:      NGSPICE
  Executable:  C:\Program Files\Altair\2017\FEKO\bin\vngspicec.exe

          Surface of all triangles in m*m:     1.00000E-02


                         DATA OF THE METALLIC TRIANGLES

 no.       label     x1 in m     y1 in m     z1 in m       edges 
          medium     x2 in m     y2 in m     z2 in m
          medium     x3 in m     y3 in m     z3 in m
                       nx          ny          nz          area in m*m
        1 plate.   4.9104E-02  4.4775E-02 -3.0608E-03            1         2 
          Free s   1.0000E-01  1.0000E-01  0.0000E+00
          Free s   1.4645E-02  8.5355E-02  5.0000E-02
                   5.0000E-01 -5.0000E-01  7.0711E-01      2.8061E-03
        2 plate.   8.5355E-02  1.4645E-02 -5.0000E-02            3         4 
          Free s   4.9104E-02  4.4775E-02 -3.0608E-03
          Free s   0.0000E+00  0.0000E+00  0.0000E+00
                   5.0000E-01 -5.0000E-01  7.0711E-01      2.1939E-03
        3 plate.   4.9104E-02  4.4775E-02 -3.0608E-03           -1        -3 
          Free s   8.5355E-02  1.4645E-02 -5.0000E-02
          Free s   1.0000E-01  1.0000E-01  0.0000E+00
                   5.0000E-01 -5.0000E-01  7.0711E-01      2.5000E-03
        4 plate.   4.9104E-02  4.4775E-02 -3.0608E-03           -2        -4 
          Free s   1.4645E-02  8.5355E-02  5.0000E-02
          Free s   0.0000E+00  0.0000E+00  0.0000E+00
                   5.0000E-01 -5.0000E-01  7.0711E-01      2.5000E-03


                         DATA OF THE METALLIC EDGES (with MoM)

                                            triangle no.    points of tr.     information on symmetry
    no.  type      length/m        media     KORP   KORM   POIP   POIM      yz     xz     xy  status
        1   1    7.5164E-02  Free s     -1      1      3      3      2       0      0      0  unknown  
        2   1    7.5164E-02  Free s     -1      1      4      2      3       0      0      0  unknown  
        3   1    6.6523E-02  Free s     -1      2      3      3      3       0      0      0  unknown  
        4   1    6.6523E-02  Free s     -1      2      4      1      2       0      0      0  unknown  


                                DATA FOR MEMORY USAGE

 Number of metallic triangles:               4                                max. triangles:    MAXNDR    =        4
 Number of dielectric triangles:             0
 Number of aperture triangles:               0
 Number of RL-GO triangles:                  0
 Number of windscreen triangles:             0
 Number of FEM surface triangles:            0
 Number of modal port triangles:             0
 Number of metallic segments:                0                                max. segments:     MAXNSEG   =        0
 Number of combined MoM/MTL segments:        0
 Number of dielectr./magnet. cuboids:        0                                max. cuboids:      MAXNQUA   =        0
 Number of tetrahedra:                       0                                max. tetrahedra:   MAXNTETRA =        0
 Number of edges in PO region:               0                                max. edges:        MAXPOKA   =        0
 Number of wedges in PO region:              0                                max. wedges:       MAXPOKL   =        0
 Number of Fock regions:                     0                                max. Fock regions: MAXFOGE   =        0
 Number of polygonal surfaces:               0                                max. surfaces:     MAXPOLYF  =        0
                                                                              max. corner pts.:  MAXPOLYP  =        0
 Number of UTD cylinders:                    0

 Number of metallic edges (MoM):             4  unknown:        4 (electr.)   max. edges:        MAXNKA    =        4
                                             0  unknown:        0 (magnet.)
 Number of metallic edges (PO):              0  unknown:        0 (electr.)
                                                unknown:        0 (magnet.)
 Number of dielectric edges (MoM):           0  unknown:        0 (electr.)
                                             0                  0 (magnet.)
 Number of dielectric edges (PO):            0  unknown:        0 (electr.)
                                                unknown:        0 (magnet.)
 Number of aperture edges (MoM):             0  unknown:        0 (magnet.) 
 Number of edges FEM/MoM surface:            0  unknown:        0 (electr.)
                                             0                  0 (magnet.)
 Number of nodes between segments:           0  unknown:        0             max. nodes:        MAXNKNO   =        0
 Number of connection points:                0  unknown:        0             max. conn.:        MAXNV     =        0
 Number of dielectric cuboids:               0  unknown:        0             max. cuboids:      MAXNQUA   =        0
 Number of magnetic cuboids:                 0  unknown:        0
 Number of dielectric faces (VEP):           0  unknown:        0
 Number of magnetic faces (VEP):             0  unknown:        0

 Number of basis funct. for MoM:             4  unknown:        4             max. basisf.       MAXNZEILE =        6
 Number of basis funct. for PO:              0  unknown:        0             max. basisf.       MAXNKAPO  =        0

 read from input file:
PS       0    1    1    1    0 1.000E+00 0.000E+00 0.000E+00 0.000E+00 0.000E+00 0.000E+00 0.000E+00 0.000E+00
 read from input file:
CG      -1    0   -1    0    0 0.000E+00 0.000E+00 0.000E+00 0.000E+00-1.000E+00-1.000E+00 0.000E+00 0.000E+00
 read from input file:
DI       0    0   -1    0    0 1.000E+00 0.000E+00 0.000E+00 0.000E+00 0.000E+00 1.000E+03 0.000E+00 0.000E+00
 read from input file:
PW       0    0    0    0    0 0.000E+00 0.000E+00 0.000E+00 0.000E+00 0.000E+00 0.000E+00 0.000E+00 0.000E+00
 read from input file:
A0       0    0    1    1    1 1.000E+00 0.000E+00 1.000E+01 1.000E+01 0.000E+00 0.000E+00 0.000E+00 0.000E+00
 read from input file:
FR       0    0    0    0    0 2.998E+08 0.000E+00 0.000E+00 0.000E+00 0.000E+00 0.000E+00 0.000E+00 0.000E+00
 read from input file:
NC       0    0    0    0    0 0.000E+00 0.000E+00 0.000E+00 0.000E+00 0.000E+00 0.000E+00 0.000E+00 0.000E+00
 read from input file:
DA       0    0    0    0    0 0.000E+00 0.000E+00 0.000E+00 0.000E+00 0.000E+00 0.000E+00 0.000E+00 0.000E+00
 read from input file:
DA       0    0    0    0    0 0.000E+00 0.000E+00 0.000E+00 0.000E+00 0.000E+00 0.000E+00 0.000E+00 0.000E+00
 read from input file:
OS       1    0    1    0    0 0.000E+00 0.000E+00 0.000E+00 0.000E+00 0.000E+00 0.000E+00 0.000E+00 0.000E+00
 
 
      ==============
      CONFIGURATION: StandardConfiguration1
      ==============


                                   DATA FOR DIELECTRIC MEDIA

internal  relative     relative  conductivity   tan(delta)    tan(delta)    wavelength   mass density    volume     medium
index  permittivity permeability   in S/m       (electric)    (magnetic)       in m       in kg/m^3      in m^3
    0      1.00000      1.00000  0.00000E+00   0.00000E+00   0.00000E+00   1.00000E+00   1.00000E+03    infinite    Free space



               EXCITATION BY INCIDENT PLANE ELECTROMAGNETIC WAVE 

 Name:                          PlaneWaveSource1
 Excitation index:              1
 Frequency in Hz:               FREQ =    2.99792E+08
 Wavelength in m:               LAMBDA =  1.00000E+00
 Direction of incidence:        THETA =   10.00  PHI =   10.00
 Polarisation:                  LINEAR
 Axial ratio:                   V =      0.0000
 Polarisation angle:            ETA =    0.00
 Direction of propag.:          BETA0X = -1.71010E-01
   (unit vector)                BETA0Y = -3.01537E-02
                                BETA0Z = -9.84808E-01
 Wave number:                   BETA0  = ( 6.28319E+00 +j 0.00000E+00)
 Field strength in V/m:         |E0X| =  9.69846E-01   ARG(E0X) =   180.00
   (Phase in degrees)           |E0Y| =  1.71010E-01   ARG(E0Y) =   180.00
                                |E0Z| =  1.73648E-01   ARG(E0Z) =     0.00


                         DATA FOR THE GREEN'S FUNCTION

                                   free space


               All segments and triangles are perfectly conducting.


                          DATA FOR STORAGE OF THE MATRIX

 Storage using single precision

 Memory requirement for MoM matrix:        16 rows *        4 columns =          64 complex numbers
 For the MoM matrix, a memory of           64 complex numbers is used (i.e.  512 Byte)
 Storing the matrix and solving the linear set of equations in main memory (storage scheme 1)

     A total of 17.647 kByte of memory has been allocated dynamically
     (peak memory usage of 17.647 kByte so far)



               PRE-CONDITIONING OF THE LINEAR SET OF EQUATIONS

               Selected preconditioner algorithm: 1

     CPU time for preconditioning:       0.000 seconds


                    SOLUTION OF THE LINEAR SET OF EQUATIONS WITH LAPAGAU

               Condition number of the matrix:  3.31039E+01

               Floating point performance for LU decomposition:
                    Not determined since computation time too short

     CPU time for solving the linear set of equations:       0.009 seconds


 Current request with name: Currents1



           VALUES OF THE CURRENT DENSITY VECTOR ON TRIANGLES in A/m (no averaging)          

Triangle        centre                                     JX                JY                JZ         Current magnitude in the
number           x/m          y/m          z/m      magn.    phase    magn.    phase    magn.    phase    3 corner points
        1   5.45827E-02  7.67101E-02  1.56464E-02 2.569E-03 -146.10 4.886E-04 -135.54 1.479E-03   31.44   3.023E-03  2.891E-03  3.141E-03
        2   4.48196E-02  1.98065E-02 -1.76869E-02 3.163E-03  -23.93 5.788E-04  -32.28 1.833E-03  157.93   3.838E-03  3.714E-03  3.595E-03
        3   7.81530E-02  5.31399E-02 -1.76869E-02 6.379E-04  -46.67 2.494E-03   -4.12 1.463E-03    7.92   3.320E-03  3.368E-03  3.245E-03
        4   2.12494E-02  4.33767E-02  1.56464E-02 6.591E-04 -125.80 2.510E-03 -167.40 1.460E-03 -179.65   3.328E-03  3.526E-03  3.155E-03



          VALUES OF THE SURFACE CHARGE DENSITY ON TRIANGLES in As/m^2

Triangle            SIGMA
number         magn.      phase
        1    6.70649E-12 -169.89
        2    7.81791E-12   -4.30
        3    3.33315E-11 -178.56
        4    3.39955E-11    4.51



                              SUMMARY OF LOSSES

          Metallic elements:                          0.0000E+00 W
          Dielectric:                                 0.0000E+00 W
          Mismatch at feed:                           0.0000E+00 W
          Non-radiating networks:                     0.0000E+00 W
          Cables:                                     0.0000E+00 W
          Backward power at passive waveguide ports:  0.0000E+00 W
          Backward power at passive modal ports:      0.0000E+00 W
                                                     -------------
                Sum of all losses:                    0.0000E+00 W

 read from input file:
DA       0    0    0    0    0 0.000E+00 0.000E+00 0.000E+00 0.000E+00 0.000E+00 0.000E+00 0.000E+00 0.000E+00
 read from input file:
OF       1    0    0    0    0 0.000E+00 0.000E+00 0.000E+00 0.000E+00 0.000E+00 0.000E+00 0.000E+00 0.000E+00
 read from input file:
FE       3  200    1    1    0-1.000E-01 0.000E+00 0.000E+00 6.030E-03 0.000E+00 0.000E+00 0.000E+00 0.000E+00

 Near field request with name: NearField1


                              VALUES OF THE ELECTRIC FIELD STRENGTH in V/m

                                 (total field, incident and scattered)

                   LOCATION                               EX                   EY                   EZ  
medium      X/m          Y/m          Z/m          magn.     phase      magn.     phase      magn.     phase
    0  -1.00000E-01  0.00000E+00  0.00000E+00   1.00337E+00  173.84  1.80360E-01  172.47  1.69184E-01   -6.24
    0  -9.39698E-02  0.00000E+00  0.00000E+00   1.00667E+00  174.23  1.81830E-01  172.84  1.68544E-01   -5.84
    0  -8.79397E-02  0.00000E+00  0.00000E+00   1.01046E+00  174.63  1.83590E-01  173.21  1.67780E-01   -5.43
    0  -8.19095E-02  0.00000E+00  0.00000E+00   1.01483E+00  175.03  1.85717E-01  173.59  1.66867E-01   -5.01
    0  -7.58794E-02  0.00000E+00  0.00000E+00   1.01992E+00  175.43  1.88319E-01  173.98  1.65762E-01   -4.59
    0  -6.98492E-02  0.00000E+00  0.00000E+00   1.02586E+00  175.84  1.91516E-01  174.38  1.64430E-01   -4.17
    0  -6.38191E-02  0.00000E+00  0.00000E+00   1.03286E+00  176.25  1.95497E-01  174.79  1.62806E-01   -3.73
    0  -5.77889E-02  0.00000E+00  0.00000E+00   1.04119E+00  176.66  2.00513E-01  175.22  1.60813E-01   -3.28
    0  -5.17588E-02  0.00000E+00  0.00000E+00   1.05120E+00  177.08  2.06920E-01  175.67  1.58335E-01   -2.81
    0  -4.57286E-02  0.00000E+00  0.00000E+00   1.06337E+00  177.51  2.15235E-01  176.15  1.55237E-01   -2.33
    0  -3.96985E-02  0.00000E+00  0.00000E+00   1.07840E+00  177.95  2.26230E-01  176.66  1.51303E-01   -1.82
    0  -3.36683E-02  0.00000E+00  0.00000E+00   1.09731E+00  178.40  2.41112E-01  177.21  1.46225E-01   -1.29
    0  -2.76382E-02  0.00000E+00  0.00000E+00   1.12173E+00  178.86  2.61878E-01  177.81  1.39516E-01   -0.71
    0  -2.16080E-02  0.00000E+00  0.00000E+00   1.15443E+00  179.33  2.92116E-01  178.47  1.30346E-01   -0.07
    0  -1.55779E-02  0.00000E+00  0.00000E+00   1.20089E+00  179.83  3.39150E-01  179.21  1.17098E-01    0.64
    0  -9.54774E-03  0.00000E+00  0.00000E+00   1.27472E+00 -179.64  4.21669E-01 -179.94  9.58050E-02    1.45
    0  -3.51759E-03  0.00000E+00  0.00000E+00   1.43320E+00 -179.05  6.20036E-01 -178.84  4.97323E-02    1.85
    0   2.51256E-03  0.00000E+00  0.00000E+00   1.11879E+00 -179.50  1.33687E+00 -178.18  5.76786E-02  -10.65
    0   8.54271E-03  0.00000E+00  0.00000E+00   9.14775E-01 -179.23  1.01381E+00 -178.61  1.15619E-01   -0.01
    0   1.45729E-02  0.00000E+00  0.00000E+00   8.25436E-01 -178.76  8.47909E-01 -178.83  1.39648E-01    2.02
    0   2.06030E-02  0.00000E+00  0.00000E+00   7.69535E-01 -178.22  7.22530E-01 -178.95  1.52725E-01    2.94
    0   2.66332E-02  0.00000E+00  0.00000E+00   7.32053E-01 -177.65  6.15197E-01 -179.00  1.59210E-01    3.44
    0   3.26633E-02  0.00000E+00  0.00000E+00   7.08121E-01 -177.06  5.18056E-01 -178.99  1.60574E-01    3.74
    0   3.86935E-02  0.00000E+00  0.00000E+00   6.96026E-01 -176.49  4.28145E-01 -178.89  1.57510E-01    3.94
    0   4.47236E-02  0.00000E+00  0.00000E+00   6.95222E-01 -175.96  3.44889E-01 -178.67  1.50601E-01    4.10
    0   5.07538E-02  0.00000E+00  0.00000E+00   7.05401E-01 -175.50  2.69157E-01 -178.24  1.40664E-01    4.27
    0   5.67839E-02  0.00000E+00  0.00000E+00   7.25864E-01 -175.13  2.02650E-01 -177.46  1.28928E-01    4.48
    0   6.28141E-02  0.00000E+00  0.00000E+00   7.55096E-01 -174.83  1.47287E-01 -176.10  1.17020E-01    4.75
    0   6.88442E-02  0.00000E+00  0.00000E+00   7.90623E-01 -174.61  1.04553E-01 -173.79  1.06713E-01    5.08
    0   7.48744E-02  0.00000E+00  0.00000E+00   8.29253E-01 -174.43  7.49546E-02 -170.19  9.95176E-02    5.44
    0   8.09045E-02  0.00000E+00  0.00000E+00   8.67627E-01 -174.28  5.77318E-02 -165.64  9.62813E-02    5.77
    0   8.69347E-02  0.00000E+00  0.00000E+00   9.02852E-01 -174.12  5.08841E-02 -161.82  9.70253E-02    6.03
    0   9.29648E-02  0.00000E+00  0.00000E+00   9.32968E-01 -173.94  5.17200E-02 -160.35  1.01067E-01    6.21
    0   9.89950E-02  0.00000E+00  0.00000E+00   9.57094E-01 -173.75  5.76803E-02 -160.93  1.07342E-01    6.35
    0   1.05025E-01  0.00000E+00  0.00000E+00   9.75281E-01 -173.53  6.66853E-02 -162.35  1.14748E-01    6.47
    0   1.11055E-01  0.00000E+00  0.00000E+00   9.88191E-01 -173.28  7.71309E-02 -163.80  1.22385E-01    6.62
    0   1.17085E-01  0.00000E+00  0.00000E+00   9.96776E-01 -173.00  8.78724E-02 -165.00  1.29643E-01    6.79
    0   1.23116E-01  0.00000E+00  0.00000E+00   1.00202E+00 -172.71  9.81838E-02 -165.90  1.36185E-01    7.00
    0   1.29146E-01  0.00000E+00  0.00000E+00   1.00481E+00 -172.40  1.07656E-01 -166.55  1.41881E-01    7.23
    0   1.35176E-01  0.00000E+00  0.00000E+00   1.00587E+00 -172.08  1.16119E-01 -166.99  1.46728E-01    7.50
    0   1.41206E-01  0.00000E+00  0.00000E+00   1.00574E+00 -171.74  1.23541E-01 -167.28  1.50792E-01    7.79
    0   1.47236E-01  0.00000E+00  0.00000E+00   1.00484E+00 -171.40  1.29974E-01 -167.45  1.54169E-01    8.09
    0   1.53266E-01  0.00000E+00  0.00000E+00   1.00345E+00 -171.05  1.35504E-01 -167.53  1.56960E-01    8.42
    0   1.59296E-01  0.00000E+00  0.00000E+00   1.00178E+00 -170.69  1.40237E-01 -167.53  1.59261E-01    8.75
    0   1.65327E-01  0.00000E+00  0.00000E+00   9.99970E-01 -170.33  1.44278E-01 -167.47  1.61157E-01    9.10
    0   1.71357E-01  0.00000E+00  0.00000E+00   9.98116E-01 -169.97  1.47724E-01 -167.36  1.62722E-01    9.46
    0   1.77387E-01  0.00000E+00  0.00000E+00   9.96276E-01 -169.60  1.50660E-01 -167.22  1.64016E-01    9.82
    0   1.83417E-01  0.00000E+00  0.00000E+00   9.94492E-01 -169.23  1.53173E-01 -167.04  1.65084E-01   10.19
    0   1.89447E-01  0.00000E+00  0.00000E+00   9.92784E-01 -168.86  1.55322E-01 -166.84  1.65969E-01   10.57
    0   1.95477E-01  0.00000E+00  0.00000E+00   9.91166E-01 -168.48  1.57164E-01 -166.62  1.66705E-01   10.95
    0   2.01508E-01  0.00000E+00  0.00000E+00   9.89644E-01 -168.11  1.58746E-01 -166.37  1.67317E-01   11.33
    0   2.07538E-01  0.00000E+00  0.00000E+00   9.88217E-01 -167.73  1.60108E-01 -166.12  1.67828E-01   11.72
    0   2.13568E-01  0.00000E+00  0.00000E+00   9.86885E-01 -167.36  1.61285E-01 -165.84  1.68254E-01   12.11
    0   2.19598E-01  0.00000E+00  0.00000E+00   9.85643E-01 -166.98  1.62303E-01 -165.56  1.68612E-01   12.50
    0   2.25628E-01  0.00000E+00  0.00000E+00   9.84486E-01 -166.60  1.63188E-01 -165.27  1.68911E-01   12.90
    0   2.31658E-01  0.00000E+00  0.00000E+00   9.83410E-01 -166.23  1.63958E-01 -164.96  1.69162E-01   13.29
    0   2.37688E-01  0.00000E+00  0.00000E+00   9.82409E-01 -165.85  1.64629E-01 -164.65  1.69374E-01   13.69
    0   2.43719E-01  0.00000E+00  0.00000E+00   9.81477E-01 -165.47  1.65218E-01 -164.34  1.69552E-01   14.09
    0   2.49749E-01  0.00000E+00  0.00000E+00   9.80608E-01 -165.09  1.65735E-01 -164.01  1.69702E-01   14.49
    0   2.55779E-01  0.00000E+00  0.00000E+00   9.79799E-01 -164.71  1.66189E-01 -163.68  1.69828E-01   14.89
    0   2.61809E-01  0.00000E+00  0.00000E+00   9.79043E-01 -164.33  1.66591E-01 -163.35  1.69935E-01   15.29
    0   2.67839E-01  0.00000E+00  0.00000E+00   9.78338E-01 -163.96  1.66947E-01 -163.01  1.70025E-01   15.70
    0   2.73869E-01  0.00000E+00  0.00000E+00   9.77679E-01 -163.58  1.67263E-01 -162.67  1.70103E-01   16.10
    0   2.79899E-01  0.00000E+00  0.00000E+00   9.77062E-01 -163.20  1.67544E-01 -162.33  1.70168E-01   16.50
    0   2.85930E-01  0.00000E+00  0.00000E+00   9.76484E-01 -162.82  1.67795E-01 -161.98  1.70225E-01   16.91
    0   2.91960E-01  0.00000E+00  0.00000E+00   9.75940E-01 -162.44  1.68020E-01 -161.63  1.70274E-01   17.31
    0   2.97990E-01  0.00000E+00  0.00000E+00   9.75432E-01 -162.06  1.68221E-01 -161.28  1.70317E-01   17.72
    0   3.04020E-01  0.00000E+00  0.00000E+00   9.74955E-01 -161.68  1.68403E-01 -160.93  1.70355E-01   18.13
    0   3.10050E-01  0.00000E+00  0.00000E+00   9.74507E-01 -161.30  1.68567E-01 -160.57  1.70390E-01   18.53
    0   3.16080E-01  0.00000E+00  0.00000E+00   9.74086E-01 -160.92  1.68715E-01 -160.21  1.70421E-01   18.94
    0   3.22111E-01  0.00000E+00  0.00000E+00   9.73689E-01 -160.54  1.68850E-01 -159.85  1.70450E-01   19.35
    0   3.28141E-01  0.00000E+00  0.00000E+00   9.73315E-01 -160.16  1.68973E-01 -159.49  1.70478E-01   19.75
    0   3.34171E-01  0.00000E+00  0.00000E+00   9.72963E-01 -159.78  1.69085E-01 -159.13  1.70505E-01   20.16
    0   3.40201E-01  0.00000E+00  0.00000E+00   9.72632E-01 -159.40  1.69188E-01 -158.77  1.70532E-01   20.57
    0   3.46231E-01  0.00000E+00  0.00000E+00   9.72319E-01 -159.02  1.69283E-01 -158.40  1.70559E-01   20.97
    0   3.52261E-01  0.00000E+00  0.00000E+00   9.72023E-01 -158.64  1.69370E-01 -158.04  1.70586E-01   21.38
    0   3.58291E-01  0.00000E+00  0.00000E+00   9.71745E-01 -158.26  1.69451E-01 -157.67  1.70613E-01   21.78
    0   3.64322E-01  0.00000E+00  0.00000E+00   9.71482E-01 -157.88  1.69527E-01 -157.30  1.70642E-01   22.19
    0   3.70352E-01  0.00000E+00  0.00000E+00   9.71234E-01 -157.50  1.69597E-01 -156.94  1.70672E-01   22.60
    0   3.76382E-01  0.00000E+00  0.00000E+00   9.71000E-01 -157.12  1.69663E-01 -156.57  1.70703E-01   23.00
    0   3.82412E-01  0.00000E+00  0.00000E+00   9.70779E-01 -156.75  1.69724E-01 -156.20  1.70736E-01   23.41
    0   3.88442E-01  0.00000E+00  0.00000E+00   9.70571E-01 -156.37  1.69782E-01 -155.83  1.70771E-01   23.81
    0   3.94472E-01  0.00000E+00  0.00000E+00   9.70375E-01 -155.99  1.69837E-01 -155.46  1.70807E-01   24.22
    0   4.00503E-01  0.00000E+00  0.00000E+00   9.70190E-01 -155.61  1.69889E-01 -155.09  1.70845E-01   24.62
    0   4.06533E-01  0.00000E+00  0.00000E+00   9.70016E-01 -155.23  1.69939E-01 -154.72  1.70886E-01   25.02
    0   4.12563E-01  0.00000E+00  0.00000E+00   9.69852E-01 -154.85  1.69986E-01 -154.35  1.70928E-01   25.42
    0   4.18593E-01  0.00000E+00  0.00000E+00   9.69698E-01 -154.47  1.70032E-01 -153.98  1.70972E-01   25.83
    0   4.24623E-01  0.00000E+00  0.00000E+00   9.69554E-01 -154.09  1.70075E-01 -153.61  1.71018E-01   26.23
    0   4.30653E-01  0.00000E+00  0.00000E+00   9.69418E-01 -153.71  1.70117E-01 -153.24  1.71067E-01   26.63
    0   4.36683E-01  0.00000E+00  0.00000E+00   9.69291E-01 -153.33  1.70158E-01 -152.87  1.71117E-01   27.03
    0   4.42714E-01  0.00000E+00  0.00000E+00   9.69172E-01 -152.95  1.70197E-01 -152.50  1.71169E-01   27.43
    0   4.48744E-01  0.00000E+00  0.00000E+00   9.69061E-01 -152.57  1.70235E-01 -152.12  1.71224E-01   27.83
    0   4.54774E-01  0.00000E+00  0.00000E+00   9.68958E-01 -152.19  1.70272E-01 -151.75  1.71280E-01   28.22
    0   4.60804E-01  0.00000E+00  0.00000E+00   9.68862E-01 -151.81  1.70308E-01 -151.38  1.71338E-01   28.62
    0   4.66834E-01  0.00000E+00  0.00000E+00   9.68773E-01 -151.44  1.70343E-01 -151.01  1.71398E-01   29.02
    0   4.72864E-01  0.00000E+00  0.00000E+00   9.68690E-01 -151.06  1.70378E-01 -150.64  1.71460E-01   29.41
    0   4.78894E-01  0.00000E+00  0.00000E+00   9.68614E-01 -150.68  1.70412E-01 -150.27  1.71523E-01   29.81
    0   4.84925E-01  0.00000E+00  0.00000E+00   9.68545E-01 -150.30  1.70445E-01 -149.90  1.71588E-01   30.20
    0   4.90955E-01  0.00000E+00  0.00000E+00   9.68481E-01 -149.92  1.70477E-01 -149.53  1.71655E-01   30.59
    0   4.96985E-01  0.00000E+00  0.00000E+00   9.68423E-01 -149.54  1.70509E-01 -149.15  1.71723E-01   30.98
    0   5.03015E-01  0.00000E+00  0.00000E+00   9.68370E-01 -149.16  1.70540E-01 -148.78  1.71793E-01   31.37
    0   5.09045E-01  0.00000E+00  0.00000E+00   9.68323E-01 -148.79  1.70571E-01 -148.41  1.71863E-01   31.76
    0   5.15075E-01  0.00000E+00  0.00000E+00   9.68281E-01 -148.41  1.70601E-01 -148.04  1.71935E-01   32.15
    0   5.21106E-01  0.00000E+00  0.00000E+00   9.68244E-01 -148.03  1.70631E-01 -147.67  1.72008E-01   32.54
    0   5.27136E-01  0.00000E+00  0.00000E+00   9.68211E-01 -147.65  1.70661E-01 -147.30  1.72082E-01   32.93
    0   5.33166E-01  0.00000E+00  0.00000E+00   9.68183E-01 -147.27  1.70690E-01 -146.93  1.72157E-01   33.31
    0   5.39196E-01  0.00000E+00  0.00000E+00   9.68160E-01 -146.90  1.70718E-01 -146.56  1.72233E-01   33.70
    0   5.45226E-01  0.00000E+00  0.00000E+00   9.68141E-01 -146.52  1.70746E-01 -146.19  1.72309E-01   34.08
    0   5.51256E-01  0.00000E+00  0.00000E+00   9.68125E-01 -146.14  1.70774E-01 -145.82  1.72386E-01   34.46
    0   5.57286E-01  0.00000E+00  0.00000E+00   9.68114E-01 -145.76  1.70801E-01 -145.45  1.72464E-01   34.84
    0   5.63317E-01  0.00000E+00  0.00000E+00   9.68106E-01 -145.39  1.70828E-01 -145.08  1.72541E-01   35.22
    0   5.69347E-01  0.00000E+00  0.00000E+00   9.68102E-01 -145.01  1.70854E-01 -144.71  1.72620E-01   35.60
    0   5.75377E-01  0.00000E+00  0.00000E+00   9.68102E-01 -144.63  1.70880E-01 -144.34  1.72698E-01   35.98
    0   5.81407E-01  0.00000E+00  0.00000E+00   9.68104E-01 -144.26  1.70906E-01 -143.97  1.72776E-01   36.36
    0   5.87437E-01  0.00000E+00  0.00000E+00   9.68110E-01 -143.88  1.70931E-01 -143.61  1.72854E-01   36.73
    0   5.93467E-01  0.00000E+00  0.00000E+00   9.68119E-01 -143.50  1.70955E-01 -143.24  1.72932E-01   37.11
    0   5.99497E-01  0.00000E+00  0.00000E+00   9.68130E-01 -143.13  1.70980E-01 -142.87  1.73010E-01   37.48
    0   6.05528E-01  0.00000E+00  0.00000E+00   9.68145E-01 -142.75  1.71003E-01 -142.50  1.73087E-01   37.86
    0   6.11558E-01  0.00000E+00  0.00000E+00   9.68162E-01 -142.38  1.71026E-01 -142.13  1.73164E-01   38.23
    0   6.17588E-01  0.00000E+00  0.00000E+00   9.68181E-01 -142.00  1.71049E-01 -141.76  1.73240E-01   38.60
    0   6.23618E-01  0.00000E+00  0.00000E+00   9.68203E-01 -141.62  1.71071E-01 -141.40  1.73315E-01   38.97
    0   6.29648E-01  0.00000E+00  0.00000E+00   9.68227E-01 -141.25  1.71092E-01 -141.03  1.73390E-01   39.34
    0   6.35678E-01  0.00000E+00  0.00000E+00   9.68253E-01 -140.87  1.71113E-01 -140.66  1.73464E-01   39.71
    0   6.41709E-01  0.00000E+00  0.00000E+00   9.68281E-01 -140.50  1.71134E-01 -140.30  1.73537E-01   40.08
    0   6.47739E-01  0.00000E+00  0.00000E+00   9.68311E-01 -140.12  1.71154E-01 -139.93  1.73608E-01   40.44
    0   6.53769E-01  0.00000E+00  0.00000E+00   9.68342E-01 -139.75  1.71173E-01 -139.56  1.73679E-01   40.81
    0   6.59799E-01  0.00000E+00  0.00000E+00   9.68376E-01 -139.37  1.71191E-01 -139.19  1.73748E-01   41.17
    0   6.65829E-01  0.00000E+00  0.00000E+00   9.68410E-01 -139.00  1.71209E-01 -138.83  1.73816E-01   41.54
    0   6.71859E-01  0.00000E+00  0.00000E+00   9.68447E-01 -138.62  1.71227E-01 -138.46  1.73882E-01   41.90
    0   6.77889E-01  0.00000E+00  0.00000E+00   9.68484E-01 -138.25  1.71244E-01 -138.10  1.73947E-01   42.26
    0   6.83920E-01  0.00000E+00  0.00000E+00   9.68523E-01 -137.88  1.71260E-01 -137.73  1.74010E-01   42.63
    0   6.89950E-01  0.00000E+00  0.00000E+00   9.68562E-01 -137.50  1.71275E-01 -137.36  1.74072E-01   42.99
    0   6.95980E-01  0.00000E+00  0.00000E+00   9.68603E-01 -137.13  1.71290E-01 -137.00  1.74132E-01   43.35
    0   7.02010E-01  0.00000E+00  0.00000E+00   9.68645E-01 -136.75  1.71304E-01 -136.63  1.74190E-01   43.71
    0   7.08040E-01  0.00000E+00  0.00000E+00   9.68687E-01 -136.38  1.71317E-01 -136.27  1.74246E-01   44.07
    0   7.14070E-01  0.00000E+00  0.00000E+00   9.68730E-01 -136.01  1.71330E-01 -135.90  1.74300E-01   44.42
    0   7.20101E-01  0.00000E+00  0.00000E+00   9.68774E-01 -135.63  1.71342E-01 -135.54  1.74352E-01   44.78
    0   7.26131E-01  0.00000E+00  0.00000E+00   9.68818E-01 -135.26  1.71353E-01 -135.17  1.74403E-01   45.14
    0   7.32161E-01  0.00000E+00  0.00000E+00   9.68863E-01 -134.89  1.71364E-01 -134.80  1.74451E-01   45.50
    0   7.38191E-01  0.00000E+00  0.00000E+00   9.68908E-01 -134.51  1.71373E-01 -134.44  1.74497E-01   45.85
    0   7.44221E-01  0.00000E+00  0.00000E+00   9.68953E-01 -134.14  1.71383E-01 -134.07  1.74540E-01   46.21
    0   7.50251E-01  0.00000E+00  0.00000E+00   9.68999E-01 -133.77  1.71391E-01 -133.71  1.74582E-01   46.56
    0   7.56281E-01  0.00000E+00  0.00000E+00   9.69044E-01 -133.40  1.71399E-01 -133.34  1.74621E-01   46.92
    0   7.62312E-01  0.00000E+00  0.00000E+00   9.69090E-01 -133.02  1.71405E-01 -132.98  1.74658E-01   47.27
    0   7.68342E-01  0.00000E+00  0.00000E+00   9.69136E-01 -132.65  1.71412E-01 -132.61  1.74692E-01   47.63
    0   7.74372E-01  0.00000E+00  0.00000E+00   9.69181E-01 -132.28  1.71417E-01 -132.25  1.74725E-01   47.98
    0   7.80402E-01  0.00000E+00  0.00000E+00   9.69226E-01 -131.91  1.71422E-01 -131.88  1.74754E-01   48.34
    0   7.86432E-01  0.00000E+00  0.00000E+00   9.69271E-01 -131.54  1.71426E-01 -131.52  1.74782E-01   48.69
    0   7.92462E-01  0.00000E+00  0.00000E+00   9.69316E-01 -131.16  1.71429E-01 -131.15  1.74807E-01   49.04
    0   7.98492E-01  0.00000E+00  0.00000E+00   9.69360E-01 -130.79  1.71432E-01 -130.79  1.74829E-01   49.40
    0   8.04523E-01  0.00000E+00  0.00000E+00   9.69404E-01 -130.42  1.71434E-01 -130.42  1.74850E-01   49.75
    0   8.10553E-01  0.00000E+00  0.00000E+00   9.69447E-01 -130.05  1.71435E-01 -130.06  1.74867E-01   50.10
    0   8.16583E-01  0.00000E+00  0.00000E+00   9.69490E-01 -129.68  1.71435E-01 -129.69  1.74883E-01   50.45
    0   8.22613E-01  0.00000E+00  0.00000E+00   9.69532E-01 -129.31  1.71435E-01 -129.33  1.74896E-01   50.81
    0   8.28643E-01  0.00000E+00  0.00000E+00   9.69574E-01 -128.93  1.71434E-01 -128.96  1.74906E-01   51.16
    0   8.34673E-01  0.00000E+00  0.00000E+00   9.69614E-01 -128.56  1.71432E-01 -128.60  1.74914E-01   51.51
    0   8.40704E-01  0.00000E+00  0.00000E+00   9.69654E-01 -128.19  1.71430E-01 -128.23  1.74920E-01   51.86
    0   8.46734E-01  0.00000E+00  0.00000E+00   9.69693E-01 -127.82  1.71427E-01 -127.87  1.74923E-01   52.22
    0   8.52764E-01  0.00000E+00  0.00000E+00   9.69732E-01 -127.45  1.71424E-01 -127.50  1.74924E-01   52.57
    0   8.58794E-01  0.00000E+00  0.00000E+00   9.69769E-01 -127.08  1.71420E-01 -127.14  1.74923E-01   52.92
    0   8.64824E-01  0.00000E+00  0.00000E+00   9.69806E-01 -126.71  1.71415E-01 -126.77  1.74920E-01   53.28
    0   8.70854E-01  0.00000E+00  0.00000E+00   9.69841E-01 -126.34  1.71410E-01 -126.40  1.74914E-01   53.63
    0   8.76884E-01  0.00000E+00  0.00000E+00   9.69876E-01 -125.97  1.71404E-01 -126.04  1.74906E-01   53.98
    0   8.82915E-01  0.00000E+00  0.00000E+00   9.69909E-01 -125.60  1.71397E-01 -125.67  1.74896E-01   54.34
    0   8.88945E-01  0.00000E+00  0.00000E+00   9.69942E-01 -125.23  1.71390E-01 -125.31  1.74884E-01   54.69
    0   8.94975E-01  0.00000E+00  0.00000E+00   9.69973E-01 -124.86  1.71383E-01 -124.94  1.74869E-01   55.04
    0   9.01005E-01  0.00000E+00  0.00000E+00   9.70003E-01 -124.49  1.71375E-01 -124.57  1.74853E-01   55.40
    0   9.07035E-01  0.00000E+00  0.00000E+00   9.70032E-01 -124.12  1.71366E-01 -124.21  1.74835E-01   55.75
    0   9.13065E-01  0.00000E+00  0.00000E+00   9.70060E-01 -123.75  1.71357E-01 -123.84  1.74814E-01   56.11
    0   9.19095E-01  0.00000E+00  0.00000E+00   9.70087E-01 -123.38  1.71348E-01 -123.47  1.74792E-01   56.47
    0   9.25126E-01  0.00000E+00  0.00000E+00   9.70112E-01 -123.01  1.71338E-01 -123.11  1.74768E-01   56.82
    0   9.31156E-01  0.00000E+00  0.00000E+00   9.70137E-01 -122.64  1.71327E-01 -122.74  1.74743E-01   57.18
    0   9.37186E-01  0.00000E+00  0.00000E+00   9.70160E-01 -122.27  1.71317E-01 -122.37  1.74715E-01   57.54
    0   9.43216E-01  0.00000E+00  0.00000E+00   9.70182E-01 -121.90  1.71306E-01 -122.00  1.74687E-01   57.89
    0   9.49246E-01  0.00000E+00  0.00000E+00   9.70203E-01 -121.53  1.71294E-01 -121.64  1.74656E-01   58.25
    0   9.55276E-01  0.00000E+00  0.00000E+00   9.70222E-01 -121.16  1.71283E-01 -121.27  1.74624E-01   58.61
    0   9.61307E-01  0.00000E+00  0.00000E+00   9.70241E-01 -120.79  1.71271E-01 -120.90  1.74591E-01   58.97
    0   9.67337E-01  0.00000E+00  0.00000E+00   9.70258E-01 -120.42  1.71258E-01 -120.53  1.74556E-01   59.33
    0   9.73367E-01  0.00000E+00  0.00000E+00   9.70274E-01 -120.05  1.71246E-01 -120.16  1.74520E-01   59.69
    0   9.79397E-01  0.00000E+00  0.00000E+00   9.70288E-01 -119.68  1.71233E-01 -119.79  1.74483E-01   60.05
    0   9.85427E-01  0.00000E+00  0.00000E+00   9.70302E-01 -119.31  1.71220E-01 -119.42  1.74445E-01   60.41
    0   9.91457E-01  0.00000E+00  0.00000E+00   9.70314E-01 -118.94  1.71207E-01 -119.06  1.74406E-01   60.77
    0   9.97487E-01  0.00000E+00  0.00000E+00   9.70325E-01 -118.57  1.71194E-01 -118.69  1.74366E-01   61.13
    0   1.00352E+00  0.00000E+00  0.00000E+00   9.70335E-01 -118.20  1.71180E-01 -118.32  1.74325E-01   61.50
    0   1.00955E+00  0.00000E+00  0.00000E+00   9.70343E-01 -117.83  1.71167E-01 -117.95  1.74283E-01   61.86
    0   1.01558E+00  0.00000E+00  0.00000E+00   9.70351E-01 -117.46  1.71153E-01 -117.58  1.74241E-01   62.22
    0   1.02161E+00  0.00000E+00  0.00000E+00   9.70357E-01 -117.09  1.71140E-01 -117.21  1.74198E-01   62.59
    0   1.02764E+00  0.00000E+00  0.00000E+00   9.70362E-01 -116.72  1.71126E-01 -116.84  1.74155E-01   62.95
    0   1.03367E+00  0.00000E+00  0.00000E+00   9.70366E-01 -116.35  1.71112E-01 -116.47  1.74111E-01   63.32
    0   1.03970E+00  0.00000E+00  0.00000E+00   9.70369E-01 -115.98  1.71099E-01 -116.10  1.74066E-01   63.69
    0   1.04573E+00  0.00000E+00  0.00000E+00   9.70371E-01 -115.61  1.71085E-01 -115.72  1.74022E-01   64.06
    0   1.05176E+00  0.00000E+00  0.00000E+00   9.70372E-01 -115.24  1.71071E-01 -115.35  1.73977E-01   64.42
    0   1.05779E+00  0.00000E+00  0.00000E+00   9.70372E-01 -114.87  1.71058E-01 -114.98  1.73932E-01   64.79
    0   1.06382E+00  0.00000E+00  0.00000E+00   9.70371E-01 -114.50  1.71044E-01 -114.61  1.73887E-01   65.16
    0   1.06985E+00  0.00000E+00  0.00000E+00   9.70369E-01 -114.13  1.71031E-01 -114.24  1.73842E-01   65.53
    0   1.07588E+00  0.00000E+00  0.00000E+00   9.70365E-01 -113.76  1.71018E-01 -113.87  1.73798E-01   65.90
    0   1.08191E+00  0.00000E+00  0.00000E+00   9.70361E-01 -113.39  1.71005E-01 -113.50  1.73753E-01   66.27
    0   1.08794E+00  0.00000E+00  0.00000E+00   9.70356E-01 -113.02  1.70992E-01 -113.12  1.73709E-01   66.65
    0   1.09397E+00  0.00000E+00  0.00000E+00   9.70351E-01 -112.65  1.70979E-01 -112.75  1.73665E-01   67.02
    0   1.10000E+00  0.00000E+00  0.00000E+00   9.70344E-01 -112.28  1.70967E-01 -112.38  1.73622E-01   67.39


 Near field request with name: NearField1


                              VALUES OF THE MAGNETIC FIELD STRENGTH in A/m

                                 (total field, incident and scattered)

                   LOCATION                               HX                   HY                   HZ  
medium      X/m          Y/m          Z/m          magn.     phase      magn.     phase      magn.     phase
    0  -1.00000E-01  0.00000E+00  0.00000E+00   4.52740E-04  173.33  2.62103E-03   -6.47  8.70722E-06 -135.95
    0  -9.39698E-02  0.00000E+00  0.00000E+00   4.52296E-04  173.64  2.62221E-03   -6.12  8.94166E-06 -140.37
    0  -8.79397E-02  0.00000E+00  0.00000E+00   4.51834E-04  173.93  2.62358E-03   -5.77  9.29507E-06 -145.63
    0  -8.19095E-02  0.00000E+00  0.00000E+00   4.51363E-04  174.22  2.62519E-03   -5.42  9.82860E-06 -151.69
    0  -7.58794E-02  0.00000E+00  0.00000E+00   4.50893E-04  174.49  2.62710E-03   -5.08  1.06291E-05 -158.37
    0  -6.98492E-02  0.00000E+00  0.00000E+00   4.50443E-04  174.75  2.62937E-03   -4.74  1.17965E-05 -165.44
    0  -6.38191E-02  0.00000E+00  0.00000E+00   4.50041E-04  174.99  2.63209E-03   -4.40  1.34693E-05 -172.54
    0  -5.77889E-02  0.00000E+00  0.00000E+00   4.49734E-04  175.21  2.63540E-03   -4.07  1.58169E-05 -179.31
    0  -5.17588E-02  0.00000E+00  0.00000E+00   4.49596E-04  175.40  2.63948E-03   -3.75  1.90510E-05  174.52
    0  -4.57286E-02  0.00000E+00  0.00000E+00   4.49741E-04  175.56  2.64451E-03   -3.44  2.34755E-05  169.12
    0  -3.96985E-02  0.00000E+00  0.00000E+00   4.50361E-04  175.67  2.65086E-03   -3.13  2.95134E-05  164.53
    0  -3.36683E-02  0.00000E+00  0.00000E+00   4.51778E-04  175.72  2.65900E-03   -2.85  3.78173E-05  160.75
    0  -2.76382E-02  0.00000E+00  0.00000E+00   4.54558E-04  175.70  2.66971E-03   -2.58  4.94514E-05  157.72
    0  -2.16080E-02  0.00000E+00  0.00000E+00   4.59778E-04  175.56  2.68430E-03   -2.34  6.62989E-05  155.39
    0  -1.55779E-02  0.00000E+00  0.00000E+00   4.69724E-04  175.24  2.70534E-03   -2.16  9.21259E-05  153.75
    0  -9.54774E-03  0.00000E+00  0.00000E+00   4.90431E-04  174.59  2.73911E-03   -2.06  1.36364E-04  152.88
    0  -3.51759E-03  0.00000E+00  0.00000E+00   5.48348E-04  173.12  2.81200E-03   -2.22  2.38445E-04  153.36
    0   2.51256E-03  0.00000E+00  0.00000E+00   9.47523E-04  168.27  2.26720E-03    2.00  5.34805E-04  153.34
    0   8.54271E-03  0.00000E+00  0.00000E+00   8.29233E-04  169.06  2.17949E-03    3.26  4.12123E-04  144.48
    0   1.45729E-02  0.00000E+00  0.00000E+00   7.61888E-04  169.52  2.14473E-03    4.10  3.64177E-04  136.47
    0   2.06030E-02  0.00000E+00  0.00000E+00   7.06262E-04  169.90  2.12680E-03    4.84  3.35700E-04  129.05
    0   2.66332E-02  0.00000E+00  0.00000E+00   6.54677E-04  170.28  2.11941E-03    5.51  3.15443E-04  122.16
    0   3.26633E-02  0.00000E+00  0.00000E+00   6.04468E-04  170.70  2.12085E-03    6.12  2.98984E-04  115.77
    0   3.86935E-02  0.00000E+00  0.00000E+00   5.54822E-04  171.20  2.13079E-03    6.66  2.84132E-04  109.89
    0   4.47236E-02  0.00000E+00  0.00000E+00   5.06048E-04  171.85  2.14933E-03    7.12  2.69690E-04  104.57
    0   5.07538E-02  0.00000E+00  0.00000E+00   4.59352E-04  172.72  2.17636E-03    7.48  2.54972E-04   99.93
    0   5.67839E-02  0.00000E+00  0.00000E+00   4.16634E-04  173.87  2.21124E-03    7.73  2.39597E-04   96.15
    0   6.28141E-02  0.00000E+00  0.00000E+00   3.80108E-04  175.33  2.25250E-03    7.89  2.23428E-04   93.39
    0   6.88442E-02  0.00000E+00  0.00000E+00   3.51751E-04  177.04  2.29786E-03    7.97  2.06579E-04   91.76
    0   7.48744E-02  0.00000E+00  0.00000E+00   3.32708E-04  178.88  2.34458E-03    7.99  1.89402E-04   91.25
    0   8.09045E-02  0.00000E+00  0.00000E+00   3.22941E-04 -179.34  2.38991E-03    7.99  1.72387E-04   91.72
    0   8.69347E-02  0.00000E+00  0.00000E+00   3.21287E-04 -177.78  2.43162E-03    8.00  1.56002E-04   92.89
    0   9.29648E-02  0.00000E+00  0.00000E+00   3.25856E-04 -176.52  2.46828E-03    8.03  1.40571E-04   94.45
    0   9.89950E-02  0.00000E+00  0.00000E+00   3.34555E-04 -175.52  2.49930E-03    8.10  1.26258E-04   96.10
    0   1.05025E-01  0.00000E+00  0.00000E+00   3.45498E-04 -174.74  2.52476E-03    8.21  1.13117E-04   97.60
    0   1.11055E-01  0.00000E+00  0.00000E+00   3.57232E-04 -174.10  2.54520E-03    8.37  1.01152E-04   98.83
    0   1.17085E-01  0.00000E+00  0.00000E+00   3.68775E-04 -173.54  2.56135E-03    8.56  9.03423E-05   99.72
    0   1.23116E-01  0.00000E+00  0.00000E+00   3.79556E-04 -173.03  2.57398E-03    8.78  8.06569E-05  100.27
    0   1.29146E-01  0.00000E+00  0.00000E+00   3.89298E-04 -172.55  2.58382E-03    9.03  7.20337E-05  100.51
    0   1.35176E-01  0.00000E+00  0.00000E+00   3.97920E-04 -172.09  2.59148E-03    9.29  6.44074E-05  100.47
    0   1.41206E-01  0.00000E+00  0.00000E+00   4.05454E-04 -171.64  2.59745E-03    9.57  5.76924E-05  100.19
    0   1.47236E-01  0.00000E+00  0.00000E+00   4.11987E-04 -171.19  2.60211E-03    9.87  5.17988E-05   99.72
    0   1.53266E-01  0.00000E+00  0.00000E+00   4.17631E-04 -170.76  2.60578E-03   10.18  4.66311E-05   99.07
    0   1.59296E-01  0.00000E+00  0.00000E+00   4.22500E-04 -170.33  2.60869E-03   10.49  4.21032E-05   98.28
    0   1.65327E-01  0.00000E+00  0.00000E+00   4.26702E-04 -169.90  2.61101E-03   10.81  3.81337E-05   97.37
    0   1.71357E-01  0.00000E+00  0.00000E+00   4.30335E-04 -169.48  2.61287E-03   11.14  3.46490E-05   96.36
    0   1.77387E-01  0.00000E+00  0.00000E+00   4.33483E-04 -169.07  2.61438E-03   11.47  3.15807E-05   95.27
    0   1.83417E-01  0.00000E+00  0.00000E+00   4.36221E-04 -168.66  2.61561E-03   11.81  2.88801E-05   94.10
    0   1.89447E-01  0.00000E+00  0.00000E+00   4.38608E-04 -168.25  2.61663E-03   12.15  2.64930E-05   92.86
    0   1.95477E-01  0.00000E+00  0.00000E+00   4.40699E-04 -167.85  2.61748E-03   12.49  2.43774E-05   91.56
    0   2.01508E-01  0.00000E+00  0.00000E+00   4.42537E-04 -167.45  2.61820E-03   12.84  2.24971E-05   90.22
    0   2.07538E-01  0.00000E+00  0.00000E+00   4.44158E-04 -167.06  2.61880E-03   13.18  2.08209E-05   88.83
    0   2.13568E-01  0.00000E+00  0.00000E+00   4.45595E-04 -166.67  2.61932E-03   13.53  1.93223E-05   87.40
    0   2.19598E-01  0.00000E+00  0.00000E+00   4.46872E-04 -166.27  2.61976E-03   13.88  1.79786E-05   85.94
    0   2.25628E-01  0.00000E+00  0.00000E+00   4.48013E-04 -165.89  2.62015E-03   14.24  1.67702E-05   84.45
    0   2.31658E-01  0.00000E+00  0.00000E+00   4.49035E-04 -165.50  2.62048E-03   14.59  1.56806E-05   82.92
    0   2.37688E-01  0.00000E+00  0.00000E+00   4.49955E-04 -165.12  2.62078E-03   14.94  1.46941E-05   81.37
    0   2.43719E-01  0.00000E+00  0.00000E+00   4.50786E-04 -164.73  2.62104E-03   15.30  1.38007E-05   79.79
    0   2.49749E-01  0.00000E+00  0.00000E+00   4.51538E-04 -164.35  2.62127E-03   15.65  1.29886E-05   78.19
    0   2.55779E-01  0.00000E+00  0.00000E+00   4.52222E-04 -163.97  2.62147E-03   16.01  1.22492E-05   76.57
    0   2.61809E-01  0.00000E+00  0.00000E+00   4.52846E-04 -163.59  2.62165E-03   16.37  1.15729E-05   74.93
    0   2.67839E-01  0.00000E+00  0.00000E+00   4.53417E-04 -163.22  2.62181E-03   16.73  1.09535E-05   73.27
    0   2.73869E-01  0.00000E+00  0.00000E+00   4.53941E-04 -162.84  2.62195E-03   17.08  1.03849E-05   71.59
    0   2.79899E-01  0.00000E+00  0.00000E+00   4.54424E-04 -162.46  2.62207E-03   17.44  9.86195E-06   69.90
    0   2.85930E-01  0.00000E+00  0.00000E+00   4.54869E-04 -162.09  2.62218E-03   17.80  9.37986E-06   68.19
    0   2.91960E-01  0.00000E+00  0.00000E+00   4.55282E-04 -161.72  2.62227E-03   18.16  8.93469E-06   66.46
    0   2.97990E-01  0.00000E+00  0.00000E+00   4.55664E-04 -161.34  2.62235E-03   18.52  8.52252E-06   64.72
    0   3.04020E-01  0.00000E+00  0.00000E+00   4.56020E-04 -160.97  2.62242E-03   18.88  8.14034E-06   62.97
    0   3.10050E-01  0.00000E+00  0.00000E+00   4.56352E-04 -160.60  2.62247E-03   19.24  7.78534E-06   61.21
    0   3.16080E-01  0.00000E+00  0.00000E+00   4.56661E-04 -160.23  2.62252E-03   19.60  7.45500E-06   59.44
    0   3.22111E-01  0.00000E+00  0.00000E+00   4.56951E-04 -159.85  2.62255E-03   19.96  7.14710E-06   57.65
    0   3.28141E-01  0.00000E+00  0.00000E+00   4.57223E-04 -159.48  2.62257E-03   20.33  6.85964E-06   55.86
    0   3.34171E-01  0.00000E+00  0.00000E+00   4.57478E-04 -159.11  2.62258E-03   20.69  6.59085E-06   54.05
    0   3.40201E-01  0.00000E+00  0.00000E+00   4.57718E-04 -158.74  2.62257E-03   21.05  6.33913E-06   52.24
    0   3.46231E-01  0.00000E+00  0.00000E+00   4.57945E-04 -158.37  2.62256E-03   21.41  6.10306E-06   50.41
    0   3.52261E-01  0.00000E+00  0.00000E+00   4.58158E-04 -158.00  2.62254E-03   21.77  5.88137E-06   48.58
    0   3.58291E-01  0.00000E+00  0.00000E+00   4.58360E-04 -157.64  2.62251E-03   22.14  5.67288E-06   46.73
    0   3.64322E-01  0.00000E+00  0.00000E+00   4.58550E-04 -157.27  2.62247E-03   22.50  5.47657E-06   44.88
    0   3.70352E-01  0.00000E+00  0.00000E+00   4.58731E-04 -156.90  2.62242E-03   22.86  5.29148E-06   43.02
    0   3.76382E-01  0.00000E+00  0.00000E+00   4.58902E-04 -156.53  2.62236E-03   23.23  5.11677E-06   41.15
    0   3.82412E-01  0.00000E+00  0.00000E+00   4.59064E-04 -156.16  2.62230E-03   23.59  4.95166E-06   39.28
    0   3.88442E-01  0.00000E+00  0.00000E+00   4.59218E-04 -155.80  2.62222E-03   23.95  4.79544E-06   37.39
    0   3.94472E-01  0.00000E+00  0.00000E+00   4.59364E-04 -155.43  2.62213E-03   24.32  4.64749E-06   35.50
    0   4.00503E-01  0.00000E+00  0.00000E+00   4.59503E-04 -155.06  2.62204E-03   24.68  4.50720E-06   33.61
    0   4.06533E-01  0.00000E+00  0.00000E+00   4.59635E-04 -154.70  2.62194E-03   25.05  4.37405E-06   31.71
    0   4.12563E-01  0.00000E+00  0.00000E+00   4.59761E-04 -154.33  2.62183E-03   25.41  4.24755E-06   29.80
    0   4.18593E-01  0.00000E+00  0.00000E+00   4.59880E-04 -153.96  2.62172E-03   25.77  4.12726E-06   27.88
    0   4.24623E-01  0.00000E+00  0.00000E+00   4.59994E-04 -153.60  2.62159E-03   26.14  4.01276E-06   25.96
    0   4.30653E-01  0.00000E+00  0.00000E+00   4.60102E-04 -153.23  2.62146E-03   26.50  3.90368E-06   24.03
    0   4.36683E-01  0.00000E+00  0.00000E+00   4.60205E-04 -152.86  2.62133E-03   26.87  3.79966E-06   22.10
    0   4.42714E-01  0.00000E+00  0.00000E+00   4.60303E-04 -152.50  2.62118E-03   27.23  3.70040E-06   20.16
    0   4.48744E-01  0.00000E+00  0.00000E+00   4.60396E-04 -152.13  2.62103E-03   27.60  3.60559E-06   18.22
    0   4.54774E-01  0.00000E+00  0.00000E+00   4.60484E-04 -151.77  2.62088E-03   27.97  3.51497E-06   16.27
    0   4.60804E-01  0.00000E+00  0.00000E+00   4.60568E-04 -151.40  2.62071E-03   28.33  3.42829E-06   14.32
    0   4.66834E-01  0.00000E+00  0.00000E+00   4.60648E-04 -151.04  2.62055E-03   28.70  3.34530E-06   12.36
    0   4.72864E-01  0.00000E+00  0.00000E+00   4.60724E-04 -150.67  2.62037E-03   29.06  3.26580E-06   10.40
    0   4.78894E-01  0.00000E+00  0.00000E+00   4.60796E-04 -150.30  2.62019E-03   29.43  3.18959E-06    8.43
    0   4.84925E-01  0.00000E+00  0.00000E+00   4.60864E-04 -149.94  2.62001E-03   29.80  3.11647E-06    6.46
    0   4.90955E-01  0.00000E+00  0.00000E+00   4.60929E-04 -149.57  2.61982E-03   30.16  3.04629E-06    4.49
    0   4.96985E-01  0.00000E+00  0.00000E+00   4.60990E-04 -149.21  2.61963E-03   30.53  2.97887E-06    2.51
    0   5.03015E-01  0.00000E+00  0.00000E+00   4.61048E-04 -148.84  2.61944E-03   30.90  2.91407E-06    0.53
    0   5.09045E-01  0.00000E+00  0.00000E+00   4.61102E-04 -148.48  2.61924E-03   31.27  2.85174E-06   -1.46
    0   5.15075E-01  0.00000E+00  0.00000E+00   4.61154E-04 -148.11  2.61903E-03   31.63  2.79177E-06   -3.45
    0   5.21106E-01  0.00000E+00  0.00000E+00   4.61202E-04 -147.75  2.61883E-03   32.00  2.73402E-06   -5.44
    0   5.27136E-01  0.00000E+00  0.00000E+00   4.61247E-04 -147.38  2.61862E-03   32.37  2.67838E-06   -7.44
    0   5.33166E-01  0.00000E+00  0.00000E+00   4.61290E-04 -147.02  2.61841E-03   32.74  2.62475E-06   -9.44
    0   5.39196E-01  0.00000E+00  0.00000E+00   4.61330E-04 -146.65  2.61820E-03   33.11  2.57302E-06  -11.45
    0   5.45226E-01  0.00000E+00  0.00000E+00   4.61367E-04 -146.29  2.61798E-03   33.48  2.52310E-06  -13.45
    0   5.51256E-01  0.00000E+00  0.00000E+00   4.61402E-04 -145.92  2.61777E-03   33.85  2.47491E-06  -15.46
    0   5.57286E-01  0.00000E+00  0.00000E+00   4.61434E-04 -145.56  2.61755E-03   34.21  2.42836E-06  -17.48
    0   5.63317E-01  0.00000E+00  0.00000E+00   4.61464E-04 -145.19  2.61733E-03   34.58  2.38338E-06  -19.49
    0   5.69347E-01  0.00000E+00  0.00000E+00   4.61491E-04 -144.83  2.61711E-03   34.95  2.33988E-06  -21.51
    0   5.75377E-01  0.00000E+00  0.00000E+00   4.61517E-04 -144.46  2.61689E-03   35.32  2.29781E-06  -23.53
    0   5.81407E-01  0.00000E+00  0.00000E+00   4.61539E-04 -144.09  2.61667E-03   35.69  2.25709E-06  -25.56
    0   5.87437E-01  0.00000E+00  0.00000E+00   4.61560E-04 -143.73  2.61645E-03   36.06  2.21767E-06  -27.59
    0   5.93467E-01  0.00000E+00  0.00000E+00   4.61579E-04 -143.36  2.61624E-03   36.43  2.17950E-06  -29.62
    0   5.99497E-01  0.00000E+00  0.00000E+00   4.61596E-04 -143.00  2.61602E-03   36.80  2.14250E-06  -31.65
    0   6.05528E-01  0.00000E+00  0.00000E+00   4.61611E-04 -142.63  2.61580E-03   37.17  2.10664E-06  -33.68
    0   6.11558E-01  0.00000E+00  0.00000E+00   4.61624E-04 -142.27  2.61559E-03   37.55  2.07187E-06  -35.72
    0   6.17588E-01  0.00000E+00  0.00000E+00   4.61635E-04 -141.90  2.61537E-03   37.92  2.03813E-06  -37.76
    0   6.23618E-01  0.00000E+00  0.00000E+00   4.61644E-04 -141.53  2.61516E-03   38.29  2.00539E-06  -39.80
    0   6.29648E-01  0.00000E+00  0.00000E+00   4.61652E-04 -141.17  2.61495E-03   38.66  1.97360E-06  -41.84
    0   6.35678E-01  0.00000E+00  0.00000E+00   4.61658E-04 -140.80  2.61475E-03   39.03  1.94273E-06  -43.89
    0   6.41709E-01  0.00000E+00  0.00000E+00   4.61662E-04 -140.44  2.61454E-03   39.40  1.91274E-06  -45.94
    0   6.47739E-01  0.00000E+00  0.00000E+00   4.61665E-04 -140.07  2.61434E-03   39.77  1.88359E-06  -47.99
    0   6.53769E-01  0.00000E+00  0.00000E+00   4.61667E-04 -139.70  2.61415E-03   40.15  1.85525E-06  -50.04
    0   6.59799E-01  0.00000E+00  0.00000E+00   4.61667E-04 -139.34  2.61395E-03   40.52  1.82769E-06  -52.10
    0   6.65829E-01  0.00000E+00  0.00000E+00   4.61665E-04 -138.97  2.61377E-03   40.89  1.80088E-06  -54.15
    0   6.71859E-01  0.00000E+00  0.00000E+00   4.61663E-04 -138.60  2.61358E-03   41.26  1.77479E-06  -56.21
    0   6.77889E-01  0.00000E+00  0.00000E+00   4.61659E-04 -138.24  2.61340E-03   41.64  1.74939E-06  -58.27
    0   6.83920E-01  0.00000E+00  0.00000E+00   4.61654E-04 -137.87  2.61322E-03   42.01  1.72466E-06  -60.33
    0   6.89950E-01  0.00000E+00  0.00000E+00   4.61648E-04 -137.50  2.61305E-03   42.38  1.70057E-06  -62.40
    0   6.95980E-01  0.00000E+00  0.00000E+00   4.61641E-04 -137.14  2.61288E-03   42.76  1.67710E-06  -64.46
    0   7.02010E-01  0.00000E+00  0.00000E+00   4.61632E-04 -136.77  2.61272E-03   43.13  1.65422E-06  -66.53
    0   7.08040E-01  0.00000E+00  0.00000E+00   4.61623E-04 -136.40  2.61257E-03   43.50  1.63192E-06  -68.60
    0   7.14070E-01  0.00000E+00  0.00000E+00   4.61613E-04 -136.03  2.61241E-03   43.88  1.61018E-06  -70.67
    0   7.20101E-01  0.00000E+00  0.00000E+00   4.61602E-04 -135.67  2.61227E-03   44.25  1.58897E-06  -72.74
    0   7.26131E-01  0.00000E+00  0.00000E+00   4.61590E-04 -135.30  2.61213E-03   44.62  1.56827E-06  -74.81
    0   7.32161E-01  0.00000E+00  0.00000E+00   4.61577E-04 -134.93  2.61199E-03   45.00  1.54807E-06  -76.88
    0   7.38191E-01  0.00000E+00  0.00000E+00   4.61563E-04 -134.56  2.61187E-03   45.37  1.52836E-06  -78.96
    0   7.44221E-01  0.00000E+00  0.00000E+00   4.61549E-04 -134.19  2.61174E-03   45.75  1.50911E-06  -81.04
    0   7.50251E-01  0.00000E+00  0.00000E+00   4.61534E-04 -133.82  2.61163E-03   46.12  1.49031E-06  -83.12
    0   7.56281E-01  0.00000E+00  0.00000E+00   4.61519E-04 -133.46  2.61152E-03   46.49  1.47194E-06  -85.20
    0   7.62312E-01  0.00000E+00  0.00000E+00   4.61503E-04 -133.09  2.61142E-03   46.87  1.45399E-06  -87.28
    0   7.68342E-01  0.00000E+00  0.00000E+00   4.61486E-04 -132.72  2.61132E-03   47.24  1.43646E-06  -89.36
    0   7.74372E-01  0.00000E+00  0.00000E+00   4.61469E-04 -132.35  2.61123E-03   47.62  1.41931E-06  -91.45
    0   7.80402E-01  0.00000E+00  0.00000E+00   4.61451E-04 -131.98  2.61114E-03   47.99  1.40255E-06  -93.53
    0   7.86432E-01  0.00000E+00  0.00000E+00   4.61434E-04 -131.61  2.61107E-03   48.37  1.38615E-06  -95.62
    0   7.92462E-01  0.00000E+00  0.00000E+00   4.61415E-04 -131.24  2.61100E-03   48.74  1.37011E-06  -97.71
    0   7.98492E-01  0.00000E+00  0.00000E+00   4.61397E-04 -130.87  2.61093E-03   49.11  1.35442E-06  -99.79
    0   8.04523E-01  0.00000E+00  0.00000E+00   4.61378E-04 -130.50  2.61088E-03   49.49  1.33906E-06 -101.88
    0   8.10553E-01  0.00000E+00  0.00000E+00   4.61359E-04 -130.14  2.61083E-03   49.86  1.32403E-06 -103.98
    0   8.16583E-01  0.00000E+00  0.00000E+00   4.61340E-04 -129.77  2.61078E-03   50.24  1.30932E-06 -106.07
    0   8.22613E-01  0.00000E+00  0.00000E+00   4.61320E-04 -129.40  2.61075E-03   50.61  1.29491E-06 -108.16
    0   8.28643E-01  0.00000E+00  0.00000E+00   4.61301E-04 -129.03  2.61072E-03   50.99  1.28080E-06 -110.26
    0   8.34673E-01  0.00000E+00  0.00000E+00   4.61281E-04 -128.66  2.61069E-03   51.36  1.26697E-06 -112.35
    0   8.40704E-01  0.00000E+00  0.00000E+00   4.61261E-04 -128.29  2.61067E-03   51.74  1.25343E-06 -114.45
    0   8.46734E-01  0.00000E+00  0.00000E+00   4.61242E-04 -127.92  2.61066E-03   52.11  1.24016E-06 -116.55
    0   8.52764E-01  0.00000E+00  0.00000E+00   4.61222E-04 -127.55  2.61066E-03   52.49  1.22715E-06 -118.64
    0   8.58794E-01  0.00000E+00  0.00000E+00   4.61202E-04 -127.17  2.61066E-03   52.86  1.21440E-06 -120.74
    0   8.64824E-01  0.00000E+00  0.00000E+00   4.61183E-04 -126.80  2.61067E-03   53.23  1.20189E-06 -122.84
    0   8.70854E-01  0.00000E+00  0.00000E+00   4.61163E-04 -126.43  2.61068E-03   53.61  1.18963E-06 -124.95
    0   8.76884E-01  0.00000E+00  0.00000E+00   4.61144E-04 -126.06  2.61071E-03   53.98  1.17761E-06 -127.05
    0   8.82915E-01  0.00000E+00  0.00000E+00   4.61125E-04 -125.69  2.61073E-03   54.36  1.16581E-06 -129.15
    0   8.88945E-01  0.00000E+00  0.00000E+00   4.61106E-04 -125.32  2.61076E-03   54.73  1.15424E-06 -131.26
    0   8.94975E-01  0.00000E+00  0.00000E+00   4.61087E-04 -124.95  2.61080E-03   55.11  1.14288E-06 -133.36
    0   9.01005E-01  0.00000E+00  0.00000E+00   4.61069E-04 -124.58  2.61085E-03   55.48  1.13174E-06 -135.47
    0   9.07035E-01  0.00000E+00  0.00000E+00   4.61050E-04 -124.21  2.61089E-03   55.86  1.12080E-06 -137.57
    0   9.13065E-01  0.00000E+00  0.00000E+00   4.61033E-04 -123.84  2.61095E-03   56.23  1.11006E-06 -139.68
    0   9.19095E-01  0.00000E+00  0.00000E+00   4.61015E-04 -123.46  2.61101E-03   56.60  1.09951E-06 -141.79
    0   9.25126E-01  0.00000E+00  0.00000E+00   4.60998E-04 -123.09  2.61107E-03   56.98  1.08915E-06 -143.90
    0   9.31156E-01  0.00000E+00  0.00000E+00   4.60981E-04 -122.72  2.61114E-03   57.35  1.07898E-06 -146.01
    0   9.37186E-01  0.00000E+00  0.00000E+00   4.60964E-04 -122.35  2.61121E-03   57.73  1.06899E-06 -148.12
    0   9.43216E-01  0.00000E+00  0.00000E+00   4.60948E-04 -121.98  2.61129E-03   58.10  1.05917E-06 -150.23
    0   9.49246E-01  0.00000E+00  0.00000E+00   4.60932E-04 -121.61  2.61137E-03   58.47  1.04953E-06 -152.34
    0   9.55276E-01  0.00000E+00  0.00000E+00   4.60917E-04 -121.23  2.61146E-03   58.85  1.04005E-06 -154.45
    0   9.61307E-01  0.00000E+00  0.00000E+00   4.60902E-04 -120.86  2.61155E-03   59.22  1.03073E-06 -156.57
    0   9.67337E-01  0.00000E+00  0.00000E+00   4.60888E-04 -120.49  2.61164E-03   59.59  1.02157E-06 -158.68
    0   9.73367E-01  0.00000E+00  0.00000E+00   4.60874E-04 -120.12  2.61174E-03   59.97  1.01257E-06 -160.80
    0   9.79397E-01  0.00000E+00  0.00000E+00   4.60860E-04 -119.75  2.61184E-03   60.34  1.00372E-06 -162.91
    0   9.85427E-01  0.00000E+00  0.00000E+00   4.60847E-04 -119.37  2.61194E-03   60.71  9.95012E-07 -165.03
    0   9.91457E-01  0.00000E+00  0.00000E+00   4.60835E-04 -119.00  2.61205E-03   61.09  9.86450E-07 -167.14
    0   9.97487E-01  0.00000E+00  0.00000E+00   4.60823E-04 -118.63  2.61215E-03   61.46  9.78028E-07 -169.26
    0   1.00352E+00  0.00000E+00  0.00000E+00   4.60812E-04 -118.26  2.61226E-03   61.83  9.69743E-07 -171.38
    0   1.00955E+00  0.00000E+00  0.00000E+00   4.60801E-04 -117.88  2.61238E-03   62.20  9.61592E-07 -173.50
    0   1.01558E+00  0.00000E+00  0.00000E+00   4.60790E-04 -117.51  2.61249E-03   62.58  9.53571E-07 -175.62
    0   1.02161E+00  0.00000E+00  0.00000E+00   4.60780E-04 -117.14  2.61261E-03   62.95  9.45678E-07 -177.74
    0   1.02764E+00  0.00000E+00  0.00000E+00   4.60771E-04 -116.77  2.61272E-03   63.32  9.37910E-07 -179.86
    0   1.03367E+00  0.00000E+00  0.00000E+00   4.60762E-04 -116.39  2.61284E-03   63.69  9.30263E-07  178.02
    0   1.03970E+00  0.00000E+00  0.00000E+00   4.60754E-04 -116.02  2.61296E-03   64.06  9.22735E-07  175.90
    0   1.04573E+00  0.00000E+00  0.00000E+00   4.60746E-04 -115.65  2.61308E-03   64.44  9.15324E-07  173.78
    0   1.05176E+00  0.00000E+00  0.00000E+00   4.60739E-04 -115.28  2.61320E-03   64.81  9.08026E-07  171.66
    0   1.05779E+00  0.00000E+00  0.00000E+00   4.60733E-04 -114.90  2.61332E-03   65.18  9.00840E-07  169.53
    0   1.06382E+00  0.00000E+00  0.00000E+00   4.60727E-04 -114.53  2.61344E-03   65.55  8.93762E-07  167.41
    0   1.06985E+00  0.00000E+00  0.00000E+00   4.60721E-04 -114.16  2.61356E-03   65.92  8.86791E-07  165.29
    0   1.07588E+00  0.00000E+00  0.00000E+00   4.60716E-04 -113.79  2.61368E-03   66.29  8.79923E-07  163.16
    0   1.08191E+00  0.00000E+00  0.00000E+00   4.60712E-04 -113.41  2.61380E-03   66.67  8.73158E-07  161.04
    0   1.08794E+00  0.00000E+00  0.00000E+00   4.60708E-04 -113.04  2.61392E-03   67.04  8.66492E-07  158.91
    0   1.09397E+00  0.00000E+00  0.00000E+00   4.60705E-04 -112.67  2.61404E-03   67.41  8.59923E-07  156.78
    0   1.10000E+00  0.00000E+00  0.00000E+00   4.60702E-04 -112.30  2.61416E-03   67.78  8.53450E-07  154.66

 read from input file:
EN       0    0    0    0    0 0.000E+00 0.000E+00 0.000E+00 0.000E+00 0.000E+00 0.000E+00 0.000E+00 0.000E+00


                    SUMMARY OF REQUIRED TIMES IN SECONDS

                                             CPU-time       runtime
 Reading and constructing the geometry          0.026         0.027
 Checking the geometry                          0.000         0.000
 Initialisation of the Green's function         0.000         0.000
 Calcul. of coupling for PO/Fock                0.000         0.000
 Transformation to equivalent sources           0.000         0.000
 Ray launching/tracing phase of RL-GO           0.000         0.000
 Calcul. of matrix elements                     0.009         0.008
 Calcul. of right-hand side vector              0.000         0.000
 Preconditioning system of linear eqns.         0.000         0.000
 Solution of the system of linear eqns.         0.009         0.008
 Eigensolution for characteristic modes         0.000         0.000
 Determination of surface currents              0.001         0.001
 Calcul. of impedances/powers/losses            0.001         0.001
 Calcul. of averaged SAR values                 0.000         0.000
 Calcul. of power receiving antenna             0.000         0.000
 Calcul. of cable coupling                      0.000         0.000
 Calcul. of error estimates                     0.000         0.000
 Calcul. of electric near field                 0.006         0.006
 Calcul. of magnetic near field                 0.005         0.005
 Calcul. of far field                           0.000         0.000
                            other               0.030         0.031
                                         ------------  ------------
                         total times:           0.087         0.087
               (total times in hours:           0.000         0.000)

 Peak memory usage during the whole solution: 18.476 kByte

Finished: 2019-04-05 17:55:48                     
