52866
28110
27748
27434
27347
27418
26450
27041
26508
26575
26796
26501
26644
26719
26874
26692
26136
25638
26273
26410
26099
26701
26520
26614
26272
26272
26445
29276
25895
27539
25934
24805
25500
25382
25891
26060
25246
24894
25516
25925
26394
26138
25280
25038
25466
26871
26364
26275
26366
26145
26724
26018
26417
26202
25966
25696
26720
26231
26447
26207
26294
26292
26101
26300
26484
30232
25916
17722
17915
17366
17330
17548
17377
17530
18826
17270
17562
17876
17588
17278
18916
17788
17554
17648
17633
17418
17604
17317
17787
18758
17340
17114
18541
17240
17469
17414
17433
17320
17907
17575
