10193
6632
6512
6878
6771
6693
6816
6711
6856
6624
6753
6839
6596
6824
6571
6906
6938
6901
6831
6621
6407
6600
6461
6732
6542
6324
6485
6802
6468
6594
6316
6481
6671
6545
6361
6478
6815
6422
6765
6831
6849
6742
6517
6821
6978
7006
6553
6690
6689
6643
6316
6550
6839
6628
6646
6641
6513
6335
6332
6947
6407
6470
6486
6786
6328
6683
6344
6539
6278
6412
6377
6434
6198
6458
6232
7441
6234
6491
6442
6517
6264
6286
6246
6300
6345
6421
6593
6536
6486
6412
6257
6372
6808
6588
6125
6600
6376
6368
6354
6240
