8
after dgfm excitations
after local ilhs 
after dgfm excitations
after local ilhs 
after dgfm excitations
after local ilhs 
after dgfm excitations
after local ilhs 
after dgfm excitations
after local ilhs 
after dgfm excitations
after local ilhs 
after dgfm excitations
after local ilhs 
after dgfm excitations
after local ilhs 
after vrhs fill 
displs 
after vrhs fill 
displs 
after vrhs fill 
displs 
after vrhs fill 
displs 
after vrhs fill 
displs 
after vrhs fill 
displs 
after vrhs fill 
displs 
after vrhs fill 
displs 
after memory alloc
after memory alloc
after memory alloc
after memory alloc
after memory alloc
after memory alloc
after memory alloc
after memory alloc
after memory alloc
after memory alloc
after memory alloc
after memory alloc
after memory alloc
after memory alloc
after memory alloc
after memory alloc
after memory alloc
after memory alloc
after memory alloc
after memory alloc
after memory alloc
after memory alloc
after memory alloc
after memory alloc
after memory alloc
after memory alloc
after memory alloc
after memory alloc
after memory alloc
after memory alloc
after memory alloc
after memory alloc
after memory alloc
after memory alloc
after memory alloc
after memory alloc
after memory alloc
after memory alloc
after memory alloc
after memory alloc
after memory alloc
after memory alloc
after memory alloc
after memory alloc
after memory alloc
after memory alloc
after memory alloc
after memory alloc
after memory alloc
after memory alloc
after memory alloc
after memory alloc
after memory alloc
after memory alloc
after memory alloc
after memory alloc
after memory alloc
after memory alloc
after memory alloc
after memory alloc
after memory alloc
after memory alloc
after memory alloc
after memory alloc
after memory alloc
after memory alloc
after memory alloc
after memory alloc
after memory alloc
after memory alloc
after memory alloc
after memory alloc
after memory alloc
after memory alloc
after memory alloc
after memory alloc
after memory alloc
after memory alloc
after memory alloc
after memory alloc
after memory alloc
after memory alloc
after memory alloc
after memory alloc
after memory alloc
after memory alloc
after memory alloc
after memory alloc
after memory alloc
after memory alloc
after memory alloc
after memory alloc
after memory alloc
after memory alloc
after memory alloc
after memory alloc
after memory alloc
after memory alloc
after memory alloc
after memory alloc
