22-5-2019, 22:44:16 =>  
22-5-2019, 22:44:16 => ==================================================================================
22-5-2019, 22:44:16 => ======                          SUN-EM                                      ======
22-5-2019, 22:44:16 => ======                 Version 1.29 Date: 2018-9-9                         ======
22-5-2019, 22:44:16 => ======                                                                      ======
22-5-2019, 22:44:16 => ======      CEM toolkit and solvers from Stellenbosch University            ======
22-5-2019, 22:44:16 => ======                      Copyright 2018                                  ======
22-5-2019, 22:44:16 => ==================================================================================
22-5-2019, 22:44:16 =>  
22-5-2019, 22:44:16 =>  
22-5-2019, 22:44:16 => ------------------------------------------------------------------------------------
22-5-2019, 22:44:16 => Reading *.mat file from: bow_tie_array.mat
22-5-2019, 22:44:16 => Read Zmn file version 5
22-5-2019, 22:44:16 => Dim. of Zmn is m=510 and n=510
22-5-2019, 22:44:16 => Zmn is stored in double precision
22-5-2019, 22:44:16 => Read: 1 frequencies (number of Z-mats.)
22-5-2019, 22:44:16 => Finished processing the *.mat file: bow_tie_array.mat
22-5-2019, 22:44:17 =>  
22-5-2019, 22:44:17 => ------------------------------------------------------------------------------------
22-5-2019, 22:44:17 => Reading *.str file from: ascii_bow_tie_array.str
22-5-2019, 22:44:17 => Read Xsol file version 4
22-5-2019, 22:44:17 => No. of MoM basis = 510 and no. of FEM basis = 0
22-5-2019, 22:44:17 => Read: 1 solutions (number of Xsols.)
22-5-2019, 22:44:17 => Finished processing the *.str file: ascii_bow_tie_array.str
22-5-2019, 22:44:17 =>  
22-5-2019, 22:44:17 => ------------------------------------------------------------------------------------
22-5-2019, 22:44:17 => Reading *.rhs file from: bow_tie_array.rhs
22-5-2019, 22:44:17 => Read: 1 excitations (number of Yrhs.)
22-5-2019, 22:44:17 => Finished processing the *.rhs file: bow_tie_array.rhs
22-5-2019, 22:44:17 =>  
22-5-2019, 22:44:17 => ------------------------------------------------------------------------------------
22-5-2019, 22:44:17 => Initialising the configuration setup
22-5-2019, 22:44:17 =>   Domain decomposition active
22-5-2019, 22:44:17 => Done
