40427
17356
17753
18121
17107
17134
17008
17243
17264
15682
17125
17070
16694
16337
18322
18248
18667
17501
17463
17539
17773
17591
17000
17382
17289
16835
17235
17335
15790
16498
16857
16439
16916
16859
16947
16410
16814
16273
17092
16540
16854
18020
16811
16072
17019
16837
14640
16735
16306
16010
17094
16754
16754
16760
15393
16390
16841
16592
16774
16626
17174
16741
16942
16653
15956
16864
16958
11571
11250
11515
11094
11608
11222
11291
11152
11424
11217
11334
11173
11294
11248
11164
10951
10776
11502
10660
11639
11072
11401
11420
11233
10889
10364
11066
11614
10876
10867
11121
11291
9929
